#
# There is insufficient memory for the Java Runtime Environment to continue.
# Native memory allocation (malloc) failed to allocate 32744 bytes for ChunkPool::allocate
# Possible reasons:
#   The system is out of physical RAM or swap space
#   The process is running with CompressedOops enabled, and the Java Heap may be blocking the growth of the native heap
# Possible solutions:
#   Reduce memory load on the system
#   Increase physical memory or swap space
#   Check if swap backing store is full
#   Decrease Java heap size (-Xmx/-Xms)
#   Decrease number of Java threads
#   Decrease Java thread stack sizes (-Xss)
#   Set larger code cache with -XX:ReservedCodeCacheSize=
#   JVM is running with Unscaled Compressed Oops mode in which the Java heap is
#     placed in the first 4GB address space. The Java Heap base address is the
#     maximum limit for the native heap growth. Please use -XX:HeapBaseMinAddress
#     to set the Java Heap base and to place the Java Heap above 4GB virtual address.
# This output file may be truncated or incomplete.
#
#  Out of Memory Error (arena.cpp:78), pid=5896, tid=13408
#
# JRE version: OpenJDK Runtime Environment (17.0.6) (build 17.0.6+0-b2043.56-10027231)
# Java VM: OpenJDK 64-Bit Server VM (17.0.6+0-b2043.56-10027231, mixed mode, tiered, compressed oops, compressed class ptrs, g1 gc, windows-amd64)
# No core dump will be written. Minidumps are not enabled by default on client versions of Windows
#

---------------  S U M M A R Y ------------

Command Line: --add-opens=java.base/java.util=ALL-UNNAMED --add-opens=java.base/java.lang=ALL-UNNAMED --add-opens=java.base/java.lang.invoke=ALL-UNNAMED --add-opens=java.prefs/java.util.prefs=ALL-UNNAMED --add-opens=java.base/java.nio.charset=ALL-UNNAMED --add-opens=java.base/java.net=ALL-UNNAMED --add-opens=java.base/java.util.concurrent.atomic=ALL-UNNAMED -Xmx2048m -Dfile.encoding=UTF-8 -Duser.country=RU -Duser.language=ru -Duser.variant org.gradle.launcher.daemon.bootstrap.GradleDaemon 8.0

Host: Intel(R) Core(TM) i7-9700F CPU @ 3.00GHz, 8 cores, 15G,  Windows 10 , 64 bit Build 17763 (10.0.17763.4377)
Time: Mon Dec  4 14:18:30 2023 ќмское стандартное врем€ elapsed time: 31.703884 seconds (0d 0h 0m 31s)

---------------  T H R E A D  ---------------

Current thread (0x000002f3a3197530):  JavaThread "C2 CompilerThread2" daemon [_thread_in_native, id=13408, stack(0x000000f658300000,0x000000f658400000)]


Current CompileTask:
C2:  31703 13708   !   4       java.util.concurrent.ConcurrentHashMap::transfer (849 bytes)

Stack: [0x000000f658300000,0x000000f658400000]
Native frames: (J=compiled Java code, j=interpreted, Vv=VM code, C=native code)
V  [jvm.dll+0x683c9a]
V  [jvm.dll+0x8427a4]
V  [jvm.dll+0x843f9e]
V  [jvm.dll+0x844603]
V  [jvm.dll+0x249b75]
V  [jvm.dll+0xabecc]
V  [jvm.dll+0xac27c]
V  [jvm.dll+0x661edf]
V  [jvm.dll+0x79e3b]
V  [jvm.dll+0x65f3fe]
V  [jvm.dll+0x364e5c]
V  [jvm.dll+0x365964]
V  [jvm.dll+0x2d5d2f]
V  [jvm.dll+0x648bd1]
V  [jvm.dll+0x112c2c]
V  [jvm.dll+0x342e26]
V  [jvm.dll+0x55ed11]
V  [jvm.dll+0x56331b]
V  [jvm.dll+0x550563]
V  [jvm.dll+0x2b0104]
V  [jvm.dll+0x69c095]
V  [jvm.dll+0x69405b]
V  [jvm.dll+0x693697]
V  [jvm.dll+0x691592]
V  [jvm.dll+0x1a81fc]
V  [jvm.dll+0x2b0104]
V  [jvm.dll+0x69c095]
V  [jvm.dll+0x69405b]
V  [jvm.dll+0x693697]
V  [jvm.dll+0x691592]
V  [jvm.dll+0x1a81fc]
V  [jvm.dll+0x21b1e8]
V  [jvm.dll+0x1a4fdd]
V  [jvm.dll+0x22b098]
V  [jvm.dll+0x229159]
V  [jvm.dll+0x7f81ec]
V  [jvm.dll+0x7f274a]
V  [jvm.dll+0x682ad5]
C  [ucrtbase.dll+0x2268a]
C  [KERNEL32.DLL+0x17ac4]
C  [ntdll.dll+0x5a351]


---------------  P R O C E S S  ---------------

Threads class SMR info:
_java_thread_list=0x000002f39ae71c70, length=70, elements={
0x000002f3fb4a36f0, 0x000002f3ff853ec0, 0x000002f3ff855c50, 0x000002f3ff8a9d00,
0x000002f3ff8cc1c0, 0x000002f3ff8bdee0, 0x000002f3ff8c08b0, 0x000002f3ff8c14a0,
0x000002f3ff8c1da0, 0x000002f3ff8c4cc0, 0x000002f3ffa3ae30, 0x000002f3ffa51ed0,
0x000002f39ac956f0, 0x000002f39999b600, 0x000002f39b04fd20, 0x000002f3994d3390,
0x000002f39a52c000, 0x000002f3fb48e7a0, 0x000002f3fb48cf90, 0x000002f3fb48ec70,
0x000002f3fb490480, 0x000002f3fb48d460, 0x000002f39bef7770, 0x000002f39bef8ab0,
0x000002f39bef6430, 0x000002f39bef6dd0, 0x000002f39bef25a0, 0x000002f39bef85e0,
0x000002f39bef4750, 0x000002f39bef3410, 0x000002f39e8de0b0, 0x000002f39e8db560,
0x000002f39e8dc8a0, 0x000002f39ea6dbb0, 0x000002f39dd9a6d0, 0x000002f398da9340,
0x000002f3a14875c0, 0x000002f3a1487f60, 0x000002f39bc0a2c0, 0x000002f39bc0ac60,
0x000002f39bc0a790, 0x000002f3a3199db0, 0x000002f3a3197530, 0x000002f39bc0b130,
0x000002f39bc09920, 0x000002f39bc09df0, 0x000002f39ed708d0, 0x000002f39ed6fa60,
0x000002f39ed71c10, 0x000002f39ed70da0, 0x000002f39ed71270, 0x000002f39dd9aba0,
0x000002f39dd99390, 0x000002f39dd99860, 0x000002f39dd9a200, 0x000002f39e36ab80,
0x000002f39e36a1e0, 0x000002f39e36cd30, 0x000002f39e36d200, 0x000002f39e36c390,
0x000002f39e36b9f0, 0x000002f39e36c860, 0x000002f39e369840, 0x000002f39e36a6b0,
0x000002f39e369d10, 0x000002f39e36b050, 0x000002f39e36b520, 0x000002f39e36bec0,
0x000002f39b16fb80, 0x000002f39b16d9d0
}

Java Threads: ( => current thread )
  0x000002f3fb4a36f0 JavaThread "main" [_thread_blocked, id=3392, stack(0x000000f655700000,0x000000f655800000)]
  0x000002f3ff853ec0 JavaThread "Reference Handler" daemon [_thread_blocked, id=4692, stack(0x000000f655e00000,0x000000f655f00000)]
  0x000002f3ff855c50 JavaThread "Finalizer" daemon [_thread_blocked, id=14240, stack(0x000000f655f00000,0x000000f656000000)]
  0x000002f3ff8a9d00 JavaThread "Signal Dispatcher" daemon [_thread_blocked, id=5980, stack(0x000000f656000000,0x000000f656100000)]
  0x000002f3ff8cc1c0 JavaThread "Attach Listener" daemon [_thread_blocked, id=15048, stack(0x000000f656100000,0x000000f656200000)]
  0x000002f3ff8bdee0 JavaThread "Service Thread" daemon [_thread_blocked, id=15260, stack(0x000000f656200000,0x000000f656300000)]
  0x000002f3ff8c08b0 JavaThread "Monitor Deflation Thread" daemon [_thread_blocked, id=11744, stack(0x000000f656300000,0x000000f656400000)]
  0x000002f3ff8c14a0 JavaThread "C2 CompilerThread0" daemon [_thread_in_native, id=2996, stack(0x000000f656400000,0x000000f656500000)]
  0x000002f3ff8c1da0 JavaThread "C1 CompilerThread0" daemon [_thread_blocked, id=1448, stack(0x000000f656500000,0x000000f656600000)]
  0x000002f3ff8c4cc0 JavaThread "Sweeper thread" daemon [_thread_blocked, id=8928, stack(0x000000f656600000,0x000000f656700000)]
  0x000002f3ffa3ae30 JavaThread "Common-Cleaner" daemon [_thread_blocked, id=8424, stack(0x000000f656700000,0x000000f656800000)]
  0x000002f3ffa51ed0 JavaThread "Notification Thread" daemon [_thread_blocked, id=1500, stack(0x000000f656800000,0x000000f656900000)]
  0x000002f39ac956f0 JavaThread "Daemon health stats" [_thread_blocked, id=4184, stack(0x000000f657100000,0x000000f657200000)]
  0x000002f39999b600 JavaThread "Incoming local TCP Connector on port 7992" [_thread_in_native, id=14748, stack(0x000000f657200000,0x000000f657300000)]
  0x000002f39b04fd20 JavaThread "Daemon periodic checks" [_thread_blocked, id=968, stack(0x000000f657300000,0x000000f657400000)]
  0x000002f3994d3390 JavaThread "Daemon" [_thread_blocked, id=12472, stack(0x000000f657400000,0x000000f657500000)]
  0x000002f39a52c000 JavaThread "Daemon worker" [_thread_blocked, id=10308, stack(0x000000f657700000,0x000000f657800000)]
  0x000002f3fb48e7a0 JavaThread "Cache worker for journal cache (C:\UserProfiles\pr120andreev\.gradle\caches\journal-1)" [_thread_blocked, id=10920, stack(0x000000f657e00000,0x000000f657f00000)]
  0x000002f3fb48cf90 JavaThread "File lock request listener" [_thread_in_native, id=4484, stack(0x000000f657f00000,0x000000f658000000)]
  0x000002f3fb48ec70 JavaThread "Cache worker for file hash cache (C:\UserProfiles\pr120andreev\.gradle\caches\8.0\fileHashes)" [_thread_blocked, id=12232, stack(0x000000f658000000,0x000000f658100000)]
  0x000002f3fb490480 JavaThread "File watcher server" daemon [_thread_in_native, id=14224, stack(0x000000f658100000,0x000000f658200000)]
  0x000002f3fb48d460 JavaThread "File watcher consumer" daemon [_thread_blocked, id=11220, stack(0x000000f658200000,0x000000f658300000)]
  0x000002f39bef7770 JavaThread "Cache worker for file content cache (C:\UserProfiles\pr120andreev\.gradle\caches\8.0\fileContent)" [_thread_blocked, id=14812, stack(0x000000f658500000,0x000000f658600000)]
  0x000002f39bef8ab0 JavaThread "Cache worker for execution history cache (C:\UserProfiles\pr120andreev\.gradle\caches\8.0\executionHistory)" [_thread_blocked, id=2940, stack(0x000000f658800000,0x000000f658900000)]
  0x000002f39bef6430 JavaThread "jar transforms" [_thread_blocked, id=10628, stack(0x000000f658900000,0x000000f658a00000)]
  0x000002f39bef6dd0 JavaThread "jar transforms Thread 2" [_thread_blocked, id=14436, stack(0x000000f658a00000,0x000000f658b00000)]
  0x000002f39bef25a0 JavaThread "Cache worker for kotlin-dsl (C:\UserProfiles\pr120andreev\.gradle\caches\8.0\kotlin-dsl)" [_thread_blocked, id=11872, stack(0x000000f658d00000,0x000000f658e00000)]
  0x000002f39bef85e0 JavaThread "jar transforms Thread 3" [_thread_blocked, id=11348, stack(0x000000f658e00000,0x000000f658f00000)]
  0x000002f39bef4750 JavaThread "jar transforms Thread 4" [_thread_blocked, id=6536, stack(0x000000f658f00000,0x000000f659000000)]
  0x000002f39bef3410 JavaThread "jar transforms Thread 5" [_thread_blocked, id=4112, stack(0x000000f659200000,0x000000f659300000)]
  0x000002f39e8de0b0 JavaThread "jar transforms Thread 6" [_thread_blocked, id=7668, stack(0x000000f65e300000,0x000000f65e400000)]
  0x000002f39e8db560 JavaThread "jar transforms Thread 7" [_thread_blocked, id=13956, stack(0x000000f65e400000,0x000000f65e500000)]
  0x000002f39e8dc8a0 JavaThread "jar transforms Thread 8" [_thread_blocked, id=11508, stack(0x000000f65e500000,0x000000f65e600000)]
  0x000002f39ea6dbb0 JavaThread "Memory manager" [_thread_blocked, id=11736, stack(0x000000f65e700000,0x000000f65e800000)]
  0x000002f39dd9a6d0 JavaThread "included builds" [_thread_blocked, id=10996, stack(0x000000f65e800000,0x000000f65e900000)]
  0x000002f398da9340 JavaThread "included builds" [_thread_blocked, id=13044, stack(0x000000f65e900000,0x000000f65ea00000)]
  0x000002f3a14875c0 JavaThread "Handler for socket connection from /127.0.0.1:7992 to /127.0.0.1:8019" [_thread_in_native, id=1908, stack(0x000000f657000000,0x000000f657100000)]
  0x000002f3a1487f60 JavaThread "Cancel handler" [_thread_blocked, id=3488, stack(0x000000f657500000,0x000000f657600000)]
  0x000002f39bc0a2c0 JavaThread "Asynchronous log dispatcher for DefaultDaemonConnection: socket connection from /127.0.0.1:7992 to /127.0.0.1:8019" [_thread_blocked, id=9564, stack(0x000000f657600000,0x000000f657700000)]
  0x000002f39bc0ac60 JavaThread "Stdin handler" [_thread_blocked, id=11984, stack(0x000000f657800000,0x000000f657900000)]
  0x000002f39bc0a790 JavaThread "Daemon client event forwarder" [_thread_blocked, id=4132, stack(0x000000f657900000,0x000000f657a00000)]
  0x000002f3a3199db0 JavaThread "C2 CompilerThread1" daemon [_thread_in_native, id=9992, stack(0x000000f657a00000,0x000000f657b00000)]
=>0x000002f3a3197530 JavaThread "C2 CompilerThread2" daemon [_thread_in_native, id=13408, stack(0x000000f658300000,0x000000f658400000)]
  0x000002f39bc0b130 JavaThread "Cache worker for checksums cache (C:\UserProfiles\pr120andreev\AndroidStudioProjects\praktMob\.gradle\8.0\checksums)" [_thread_blocked, id=10208, stack(0x000000f658400000,0x000000f658500000)]
  0x000002f39bc09920 JavaThread "Cache worker for cache directory md-rule (C:\UserProfiles\pr120andreev\.gradle\caches\8.0\md-rule)" [_thread_blocked, id=13204, stack(0x000000f658600000,0x000000f658700000)]
  0x000002f39bc09df0 JavaThread "Cache worker for file hash cache (C:\UserProfiles\pr120andreev\AndroidStudioProjects\praktMob\.gradle\8.0\fileHashes)" [_thread_blocked, id=12148, stack(0x000000f658700000,0x000000f658800000)]
  0x000002f39ed708d0 JavaThread "Cache worker for cache directory md-supplier (C:\UserProfiles\pr120andreev\.gradle\caches\8.0\md-supplier)" [_thread_blocked, id=11380, stack(0x000000f659000000,0x000000f659100000)]
  0x000002f39ed6fa60 JavaThread "Cache worker for dependencies-accessors (C:\UserProfiles\pr120andreev\AndroidStudioProjects\praktMob\.gradle\8.0\dependencies-accessors)" [_thread_blocked, id=11832, stack(0x000000f659100000,0x000000f659200000)]
  0x000002f39ed71c10 JavaThread "Cache worker for Build Output Cleanup Cache (C:\UserProfiles\pr120andreev\AndroidStudioProjects\praktMob\.gradle\buildOutputCleanup)" [_thread_blocked, id=10964, stack(0x000000f659300000,0x000000f659400000)]
  0x000002f39ed70da0 JavaThread "Unconstrained build operations" [_thread_blocked, id=4976, stack(0x000000f659400000,0x000000f659500000)]
  0x000002f39ed71270 JavaThread "Unconstrained build operations Thread 2" [_thread_blocked, id=14376, stack(0x000000f659500000,0x000000f659600000)]
  0x000002f39dd9aba0 JavaThread "Unconstrained build operations Thread 3" [_thread_blocked, id=1728, stack(0x000000f659600000,0x000000f659700000)]
  0x000002f39dd99390 JavaThread "Unconstrained build operations Thread 4" [_thread_blocked, id=7604, stack(0x000000f659700000,0x000000f659800000)]
  0x000002f39dd99860 JavaThread "Unconstrained build operations Thread 5" [_thread_blocked, id=5184, stack(0x000000f659800000,0x000000f659900000)]
  0x000002f39dd9a200 JavaThread "Unconstrained build operations Thread 6" [_thread_blocked, id=14456, stack(0x000000f659900000,0x000000f659a00000)]
  0x000002f39e36ab80 JavaThread "Unconstrained build operations Thread 7" [_thread_blocked, id=14220, stack(0x000000f659a00000,0x000000f659b00000)]
  0x000002f39e36a1e0 JavaThread "Unconstrained build operations Thread 8" [_thread_blocked, id=12636, stack(0x000000f659b00000,0x000000f659c00000)]
  0x000002f39e36cd30 JavaThread "Unconstrained build operations Thread 9" [_thread_blocked, id=9032, stack(0x000000f659c00000,0x000000f659d00000)]
  0x000002f39e36d200 JavaThread "Unconstrained build operations Thread 10" [_thread_blocked, id=10492, stack(0x000000f659d00000,0x000000f659e00000)]
  0x000002f39e36c390 JavaThread "Unconstrained build operations Thread 11" [_thread_blocked, id=9916, stack(0x000000f659e00000,0x000000f659f00000)]
  0x000002f39e36b9f0 JavaThread "Unconstrained build operations Thread 12" [_thread_blocked, id=10248, stack(0x000000f659f00000,0x000000f65a000000)]
  0x000002f39e36c860 JavaThread "Unconstrained build operations Thread 13" [_thread_blocked, id=6220, stack(0x000000f65a000000,0x000000f65a100000)]
  0x000002f39e369840 JavaThread "Unconstrained build operations Thread 14" [_thread_blocked, id=4772, stack(0x000000f65a100000,0x000000f65a200000)]
  0x000002f39e36a6b0 JavaThread "Unconstrained build operations Thread 15" [_thread_blocked, id=1508, stack(0x000000f65a200000,0x000000f65a300000)]
  0x000002f39e369d10 JavaThread "Unconstrained build operations Thread 16" [_thread_blocked, id=14928, stack(0x000000f65a300000,0x000000f65a400000)]
  0x000002f39e36b050 JavaThread "Unconstrained build operations Thread 17" [_thread_blocked, id=11776, stack(0x000000f65a400000,0x000000f65a500000)]
  0x000002f39e36b520 JavaThread "Unconstrained build operations Thread 18" [_thread_blocked, id=9664, stack(0x000000f65a500000,0x000000f65a600000)]
  0x000002f39e36bec0 JavaThread "Unconstrained build operations Thread 19" [_thread_blocked, id=7512, stack(0x000000f65a600000,0x000000f65a700000)]
  0x000002f39b16fb80 JavaThread "Unconstrained build operations Thread 20" [_thread_blocked, id=11632, stack(0x000000f65a700000,0x000000f65a800000)]
  0x000002f39b16d9d0 JavaThread "Unconstrained build operations Thread 21" [_thread_in_vm, id=3864, stack(0x000000f65a800000,0x000000f65a900000)]

Other Threads:
  0x000002f3ff851b30 VMThread "VM Thread" [stack: 0x000000f655d00000,0x000000f655e00000] [id=10988] _threads_hazard_ptr=0x000002f39ae71c70
  0x000002f3fb559aa0 WatcherThread [stack: 0x000000f656900000,0x000000f656a00000] [id=14588]
  0x000002f3fb4ff8f0 GCTaskThread "GC Thread#0" [stack: 0x000000f655800000,0x000000f655900000] [id=15032]
  0x000002f39867dca0 GCTaskThread "GC Thread#1" [stack: 0x000000f656b00000,0x000000f656c00000] [id=1172]
  0x000002f398f116d0 GCTaskThread "GC Thread#2" [stack: 0x000000f656c00000,0x000000f656d00000] [id=12336]
  0x000002f398f11980 GCTaskThread "GC Thread#3" [stack: 0x000000f656d00000,0x000000f656e00000] [id=10252]
  0x000002f398f11c30 GCTaskThread "GC Thread#4" [stack: 0x000000f656e00000,0x000000f656f00000] [id=13984]
  0x000002f398f11ee0 GCTaskThread "GC Thread#5" [stack: 0x000000f656f00000,0x000000f657000000] [id=7328]
  0x000002f399868150 GCTaskThread "GC Thread#6" [stack: 0x000000f657b00000,0x000000f657c00000] [id=12100]
  0x000002f39b04c140 GCTaskThread "GC Thread#7" [stack: 0x000000f657c00000,0x000000f657d00000] [id=5536]
  0x000002f3fb511750 ConcurrentGCThread "G1 Main Marker" [stack: 0x000000f655900000,0x000000f655a00000] [id=14640]
  0x000002f3fb512070 ConcurrentGCThread "G1 Conc#0" [stack: 0x000000f655a00000,0x000000f655b00000] [id=15288]
  0x000002f39b04ae70 ConcurrentGCThread "G1 Conc#1" [stack: 0x000000f657d00000,0x000000f657e00000] [id=13612]
  0x000002f3fed8cbe0 ConcurrentGCThread "G1 Refine#0" [stack: 0x000000f655b00000,0x000000f655c00000] [id=1000]
  0x000002f39b8fe270 ConcurrentGCThread "G1 Refine#1" [stack: 0x000000f658b00000,0x000000f658c00000] [id=4992]
  0x000002f39b8fff30 ConcurrentGCThread "G1 Refine#2" [stack: 0x000000f658c00000,0x000000f658d00000] [id=11724]
  0x000002f3fed8d510 ConcurrentGCThread "G1 Service" [stack: 0x000000f655c00000,0x000000f655d00000] [id=10940]

Threads with active compile tasks:
C2 CompilerThread0    31758 13647       4       java.lang.reflect.AccessibleObject::checkCanSetAccessible (368 bytes)
C2 CompilerThread1    31758 13651       4       org.gradle.internal.service.DefaultServiceRegistry$ClassInspector::getDetailsForClass (50 bytes)
C2 CompilerThread2    31758 13708   !   4       java.util.concurrent.ConcurrentHashMap::transfer (849 bytes)

VM state: synchronizing (normal execution)

VM Mutex/Monitor currently owned by a thread:  ([mutex/lock_event])
[0x000002f3fb49f270] Threads_lock - owner thread: 0x000002f3ff851b30

Heap address: 0x0000000080000000, size: 2048 MB, Compressed Oops mode: 32-bit

CDS archive(s) not mapped
Compressed class space mapped at: 0x0000000100000000-0x0000000140000000, reserved size: 1073741824
Narrow klass base: 0x0000000000000000, Narrow klass shift: 3, Narrow klass range: 0x140000000

GC Precious Log:
 CPUs: 8 total, 8 available
 Memory: 16303M
 Large Page Support: Disabled
 NUMA Support: Disabled
 Compressed Oops: Enabled (32-bit)
 Heap Region Size: 1M
 Heap Min Capacity: 8M
 Heap Initial Capacity: 256M
 Heap Max Capacity: 2G
 Pre-touch: Disabled
 Parallel Workers: 8
 Concurrent Workers: 2
 Concurrent Refinement Workers: 8
 Periodic GC: Disabled

Heap:
 garbage-first heap   total 235520K, used 184500K [0x0000000080000000, 0x0000000100000000)
  region size 1024K, 87 young (89088K), 12 survivors (12288K)
 Metaspace       used 98212K, committed 99008K, reserved 1138688K
  class space    used 13327K, committed 13760K, reserved 1048576K

Heap Regions: E=young(eden), S=young(survivor), O=old, HS=humongous(starts), HC=humongous(continues), CS=collection set, F=free, OA=open archive, CA=closed archive, TAMS=top-at-mark-start (previous, next)
|   0|0x0000000080000000, 0x0000000080100000, 0x0000000080100000|100%|HS|  |TAMS 0x0000000080100000, 0x0000000080000000| Complete 
|   1|0x0000000080100000, 0x0000000080200000, 0x0000000080200000|100%|HC|  |TAMS 0x0000000080200000, 0x0000000080100000| Complete 
|   2|0x0000000080200000, 0x0000000080300000, 0x0000000080300000|100%|HC|  |TAMS 0x0000000080300000, 0x0000000080200000| Complete 
|   3|0x0000000080300000, 0x0000000080400000, 0x0000000080400000|100%|HC|  |TAMS 0x0000000080400000, 0x0000000080300000| Complete 
|   4|0x0000000080400000, 0x0000000080500000, 0x0000000080500000|100%| O|  |TAMS 0x0000000080500000, 0x0000000080400000| Untracked 
|   5|0x0000000080500000, 0x0000000080600000, 0x0000000080600000|100%| O|  |TAMS 0x0000000080600000, 0x0000000080500000| Untracked 
|   6|0x0000000080600000, 0x0000000080700000, 0x0000000080700000|100%| O|  |TAMS 0x0000000080700000, 0x0000000080600000| Untracked 
|   7|0x0000000080700000, 0x0000000080800000, 0x0000000080800000|100%| O|  |TAMS 0x0000000080800000, 0x0000000080700000| Untracked 
|   8|0x0000000080800000, 0x0000000080900000, 0x0000000080900000|100%| O|  |TAMS 0x0000000080900000, 0x0000000080800000| Untracked 
|   9|0x0000000080900000, 0x0000000080a00000, 0x0000000080a00000|100%| O|  |TAMS 0x0000000080a00000, 0x0000000080900000| Untracked 
|  10|0x0000000080a00000, 0x0000000080b00000, 0x0000000080b00000|100%| O|  |TAMS 0x0000000080b00000, 0x0000000080a00000| Untracked 
|  11|0x0000000080b00000, 0x0000000080c00000, 0x0000000080c00000|100%| O|  |TAMS 0x0000000080c00000, 0x0000000080b00000| Untracked 
|  12|0x0000000080c00000, 0x0000000080d00000, 0x0000000080d00000|100%| O|  |TAMS 0x0000000080d00000, 0x0000000080c00000| Untracked 
|  13|0x0000000080d00000, 0x0000000080e00000, 0x0000000080e00000|100%| O|  |TAMS 0x0000000080e00000, 0x0000000080d00000| Untracked 
|  14|0x0000000080e00000, 0x0000000080f00000, 0x0000000080f00000|100%| O|  |TAMS 0x0000000080f00000, 0x0000000080e00000| Untracked 
|  15|0x0000000080f00000, 0x0000000081000000, 0x0000000081000000|100%| O|  |TAMS 0x0000000081000000, 0x0000000080f00000| Untracked 
|  16|0x0000000081000000, 0x0000000081100000, 0x0000000081100000|100%| O|  |TAMS 0x0000000081100000, 0x0000000081000000| Untracked 
|  17|0x0000000081100000, 0x0000000081200000, 0x0000000081200000|100%| O|  |TAMS 0x0000000081200000, 0x0000000081100000| Untracked 
|  18|0x0000000081200000, 0x0000000081300000, 0x0000000081300000|100%| O|  |TAMS 0x0000000081300000, 0x0000000081200000| Untracked 
|  19|0x0000000081300000, 0x0000000081400000, 0x0000000081400000|100%| O|  |TAMS 0x0000000081400000, 0x0000000081300000| Untracked 
|  20|0x0000000081400000, 0x0000000081500000, 0x0000000081500000|100%| O|  |TAMS 0x0000000081500000, 0x0000000081400000| Untracked 
|  21|0x0000000081500000, 0x0000000081600000, 0x0000000081600000|100%| O|  |TAMS 0x0000000081600000, 0x0000000081500000| Untracked 
|  22|0x0000000081600000, 0x0000000081700000, 0x0000000081700000|100%| O|  |TAMS 0x0000000081700000, 0x0000000081600000| Untracked 
|  23|0x0000000081700000, 0x0000000081800000, 0x0000000081800000|100%| O|  |TAMS 0x0000000081700000, 0x0000000081700000| Untracked 
|  24|0x0000000081800000, 0x0000000081900000, 0x0000000081900000|100%| O|  |TAMS 0x0000000081900000, 0x0000000081800000| Untracked 
|  25|0x0000000081900000, 0x0000000081a00000, 0x0000000081a00000|100%| O|  |TAMS 0x0000000081a00000, 0x0000000081900000| Untracked 
|  26|0x0000000081a00000, 0x0000000081b00000, 0x0000000081b00000|100%| O|  |TAMS 0x0000000081b00000, 0x0000000081a00000| Untracked 
|  27|0x0000000081b00000, 0x0000000081c00000, 0x0000000081c00000|100%| O|  |TAMS 0x0000000081c00000, 0x0000000081b00000| Untracked 
|  28|0x0000000081c00000, 0x0000000081d00000, 0x0000000081d00000|100%| O|  |TAMS 0x0000000081d00000, 0x0000000081c00000| Untracked 
|  29|0x0000000081d00000, 0x0000000081e00000, 0x0000000081e00000|100%| O|  |TAMS 0x0000000081e00000, 0x0000000081d00000| Untracked 
|  30|0x0000000081e00000, 0x0000000081f00000, 0x0000000081f00000|100%| O|  |TAMS 0x0000000081f00000, 0x0000000081e00000| Untracked 
|  31|0x0000000081f00000, 0x0000000082000000, 0x0000000082000000|100%| O|  |TAMS 0x0000000082000000, 0x0000000081f00000| Untracked 
|  32|0x0000000082000000, 0x0000000082100000, 0x0000000082100000|100%| O|  |TAMS 0x0000000082100000, 0x0000000082000000| Untracked 
|  33|0x0000000082100000, 0x0000000082200000, 0x0000000082200000|100%|HS|  |TAMS 0x0000000082200000, 0x0000000082100000| Complete 
|  34|0x0000000082200000, 0x0000000082300000, 0x0000000082300000|100%|HS|  |TAMS 0x0000000082300000, 0x0000000082200000| Complete 
|  35|0x0000000082300000, 0x0000000082400000, 0x0000000082400000|100%|HS|  |TAMS 0x0000000082400000, 0x0000000082300000| Complete 
|  36|0x0000000082400000, 0x0000000082500000, 0x0000000082500000|100%|HC|  |TAMS 0x0000000082500000, 0x0000000082400000| Complete 
|  37|0x0000000082500000, 0x0000000082600000, 0x0000000082600000|100%|HS|  |TAMS 0x0000000082600000, 0x0000000082500000| Complete 
|  38|0x0000000082600000, 0x0000000082700000, 0x0000000082700000|100%| O|  |TAMS 0x0000000082700000, 0x0000000082600000| Untracked 
|  39|0x0000000082700000, 0x0000000082800000, 0x0000000082800000|100%| O|  |TAMS 0x0000000082800000, 0x0000000082700000| Untracked 
|  40|0x0000000082800000, 0x0000000082900000, 0x0000000082900000|100%| O|  |TAMS 0x0000000082900000, 0x0000000082800000| Untracked 
|  41|0x0000000082900000, 0x0000000082a00000, 0x0000000082a00000|100%|HS|  |TAMS 0x0000000082a00000, 0x0000000082900000| Complete 
|  42|0x0000000082a00000, 0x0000000082b00000, 0x0000000082b00000|100%|HC|  |TAMS 0x0000000082b00000, 0x0000000082a00000| Complete 
|  43|0x0000000082b00000, 0x0000000082c00000, 0x0000000082c00000|100%|HC|  |TAMS 0x0000000082c00000, 0x0000000082b00000| Complete 
|  44|0x0000000082c00000, 0x0000000082d00000, 0x0000000082d00000|100%|HC|  |TAMS 0x0000000082d00000, 0x0000000082c00000| Complete 
|  45|0x0000000082d00000, 0x0000000082e00000, 0x0000000082e00000|100%| O|  |TAMS 0x0000000082e00000, 0x0000000082d00000| Untracked 
|  46|0x0000000082e00000, 0x0000000082f00000, 0x0000000082f00000|100%| O|  |TAMS 0x0000000082f00000, 0x0000000082e00000| Untracked 
|  47|0x0000000082f00000, 0x0000000083000000, 0x0000000083000000|100%| O|  |TAMS 0x0000000083000000, 0x0000000082f00000| Untracked 
|  48|0x0000000083000000, 0x0000000083100000, 0x0000000083100000|100%| O|  |TAMS 0x0000000083100000, 0x0000000083000000| Untracked 
|  49|0x0000000083100000, 0x0000000083200000, 0x0000000083200000|100%| O|  |TAMS 0x0000000083200000, 0x0000000083100000| Untracked 
|  50|0x0000000083200000, 0x0000000083300000, 0x0000000083300000|100%| O|  |TAMS 0x0000000083300000, 0x0000000083200000| Untracked 
|  51|0x0000000083300000, 0x0000000083400000, 0x0000000083400000|100%| O|  |TAMS 0x0000000083400000, 0x0000000083300000| Untracked 
|  52|0x0000000083400000, 0x0000000083500000, 0x0000000083500000|100%| O|  |TAMS 0x0000000083500000, 0x0000000083400000| Untracked 
|  53|0x0000000083500000, 0x0000000083600000, 0x0000000083600000|100%| O|  |TAMS 0x0000000083600000, 0x0000000083500000| Untracked 
|  54|0x0000000083600000, 0x0000000083700000, 0x0000000083700000|100%| O|  |TAMS 0x0000000083700000, 0x0000000083600000| Untracked 
|  55|0x0000000083700000, 0x0000000083800000, 0x0000000083800000|100%| O|  |TAMS 0x0000000083800000, 0x0000000083700000| Untracked 
|  56|0x0000000083800000, 0x0000000083900000, 0x0000000083900000|100%| O|  |TAMS 0x0000000083900000, 0x0000000083800000| Untracked 
|  57|0x0000000083900000, 0x0000000083a00000, 0x0000000083a00000|100%| O|  |TAMS 0x0000000083a00000, 0x0000000083900000| Untracked 
|  58|0x0000000083a00000, 0x0000000083b00000, 0x0000000083b00000|100%| O|  |TAMS 0x0000000083b00000, 0x0000000083a00000| Untracked 
|  59|0x0000000083b00000, 0x0000000083c00000, 0x0000000083c00000|100%| O|  |TAMS 0x0000000083c00000, 0x0000000083b00000| Untracked 
|  60|0x0000000083c00000, 0x0000000083d00000, 0x0000000083d00000|100%| O|  |TAMS 0x0000000083d00000, 0x0000000083c00000| Untracked 
|  61|0x0000000083d00000, 0x0000000083e00000, 0x0000000083e00000|100%| O|  |TAMS 0x0000000083e00000, 0x0000000083d00000| Untracked 
|  62|0x0000000083e00000, 0x0000000083f00000, 0x0000000083f00000|100%| O|  |TAMS 0x0000000083f00000, 0x0000000083e00000| Untracked 
|  63|0x0000000083f00000, 0x0000000084000000, 0x0000000084000000|100%| O|  |TAMS 0x0000000083f00000, 0x0000000083f00000| Untracked 
|  64|0x0000000084000000, 0x0000000084100000, 0x0000000084100000|100%| O|  |TAMS 0x0000000084000000, 0x0000000084000000| Untracked 
|  65|0x0000000084100000, 0x0000000084200000, 0x0000000084200000|100%| O|  |TAMS 0x0000000084100000, 0x0000000084100000| Untracked 
|  66|0x0000000084200000, 0x0000000084300000, 0x0000000084300000|100%| O|  |TAMS 0x0000000084200000, 0x0000000084200000| Untracked 
|  67|0x0000000084300000, 0x0000000084400000, 0x0000000084400000|100%| O|  |TAMS 0x0000000084300000, 0x0000000084300000| Untracked 
|  68|0x0000000084400000, 0x0000000084500000, 0x0000000084500000|100%| O|  |TAMS 0x0000000084400000, 0x0000000084400000| Untracked 
|  69|0x0000000084500000, 0x0000000084600000, 0x0000000084600000|100%| O|  |TAMS 0x0000000084500000, 0x0000000084500000| Untracked 
|  70|0x0000000084600000, 0x0000000084700000, 0x0000000084700000|100%| O|  |TAMS 0x0000000084600000, 0x0000000084600000| Untracked 
|  71|0x0000000084700000, 0x0000000084800000, 0x0000000084800000|100%| O|  |TAMS 0x0000000084700000, 0x0000000084700000| Untracked 
|  72|0x0000000084800000, 0x0000000084900000, 0x0000000084900000|100%| O|  |TAMS 0x0000000084800000, 0x0000000084800000| Untracked 
|  73|0x0000000084900000, 0x0000000084a00000, 0x0000000084a00000|100%| O|  |TAMS 0x0000000084900000, 0x0000000084900000| Untracked 
|  74|0x0000000084a00000, 0x0000000084b00000, 0x0000000084b00000|100%| O|  |TAMS 0x0000000084a00000, 0x0000000084a00000| Untracked 
|  75|0x0000000084b00000, 0x0000000084c00000, 0x0000000084c00000|100%| O|  |TAMS 0x0000000084b00000, 0x0000000084b00000| Untracked 
|  76|0x0000000084c00000, 0x0000000084d00000, 0x0000000084d00000|100%| O|  |TAMS 0x0000000084c00000, 0x0000000084c00000| Untracked 
|  77|0x0000000084d00000, 0x0000000084e00000, 0x0000000084e00000|100%| O|  |TAMS 0x0000000084d00000, 0x0000000084d00000| Untracked 
|  78|0x0000000084e00000, 0x0000000084f00000, 0x0000000084f00000|100%| O|  |TAMS 0x0000000084e00000, 0x0000000084e00000| Untracked 
|  79|0x0000000084f00000, 0x0000000085000000, 0x0000000085000000|100%| O|  |TAMS 0x0000000084f00000, 0x0000000084f00000| Untracked 
|  80|0x0000000085000000, 0x0000000085100000, 0x0000000085100000|100%| O|  |TAMS 0x0000000085000000, 0x0000000085000000| Untracked 
|  81|0x0000000085100000, 0x0000000085200000, 0x0000000085200000|100%| O|  |TAMS 0x0000000085100000, 0x0000000085100000| Untracked 
|  82|0x0000000085200000, 0x0000000085300000, 0x0000000085300000|100%| O|  |TAMS 0x0000000085200000, 0x0000000085200000| Untracked 
|  83|0x0000000085300000, 0x0000000085400000, 0x0000000085400000|100%| O|  |TAMS 0x0000000085300000, 0x0000000085300000| Untracked 
|  84|0x0000000085400000, 0x0000000085500000, 0x0000000085500000|100%| O|  |TAMS 0x0000000085400000, 0x0000000085400000| Untracked 
|  85|0x0000000085500000, 0x0000000085600000, 0x0000000085600000|100%| O|  |TAMS 0x0000000085500000, 0x0000000085500000| Untracked 
|  86|0x0000000085600000, 0x0000000085700000, 0x0000000085700000|100%| O|  |TAMS 0x0000000085600000, 0x0000000085600000| Untracked 
|  87|0x0000000085700000, 0x0000000085800000, 0x0000000085800000|100%| O|  |TAMS 0x0000000085700000, 0x0000000085700000| Untracked 
|  88|0x0000000085800000, 0x0000000085900000, 0x0000000085900000|100%| O|  |TAMS 0x0000000085800000, 0x0000000085800000| Untracked 
|  89|0x0000000085900000, 0x0000000085a00000, 0x0000000085a00000|100%| O|  |TAMS 0x0000000085900000, 0x0000000085900000| Untracked 
|  90|0x0000000085a00000, 0x0000000085b00000, 0x0000000085b00000|100%| O|  |TAMS 0x0000000085a00000, 0x0000000085a00000| Untracked 
|  91|0x0000000085b00000, 0x0000000085c00000, 0x0000000085c00000|100%| O|  |TAMS 0x0000000085b00000, 0x0000000085b00000| Untracked 
|  92|0x0000000085c00000, 0x0000000085d00000, 0x0000000085d00000|100%| O|  |TAMS 0x0000000085c00000, 0x0000000085c00000| Untracked 
|  93|0x0000000085d00000, 0x0000000085e00000, 0x0000000085e00000|100%| O|  |TAMS 0x0000000085d00000, 0x0000000085d00000| Untracked 
|  94|0x0000000085e00000, 0x0000000085e2d000, 0x0000000085f00000| 17%| O|  |TAMS 0x0000000085e00000, 0x0000000085e00000| Untracked 
|  95|0x0000000085f00000, 0x0000000085f00000, 0x0000000086000000|  0%| F|  |TAMS 0x0000000085f00000, 0x0000000085f00000| Untracked 
|  96|0x0000000086000000, 0x0000000086000000, 0x0000000086100000|  0%| F|  |TAMS 0x0000000086000000, 0x0000000086000000| Untracked 
|  97|0x0000000086100000, 0x0000000086100000, 0x0000000086200000|  0%| F|  |TAMS 0x0000000086100000, 0x0000000086100000| Untracked 
|  98|0x0000000086200000, 0x0000000086200000, 0x0000000086300000|  0%| F|  |TAMS 0x0000000086200000, 0x0000000086200000| Untracked 
|  99|0x0000000086300000, 0x0000000086300000, 0x0000000086400000|  0%| F|  |TAMS 0x0000000086300000, 0x0000000086300000| Untracked 
| 100|0x0000000086400000, 0x0000000086400000, 0x0000000086500000|  0%| F|  |TAMS 0x0000000086400000, 0x0000000086400000| Untracked 
| 101|0x0000000086500000, 0x0000000086500000, 0x0000000086600000|  0%| F|  |TAMS 0x0000000086500000, 0x0000000086500000| Untracked 
| 102|0x0000000086600000, 0x0000000086600000, 0x0000000086700000|  0%| F|  |TAMS 0x0000000086600000, 0x0000000086600000| Untracked 
| 103|0x0000000086700000, 0x0000000086700000, 0x0000000086800000|  0%| F|  |TAMS 0x0000000086700000, 0x0000000086700000| Untracked 
| 104|0x0000000086800000, 0x0000000086800000, 0x0000000086900000|  0%| F|  |TAMS 0x0000000086800000, 0x0000000086800000| Untracked 
| 105|0x0000000086900000, 0x0000000086900000, 0x0000000086a00000|  0%| F|  |TAMS 0x0000000086900000, 0x0000000086900000| Untracked 
| 106|0x0000000086a00000, 0x0000000086a00000, 0x0000000086b00000|  0%| F|  |TAMS 0x0000000086a00000, 0x0000000086a00000| Untracked 
| 107|0x0000000086b00000, 0x0000000086b00000, 0x0000000086c00000|  0%| F|  |TAMS 0x0000000086b00000, 0x0000000086b00000| Untracked 
| 108|0x0000000086c00000, 0x0000000086c00000, 0x0000000086d00000|  0%| F|  |TAMS 0x0000000086c00000, 0x0000000086c00000| Untracked 
| 109|0x0000000086d00000, 0x0000000086d00000, 0x0000000086e00000|  0%| F|  |TAMS 0x0000000086d00000, 0x0000000086d00000| Untracked 
| 110|0x0000000086e00000, 0x0000000086e00000, 0x0000000086f00000|  0%| F|  |TAMS 0x0000000086e00000, 0x0000000086e00000| Untracked 
| 111|0x0000000086f00000, 0x0000000086f00000, 0x0000000087000000|  0%| F|  |TAMS 0x0000000086f00000, 0x0000000086f00000| Untracked 
| 112|0x0000000087000000, 0x0000000087000000, 0x0000000087100000|  0%| F|  |TAMS 0x0000000087000000, 0x0000000087000000| Untracked 
| 113|0x0000000087100000, 0x0000000087100000, 0x0000000087200000|  0%| F|  |TAMS 0x0000000087100000, 0x0000000087100000| Untracked 
| 114|0x0000000087200000, 0x0000000087200000, 0x0000000087300000|  0%| F|  |TAMS 0x0000000087200000, 0x0000000087200000| Untracked 
| 115|0x0000000087300000, 0x0000000087300000, 0x0000000087400000|  0%| F|  |TAMS 0x0000000087300000, 0x0000000087300000| Untracked 
| 116|0x0000000087400000, 0x0000000087400000, 0x0000000087500000|  0%| F|  |TAMS 0x0000000087400000, 0x0000000087400000| Untracked 
| 117|0x0000000087500000, 0x0000000087500000, 0x0000000087600000|  0%| F|  |TAMS 0x0000000087500000, 0x0000000087500000| Untracked 
| 118|0x0000000087600000, 0x0000000087600000, 0x0000000087700000|  0%| F|  |TAMS 0x0000000087600000, 0x0000000087600000| Untracked 
| 119|0x0000000087700000, 0x0000000087700000, 0x0000000087800000|  0%| F|  |TAMS 0x0000000087700000, 0x0000000087700000| Untracked 
| 120|0x0000000087800000, 0x0000000087800000, 0x0000000087900000|  0%| F|  |TAMS 0x0000000087800000, 0x0000000087800000| Untracked 
| 121|0x0000000087900000, 0x0000000087900000, 0x0000000087a00000|  0%| F|  |TAMS 0x0000000087900000, 0x0000000087900000| Untracked 
| 122|0x0000000087a00000, 0x0000000087a00000, 0x0000000087b00000|  0%| F|  |TAMS 0x0000000087a00000, 0x0000000087a00000| Untracked 
| 123|0x0000000087b00000, 0x0000000087b00000, 0x0000000087c00000|  0%| F|  |TAMS 0x0000000087b00000, 0x0000000087b00000| Untracked 
| 124|0x0000000087c00000, 0x0000000087c00000, 0x0000000087d00000|  0%| F|  |TAMS 0x0000000087c00000, 0x0000000087c00000| Untracked 
| 125|0x0000000087d00000, 0x0000000087e00000, 0x0000000087e00000|100%| S|CS|TAMS 0x0000000087d00000, 0x0000000087d00000| Complete 
| 126|0x0000000087e00000, 0x0000000087f00000, 0x0000000087f00000|100%| S|CS|TAMS 0x0000000087e00000, 0x0000000087e00000| Complete 
| 127|0x0000000087f00000, 0x0000000088000000, 0x0000000088000000|100%| S|CS|TAMS 0x0000000087f00000, 0x0000000087f00000| Complete 
| 128|0x0000000088000000, 0x0000000088100000, 0x0000000088100000|100%| S|CS|TAMS 0x0000000088000000, 0x0000000088000000| Complete 
| 129|0x0000000088100000, 0x0000000088100000, 0x0000000088200000|  0%| F|  |TAMS 0x0000000088100000, 0x0000000088100000| Untracked 
| 130|0x0000000088200000, 0x0000000088200000, 0x0000000088300000|  0%| F|  |TAMS 0x0000000088200000, 0x0000000088200000| Untracked 
| 131|0x0000000088300000, 0x0000000088300000, 0x0000000088400000|  0%| F|  |TAMS 0x0000000088300000, 0x0000000088300000| Untracked 
| 132|0x0000000088400000, 0x0000000088500000, 0x0000000088500000|100%| S|CS|TAMS 0x0000000088400000, 0x0000000088400000| Complete 
| 133|0x0000000088500000, 0x0000000088600000, 0x0000000088600000|100%| S|CS|TAMS 0x0000000088500000, 0x0000000088500000| Complete 
| 134|0x0000000088600000, 0x0000000088700000, 0x0000000088700000|100%| S|CS|TAMS 0x0000000088600000, 0x0000000088600000| Complete 
| 135|0x0000000088700000, 0x0000000088800000, 0x0000000088800000|100%| S|CS|TAMS 0x0000000088700000, 0x0000000088700000| Complete 
| 136|0x0000000088800000, 0x0000000088900000, 0x0000000088900000|100%| S|CS|TAMS 0x0000000088800000, 0x0000000088800000| Complete 
| 137|0x0000000088900000, 0x0000000088a00000, 0x0000000088a00000|100%| S|CS|TAMS 0x0000000088900000, 0x0000000088900000| Complete 
| 138|0x0000000088a00000, 0x0000000088b00000, 0x0000000088b00000|100%| S|CS|TAMS 0x0000000088a00000, 0x0000000088a00000| Complete 
| 139|0x0000000088b00000, 0x0000000088c00000, 0x0000000088c00000|100%| S|CS|TAMS 0x0000000088b00000, 0x0000000088b00000| Complete 
| 140|0x0000000088c00000, 0x0000000088c00000, 0x0000000088d00000|  0%| F|  |TAMS 0x0000000088c00000, 0x0000000088c00000| Untracked 
| 141|0x0000000088d00000, 0x0000000088d00000, 0x0000000088e00000|  0%| F|  |TAMS 0x0000000088d00000, 0x0000000088d00000| Untracked 
| 142|0x0000000088e00000, 0x0000000088e00000, 0x0000000088f00000|  0%| F|  |TAMS 0x0000000088e00000, 0x0000000088e00000| Untracked 
| 143|0x0000000088f00000, 0x0000000088f00000, 0x0000000089000000|  0%| F|  |TAMS 0x0000000088f00000, 0x0000000088f00000| Untracked 
| 144|0x0000000089000000, 0x0000000089000000, 0x0000000089100000|  0%| F|  |TAMS 0x0000000089000000, 0x0000000089000000| Untracked 
| 145|0x0000000089100000, 0x0000000089100000, 0x0000000089200000|  0%| F|  |TAMS 0x0000000089100000, 0x0000000089100000| Untracked 
| 146|0x0000000089200000, 0x0000000089200000, 0x0000000089300000|  0%| F|  |TAMS 0x0000000089200000, 0x0000000089200000| Untracked 
| 147|0x0000000089300000, 0x0000000089300000, 0x0000000089400000|  0%| F|  |TAMS 0x0000000089300000, 0x0000000089300000| Untracked 
| 148|0x0000000089400000, 0x0000000089400000, 0x0000000089500000|  0%| F|  |TAMS 0x0000000089400000, 0x0000000089400000| Untracked 
| 149|0x0000000089500000, 0x0000000089500000, 0x0000000089600000|  0%| F|  |TAMS 0x0000000089500000, 0x0000000089500000| Untracked 
| 150|0x0000000089600000, 0x0000000089600000, 0x0000000089700000|  0%| F|  |TAMS 0x0000000089600000, 0x0000000089600000| Untracked 
| 151|0x0000000089700000, 0x0000000089700000, 0x0000000089800000|  0%| F|  |TAMS 0x0000000089700000, 0x0000000089700000| Untracked 
| 152|0x0000000089800000, 0x0000000089800000, 0x0000000089900000|  0%| F|  |TAMS 0x0000000089800000, 0x0000000089800000| Untracked 
| 153|0x0000000089900000, 0x0000000089900000, 0x0000000089a00000|  0%| F|  |TAMS 0x0000000089900000, 0x0000000089900000| Untracked 
| 154|0x0000000089a00000, 0x0000000089a00000, 0x0000000089b00000|  0%| F|  |TAMS 0x0000000089a00000, 0x0000000089a00000| Untracked 
| 155|0x0000000089b00000, 0x0000000089c00000, 0x0000000089c00000|100%| E|  |TAMS 0x0000000089b00000, 0x0000000089b00000| Complete 
| 156|0x0000000089c00000, 0x0000000089d00000, 0x0000000089d00000|100%| E|CS|TAMS 0x0000000089c00000, 0x0000000089c00000| Complete 
| 157|0x0000000089d00000, 0x0000000089e00000, 0x0000000089e00000|100%| E|CS|TAMS 0x0000000089d00000, 0x0000000089d00000| Complete 
| 158|0x0000000089e00000, 0x0000000089f00000, 0x0000000089f00000|100%| E|CS|TAMS 0x0000000089e00000, 0x0000000089e00000| Complete 
| 159|0x0000000089f00000, 0x000000008a000000, 0x000000008a000000|100%| E|CS|TAMS 0x0000000089f00000, 0x0000000089f00000| Complete 
| 160|0x000000008a000000, 0x000000008a100000, 0x000000008a100000|100%| E|CS|TAMS 0x000000008a000000, 0x000000008a000000| Complete 
| 161|0x000000008a100000, 0x000000008a200000, 0x000000008a200000|100%| E|CS|TAMS 0x000000008a100000, 0x000000008a100000| Complete 
| 162|0x000000008a200000, 0x000000008a300000, 0x000000008a300000|100%| E|CS|TAMS 0x000000008a200000, 0x000000008a200000| Complete 
| 163|0x000000008a300000, 0x000000008a400000, 0x000000008a400000|100%| E|CS|TAMS 0x000000008a300000, 0x000000008a300000| Complete 
| 164|0x000000008a400000, 0x000000008a500000, 0x000000008a500000|100%| E|CS|TAMS 0x000000008a400000, 0x000000008a400000| Complete 
| 165|0x000000008a500000, 0x000000008a600000, 0x000000008a600000|100%| E|CS|TAMS 0x000000008a500000, 0x000000008a500000| Complete 
| 166|0x000000008a600000, 0x000000008a700000, 0x000000008a700000|100%| E|CS|TAMS 0x000000008a600000, 0x000000008a600000| Complete 
| 167|0x000000008a700000, 0x000000008a800000, 0x000000008a800000|100%| E|CS|TAMS 0x000000008a700000, 0x000000008a700000| Complete 
| 168|0x000000008a800000, 0x000000008a900000, 0x000000008a900000|100%| E|CS|TAMS 0x000000008a800000, 0x000000008a800000| Complete 
| 169|0x000000008a900000, 0x000000008aa00000, 0x000000008aa00000|100%| E|CS|TAMS 0x000000008a900000, 0x000000008a900000| Complete 
| 170|0x000000008aa00000, 0x000000008ab00000, 0x000000008ab00000|100%| E|CS|TAMS 0x000000008aa00000, 0x000000008aa00000| Complete 
| 171|0x000000008ab00000, 0x000000008ac00000, 0x000000008ac00000|100%| E|CS|TAMS 0x000000008ab00000, 0x000000008ab00000| Complete 
| 172|0x000000008ac00000, 0x000000008ad00000, 0x000000008ad00000|100%| E|CS|TAMS 0x000000008ac00000, 0x000000008ac00000| Complete 
| 173|0x000000008ad00000, 0x000000008ae00000, 0x000000008ae00000|100%| E|CS|TAMS 0x000000008ad00000, 0x000000008ad00000| Complete 
| 174|0x000000008ae00000, 0x000000008af00000, 0x000000008af00000|100%| E|CS|TAMS 0x000000008ae00000, 0x000000008ae00000| Complete 
| 175|0x000000008af00000, 0x000000008b000000, 0x000000008b000000|100%| E|CS|TAMS 0x000000008af00000, 0x000000008af00000| Complete 
| 176|0x000000008b000000, 0x000000008b100000, 0x000000008b100000|100%| E|CS|TAMS 0x000000008b000000, 0x000000008b000000| Complete 
| 177|0x000000008b100000, 0x000000008b200000, 0x000000008b200000|100%| E|CS|TAMS 0x000000008b100000, 0x000000008b100000| Complete 
| 178|0x000000008b200000, 0x000000008b300000, 0x000000008b300000|100%| E|CS|TAMS 0x000000008b200000, 0x000000008b200000| Complete 
| 179|0x000000008b300000, 0x000000008b400000, 0x000000008b400000|100%| E|CS|TAMS 0x000000008b300000, 0x000000008b300000| Complete 
| 180|0x000000008b400000, 0x000000008b500000, 0x000000008b500000|100%| E|CS|TAMS 0x000000008b400000, 0x000000008b400000| Complete 
| 181|0x000000008b500000, 0x000000008b600000, 0x000000008b600000|100%| E|CS|TAMS 0x000000008b500000, 0x000000008b500000| Complete 
| 182|0x000000008b600000, 0x000000008b700000, 0x000000008b700000|100%| E|CS|TAMS 0x000000008b600000, 0x000000008b600000| Complete 
| 183|0x000000008b700000, 0x000000008b800000, 0x000000008b800000|100%| E|CS|TAMS 0x000000008b700000, 0x000000008b700000| Complete 
| 184|0x000000008b800000, 0x000000008b900000, 0x000000008b900000|100%| E|CS|TAMS 0x000000008b800000, 0x000000008b800000| Complete 
| 185|0x000000008b900000, 0x000000008ba00000, 0x000000008ba00000|100%| E|CS|TAMS 0x000000008b900000, 0x000000008b900000| Complete 
| 186|0x000000008ba00000, 0x000000008bb00000, 0x000000008bb00000|100%| E|CS|TAMS 0x000000008ba00000, 0x000000008ba00000| Complete 
| 187|0x000000008bb00000, 0x000000008bc00000, 0x000000008bc00000|100%| E|CS|TAMS 0x000000008bb00000, 0x000000008bb00000| Complete 
| 188|0x000000008bc00000, 0x000000008bd00000, 0x000000008bd00000|100%| E|CS|TAMS 0x000000008bc00000, 0x000000008bc00000| Complete 
| 189|0x000000008bd00000, 0x000000008be00000, 0x000000008be00000|100%| E|CS|TAMS 0x000000008bd00000, 0x000000008bd00000| Complete 
| 190|0x000000008be00000, 0x000000008bf00000, 0x000000008bf00000|100%| E|CS|TAMS 0x000000008be00000, 0x000000008be00000| Complete 
| 191|0x000000008bf00000, 0x000000008c000000, 0x000000008c000000|100%| E|CS|TAMS 0x000000008bf00000, 0x000000008bf00000| Complete 
| 192|0x000000008c000000, 0x000000008c100000, 0x000000008c100000|100%| E|CS|TAMS 0x000000008c000000, 0x000000008c000000| Complete 
| 193|0x000000008c100000, 0x000000008c200000, 0x000000008c200000|100%| E|CS|TAMS 0x000000008c100000, 0x000000008c100000| Complete 
| 194|0x000000008c200000, 0x000000008c300000, 0x000000008c300000|100%| E|CS|TAMS 0x000000008c200000, 0x000000008c200000| Complete 
| 195|0x000000008c300000, 0x000000008c400000, 0x000000008c400000|100%| E|CS|TAMS 0x000000008c300000, 0x000000008c300000| Complete 
| 196|0x000000008c400000, 0x000000008c500000, 0x000000008c500000|100%| E|CS|TAMS 0x000000008c400000, 0x000000008c400000| Complete 
| 197|0x000000008c500000, 0x000000008c600000, 0x000000008c600000|100%| E|CS|TAMS 0x000000008c500000, 0x000000008c500000| Complete 
| 198|0x000000008c600000, 0x000000008c700000, 0x000000008c700000|100%| E|CS|TAMS 0x000000008c600000, 0x000000008c600000| Complete 
| 199|0x000000008c700000, 0x000000008c800000, 0x000000008c800000|100%| E|CS|TAMS 0x000000008c700000, 0x000000008c700000| Complete 
| 200|0x000000008c800000, 0x000000008c900000, 0x000000008c900000|100%| E|CS|TAMS 0x000000008c800000, 0x000000008c800000| Complete 
| 201|0x000000008c900000, 0x000000008ca00000, 0x000000008ca00000|100%| E|CS|TAMS 0x000000008c900000, 0x000000008c900000| Complete 
| 202|0x000000008ca00000, 0x000000008cb00000, 0x000000008cb00000|100%| E|CS|TAMS 0x000000008ca00000, 0x000000008ca00000| Complete 
| 203|0x000000008cb00000, 0x000000008cc00000, 0x000000008cc00000|100%| E|CS|TAMS 0x000000008cb00000, 0x000000008cb00000| Complete 
| 204|0x000000008cc00000, 0x000000008cd00000, 0x000000008cd00000|100%| E|CS|TAMS 0x000000008cc00000, 0x000000008cc00000| Complete 
| 205|0x000000008cd00000, 0x000000008ce00000, 0x000000008ce00000|100%| E|CS|TAMS 0x000000008cd00000, 0x000000008cd00000| Complete 
| 206|0x000000008ce00000, 0x000000008cf00000, 0x000000008cf00000|100%| E|CS|TAMS 0x000000008ce00000, 0x000000008ce00000| Complete 
| 207|0x000000008cf00000, 0x000000008d000000, 0x000000008d000000|100%| E|CS|TAMS 0x000000008cf00000, 0x000000008cf00000| Complete 
| 208|0x000000008d000000, 0x000000008d100000, 0x000000008d100000|100%| E|CS|TAMS 0x000000008d000000, 0x000000008d000000| Complete 
| 209|0x000000008d100000, 0x000000008d200000, 0x000000008d200000|100%| E|CS|TAMS 0x000000008d100000, 0x000000008d100000| Complete 
| 210|0x000000008d200000, 0x000000008d300000, 0x000000008d300000|100%| E|CS|TAMS 0x000000008d200000, 0x000000008d200000| Complete 
| 211|0x000000008d300000, 0x000000008d400000, 0x000000008d400000|100%| E|CS|TAMS 0x000000008d300000, 0x000000008d300000| Complete 
| 212|0x000000008d400000, 0x000000008d500000, 0x000000008d500000|100%| E|CS|TAMS 0x000000008d400000, 0x000000008d400000| Complete 
| 213|0x000000008d500000, 0x000000008d600000, 0x000000008d600000|100%| E|CS|TAMS 0x000000008d500000, 0x000000008d500000| Complete 
| 214|0x000000008d600000, 0x000000008d700000, 0x000000008d700000|100%| E|CS|TAMS 0x000000008d600000, 0x000000008d600000| Complete 
| 215|0x000000008d700000, 0x000000008d800000, 0x000000008d800000|100%| E|CS|TAMS 0x000000008d700000, 0x000000008d700000| Complete 
| 216|0x000000008d800000, 0x000000008d900000, 0x000000008d900000|100%| E|CS|TAMS 0x000000008d800000, 0x000000008d800000| Complete 
| 217|0x000000008d900000, 0x000000008da00000, 0x000000008da00000|100%| E|CS|TAMS 0x000000008d900000, 0x000000008d900000| Complete 
| 218|0x000000008da00000, 0x000000008db00000, 0x000000008db00000|100%| E|CS|TAMS 0x000000008da00000, 0x000000008da00000| Complete 
| 219|0x000000008db00000, 0x000000008dc00000, 0x000000008dc00000|100%| E|CS|TAMS 0x000000008db00000, 0x000000008db00000| Complete 
| 220|0x000000008dc00000, 0x000000008dd00000, 0x000000008dd00000|100%| E|CS|TAMS 0x000000008dc00000, 0x000000008dc00000| Complete 
| 221|0x000000008dd00000, 0x000000008de00000, 0x000000008de00000|100%| E|CS|TAMS 0x000000008dd00000, 0x000000008dd00000| Complete 
| 222|0x000000008de00000, 0x000000008df00000, 0x000000008df00000|100%| E|CS|TAMS 0x000000008de00000, 0x000000008de00000| Complete 
| 223|0x000000008df00000, 0x000000008e000000, 0x000000008e000000|100%| E|CS|TAMS 0x000000008df00000, 0x000000008df00000| Complete 
| 224|0x000000008e000000, 0x000000008e100000, 0x000000008e100000|100%| E|CS|TAMS 0x000000008e000000, 0x000000008e000000| Complete 
| 225|0x000000008e100000, 0x000000008e200000, 0x000000008e200000|100%| E|CS|TAMS 0x000000008e100000, 0x000000008e100000| Complete 
| 226|0x000000008e200000, 0x000000008e300000, 0x000000008e300000|100%| E|CS|TAMS 0x000000008e200000, 0x000000008e200000| Complete 
| 249|0x000000008f900000, 0x000000008fa00000, 0x000000008fa00000|100%| E|CS|TAMS 0x000000008f900000, 0x000000008f900000| Complete 
| 250|0x000000008fa00000, 0x000000008fb00000, 0x000000008fb00000|100%| E|CS|TAMS 0x000000008fa00000, 0x000000008fa00000| Complete 
| 255|0x000000008ff00000, 0x0000000090000000, 0x0000000090000000|100%| E|CS|TAMS 0x000000008ff00000, 0x000000008ff00000| Complete 

Card table byte_map: [0x000002f3fdbc0000,0x000002f3fdfc0000] _byte_map_base: 0x000002f3fd7c0000

Marking Bits (Prev, Next): (CMBitMap*) 0x000002f3fb500e60, (CMBitMap*) 0x000002f3fb500e20
 Prev Bits: [0x000002f394400000, 0x000002f396400000)
 Next Bits: [0x000002f392400000, 0x000002f394400000)

Polling page: 0x000002f3fb560000

Metaspace:

Usage:
  Non-class:     82.90 MB used.
      Class:     13.02 MB used.
       Both:     95.91 MB used.

Virtual space:
  Non-class space:       88.00 MB reserved,      83.25 MB ( 95%) committed,  11 nodes.
      Class space:        1.00 GB reserved,      13.44 MB (  1%) committed,  1 nodes.
             Both:        1.09 GB reserved,      96.69 MB (  9%) committed. 

Chunk freelists:
   Non-Class:  782.00 KB
       Class:  2.49 MB
        Both:  3.26 MB

MaxMetaspaceSize: unlimited
CompressedClassSpaceSize: 1.00 GB
Initial GC threshold: 21.00 MB
Current GC threshold: 125.13 MB
CDS: off
MetaspaceReclaimPolicy: balanced
 - commit_granule_bytes: 65536.
 - commit_granule_words: 8192.
 - virtual_space_node_default_size: 1048576.
 - enlarge_chunks_in_place: 1.
 - new_chunks_are_fully_committed: 0.
 - uncommit_free_chunks: 1.
 - use_allocation_guard: 0.
 - handle_deallocations: 1.


Internal statistics:

num_allocs_failed_limit: 6.
num_arena_births: 1154.
num_arena_deaths: 0.
num_vsnodes_births: 12.
num_vsnodes_deaths: 0.
num_space_committed: 1547.
num_space_uncommitted: 0.
num_chunks_returned_to_freelist: 6.
num_chunks_taken_from_freelist: 4883.
num_chunk_merges: 6.
num_chunk_splits: 3171.
num_chunks_enlarged: 2044.
num_purges: 0.
num_inconsistent_stats: 0.

CodeHeap 'non-profiled nmethods': size=120000Kb used=7357Kb max_used=7357Kb free=112642Kb
 bounds [0x000002f38aed0000, 0x000002f38b600000, 0x000002f392400000]
CodeHeap 'profiled nmethods': size=120000Kb used=23316Kb max_used=23316Kb free=96683Kb
 bounds [0x000002f383400000, 0x000002f384ad0000, 0x000002f38a930000]
CodeHeap 'non-nmethods': size=5760Kb used=2386Kb max_used=2522Kb free=3373Kb
 bounds [0x000002f38a930000, 0x000002f38abb0000, 0x000002f38aed0000]
 total_blobs=13055 nmethods=12135 adapters=832
 compilation: enabled
              stopped_count=0, restarted_count=0
 full_count=0

Compilation events (20 events):
Event: 31.678 Thread 0x000002f3ff8c1da0 nmethod 13696 0x000002f384abb790 code [0x000002f384abb940, 0x000002f384abbaa8]
Event: 31.679 Thread 0x000002f3ff8c1da0 13697       3       org.gradle.internal.time.DefaultTimer::<init> (14 bytes)
Event: 31.679 Thread 0x000002f3ff8c1da0 nmethod 13697 0x000002f384abbb90 code [0x000002f384abbd40, 0x000002f384abc098]
Event: 31.680 Thread 0x000002f3ff8c1da0 13698       1       org.gradle.internal.component.local.model.DslOriginDependencyMetadataWrapper::getSource (5 bytes)
Event: 31.680 Thread 0x000002f3ff8c1da0 nmethod 13698 0x000002f38b5f8f10 code [0x000002f38b5f90a0, 0x000002f38b5f9178]
Event: 31.682 Thread 0x000002f3ff8c1da0 13699       3       org.gradle.internal.snapshot.impl.DefaultIsolatableFactory$IsolatableVisitor::integerValue (9 bytes)
Event: 31.682 Thread 0x000002f3ff8c1da0 nmethod 13699 0x000002f384abc210 code [0x000002f384abc3c0, 0x000002f384abc6f8]
Event: 31.682 Thread 0x000002f3ff8c1da0 13700       1       org.gradle.api.attributes.plugin.GradlePluginApiVersion$Impl::getName (5 bytes)
Event: 31.682 Thread 0x000002f3ff8c1da0 nmethod 13700 0x000002f38b5f9210 code [0x000002f38b5f93a0, 0x000002f38b5f9478]
Event: 31.682 Thread 0x000002f3ff8c1da0 13702       3       org.gradle.api.internal.artifacts.ivyservice.ivyresolve.strategy.DefaultVersionSelectorScheme::parseSelector (60 bytes)
Event: 31.683 Thread 0x000002f3ff8c1da0 nmethod 13702 0x000002f384abc890 code [0x000002f384abcb40, 0x000002f384abd688]
Event: 31.683 Thread 0x000002f3ff8c1da0 13703       3       org.gradle.api.internal.artifacts.ivyservice.ivyresolve.strategy.DefaultVersionSelectorScheme::isSubVersion (7 bytes)
Event: 31.683 Thread 0x000002f3ff8c1da0 nmethod 13703 0x000002f384abdb10 code [0x000002f384abdce0, 0x000002f384abe068]
Event: 31.688 Thread 0x000002f3ff8c1da0 13706       3       org.gradle.api.internal.artifacts.ivyservice.modulecache.StringDeduplicatingDecoder::readInt (10 bytes)
Event: 31.688 Thread 0x000002f3ff8c1da0 nmethod 13706 0x000002f384abe210 code [0x000002f384abe3c0, 0x000002f384abe588]
Event: 31.694 Thread 0x000002f3a3197530 nmethod 13672 0x000002f38b5f9510 code [0x000002f38b5f9860, 0x000002f38b5fbfc8]
Event: 31.694 Thread 0x000002f3a3197530 13701       4       java.lang.Integer::parseInt (264 bytes)
Event: 31.702 Thread 0x000002f3a3197530 nmethod 13701 0x000002f38b5fde10 code [0x000002f38b5fdfe0, 0x000002f38b5fe908]
Event: 31.702 Thread 0x000002f3a3197530 13708   !   4       java.util.concurrent.ConcurrentHashMap::transfer (849 bytes)
Event: 31.703 Thread 0x000002f3ff8c1da0 13709       3       org.gradle.api.internal.artifacts.ivyservice.resolveengine.graph.selectors.SelectorStateResolver::resolveConflicts (76 bytes)

GC Heap History (20 events):
Event: 4.389 GC heap before
{Heap before GC invocations=24 (full 0):
 garbage-first heap   total 119808K, used 93833K [0x0000000080000000, 0x0000000100000000)
  region size 1024K, 34 young (34816K), 1 survivors (1024K)
 Metaspace       used 69839K, committed 70400K, reserved 1114112K
  class space    used 9286K, committed 9536K, reserved 1048576K
}
Event: 4.391 GC heap after
{Heap after GC invocations=25 (full 0):
 garbage-first heap   total 119808K, used 61877K [0x0000000080000000, 0x0000000100000000)
  region size 1024K, 3 young (3072K), 3 survivors (3072K)
 Metaspace       used 69839K, committed 70400K, reserved 1114112K
  class space    used 9286K, committed 9536K, reserved 1048576K
}
Event: 4.638 GC heap before
{Heap before GC invocations=26 (full 0):
 garbage-first heap   total 119808K, used 94645K [0x0000000080000000, 0x0000000100000000)
  region size 1024K, 35 young (35840K), 3 survivors (3072K)
 Metaspace       used 73739K, committed 74368K, reserved 1114112K
  class space    used 9789K, committed 10112K, reserved 1048576K
}
Event: 4.641 GC heap after
{Heap after GC invocations=27 (full 0):
 garbage-first heap   total 119808K, used 64197K [0x0000000080000000, 0x0000000100000000)
  region size 1024K, 5 young (5120K), 5 survivors (5120K)
 Metaspace       used 73739K, committed 74368K, reserved 1114112K
  class space    used 9789K, committed 10112K, reserved 1048576K
}
Event: 4.647 GC heap before
{Heap before GC invocations=27 (full 0):
 garbage-first heap   total 119808K, used 65221K [0x0000000080000000, 0x0000000100000000)
  region size 1024K, 6 young (6144K), 5 survivors (5120K)
 Metaspace       used 73863K, committed 74496K, reserved 1114112K
  class space    used 9813K, committed 10112K, reserved 1048576K
}
Event: 4.649 GC heap after
{Heap after GC invocations=28 (full 0):
 garbage-first heap   total 119808K, used 64521K [0x0000000080000000, 0x0000000100000000)
  region size 1024K, 1 young (1024K), 1 survivors (1024K)
 Metaspace       used 73863K, committed 74496K, reserved 1114112K
  class space    used 9813K, committed 10112K, reserved 1048576K
}
Event: 4.844 GC heap before
{Heap before GC invocations=28 (full 0):
 garbage-first heap   total 119808K, used 95241K [0x0000000080000000, 0x0000000100000000)
  region size 1024K, 32 young (32768K), 1 survivors (1024K)
 Metaspace       used 75863K, committed 76480K, reserved 1122304K
  class space    used 10075K, committed 10368K, reserved 1048576K
}
Event: 4.846 GC heap after
{Heap after GC invocations=29 (full 0):
 garbage-first heap   total 258048K, used 65873K [0x0000000080000000, 0x0000000100000000)
  region size 1024K, 3 young (3072K), 3 survivors (3072K)
 Metaspace       used 75863K, committed 76480K, reserved 1122304K
  class space    used 10075K, committed 10368K, reserved 1048576K
}
Event: 5.823 GC heap before
{Heap before GC invocations=30 (full 0):
 garbage-first heap   total 235520K, used 185681K [0x0000000080000000, 0x0000000100000000)
  region size 1024K, 119 young (121856K), 3 survivors (3072K)
 Metaspace       used 88740K, committed 89344K, reserved 1130496K
  class space    used 12147K, committed 12416K, reserved 1048576K
}
Event: 5.829 GC heap after
{Heap after GC invocations=31 (full 0):
 garbage-first heap   total 235520K, used 73413K [0x0000000080000000, 0x0000000100000000)
  region size 1024K, 10 young (10240K), 10 survivors (10240K)
 Metaspace       used 88740K, committed 89344K, reserved 1130496K
  class space    used 12147K, committed 12416K, reserved 1048576K
}
Event: 5.839 GC heap before
{Heap before GC invocations=31 (full 0):
 garbage-first heap   total 235520K, used 74437K [0x0000000080000000, 0x0000000100000000)
  region size 1024K, 11 young (11264K), 10 survivors (10240K)
 Metaspace       used 88867K, committed 89472K, reserved 1130496K
  class space    used 12164K, committed 12416K, reserved 1048576K
}
Event: 5.843 GC heap after
{Heap after GC invocations=32 (full 0):
 garbage-first heap   total 235520K, used 74667K [0x0000000080000000, 0x0000000100000000)
  region size 1024K, 2 young (2048K), 2 survivors (2048K)
 Metaspace       used 88867K, committed 89472K, reserved 1130496K
  class space    used 12164K, committed 12416K, reserved 1048576K
}
Event: 6.517 GC heap before
{Heap before GC invocations=32 (full 0):
 garbage-first heap   total 235520K, used 180139K [0x0000000080000000, 0x0000000100000000)
  region size 1024K, 105 young (107520K), 2 survivors (2048K)
 Metaspace       used 94252K, committed 94912K, reserved 1138688K
  class space    used 12902K, committed 13184K, reserved 1048576K
}
Event: 6.524 GC heap after
{Heap after GC invocations=33 (full 0):
 garbage-first heap   total 235520K, used 87962K [0x0000000080000000, 0x0000000100000000)
  region size 1024K, 14 young (14336K), 14 survivors (14336K)
 Metaspace       used 94252K, committed 94912K, reserved 1138688K
  class space    used 12902K, committed 13184K, reserved 1048576K
}
Event: 6.977 GC heap before
{Heap before GC invocations=33 (full 0):
 garbage-first heap   total 235520K, used 179098K [0x0000000080000000, 0x0000000100000000)
  region size 1024K, 104 young (106496K), 14 survivors (14336K)
 Metaspace       used 95683K, committed 96384K, reserved 1138688K
  class space    used 13106K, committed 13440K, reserved 1048576K
}
Event: 6.987 GC heap after
{Heap after GC invocations=34 (full 0):
 garbage-first heap   total 235520K, used 94938K [0x0000000080000000, 0x0000000100000000)
  region size 1024K, 8 young (8192K), 8 survivors (8192K)
 Metaspace       used 95683K, committed 96384K, reserved 1138688K
  class space    used 13106K, committed 13440K, reserved 1048576K
}
Event: 7.319 GC heap before
{Heap before GC invocations=34 (full 0):
 garbage-first heap   total 235520K, used 183002K [0x0000000080000000, 0x0000000100000000)
  region size 1024K, 95 young (97280K), 8 survivors (8192K)
 Metaspace       used 96190K, committed 96896K, reserved 1138688K
  class space    used 13134K, committed 13440K, reserved 1048576K
}
Event: 7.326 GC heap after
{Heap after GC invocations=35 (full 0):
 garbage-first heap   total 235520K, used 100352K [0x0000000080000000, 0x0000000100000000)
  region size 1024K, 6 young (6144K), 6 survivors (6144K)
 Metaspace       used 96190K, committed 96896K, reserved 1138688K
  class space    used 13134K, committed 13440K, reserved 1048576K
}
Event: 15.510 GC heap before
{Heap before GC invocations=35 (full 0):
 garbage-first heap   total 235520K, used 188416K [0x0000000080000000, 0x0000000100000000)
  region size 1024K, 93 young (95232K), 6 survivors (6144K)
 Metaspace       used 97919K, committed 98688K, reserved 1138688K
  class space    used 13316K, committed 13696K, reserved 1048576K
}
Event: 15.523 GC heap after
{Heap after GC invocations=36 (full 0):
 garbage-first heap   total 235520K, used 108724K [0x0000000080000000, 0x0000000100000000)
  region size 1024K, 12 young (12288K), 12 survivors (12288K)
 Metaspace       used 97919K, committed 98688K, reserved 1138688K
  class space    used 13316K, committed 13696K, reserved 1048576K
}

Dll operation events (2 events):
Event: 0.003 Loaded shared library C:\Program Files\Android\Android Studio\jbr\bin\java.dll
Event: 0.194 Loaded shared library C:\Program Files\Android\Android Studio\jbr\bin\verify.dll

Deoptimization events (20 events):
Event: 15.866 Thread 0x000002f39f298810 DEOPT PACKING pc=0x000002f38b331e60 sp=0x000000f656afea40
Event: 15.866 Thread 0x000002f39f298810 DEOPT UNPACKING pc=0x000002f38a9869a3 sp=0x000000f656afe978 mode 2
Event: 31.612 Thread 0x000002f39999b600 Uncommon trap: trap_request=0xffffff45 fr.pc=0x000002f38b05a850 relative=0x0000000000000b90
Event: 31.612 Thread 0x000002f39999b600 Uncommon trap: reason=unstable_if action=reinterpret pc=0x000002f38b05a850 method=java.lang.Integer.stringSize(I)I @ 19 c2
Event: 31.612 Thread 0x000002f39999b600 DEOPT PACKING pc=0x000002f38b05a850 sp=0x000000f6572febe0
Event: 31.612 Thread 0x000002f39999b600 DEOPT UNPACKING pc=0x000002f38a9869a3 sp=0x000000f6572feae0 mode 2
Event: 31.623 Thread 0x000002f39a52c000 Uncommon trap: trap_request=0xffffff45 fr.pc=0x000002f38b50ad50 relative=0x0000000000000db0
Event: 31.623 Thread 0x000002f39a52c000 Uncommon trap: reason=unstable_if action=reinterpret pc=0x000002f38b50ad50 method=org.gradle.internal.file.FileHierarchySet$Node.isChildOfOrThis(Ljava/lang/String;I)Z @ 7 c2
Event: 31.623 Thread 0x000002f39a52c000 DEOPT PACKING pc=0x000002f38b50ad50 sp=0x000000f6577fbd60
Event: 31.623 Thread 0x000002f39a52c000 DEOPT UNPACKING pc=0x000002f38a9869a3 sp=0x000000f6577fbc88 mode 2
Event: 31.623 Thread 0x000002f39a52c000 Uncommon trap: trap_request=0xffffffc6 fr.pc=0x000002f38b11fe48 relative=0x0000000000000928
Event: 31.623 Thread 0x000002f39a52c000 Uncommon trap: reason=bimorphic_or_optimized_type_check action=maybe_recompile pc=0x000002f38b11fe48 method=java.util.stream.MatchOps$MatchOp.evaluateSequential(Ljava/util/stream/PipelineHelper;Ljava/util/Spliterator;)Ljava/lang/Boolean; @ 14 c2
Event: 31.623 Thread 0x000002f39a52c000 DEOPT PACKING pc=0x000002f38b11fe48 sp=0x000000f6577fb910
Event: 31.623 Thread 0x000002f39a52c000 DEOPT UNPACKING pc=0x000002f38a9869a3 sp=0x000000f6577fb838 mode 2
Event: 31.679 Thread 0x000002f39a52c000 Uncommon trap: trap_request=0xffffffde fr.pc=0x000002f38b4ead7c relative=0x00000000000006bc
Event: 31.679 Thread 0x000002f39a52c000 Uncommon trap: reason=class_check action=maybe_recompile pc=0x000002f38b4ead7c method=org.gradle.cache.internal.LockOnDemandCrossProcessCacheAccess.incrementLockCount()V @ 97 c2
Event: 31.679 Thread 0x000002f39a52c000 DEOPT PACKING pc=0x000002f38b4ead7c sp=0x000000f6577f6950
Event: 31.679 Thread 0x000002f39a52c000 DEOPT UNPACKING pc=0x000002f38a9869a3 sp=0x000000f6577f6900 mode 2
Event: 31.702 Thread 0x000002f39a52c000 DEOPT PACKING pc=0x000002f38463f912 sp=0x000000f6577f7b30
Event: 31.702 Thread 0x000002f39a52c000 DEOPT UNPACKING pc=0x000002f38a987143 sp=0x000000f6577f7040 mode 0

Classes unloaded (0 events):
No events

Classes redefined (0 events):
No events

Internal exceptions (20 events):
Event: 7.452 Thread 0x000002f39a52c000 Exception <a 'sun/nio/fs/WindowsException'{0x000000008d0fa5a8}> (0x000000008d0fa5a8) 
thrown [s\src\hotspot\share\prims\jni.cpp, line 517]
Event: 7.452 Thread 0x000002f39a52c000 Exception <a 'sun/nio/fs/WindowsException'{0x000000008d0fa9c8}> (0x000000008d0fa9c8) 
thrown [s\src\hotspot\share\prims\jni.cpp, line 517]
Event: 7.452 Thread 0x000002f39a52c000 Exception <a 'sun/nio/fs/WindowsException'{0x000000008cf08c60}> (0x000000008cf08c60) 
thrown [s\src\hotspot\share\prims\jni.cpp, line 517]
Event: 15.312 Thread 0x000002f39a52c000 Exception <a 'sun/nio/fs/WindowsException'{0x000000008a4511f0}> (0x000000008a4511f0) 
thrown [s\src\hotspot\share\prims\jni.cpp, line 517]
Event: 15.441 Thread 0x000002f39a52c000 Exception <a 'sun/nio/fs/WindowsException'{0x00000000896f54e0}> (0x00000000896f54e0) 
thrown [s\src\hotspot\share\prims\jni.cpp, line 517]
Event: 15.445 Thread 0x000002f39a52c000 Exception <a 'sun/nio/fs/WindowsException'{0x000000008958b190}> (0x000000008958b190) 
thrown [s\src\hotspot\share\prims\jni.cpp, line 517]
Event: 15.445 Thread 0x000002f39a52c000 Exception <a 'sun/nio/fs/WindowsException'{0x000000008958c408}> (0x000000008958c408) 
thrown [s\src\hotspot\share\prims\jni.cpp, line 517]
Event: 15.446 Thread 0x000002f39a52c000 Exception <a 'sun/nio/fs/WindowsException'{0x000000008958d728}> (0x000000008958d728) 
thrown [s\src\hotspot\share\prims\jni.cpp, line 517]
Event: 15.446 Thread 0x000002f39a52c000 Exception <a 'sun/nio/fs/WindowsException'{0x000000008958ea48}> (0x000000008958ea48) 
thrown [s\src\hotspot\share\prims\jni.cpp, line 517]
Event: 15.497 Thread 0x000002f3a3135fc0 Exception <a 'sun/nio/fs/WindowsException'{0x00000000890b18b8}> (0x00000000890b18b8) 
thrown [s\src\hotspot\share\prims\jni.cpp, line 517]
Event: 15.617 Thread 0x000002f39e0ff9b0 Exception <a 'java/lang/NoSuchMethodError'{0x000000008d2a87e8}: 'void java.lang.invoke.DirectMethodHandle$Holder.invokeVirtual(java.lang.Object, java.lang.Object)'> (0x000000008d2a87e8) 
thrown [s\src\hotspot\share\interpreter\linkResolver.cpp, line 771]
Event: 15.747 Thread 0x000002f39e36b520 Exception <a 'sun/nio/fs/WindowsException'{0x000000008bf9a818}> (0x000000008bf9a818) 
thrown [s\src\hotspot\share\prims\jni.cpp, line 517]
Event: 15.747 Thread 0x000002f39e36b520 Exception <a 'sun/nio/fs/WindowsException'{0x000000008bf9c7a0}> (0x000000008bf9c7a0) 
thrown [s\src\hotspot\share\prims\jni.cpp, line 517]
Event: 15.747 Thread 0x000002f39e36b520 Exception <a 'sun/nio/fs/WindowsException'{0x000000008bf9e388}> (0x000000008bf9e388) 
thrown [s\src\hotspot\share\prims\jni.cpp, line 517]
Event: 15.751 Thread 0x000002f39e36b520 Exception <a 'sun/nio/fs/WindowsException'{0x000000008bfc91f8}> (0x000000008bfc91f8) 
thrown [s\src\hotspot\share\prims\jni.cpp, line 517]
Event: 15.800 Thread 0x000002f3a3133e10 Exception <a 'sun/nio/fs/WindowsException'{0x000000008b62dc28}> (0x000000008b62dc28) 
thrown [s\src\hotspot\share\prims\jni.cpp, line 517]
Event: 15.806 Thread 0x000002f3a3133e10 Exception <a 'sun/nio/fs/WindowsException'{0x000000008b548810}> (0x000000008b548810) 
thrown [s\src\hotspot\share\prims\jni.cpp, line 517]
Event: 15.820 Thread 0x000002f39a52c000 Exception <a 'sun/nio/fs/WindowsException'{0x000000008b5f0088}> (0x000000008b5f0088) 
thrown [s\src\hotspot\share\prims\jni.cpp, line 517]
Event: 15.820 Thread 0x000002f39a52c000 Exception <a 'sun/nio/fs/WindowsException'{0x000000008b5f04a8}> (0x000000008b5f04a8) 
thrown [s\src\hotspot\share\prims\jni.cpp, line 517]
Event: 15.820 Thread 0x000002f39a52c000 Exception <a 'sun/nio/fs/WindowsException'{0x000000008b5f23a0}> (0x000000008b5f23a0) 
thrown [s\src\hotspot\share\prims\jni.cpp, line 517]

VM Operations (20 events):
Event: 13.840 Executing VM operation: Cleanup
Event: 13.841 Executing VM operation: Cleanup done
Event: 14.841 Executing VM operation: Cleanup
Event: 14.842 Executing VM operation: Cleanup done
Event: 15.143 Executing VM operation: HandshakeAllThreads
Event: 15.144 Executing VM operation: HandshakeAllThreads done
Event: 15.164 Executing VM operation: ICBufferFull
Event: 15.164 Executing VM operation: ICBufferFull done
Event: 15.299 Executing VM operation: ICBufferFull
Event: 15.299 Executing VM operation: ICBufferFull done
Event: 15.460 Executing VM operation: ICBufferFull
Event: 15.460 Executing VM operation: ICBufferFull done
Event: 15.510 Executing VM operation: G1CollectForAllocation
Event: 15.523 Executing VM operation: G1CollectForAllocation done
Event: 15.718 Executing VM operation: ICBufferFull
Event: 15.718 Executing VM operation: ICBufferFull done
Event: 16.718 Executing VM operation: Cleanup
Event: 16.718 Executing VM operation: Cleanup done
Event: 21.721 Executing VM operation: Cleanup
Event: 21.721 Executing VM operation: Cleanup done

Events (20 events):
Event: 15.851 Thread 0x000002f39bc09df0 Thread exited: 0x000002f39bc09df0
Event: 15.852 Thread 0x000002f39bc09920 Thread exited: 0x000002f39bc09920
Event: 15.862 Thread 0x000002f39bc0a2c0 Thread exited: 0x000002f39bc0a2c0
Event: 15.866 Thread 0x000002f39bc0b130 Thread exited: 0x000002f39bc0b130
Event: 15.867 Thread 0x000002f39f298810 Thread exited: 0x000002f39f298810
Event: 16.639 Thread 0x000002f3a3198970 Thread exited: 0x000002f3a3198970
Event: 16.639 Thread 0x000002f3a3199db0 Thread exited: 0x000002f3a3199db0
Event: 31.613 Thread 0x000002f3a14875c0 Thread added: 0x000002f3a14875c0
Event: 31.615 Thread 0x000002f3a1487f60 Thread added: 0x000002f3a1487f60
Event: 31.619 Thread 0x000002f39bc0a2c0 Thread added: 0x000002f39bc0a2c0
Event: 31.620 Thread 0x000002f39bc0ac60 Thread added: 0x000002f39bc0ac60
Event: 31.620 Thread 0x000002f39bc0a790 Thread added: 0x000002f39bc0a790
Event: 31.623 Thread 0x000002f3a3199db0 Thread added: 0x000002f3a3199db0
Event: 31.639 Thread 0x000002f3a3197530 Thread added: 0x000002f3a3197530
Event: 31.642 Thread 0x000002f39bc0b130 Thread added: 0x000002f39bc0b130
Event: 31.644 Thread 0x000002f39bc09920 Thread added: 0x000002f39bc09920
Event: 31.645 Thread 0x000002f39bc09df0 Thread added: 0x000002f39bc09df0
Event: 31.647 Thread 0x000002f39ed708d0 Thread added: 0x000002f39ed708d0
Event: 31.665 Thread 0x000002f39ed6fa60 Thread added: 0x000002f39ed6fa60
Event: 31.679 Thread 0x000002f39ed71c10 Thread added: 0x000002f39ed71c10


Dynamic libraries:
0x00007ff6392f0000 - 0x00007ff6392fa000 	C:\Program Files\Android\Android Studio\jbr\bin\java.exe
0x00007ff89a870000 - 0x00007ff89aa5f000 	C:\windows\SYSTEM32\ntdll.dll
0x00007ff897a70000 - 0x00007ff897b23000 	C:\windows\System32\KERNEL32.DLL
0x00007ff897540000 - 0x00007ff8977dd000 	C:\windows\System32\KERNELBASE.dll
0x00007ff897240000 - 0x00007ff89733a000 	C:\windows\System32\ucrtbase.dll
0x00007ff886e70000 - 0x00007ff886e87000 	C:\Program Files\Android\Android Studio\jbr\bin\jli.dll
0x00007ff8683f0000 - 0x00007ff86840b000 	C:\Program Files\Android\Android Studio\jbr\bin\VCRUNTIME140.dll
0x00007ff899220000 - 0x00007ff8993b8000 	C:\windows\System32\USER32.dll
0x00007ff896960000 - 0x00007ff896980000 	C:\windows\System32\win32u.dll
0x00007ff882e20000 - 0x00007ff883099000 	C:\windows\WinSxS\amd64_microsoft.windows.common-controls_6595b64144ccf1df_6.0.17763.4645_none_de717694534b1c4f\COMCTL32.dll
0x00007ff897c00000 - 0x00007ff897c9e000 	C:\windows\System32\msvcrt.dll
0x00007ff899f90000 - 0x00007ff899fb9000 	C:\windows\System32\GDI32.dll
0x00007ff899c60000 - 0x00007ff899f8b000 	C:\windows\System32\combase.dll
0x00007ff89a6d0000 - 0x00007ff89a7ee000 	C:\windows\System32\RPCRT4.dll
0x00007ff8977e0000 - 0x00007ff897986000 	C:\windows\System32\gdi32full.dll
0x00007ff8971a0000 - 0x00007ff897240000 	C:\windows\System32\msvcp_win.dll
0x00007ff8968d0000 - 0x00007ff896952000 	C:\windows\System32\bcryptPrimitives.dll
0x00007ff899fc0000 - 0x00007ff899fee000 	C:\windows\System32\IMM32.DLL
0x00007ff884ac0000 - 0x00007ff884acc000 	C:\Program Files\Android\Android Studio\jbr\bin\vcruntime140_1.dll
0x00007ff84a380000 - 0x00007ff84a40d000 	C:\Program Files\Android\Android Studio\jbr\bin\msvcp140.dll
0x00007ff84e360000 - 0x00007ff84efce000 	C:\Program Files\Android\Android Studio\jbr\bin\server\jvm.dll
0x00007ff89a360000 - 0x00007ff89a407000 	C:\windows\System32\ADVAPI32.dll
0x00007ff89a160000 - 0x00007ff89a1ff000 	C:\windows\System32\sechost.dll
0x00007ff894560000 - 0x00007ff894569000 	C:\windows\SYSTEM32\WSOCK32.dll
0x00007ff8948d0000 - 0x00007ff8948f4000 	C:\windows\SYSTEM32\WINMM.dll
0x00007ff88f940000 - 0x00007ff88f94a000 	C:\windows\SYSTEM32\VERSION.dll
0x00007ff897b90000 - 0x00007ff897bfd000 	C:\windows\System32\WS2_32.dll
0x00007ff894850000 - 0x00007ff89487d000 	C:\windows\SYSTEM32\WINMMBASE.dll
0x00007ff8979f0000 - 0x00007ff897a3a000 	C:\windows\System32\cfgmgr32.dll
0x00007ff896860000 - 0x00007ff896871000 	C:\windows\System32\kernel.appcore.dll
0x00007ff894550000 - 0x00007ff89455a000 	C:\Program Files\Android\Android Studio\jbr\bin\jimage.dll
0x00007ff882520000 - 0x00007ff88270d000 	C:\windows\SYSTEM32\DBGHELP.DLL
0x00007ff8824f0000 - 0x00007ff88251a000 	C:\windows\SYSTEM32\dbgcore.DLL
0x00007ff887ec0000 - 0x00007ff887ee5000 	C:\Program Files\Android\Android Studio\jbr\bin\java.dll
0x00007ff886ce0000 - 0x00007ff886cf8000 	C:\Program Files\Android\Android Studio\jbr\bin\zip.dll
0x00007ff897d20000 - 0x00007ff899218000 	C:\windows\System32\SHELL32.dll
0x00007ff89a410000 - 0x00007ff89a4b7000 	C:\windows\System32\shcore.dll
0x00007ff896a50000 - 0x00007ff897197000 	C:\windows\System32\windows.storage.dll
0x00007ff8968a0000 - 0x00007ff8968c3000 	C:\windows\System32\profapi.dll
0x00007ff896800000 - 0x00007ff89685d000 	C:\windows\System32\powrprof.dll
0x00007ff89a070000 - 0x00007ff89a0c2000 	C:\windows\System32\shlwapi.dll
0x00007ff896a30000 - 0x00007ff896a4b000 	C:\windows\System32\cryptsp.dll
0x00007ff886cc0000 - 0x00007ff886cd9000 	C:\Program Files\Android\Android Studio\jbr\bin\net.dll
0x00007ff890e60000 - 0x00007ff890f5d000 	C:\windows\SYSTEM32\WINHTTP.dll
0x00007ff896050000 - 0x00007ff8960b7000 	C:\windows\system32\mswsock.dll
0x00007ff886ca0000 - 0x00007ff886cb6000 	C:\Program Files\Android\Android Studio\jbr\bin\nio.dll
0x00007ff890bc0000 - 0x00007ff890bd0000 	C:\Program Files\Android\Android Studio\jbr\bin\verify.dll
0x00007ff881540000 - 0x00007ff881567000 	C:\UserProfiles\pr120andreev\.gradle\native\68d5fa5c4cc2d200863cafc0d521ce42e7d3e7ee720ec0a83991735586a16f82\windows-amd64\native-platform.dll
0x00007ff8474e0000 - 0x00007ff847624000 	C:\UserProfiles\pr120andreev\.gradle\native\e376f236ea51e6404a007f0833ffe2c6e607c4080706a723a18a27aeea778392\windows-amd64\native-platform-file-events.dll
0x00007ff8944a0000 - 0x00007ff8944a9000 	C:\Program Files\Android\Android Studio\jbr\bin\management.dll
0x00007ff891ea0000 - 0x00007ff891eab000 	C:\Program Files\Android\Android Studio\jbr\bin\management_ext.dll
0x00007ff899ff0000 - 0x00007ff899ff8000 	C:\windows\System32\PSAPI.DLL
0x00007ff895b70000 - 0x00007ff895ba3000 	C:\windows\system32\rsaenh.dll
0x00007ff897a40000 - 0x00007ff897a66000 	C:\windows\System32\bcrypt.dll
0x00007ff896730000 - 0x00007ff896759000 	C:\windows\SYSTEM32\USERENV.dll
0x00007ff896220000 - 0x00007ff89622c000 	C:\windows\SYSTEM32\CRYPTBASE.dll
0x00007ff895d60000 - 0x00007ff895d9d000 	C:\windows\SYSTEM32\IPHLPAPI.DLL
0x00007ff89a0d0000 - 0x00007ff89a0d8000 	C:\windows\System32\NSI.dll
0x00007ff891f20000 - 0x00007ff891f36000 	C:\windows\SYSTEM32\dhcpcsvc6.DLL
0x00007ff891e40000 - 0x00007ff891e5c000 	C:\windows\SYSTEM32\dhcpcsvc.DLL
0x00007ff895da0000 - 0x00007ff895e66000 	C:\windows\SYSTEM32\DNSAPI.dll
0x00007ff890b50000 - 0x00007ff890b57000 	C:\windows\system32\wshunix.dll
0x00007ff887a20000 - 0x00007ff887a36000 	C:\windows\system32\napinsp.dll
0x00007ff887a40000 - 0x00007ff887a5a000 	C:\windows\system32\pnrpnsp.dll
0x00007ff88ea90000 - 0x00007ff88ea9e000 	C:\windows\System32\winrnr.dll
0x00007ff88f9c0000 - 0x00007ff88f9db000 	C:\windows\system32\NLAapi.dll
0x00007ff887a60000 - 0x00007ff887a75000 	C:\windows\system32\wshbth.dll
0x00007ff88f030000 - 0x00007ff88f03a000 	C:\Windows\System32\rasadhlp.dll
0x00007ff892040000 - 0x00007ff8920b9000 	C:\windows\System32\fwpuclnt.dll

dbghelp: loaded successfully - version: 4.0.5 - missing functions: none
symbol engine: initialized successfully - sym options: 0x614 - pdb path: .;C:\Program Files\Android\Android Studio\jbr\bin;C:\windows\SYSTEM32;C:\windows\WinSxS\amd64_microsoft.windows.common-controls_6595b64144ccf1df_6.0.17763.4645_none_de717694534b1c4f;C:\Program Files\Android\Android Studio\jbr\bin\server;C:\UserProfiles\pr120andreev\.gradle\native\68d5fa5c4cc2d200863cafc0d521ce42e7d3e7ee720ec0a83991735586a16f82\windows-amd64;C:\UserProfiles\pr120andreev\.gradle\native\e376f236ea51e6404a007f0833ffe2c6e607c4080706a723a18a27aeea778392\windows-amd64

VM Arguments:
jvm_args: --add-opens=java.base/java.util=ALL-UNNAMED --add-opens=java.base/java.lang=ALL-UNNAMED --add-opens=java.base/java.lang.invoke=ALL-UNNAMED --add-opens=java.prefs/java.util.prefs=ALL-UNNAMED --add-opens=java.base/java.nio.charset=ALL-UNNAMED --add-opens=java.base/java.net=ALL-UNNAMED --add-opens=java.base/java.util.concurrent.atomic=ALL-UNNAMED -Xmx2048m -Dfile.encoding=UTF-8 -Duser.country=RU -Duser.language=ru -Duser.variant 
java_command: org.gradle.launcher.daemon.bootstrap.GradleDaemon 8.0
java_class_path (initial): C:\UserProfiles\pr120andreev\.gradle\wrapper\dists\gradle-8.0-bin\ca5e32bp14vu59qr306oxotwh\gradle-8.0\lib\gradle-launcher-8.0.jar
Launcher Type: SUN_STANDARD

[Global flags]
     intx CICompilerCount                          = 4                                         {product} {ergonomic}
     uint ConcGCThreads                            = 2                                         {product} {ergonomic}
     uint G1ConcRefinementThreads                  = 8                                         {product} {ergonomic}
   size_t G1HeapRegionSize                         = 1048576                                   {product} {ergonomic}
    uintx GCDrainStackTargetSize                   = 64                                        {product} {ergonomic}
   size_t InitialHeapSize                          = 268435456                                 {product} {ergonomic}
   size_t MarkStackSize                            = 4194304                                   {product} {ergonomic}
   size_t MaxHeapSize                              = 2147483648                                {product} {command line}
   size_t MaxNewSize                               = 1287651328                                {product} {ergonomic}
   size_t MinHeapDeltaBytes                        = 1048576                                   {product} {ergonomic}
   size_t MinHeapSize                              = 8388608                                   {product} {ergonomic}
    uintx NonNMethodCodeHeapSize                   = 5839372                                {pd product} {ergonomic}
    uintx NonProfiledCodeHeapSize                  = 122909434                              {pd product} {ergonomic}
    uintx ProfiledCodeHeapSize                     = 122909434                              {pd product} {ergonomic}
    uintx ReservedCodeCacheSize                    = 251658240                              {pd product} {ergonomic}
     bool SegmentedCodeCache                       = true                                      {product} {ergonomic}
   size_t SoftMaxHeapSize                          = 2147483648                             {manageable} {ergonomic}
     bool UseCompressedClassPointers               = true                           {product lp64_product} {ergonomic}
     bool UseCompressedOops                        = true                           {product lp64_product} {ergonomic}
     bool UseG1GC                                  = true                                      {product} {ergonomic}
     bool UseLargePagesIndividualAllocation        = false                                  {pd product} {ergonomic}

Logging:
Log output configuration:
 #0: stdout all=warning uptime,level,tags
 #1: stderr all=off uptime,level,tags

Environment Variables:
JAVA_HOME=C:\Program Files\Android\Jdk\microsoft_dist_openjdk_1.8.0.25
PATH=C:\Program Files\Python311\Scripts\;C:\Program Files\Python311\;C:\Program Files (x86)\VMware\VMware Workstation\bin\;C:\Program Files (x86)\Common Files\Intel\Shared Libraries\redist\intel64\compiler;C:\Windows\system32;C:\Windows;C:\Windows\System32\Wbem;C:\Windows\System32\WindowsPowerShell\v1.0\;C:\Windows\System32\OpenSSH\;C:\Program Files\Common Files\Autodesk Shared\;C:\Program Files\Microsoft SQL Server\120\Tools\Binn\;C:\Program Files\dotnet\;C:\Program Files\Microsoft SQL Server\130\Tools\Binn\;C:\Program Files\Microsoft SQL Server\Client SDK\ODBC\170\Tools\Binn\;C:\Program Files (x86)\IncrediBuild;C:\Program Files (x86)\NVIDIA Corporation\PhysX\Common;C:\Program Files\Git\cmd;C:\Program Files\Microsoft VS Code\bin;C:\Program Files (x86)\Microsoft SQL Server\150\Tools\Binn\;C:\Program Files\Microsoft SQL Server\150\Tools\Binn\;C:\Program Files (x86)\Microsoft SQL Server\150\DTS\Binn\;C:\Program Files\Microsoft SQL Server\150\DTS\Binn\;C:\Program Files\Azure Data Studio\bin;C:\UserProfiles\pr120andreev\AppData\Local\Microsoft\WindowsApps;
USERNAME=pr120andreev
OS=Windows_NT
PROCESSOR_IDENTIFIER=Intel64 Family 6 Model 158 Stepping 13, GenuineIntel
TMP=C:\USERPR~1\pr120andreev\AppData\Local\Temp
TEMP=C:\USERPR~1\pr120andreev\AppData\Local\Temp


JNI global refs:
JNI global refs: 27, weak refs: 14

JNI global refs memory usage: 843, weak refs: 841


---------------  S Y S T E M  ---------------

OS:
 Windows 10 , 64 bit Build 17763 (10.0.17763.4377)
OS uptime: 0 days 6:14 hours

CPU: total 8 (initial active 8) (8 cores per cpu, 1 threads per core) family 6 model 158 stepping 13 microcode 0xde, cx8, cmov, fxsr, mmx, 3dnowpref, sse, sse2, sse3, ssse3, sse4.1, sse4.2, popcnt, lzcnt, tsc, tscinvbit, avx, avx2, aes, erms, clmul, bmi1, bmi2, adx, fma, vzeroupper, clflush, clflushopt

Memory: 4k page, system-wide physical 16303M (3621M free)
TotalPageFile size 16303M (AvailPageFile size 2M)
current process WorkingSet (physical memory assigned to process): 506M, peak: 521M
current process commit charge ("private bytes"): 546M, peak: 558M

vm_info: OpenJDK 64-Bit Server VM (17.0.6+0-b2043.56-10027231) for windows-amd64 JRE (17.0.6+0-b2043.56-10027231), built on Apr 28 2023 00:43:19 by "androidbuild" with MS VC++ 16.10 / 16.11 (VS2019)

END.
