#
# There is insufficient memory for the Java Runtime Environment to continue.
# Native memory allocation (malloc) failed to allocate 1128000 bytes for Chunk::new
# Possible reasons:
#   The system is out of physical RAM or swap space
#   The process is running with CompressedOops enabled, and the Java Heap may be blocking the growth of the native heap
# Possible solutions:
#   Reduce memory load on the system
#   Increase physical memory or swap space
#   Check if swap backing store is full
#   Decrease Java heap size (-Xmx/-Xms)
#   Decrease number of Java threads
#   Decrease Java thread stack sizes (-Xss)
#   Set larger code cache with -XX:ReservedCodeCacheSize=
#   JVM is running with Unscaled Compressed Oops mode in which the Java heap is
#     placed in the first 4GB address space. The Java Heap base address is the
#     maximum limit for the native heap growth. Please use -XX:HeapBaseMinAddress
#     to set the Java Heap base and to place the Java Heap above 4GB virtual address.
# This output file may be truncated or incomplete.
#
#  Out of Memory Error (arena.cpp:189), pid=15116, tid=14900
#
# JRE version: OpenJDK Runtime Environment (17.0.6) (build 17.0.6+0-b2043.56-10027231)
# Java VM: OpenJDK 64-Bit Server VM (17.0.6+0-b2043.56-10027231, mixed mode, tiered, compressed oops, compressed class ptrs, g1 gc, windows-amd64)
# No core dump will be written. Minidumps are not enabled by default on client versions of Windows
#

---------------  S U M M A R Y ------------

Command Line: --add-opens=java.base/java.util=ALL-UNNAMED --add-opens=java.base/java.lang=ALL-UNNAMED --add-opens=java.base/java.lang.invoke=ALL-UNNAMED --add-opens=java.prefs/java.util.prefs=ALL-UNNAMED --add-opens=java.base/java.nio.charset=ALL-UNNAMED --add-opens=java.base/java.net=ALL-UNNAMED --add-opens=java.base/java.util.concurrent.atomic=ALL-UNNAMED -Xmx2048m -Dfile.encoding=UTF-8 -Duser.country=RU -Duser.language=ru -Duser.variant org.gradle.launcher.daemon.bootstrap.GradleDaemon 8.0

Host: Intel(R) Core(TM) i7-9700F CPU @ 3.00GHz, 8 cores, 15G,  Windows 10 , 64 bit Build 17763 (10.0.17763.4377)
Time: Mon Dec  4 14:21:41 2023 ќмское стандартное врем€ elapsed time: 6.017989 seconds (0d 0h 0m 6s)

---------------  T H R E A D  ---------------

Current thread (0x000002212238b000):  JavaThread "C2 CompilerThread0" daemon [_thread_in_native, id=14900, stack(0x000000cf0aa00000,0x000000cf0ab00000)]


Current CompileTask:
C2:   6018 8120       4       sun.reflect.generics.parser.SignatureParser::parsePackageNameAndSimpleClassTypeSignature (119 bytes)

Stack: [0x000000cf0aa00000,0x000000cf0ab00000]
Native frames: (J=compiled Java code, j=interpreted, Vv=VM code, C=native code)
V  [jvm.dll+0x683c9a]
V  [jvm.dll+0x8427a4]
V  [jvm.dll+0x843f9e]
V  [jvm.dll+0x844603]
V  [jvm.dll+0x249b75]
V  [jvm.dll+0xabcac]
V  [jvm.dll+0xac27c]
V  [jvm.dll+0x368857]
V  [jvm.dll+0x1bd0b8]
V  [jvm.dll+0x21c359]
V  [jvm.dll+0x21b621]
V  [jvm.dll+0x1a4fdd]
V  [jvm.dll+0x22b098]
V  [jvm.dll+0x229159]
V  [jvm.dll+0x7f81ec]
V  [jvm.dll+0x7f274a]
V  [jvm.dll+0x682ad5]
C  [ucrtbase.dll+0x2268a]
C  [KERNEL32.DLL+0x17ac4]
C  [ntdll.dll+0x5a351]


---------------  P R O C E S S  ---------------

Threads class SMR info:
_java_thread_list=0x000002212d2139e0, length=128, elements={
0x000002210843a7d0, 0x000002212217e600, 0x0000022122180090, 0x00000221223943c0,
0x0000022122395b90, 0x0000022122398550, 0x0000022122398f00, 0x000002212238b000,
0x000002212238b900, 0x000002212238f310, 0x000002212250f420, 0x00000221225283e0,
0x0000022122560f60, 0x0000022123eccd80, 0x000002212500a080, 0x000002212567d950,
0x000002212505aa30, 0x00000221246e6170, 0x00000221257f5830, 0x0000022125668cd0,
0x00000221240944f0, 0x0000022125af1f40, 0x0000022108423870, 0x0000022108422530,
0x0000022108423d40, 0x00000221084216c0, 0x0000022108422a00, 0x0000022108424210,
0x00000221084233a0, 0x00000221084246e0, 0x0000022108424bb0, 0x0000022108422060,
0x0000022108422ed0, 0x0000022125ce6a90, 0x0000022125ce5750, 0x0000022125ce30d0,
0x0000022125ce2730, 0x0000022125ce35a0, 0x0000022125ce4db0, 0x0000022125ce60f0,
0x0000022125ce7430, 0x0000022125ce65c0, 0x0000022125ce3a70, 0x0000022125ce7900,
0x0000022125ce4410, 0x0000022125ce48e0, 0x0000022125ce0a50, 0x0000022125ce0f20,
0x0000022125ce18c0, 0x0000022125ce2c00, 0x000002212a390480, 0x000002212a390950,
0x000002212a38bc50, 0x000002212a38a440, 0x000002212a38ec70, 0x000002212a38f140,
0x000002212a390e20, 0x000002212a38a910, 0x000002212a38ade0, 0x000002212a38c120,
0x000002212a389f70, 0x000002212a38b780, 0x000002212a3917c0, 0x000002212a38f610,
0x000002212a38b2b0, 0x000002212a38e2d0, 0x000002212a38ffb0, 0x000002212a3912f0,
0x000002212a38c5f0, 0x000002212a38fae0, 0x000002212a38cac0, 0x000002212a38cf90,
0x000002212a38d460, 0x000002212a38d930, 0x000002212a38de00, 0x000002212a38e7a0,
0x00000221296f1420, 0x00000221296f4910, 0x00000221296f3aa0, 0x00000221296f7930,
0x00000221296f05b0, 0x00000221296f0a80, 0x00000221296f0f50, 0x00000221296f4440,
0x00000221296f7460, 0x00000221296f3f70, 0x00000221296f4de0, 0x00000221296f52b0,
0x00000221296f00e0, 0x00000221296f5c50, 0x00000221296f5780, 0x00000221296f6120,
0x00000221296f35d0, 0x00000221296f18f0, 0x00000221296f1dc0, 0x00000221296f2290,
0x00000221296f65f0, 0x00000221296f2760, 0x00000221296f6ac0, 0x00000221296f6f90,
0x00000221296f3100, 0x00000221296f2c30, 0x000002212d0278a0, 0x000002212d020ec0,
0x000002212d025bc0, 0x000002212d023ee0, 0x000002212d0243b0, 0x000002212d0273d0,
0x000002212d023540, 0x000002212d0226d0, 0x000002212d026090, 0x000002212d026f00,
0x000002212d026560, 0x000002212d026a30, 0x000002212d021390, 0x000002212d020050,
0x000002212d021860, 0x000002212d021d30, 0x000002212d022ba0, 0x000002212d022200,
0x000002212d023070, 0x000002212d024d50, 0x000002212d025220, 0x000002212d023a10,
0x000002212d024880, 0x000002212d020520, 0x0000022108421b90, 0x000002212d1dbd60
}

Java Threads: ( => current thread )
  0x000002210843a7d0 JavaThread "main" [_thread_blocked, id=14876, stack(0x000000cf09d00000,0x000000cf09e00000)]
  0x000002212217e600 JavaThread "Reference Handler" daemon [_thread_blocked, id=12388, stack(0x000000cf0a400000,0x000000cf0a500000)]
  0x0000022122180090 JavaThread "Finalizer" daemon [_thread_blocked, id=2968, stack(0x000000cf0a500000,0x000000cf0a600000)]
  0x00000221223943c0 JavaThread "Signal Dispatcher" daemon [_thread_blocked, id=12604, stack(0x000000cf0a600000,0x000000cf0a700000)]
  0x0000022122395b90 JavaThread "Attach Listener" daemon [_thread_blocked, id=11004, stack(0x000000cf0a700000,0x000000cf0a800000)]
  0x0000022122398550 JavaThread "Service Thread" daemon [_thread_blocked, id=11164, stack(0x000000cf0a800000,0x000000cf0a900000)]
  0x0000022122398f00 JavaThread "Monitor Deflation Thread" daemon [_thread_blocked, id=15148, stack(0x000000cf0a900000,0x000000cf0aa00000)]
=>0x000002212238b000 JavaThread "C2 CompilerThread0" daemon [_thread_in_native, id=14900, stack(0x000000cf0aa00000,0x000000cf0ab00000)]
  0x000002212238b900 JavaThread "C1 CompilerThread0" daemon [_thread_in_vm, id=10268, stack(0x000000cf0ab00000,0x000000cf0ac00000)]
  0x000002212238f310 JavaThread "Sweeper thread" daemon [_thread_blocked, id=13724, stack(0x000000cf0ac00000,0x000000cf0ad00000)]
  0x000002212250f420 JavaThread "Common-Cleaner" daemon [_thread_blocked, id=14860, stack(0x000000cf0ad00000,0x000000cf0ae00000)]
  0x00000221225283e0 JavaThread "Notification Thread" daemon [_thread_blocked, id=6128, stack(0x000000cf0ae00000,0x000000cf0af00000)]
  0x0000022122560f60 JavaThread "C2 CompilerThread1" daemon [_thread_blocked, id=8484, stack(0x000000cf0b000000,0x000000cf0b100000)]
  0x0000022123eccd80 JavaThread "C2 CompilerThread2" daemon [_thread_in_native, id=3432, stack(0x000000cf0b600000,0x000000cf0b700000)]
  0x000002212500a080 JavaThread "Daemon health stats" [_thread_blocked, id=9752, stack(0x000000cf0b700000,0x000000cf0b800000)]
  0x000002212567d950 JavaThread "Incoming local TCP Connector on port 8085" [_thread_in_native, id=9012, stack(0x000000cf0b800000,0x000000cf0b900000)]
  0x000002212505aa30 JavaThread "Daemon periodic checks" [_thread_blocked, id=13172, stack(0x000000cf0b900000,0x000000cf0ba00000)]
  0x00000221246e6170 JavaThread "Daemon" [_thread_blocked, id=6280, stack(0x000000cf0ba00000,0x000000cf0bb00000)]
  0x00000221257f5830 JavaThread "Handler for socket connection from /127.0.0.1:8085 to /127.0.0.1:8086" [_thread_in_native, id=13404, stack(0x000000cf0bb00000,0x000000cf0bc00000)]
  0x0000022125668cd0 JavaThread "Cancel handler" [_thread_blocked, id=11180, stack(0x000000cf0bc00000,0x000000cf0bd00000)]
  0x00000221240944f0 JavaThread "Daemon worker" [_thread_in_vm, id=7316, stack(0x000000cf0bd00000,0x000000cf0be00000)]
  0x0000022125af1f40 JavaThread "Asynchronous log dispatcher for DefaultDaemonConnection: socket connection from /127.0.0.1:8085 to /127.0.0.1:8086" [_thread_blocked, id=11916, stack(0x000000cf0be00000,0x000000cf0bf00000)]
  0x0000022108423870 JavaThread "Stdin handler" [_thread_blocked, id=5068, stack(0x000000cf0bf00000,0x000000cf0c000000)]
  0x0000022108422530 JavaThread "Daemon client event forwarder" [_thread_blocked, id=10644, stack(0x000000cf0c000000,0x000000cf0c100000)]
  0x0000022108423d40 JavaThread "Cache worker for journal cache (C:\UserProfiles\pr120andreev\.gradle\caches\journal-1)" [_thread_blocked, id=13488, stack(0x000000cf0c400000,0x000000cf0c500000)]
  0x00000221084216c0 JavaThread "File lock request listener" [_thread_in_native, id=10844, stack(0x000000cf0c500000,0x000000cf0c600000)]
  0x0000022108422a00 JavaThread "Cache worker for file hash cache (C:\UserProfiles\pr120andreev\.gradle\caches\8.0\fileHashes)" [_thread_blocked, id=7208, stack(0x000000cf0c600000,0x000000cf0c700000)]
  0x0000022108424210 JavaThread "File watcher server" daemon [_thread_in_native, id=14004, stack(0x000000cf0c700000,0x000000cf0c800000)]
  0x00000221084233a0 JavaThread "File watcher consumer" daemon [_thread_blocked, id=14516, stack(0x000000cf0c800000,0x000000cf0c900000)]
  0x00000221084246e0 JavaThread "Cache worker for checksums cache (C:\UserProfiles\pr120andreev\AndroidStudioProjects\praktMob\.gradle\8.0\checksums)" [_thread_blocked, id=1520, stack(0x000000cf0c900000,0x000000cf0ca00000)]
  0x0000022108424bb0 JavaThread "Cache worker for cache directory md-rule (C:\UserProfiles\pr120andreev\.gradle\caches\8.0\md-rule)" [_thread_blocked, id=396, stack(0x000000cf0ca00000,0x000000cf0cb00000)]
  0x0000022108422060 JavaThread "Cache worker for file content cache (C:\UserProfiles\pr120andreev\.gradle\caches\8.0\fileContent)" [_thread_blocked, id=9672, stack(0x000000cf0cb00000,0x000000cf0cc00000)]
  0x0000022108422ed0 JavaThread "Cache worker for file hash cache (C:\UserProfiles\pr120andreev\AndroidStudioProjects\praktMob\.gradle\8.0\fileHashes)" [_thread_blocked, id=14368, stack(0x000000cf0cc00000,0x000000cf0cd00000)]
  0x0000022125ce6a90 JavaThread "Cache worker for cache directory md-supplier (C:\UserProfiles\pr120andreev\.gradle\caches\8.0\md-supplier)" [_thread_blocked, id=11276, stack(0x000000cf0cd00000,0x000000cf0ce00000)]
  0x0000022125ce5750 JavaThread "Cache worker for execution history cache (C:\UserProfiles\pr120andreev\.gradle\caches\8.0\executionHistory)" [_thread_blocked, id=9516, stack(0x000000cf0ce00000,0x000000cf0cf00000)]
  0x0000022125ce30d0 JavaThread "jar transforms" [_thread_blocked, id=14840, stack(0x000000cf0cf00000,0x000000cf0d000000)]
  0x0000022125ce2730 JavaThread "jar transforms Thread 2" [_thread_blocked, id=5424, stack(0x000000cf0d000000,0x000000cf0d100000)]
  0x0000022125ce35a0 JavaThread "Cache worker for kotlin-dsl (C:\UserProfiles\pr120andreev\.gradle\caches\8.0\kotlin-dsl)" [_thread_blocked, id=8696, stack(0x000000cf0d200000,0x000000cf0d300000)]
  0x0000022125ce4db0 JavaThread "jar transforms Thread 3" [_thread_blocked, id=6176, stack(0x000000cf0d300000,0x000000cf0d400000)]
  0x0000022125ce60f0 JavaThread "jar transforms Thread 4" [_thread_blocked, id=15060, stack(0x000000cf0d400000,0x000000cf0d500000)]
  0x0000022125ce7430 JavaThread "Cache worker for dependencies-accessors (C:\UserProfiles\pr120andreev\AndroidStudioProjects\praktMob\.gradle\8.0\dependencies-accessors)" [_thread_blocked, id=10688, stack(0x000000cf0d500000,0x000000cf0d600000)]
  0x0000022125ce65c0 JavaThread "Cache worker for Build Output Cleanup Cache (C:\UserProfiles\pr120andreev\AndroidStudioProjects\praktMob\.gradle\buildOutputCleanup)" [_thread_blocked, id=3288, stack(0x000000cf0d600000,0x000000cf0d700000)]
  0x0000022125ce3a70 JavaThread "jar transforms Thread 5" [_thread_blocked, id=3576, stack(0x000000cf0d700000,0x000000cf0d800000)]
  0x0000022125ce7900 JavaThread "Unconstrained build operations" [_thread_blocked, id=9420, stack(0x000000cf0d800000,0x000000cf0d900000)]
  0x0000022125ce4410 JavaThread "Unconstrained build operations Thread 2" [_thread_blocked, id=12688, stack(0x000000cf0d900000,0x000000cf0da00000)]
  0x0000022125ce48e0 JavaThread "Unconstrained build operations Thread 3" [_thread_blocked, id=6900, stack(0x000000cf0da00000,0x000000cf0db00000)]
  0x0000022125ce0a50 JavaThread "Unconstrained build operations Thread 4" [_thread_blocked, id=9604, stack(0x000000cf0db00000,0x000000cf0dc00000)]
  0x0000022125ce0f20 JavaThread "Unconstrained build operations Thread 5" [_thread_blocked, id=10132, stack(0x000000cf0dc00000,0x000000cf0dd00000)]
  0x0000022125ce18c0 JavaThread "Unconstrained build operations Thread 6" [_thread_blocked, id=13524, stack(0x000000cf0dd00000,0x000000cf0de00000)]
  0x0000022125ce2c00 JavaThread "Unconstrained build operations Thread 7" [_thread_blocked, id=14712, stack(0x000000cf0de00000,0x000000cf0df00000)]
  0x000002212a390480 JavaThread "Unconstrained build operations Thread 8" [_thread_blocked, id=7028, stack(0x000000cf0df00000,0x000000cf0e000000)]
  0x000002212a390950 JavaThread "Unconstrained build operations Thread 9" [_thread_blocked, id=5592, stack(0x000000cf0e000000,0x000000cf0e100000)]
  0x000002212a38bc50 JavaThread "Unconstrained build operations Thread 10" [_thread_blocked, id=1708, stack(0x000000cf0e100000,0x000000cf0e200000)]
  0x000002212a38a440 JavaThread "Unconstrained build operations Thread 11" [_thread_blocked, id=12964, stack(0x000000cf0e200000,0x000000cf0e300000)]
  0x000002212a38ec70 JavaThread "Unconstrained build operations Thread 12" [_thread_blocked, id=5404, stack(0x000000cf0e300000,0x000000cf0e400000)]
  0x000002212a38f140 JavaThread "Unconstrained build operations Thread 13" [_thread_blocked, id=11688, stack(0x000000cf0e400000,0x000000cf0e500000)]
  0x000002212a390e20 JavaThread "Unconstrained build operations Thread 14" [_thread_blocked, id=12384, stack(0x000000cf0e500000,0x000000cf0e600000)]
  0x000002212a38a910 JavaThread "Unconstrained build operations Thread 15" [_thread_blocked, id=14460, stack(0x000000cf0e600000,0x000000cf0e700000)]
  0x000002212a38ade0 JavaThread "Unconstrained build operations Thread 16" [_thread_blocked, id=3732, stack(0x000000cf0e700000,0x000000cf0e800000)]
  0x000002212a38c120 JavaThread "Unconstrained build operations Thread 17" [_thread_blocked, id=13916, stack(0x000000cf0e800000,0x000000cf0e900000)]
  0x000002212a389f70 JavaThread "Unconstrained build operations Thread 18" [_thread_blocked, id=636, stack(0x000000cf0e900000,0x000000cf0ea00000)]
  0x000002212a38b780 JavaThread "Unconstrained build operations Thread 19" [_thread_blocked, id=11068, stack(0x000000cf0ea00000,0x000000cf0eb00000)]
  0x000002212a3917c0 JavaThread "Unconstrained build operations Thread 20" [_thread_blocked, id=3344, stack(0x000000cf0eb00000,0x000000cf0ec00000)]
  0x000002212a38f610 JavaThread "Unconstrained build operations Thread 21" [_thread_blocked, id=8988, stack(0x000000cf0ec00000,0x000000cf0ed00000)]
  0x000002212a38b2b0 JavaThread "Unconstrained build operations Thread 22" [_thread_blocked, id=14024, stack(0x000000cf0ed00000,0x000000cf0ee00000)]
  0x000002212a38e2d0 JavaThread "Unconstrained build operations Thread 23" [_thread_blocked, id=10648, stack(0x000000cf0ee00000,0x000000cf0ef00000)]
  0x000002212a38ffb0 JavaThread "Unconstrained build operations Thread 24" [_thread_blocked, id=2328, stack(0x000000cf0ef00000,0x000000cf0f000000)]
  0x000002212a3912f0 JavaThread "Unconstrained build operations Thread 25" [_thread_blocked, id=7656, stack(0x000000cf0f000000,0x000000cf0f100000)]
  0x000002212a38c5f0 JavaThread "Unconstrained build operations Thread 26" [_thread_blocked, id=11800, stack(0x000000cf0f100000,0x000000cf0f200000)]
  0x000002212a38fae0 JavaThread "Unconstrained build operations Thread 27" [_thread_blocked, id=5348, stack(0x000000cf0f200000,0x000000cf0f300000)]
  0x000002212a38cac0 JavaThread "Unconstrained build operations Thread 28" [_thread_blocked, id=9808, stack(0x000000cf0f300000,0x000000cf0f400000)]
  0x000002212a38cf90 JavaThread "Unconstrained build operations Thread 29" [_thread_blocked, id=10264, stack(0x000000cf0f400000,0x000000cf0f500000)]
  0x000002212a38d460 JavaThread "Unconstrained build operations Thread 30" [_thread_blocked, id=9304, stack(0x000000cf0f500000,0x000000cf0f600000)]
  0x000002212a38d930 JavaThread "Unconstrained build operations Thread 31" [_thread_blocked, id=9188, stack(0x000000cf0f600000,0x000000cf0f700000)]
  0x000002212a38de00 JavaThread "Unconstrained build operations Thread 32" [_thread_blocked, id=10612, stack(0x000000cf0f700000,0x000000cf0f800000)]
  0x000002212a38e7a0 JavaThread "Unconstrained build operations Thread 33" [_thread_blocked, id=2020, stack(0x000000cf0f800000,0x000000cf0f900000)]
  0x00000221296f1420 JavaThread "Unconstrained build operations Thread 34" [_thread_blocked, id=7428, stack(0x000000cf0f900000,0x000000cf0fa00000)]
  0x00000221296f4910 JavaThread "Unconstrained build operations Thread 35" [_thread_blocked, id=7576, stack(0x000000cf0fa00000,0x000000cf0fb00000)]
  0x00000221296f3aa0 JavaThread "Unconstrained build operations Thread 36" [_thread_blocked, id=4364, stack(0x000000cf0fb00000,0x000000cf0fc00000)]
  0x00000221296f7930 JavaThread "Unconstrained build operations Thread 37" [_thread_blocked, id=14744, stack(0x000000cf0fc00000,0x000000cf0fd00000)]
  0x00000221296f05b0 JavaThread "Unconstrained build operations Thread 38" [_thread_blocked, id=12420, stack(0x000000cf0fd00000,0x000000cf0fe00000)]
  0x00000221296f0a80 JavaThread "Unconstrained build operations Thread 39" [_thread_blocked, id=14192, stack(0x000000cf0fe00000,0x000000cf0ff00000)]
  0x00000221296f0f50 JavaThread "Unconstrained build operations Thread 40" [_thread_blocked, id=984, stack(0x000000cf0ff00000,0x000000cf10000000)]
  0x00000221296f4440 JavaThread "Unconstrained build operations Thread 41" [_thread_blocked, id=8164, stack(0x000000cf10000000,0x000000cf10100000)]
  0x00000221296f7460 JavaThread "Unconstrained build operations Thread 42" [_thread_blocked, id=12268, stack(0x000000cf10100000,0x000000cf10200000)]
  0x00000221296f3f70 JavaThread "Unconstrained build operations Thread 43" [_thread_blocked, id=10484, stack(0x000000cf10200000,0x000000cf10300000)]
  0x00000221296f4de0 JavaThread "Unconstrained build operations Thread 44" [_thread_blocked, id=8280, stack(0x000000cf10300000,0x000000cf10400000)]
  0x00000221296f52b0 JavaThread "Unconstrained build operations Thread 45" [_thread_blocked, id=4436, stack(0x000000cf10400000,0x000000cf10500000)]
  0x00000221296f00e0 JavaThread "Unconstrained build operations Thread 46" [_thread_blocked, id=10720, stack(0x000000cf10500000,0x000000cf10600000)]
  0x00000221296f5c50 JavaThread "Unconstrained build operations Thread 47" [_thread_blocked, id=5132, stack(0x000000cf10600000,0x000000cf10700000)]
  0x00000221296f5780 JavaThread "Unconstrained build operations Thread 48" [_thread_blocked, id=15072, stack(0x000000cf10700000,0x000000cf10800000)]
  0x00000221296f6120 JavaThread "Unconstrained build operations Thread 49" [_thread_blocked, id=5320, stack(0x000000cf10800000,0x000000cf10900000)]
  0x00000221296f35d0 JavaThread "Unconstrained build operations Thread 50" [_thread_blocked, id=4904, stack(0x000000cf10900000,0x000000cf10a00000)]
  0x00000221296f18f0 JavaThread "Unconstrained build operations Thread 51" [_thread_blocked, id=14048, stack(0x000000cf10a00000,0x000000cf10b00000)]
  0x00000221296f1dc0 JavaThread "Unconstrained build operations Thread 52" [_thread_blocked, id=11188, stack(0x000000cf10b00000,0x000000cf10c00000)]
  0x00000221296f2290 JavaThread "Unconstrained build operations Thread 53" [_thread_blocked, id=3592, stack(0x000000cf10c00000,0x000000cf10d00000)]
  0x00000221296f65f0 JavaThread "Unconstrained build operations Thread 54" [_thread_blocked, id=11224, stack(0x000000cf10d00000,0x000000cf10e00000)]
  0x00000221296f2760 JavaThread "Unconstrained build operations Thread 55" [_thread_blocked, id=12456, stack(0x000000cf10e00000,0x000000cf10f00000)]
  0x00000221296f6ac0 JavaThread "Unconstrained build operations Thread 56" [_thread_blocked, id=15176, stack(0x000000cf10f00000,0x000000cf11000000)]
  0x00000221296f6f90 JavaThread "Unconstrained build operations Thread 57" [_thread_blocked, id=15340, stack(0x000000cf11000000,0x000000cf11100000)]
  0x00000221296f3100 JavaThread "Unconstrained build operations Thread 58" [_thread_blocked, id=8872, stack(0x000000cf11100000,0x000000cf11200000)]
  0x00000221296f2c30 JavaThread "Unconstrained build operations Thread 59" [_thread_blocked, id=8784, stack(0x000000cf11200000,0x000000cf11300000)]
  0x000002212d0278a0 JavaThread "Unconstrained build operations Thread 60" [_thread_blocked, id=12504, stack(0x000000cf11300000,0x000000cf11400000)]
  0x000002212d020ec0 JavaThread "Unconstrained build operations Thread 61" [_thread_blocked, id=8020, stack(0x000000cf11400000,0x000000cf11500000)]
  0x000002212d025bc0 JavaThread "Unconstrained build operations Thread 62" [_thread_blocked, id=8736, stack(0x000000cf11500000,0x000000cf11600000)]
  0x000002212d023ee0 JavaThread "Unconstrained build operations Thread 63" [_thread_blocked, id=13444, stack(0x000000cf11600000,0x000000cf11700000)]
  0x000002212d0243b0 JavaThread "Unconstrained build operations Thread 64" [_thread_blocked, id=8748, stack(0x000000cf11700000,0x000000cf11800000)]
  0x000002212d0273d0 JavaThread "Unconstrained build operations Thread 65" [_thread_blocked, id=1896, stack(0x000000cf11800000,0x000000cf11900000)]
  0x000002212d023540 JavaThread "Unconstrained build operations Thread 66" [_thread_blocked, id=14720, stack(0x000000cf11900000,0x000000cf11a00000)]
  0x000002212d0226d0 JavaThread "Unconstrained build operations Thread 67" [_thread_blocked, id=1404, stack(0x000000cf11a00000,0x000000cf11b00000)]
  0x000002212d026090 JavaThread "Unconstrained build operations Thread 68" [_thread_blocked, id=1428, stack(0x000000cf11b00000,0x000000cf11c00000)]
  0x000002212d026f00 JavaThread "Unconstrained build operations Thread 69" [_thread_blocked, id=6500, stack(0x000000cf11c00000,0x000000cf11d00000)]
  0x000002212d026560 JavaThread "Unconstrained build operations Thread 70" [_thread_blocked, id=1028, stack(0x000000cf11d00000,0x000000cf11e00000)]
  0x000002212d026a30 JavaThread "Unconstrained build operations Thread 71" [_thread_blocked, id=12344, stack(0x000000cf11e00000,0x000000cf11f00000)]
  0x000002212d021390 JavaThread "Unconstrained build operations Thread 72" [_thread_blocked, id=10656, stack(0x000000cf11f00000,0x000000cf12000000)]
  0x000002212d020050 JavaThread "Unconstrained build operations Thread 73" [_thread_blocked, id=8900, stack(0x000000cf12000000,0x000000cf12100000)]
  0x000002212d021860 JavaThread "Unconstrained build operations Thread 74" [_thread_blocked, id=2184, stack(0x000000cf12100000,0x000000cf12200000)]
  0x000002212d021d30 JavaThread "Unconstrained build operations Thread 75" [_thread_blocked, id=15208, stack(0x000000cf12200000,0x000000cf12300000)]
  0x000002212d022ba0 JavaThread "Unconstrained build operations Thread 76" [_thread_blocked, id=11860, stack(0x000000cf12300000,0x000000cf12400000)]
  0x000002212d022200 JavaThread "Unconstrained build operations Thread 77" [_thread_blocked, id=12760, stack(0x000000cf12400000,0x000000cf12500000)]
  0x000002212d023070 JavaThread "Unconstrained build operations Thread 78" [_thread_blocked, id=14252, stack(0x000000cf12500000,0x000000cf12600000)]
  0x000002212d024d50 JavaThread "Unconstrained build operations Thread 79" [_thread_blocked, id=3548, stack(0x000000cf12600000,0x000000cf12700000)]
  0x000002212d025220 JavaThread "Unconstrained build operations Thread 80" [_thread_blocked, id=8832, stack(0x000000cf12700000,0x000000cf12800000)]
  0x000002212d023a10 JavaThread "jar transforms Thread 6" [_thread_blocked, id=12708, stack(0x000000cf12800000,0x000000cf12900000)]
  0x000002212d024880 JavaThread "jar transforms Thread 7" [_thread_blocked, id=1224, stack(0x000000cf12900000,0x000000cf12a00000)]
  0x000002212d020520 JavaThread "jar transforms Thread 8" [_thread_blocked, id=9300, stack(0x000000cf12a00000,0x000000cf12b00000)]
  0x0000022108421b90 JavaThread "build event listener" [_thread_blocked, id=12576, stack(0x000000cf12b00000,0x000000cf12c00000)]
  0x000002212d1dbd60 JavaThread "Memory manager" [_thread_blocked, id=15284, stack(0x000000cf12c00000,0x000000cf12d00000)]

Other Threads:
  0x0000022122190f90 VMThread "VM Thread" [stack: 0x000000cf0a300000,0x000000cf0a400000] [id=11700]
  0x00000221084ba980 WatcherThread [stack: 0x000000cf0af00000,0x000000cf0b000000] [id=2784]
  0x0000022108494040 GCTaskThread "GC Thread#0" [stack: 0x000000cf09e00000,0x000000cf09f00000] [id=12704]
  0x00000221233b26a0 GCTaskThread "GC Thread#1" [stack: 0x000000cf0b100000,0x000000cf0b200000] [id=13108]
  0x00000221233b2950 GCTaskThread "GC Thread#2" [stack: 0x000000cf0b200000,0x000000cf0b300000] [id=1668]
  0x00000221233b2c00 GCTaskThread "GC Thread#3" [stack: 0x000000cf0b300000,0x000000cf0b400000] [id=5808]
  0x0000022123762570 GCTaskThread "GC Thread#4" [stack: 0x000000cf0b400000,0x000000cf0b500000] [id=12212]
  0x0000022123762820 GCTaskThread "GC Thread#5" [stack: 0x000000cf0b500000,0x000000cf0b600000] [id=5684]
  0x000002212566c050 GCTaskThread "GC Thread#6" [stack: 0x000000cf0c100000,0x000000cf0c200000] [id=8888]
  0x00000221244efbf0 GCTaskThread "GC Thread#7" [stack: 0x000000cf0c200000,0x000000cf0c300000] [id=84]
  0x00000221084a4f80 ConcurrentGCThread "G1 Main Marker" [stack: 0x000000cf09f00000,0x000000cf0a000000] [id=11304]
  0x00000221084a6550 ConcurrentGCThread "G1 Conc#0" [stack: 0x000000cf0a000000,0x000000cf0a100000] [id=14124]
  0x0000022125912850 ConcurrentGCThread "G1 Conc#1" [stack: 0x000000cf0c300000,0x000000cf0c400000] [id=4560]
  0x00000221084eeae0 ConcurrentGCThread "G1 Refine#0" [stack: 0x000000cf0a100000,0x000000cf0a200000] [id=1816]
  0x00000221244f0b90 ConcurrentGCThread "G1 Refine#1" [stack: 0x000000cf0d100000,0x000000cf0d200000] [id=13356]
  0x000002212206e450 ConcurrentGCThread "G1 Service" [stack: 0x000000cf0a200000,0x000000cf0a300000] [id=13412]

Threads with active compile tasks:
C2 CompilerThread0     6032 8120       4       sun.reflect.generics.parser.SignatureParser::parsePackageNameAndSimpleClassTypeSignature (119 bytes)
C2 CompilerThread2     6032 8152       4       sun.reflect.generics.parser.SignatureParser::parseFieldTypeSignature (73 bytes)

VM state: not at safepoint (normal execution)

VM Mutex/Monitor currently owned by a thread: None

Heap address: 0x0000000080000000, size: 2048 MB, Compressed Oops mode: 32-bit

CDS archive(s) not mapped
Compressed class space mapped at: 0x0000000100000000-0x0000000140000000, reserved size: 1073741824
Narrow klass base: 0x0000000000000000, Narrow klass shift: 3, Narrow klass range: 0x140000000

GC Precious Log:
 CPUs: 8 total, 8 available
 Memory: 16303M
 Large Page Support: Disabled
 NUMA Support: Disabled
 Compressed Oops: Enabled (32-bit)
 Heap Region Size: 1M
 Heap Min Capacity: 8M
 Heap Initial Capacity: 256M
 Heap Max Capacity: 2G
 Pre-touch: Disabled
 Parallel Workers: 8
 Concurrent Workers: 2
 Concurrent Refinement Workers: 8
 Periodic GC: Disabled

Heap:
 garbage-first heap   total 144384K, used 74933K [0x0000000080000000, 0x0000000100000000)
  region size 1024K, 11 young (11264K), 6 survivors (6144K)
 Metaspace       used 83640K, committed 84224K, reserved 1122304K
  class space    used 11360K, committed 11648K, reserved 1048576K

Heap Regions: E=young(eden), S=young(survivor), O=old, HS=humongous(starts), HC=humongous(continues), CS=collection set, F=free, OA=open archive, CA=closed archive, TAMS=top-at-mark-start (previous, next)
|   0|0x0000000080000000, 0x0000000080100000, 0x0000000080100000|100%|HS|  |TAMS 0x0000000080100000, 0x0000000080000000| Complete 
|   1|0x0000000080100000, 0x0000000080200000, 0x0000000080200000|100%|HC|  |TAMS 0x0000000080200000, 0x0000000080100000| Complete 
|   2|0x0000000080200000, 0x0000000080300000, 0x0000000080300000|100%|HC|  |TAMS 0x0000000080300000, 0x0000000080200000| Complete 
|   3|0x0000000080300000, 0x0000000080400000, 0x0000000080400000|100%|HC|  |TAMS 0x0000000080400000, 0x0000000080300000| Complete 
|   4|0x0000000080400000, 0x0000000080500000, 0x0000000080500000|100%| O|  |TAMS 0x0000000080500000, 0x0000000080400000| Untracked 
|   5|0x0000000080500000, 0x0000000080600000, 0x0000000080600000|100%| O|  |TAMS 0x0000000080600000, 0x0000000080500000| Untracked 
|   6|0x0000000080600000, 0x0000000080700000, 0x0000000080700000|100%| O|  |TAMS 0x0000000080700000, 0x0000000080600000| Untracked 
|   7|0x0000000080700000, 0x0000000080800000, 0x0000000080800000|100%| O|  |TAMS 0x0000000080800000, 0x0000000080700000| Untracked 
|   8|0x0000000080800000, 0x0000000080900000, 0x0000000080900000|100%| O|  |TAMS 0x0000000080900000, 0x0000000080800000| Untracked 
|   9|0x0000000080900000, 0x0000000080a00000, 0x0000000080a00000|100%| O|  |TAMS 0x0000000080a00000, 0x0000000080900000| Untracked 
|  10|0x0000000080a00000, 0x0000000080b00000, 0x0000000080b00000|100%| O|  |TAMS 0x0000000080b00000, 0x0000000080a00000| Untracked 
|  11|0x0000000080b00000, 0x0000000080c00000, 0x0000000080c00000|100%| O|  |TAMS 0x0000000080b00000, 0x0000000080b00000| Untracked 
|  12|0x0000000080c00000, 0x0000000080d00000, 0x0000000080d00000|100%| O|  |TAMS 0x0000000080d00000, 0x0000000080c00000| Untracked 
|  13|0x0000000080d00000, 0x0000000080dffff8, 0x0000000080e00000| 99%| O|  |TAMS 0x0000000080dffff8, 0x0000000080d00000| Untracked 
|  14|0x0000000080e00000, 0x0000000080f00000, 0x0000000080f00000|100%| O|  |TAMS 0x0000000080f00000, 0x0000000080e00000| Untracked 
|  15|0x0000000080f00000, 0x0000000081000000, 0x0000000081000000|100%| O|  |TAMS 0x0000000081000000, 0x0000000080f00000| Untracked 
|  16|0x0000000081000000, 0x0000000081100000, 0x0000000081100000|100%| O|  |TAMS 0x0000000081100000, 0x0000000081000000| Untracked 
|  17|0x0000000081100000, 0x0000000081200000, 0x0000000081200000|100%| O|  |TAMS 0x0000000081200000, 0x0000000081100000| Untracked 
|  18|0x0000000081200000, 0x0000000081300000, 0x0000000081300000|100%| O|  |TAMS 0x0000000081300000, 0x0000000081200000| Untracked 
|  19|0x0000000081300000, 0x0000000081400000, 0x0000000081400000|100%| O|  |TAMS 0x0000000081400000, 0x0000000081300000| Untracked 
|  20|0x0000000081400000, 0x0000000081500000, 0x0000000081500000|100%| O|  |TAMS 0x0000000081500000, 0x0000000081400000| Untracked 
|  21|0x0000000081500000, 0x0000000081600000, 0x0000000081600000|100%| O|  |TAMS 0x0000000081600000, 0x0000000081500000| Untracked 
|  22|0x0000000081600000, 0x0000000081700000, 0x0000000081700000|100%| O|  |TAMS 0x0000000081700000, 0x0000000081600000| Untracked 
|  23|0x0000000081700000, 0x0000000081800000, 0x0000000081800000|100%| O|  |TAMS 0x0000000081800000, 0x0000000081700000| Untracked 
|  24|0x0000000081800000, 0x0000000081900000, 0x0000000081900000|100%| O|  |TAMS 0x0000000081900000, 0x0000000081800000| Untracked 
|  25|0x0000000081900000, 0x0000000081a00000, 0x0000000081a00000|100%| O|  |TAMS 0x0000000081a00000, 0x0000000081900000| Untracked 
|  26|0x0000000081a00000, 0x0000000081b00000, 0x0000000081b00000|100%| O|  |TAMS 0x0000000081b00000, 0x0000000081a00000| Untracked 
|  27|0x0000000081b00000, 0x0000000081c00000, 0x0000000081c00000|100%| O|  |TAMS 0x0000000081c00000, 0x0000000081b00000| Untracked 
|  28|0x0000000081c00000, 0x0000000081d00000, 0x0000000081d00000|100%| O|  |TAMS 0x0000000081d00000, 0x0000000081c00000| Untracked 
|  29|0x0000000081d00000, 0x0000000081e00000, 0x0000000081e00000|100%| O|  |TAMS 0x0000000081e00000, 0x0000000081d00000| Untracked 
|  30|0x0000000081e00000, 0x0000000081f00000, 0x0000000081f00000|100%| O|  |TAMS 0x0000000081f00000, 0x0000000081e00000| Untracked 
|  31|0x0000000081f00000, 0x0000000082000000, 0x0000000082000000|100%| O|  |TAMS 0x0000000082000000, 0x0000000081f00000| Untracked 
|  32|0x0000000082000000, 0x0000000082100000, 0x0000000082100000|100%| O|  |TAMS 0x0000000082100000, 0x0000000082000000| Untracked 
|  33|0x0000000082100000, 0x0000000082200000, 0x0000000082200000|100%|HS|  |TAMS 0x0000000082200000, 0x0000000082100000| Complete 
|  34|0x0000000082200000, 0x0000000082300000, 0x0000000082300000|100%|HS|  |TAMS 0x0000000082300000, 0x0000000082200000| Complete 
|  35|0x0000000082300000, 0x0000000082400000, 0x0000000082400000|100%|HS|  |TAMS 0x0000000082400000, 0x0000000082300000| Complete 
|  36|0x0000000082400000, 0x0000000082500000, 0x0000000082500000|100%|HC|  |TAMS 0x0000000082500000, 0x0000000082400000| Complete 
|  37|0x0000000082500000, 0x0000000082600000, 0x0000000082600000|100%|HS|  |TAMS 0x0000000082600000, 0x0000000082500000| Complete 
|  38|0x0000000082600000, 0x0000000082700000, 0x0000000082700000|100%| O|  |TAMS 0x0000000082700000, 0x0000000082600000| Untracked 
|  39|0x0000000082700000, 0x0000000082800000, 0x0000000082800000|100%| O|  |TAMS 0x0000000082800000, 0x0000000082700000| Untracked 
|  40|0x0000000082800000, 0x0000000082900000, 0x0000000082900000|100%|HS|  |TAMS 0x0000000082900000, 0x0000000082800000| Complete 
|  41|0x0000000082900000, 0x0000000082a00000, 0x0000000082a00000|100%|HC|  |TAMS 0x0000000082a00000, 0x0000000082900000| Complete 
|  42|0x0000000082a00000, 0x0000000082b00000, 0x0000000082b00000|100%|HC|  |TAMS 0x0000000082b00000, 0x0000000082a00000| Complete 
|  43|0x0000000082b00000, 0x0000000082c00000, 0x0000000082c00000|100%|HC|  |TAMS 0x0000000082c00000, 0x0000000082b00000| Complete 
|  44|0x0000000082c00000, 0x0000000082d00000, 0x0000000082d00000|100%| O|  |TAMS 0x0000000082d00000, 0x0000000082c00000| Untracked 
|  45|0x0000000082d00000, 0x0000000082e00000, 0x0000000082e00000|100%| O|  |TAMS 0x0000000082e00000, 0x0000000082d00000| Untracked 
|  46|0x0000000082e00000, 0x0000000082f00000, 0x0000000082f00000|100%| O|  |TAMS 0x0000000082f00000, 0x0000000082e00000| Untracked 
|  47|0x0000000082f00000, 0x0000000083000000, 0x0000000083000000|100%| O|  |TAMS 0x0000000083000000, 0x0000000082f00000| Untracked 
|  48|0x0000000083000000, 0x0000000083100000, 0x0000000083100000|100%| O|  |TAMS 0x0000000083100000, 0x0000000083000000| Untracked 
|  49|0x0000000083100000, 0x0000000083200000, 0x0000000083200000|100%| O|  |TAMS 0x0000000083200000, 0x0000000083100000| Untracked 
|  50|0x0000000083200000, 0x0000000083300000, 0x0000000083300000|100%| O|  |TAMS 0x0000000083300000, 0x0000000083200000| Untracked 
|  51|0x0000000083300000, 0x0000000083400000, 0x0000000083400000|100%| O|  |TAMS 0x0000000083400000, 0x0000000083300000| Untracked 
|  52|0x0000000083400000, 0x0000000083500000, 0x0000000083500000|100%| O|  |TAMS 0x0000000083500000, 0x0000000083400000| Untracked 
|  53|0x0000000083500000, 0x0000000083600000, 0x0000000083600000|100%| O|  |TAMS 0x0000000083511200, 0x0000000083500000| Untracked 
|  54|0x0000000083600000, 0x0000000083700000, 0x0000000083700000|100%| O|  |TAMS 0x0000000083600000, 0x0000000083600000| Untracked 
|  55|0x0000000083700000, 0x0000000083800000, 0x0000000083800000|100%| O|  |TAMS 0x0000000083700000, 0x0000000083700000| Untracked 
|  56|0x0000000083800000, 0x0000000083900000, 0x0000000083900000|100%| O|  |TAMS 0x0000000083800000, 0x0000000083800000| Untracked 
|  57|0x0000000083900000, 0x0000000083a00000, 0x0000000083a00000|100%| O|  |TAMS 0x0000000083900000, 0x0000000083900000| Untracked 
|  58|0x0000000083a00000, 0x0000000083b00000, 0x0000000083b00000|100%| O|  |TAMS 0x0000000083a00000, 0x0000000083a00000| Untracked 
|  59|0x0000000083b00000, 0x0000000083c00000, 0x0000000083c00000|100%| O|  |TAMS 0x0000000083b00000, 0x0000000083b00000| Untracked 
|  60|0x0000000083c00000, 0x0000000083d00000, 0x0000000083d00000|100%| O|  |TAMS 0x0000000083c00000, 0x0000000083c00000| Untracked 
|  61|0x0000000083d00000, 0x0000000083e00000, 0x0000000083e00000|100%| O|  |TAMS 0x0000000083d00000, 0x0000000083d00000| Untracked 
|  62|0x0000000083e00000, 0x0000000083f00000, 0x0000000083f00000|100%| O|  |TAMS 0x0000000083e00000, 0x0000000083e00000| Untracked 
|  63|0x0000000083f00000, 0x0000000083f82000, 0x0000000084000000| 50%| O|  |TAMS 0x0000000083f00000, 0x0000000083f00000| Untracked 
|  64|0x0000000084000000, 0x0000000084000000, 0x0000000084100000|  0%| F|  |TAMS 0x0000000084000000, 0x0000000084000000| Untracked 
|  65|0x0000000084100000, 0x0000000084100000, 0x0000000084200000|  0%| F|  |TAMS 0x0000000084100000, 0x0000000084100000| Untracked 
|  66|0x0000000084200000, 0x0000000084200000, 0x0000000084300000|  0%| F|  |TAMS 0x0000000084200000, 0x0000000084200000| Untracked 
|  67|0x0000000084300000, 0x0000000084300000, 0x0000000084400000|  0%| F|  |TAMS 0x0000000084300000, 0x0000000084300000| Untracked 
|  68|0x0000000084400000, 0x0000000084400000, 0x0000000084500000|  0%| F|  |TAMS 0x0000000084400000, 0x0000000084400000| Untracked 
|  69|0x0000000084500000, 0x0000000084500000, 0x0000000084600000|  0%| F|  |TAMS 0x0000000084500000, 0x0000000084500000| Untracked 
|  70|0x0000000084600000, 0x0000000084600000, 0x0000000084700000|  0%| F|  |TAMS 0x0000000084600000, 0x0000000084600000| Untracked 
|  71|0x0000000084700000, 0x0000000084700000, 0x0000000084800000|  0%| F|  |TAMS 0x0000000084700000, 0x0000000084700000| Untracked 
|  72|0x0000000084800000, 0x0000000084800000, 0x0000000084900000|  0%| F|  |TAMS 0x0000000084800000, 0x0000000084800000| Untracked 
|  73|0x0000000084900000, 0x0000000084900000, 0x0000000084a00000|  0%| F|  |TAMS 0x0000000084900000, 0x0000000084900000| Untracked 
|  74|0x0000000084a00000, 0x0000000084a00000, 0x0000000084b00000|  0%| F|  |TAMS 0x0000000084a00000, 0x0000000084a00000| Untracked 
|  75|0x0000000084b00000, 0x0000000084b00000, 0x0000000084c00000|  0%| F|  |TAMS 0x0000000084b00000, 0x0000000084b00000| Untracked 
|  76|0x0000000084c00000, 0x0000000084c00000, 0x0000000084d00000|  0%| F|  |TAMS 0x0000000084c00000, 0x0000000084c00000| Untracked 
|  77|0x0000000084d00000, 0x0000000084d00000, 0x0000000084e00000|  0%| F|  |TAMS 0x0000000084d00000, 0x0000000084d00000| Untracked 
|  78|0x0000000084e00000, 0x0000000084e00000, 0x0000000084f00000|  0%| F|  |TAMS 0x0000000084e00000, 0x0000000084e00000| Untracked 
|  79|0x0000000084f00000, 0x0000000084f00000, 0x0000000085000000|  0%| F|  |TAMS 0x0000000084f00000, 0x0000000084f00000| Untracked 
|  80|0x0000000085000000, 0x0000000085000000, 0x0000000085100000|  0%| F|  |TAMS 0x0000000085000000, 0x0000000085000000| Untracked 
|  81|0x0000000085100000, 0x0000000085100000, 0x0000000085200000|  0%| F|  |TAMS 0x0000000085100000, 0x0000000085100000| Untracked 
|  82|0x0000000085200000, 0x0000000085200000, 0x0000000085300000|  0%| F|  |TAMS 0x0000000085200000, 0x0000000085200000| Untracked 
|  83|0x0000000085300000, 0x0000000085300000, 0x0000000085400000|  0%| F|  |TAMS 0x0000000085300000, 0x0000000085300000| Untracked 
|  84|0x0000000085400000, 0x0000000085400000, 0x0000000085500000|  0%| F|  |TAMS 0x0000000085400000, 0x0000000085400000| Untracked 
|  85|0x0000000085500000, 0x0000000085500000, 0x0000000085600000|  0%| F|  |TAMS 0x0000000085500000, 0x0000000085500000| Untracked 
|  86|0x0000000085600000, 0x00000000856ab510, 0x0000000085700000| 66%| S|CS|TAMS 0x0000000085600000, 0x0000000085600000| Complete 
|  87|0x0000000085700000, 0x0000000085800000, 0x0000000085800000|100%| S|CS|TAMS 0x0000000085700000, 0x0000000085700000| Complete 
|  88|0x0000000085800000, 0x0000000085800000, 0x0000000085900000|  0%| F|  |TAMS 0x0000000085800000, 0x0000000085800000| Untracked 
|  89|0x0000000085900000, 0x0000000085900000, 0x0000000085a00000|  0%| F|  |TAMS 0x0000000085900000, 0x0000000085900000| Untracked 
|  90|0x0000000085a00000, 0x0000000085a00000, 0x0000000085b00000|  0%| F|  |TAMS 0x0000000085a00000, 0x0000000085a00000| Untracked 
|  91|0x0000000085b00000, 0x0000000085b00000, 0x0000000085c00000|  0%| F|  |TAMS 0x0000000085b00000, 0x0000000085b00000| Untracked 
|  92|0x0000000085c00000, 0x0000000085d00000, 0x0000000085d00000|100%| S|CS|TAMS 0x0000000085c00000, 0x0000000085c00000| Complete 
|  93|0x0000000085d00000, 0x0000000085e00000, 0x0000000085e00000|100%| S|CS|TAMS 0x0000000085d00000, 0x0000000085d00000| Complete 
|  94|0x0000000085e00000, 0x0000000085f00000, 0x0000000085f00000|100%| S|CS|TAMS 0x0000000085e00000, 0x0000000085e00000| Complete 
|  95|0x0000000085f00000, 0x0000000085f00000, 0x0000000086000000|  0%| F|  |TAMS 0x0000000085f00000, 0x0000000085f00000| Untracked 
|  96|0x0000000086000000, 0x0000000086000000, 0x0000000086100000|  0%| F|  |TAMS 0x0000000086000000, 0x0000000086000000| Untracked 
|  97|0x0000000086100000, 0x0000000086200000, 0x0000000086200000|100%| S|CS|TAMS 0x0000000086100000, 0x0000000086100000| Complete 
|  98|0x0000000086200000, 0x0000000086200000, 0x0000000086300000|  0%| F|  |TAMS 0x0000000086200000, 0x0000000086200000| Untracked 
|  99|0x0000000086300000, 0x0000000086300000, 0x0000000086400000|  0%| F|  |TAMS 0x0000000086300000, 0x0000000086300000| Untracked 
| 100|0x0000000086400000, 0x0000000086400000, 0x0000000086500000|  0%| F|  |TAMS 0x0000000086400000, 0x0000000086400000| Untracked 
| 101|0x0000000086500000, 0x0000000086500000, 0x0000000086600000|  0%| F|  |TAMS 0x0000000086500000, 0x0000000086500000| Untracked 
| 102|0x0000000086600000, 0x0000000086600000, 0x0000000086700000|  0%| F|  |TAMS 0x0000000086600000, 0x0000000086600000| Untracked 
| 103|0x0000000086700000, 0x0000000086700000, 0x0000000086800000|  0%| F|  |TAMS 0x0000000086700000, 0x0000000086700000| Untracked 
| 104|0x0000000086800000, 0x0000000086800000, 0x0000000086900000|  0%| F|  |TAMS 0x0000000086800000, 0x0000000086800000| Untracked 
| 105|0x0000000086900000, 0x0000000086900000, 0x0000000086a00000|  0%| F|  |TAMS 0x0000000086900000, 0x0000000086900000| Untracked 
| 106|0x0000000086a00000, 0x0000000086a00000, 0x0000000086b00000|  0%| F|  |TAMS 0x0000000086a00000, 0x0000000086a00000| Untracked 
| 107|0x0000000086b00000, 0x0000000086b00000, 0x0000000086c00000|  0%| F|  |TAMS 0x0000000086b00000, 0x0000000086b00000| Untracked 
| 108|0x0000000086c00000, 0x0000000086c00000, 0x0000000086d00000|  0%| F|  |TAMS 0x0000000086c00000, 0x0000000086c00000| Untracked 
| 109|0x0000000086d00000, 0x0000000086d00000, 0x0000000086e00000|  0%| F|  |TAMS 0x0000000086d00000, 0x0000000086d00000| Untracked 
| 110|0x0000000086e00000, 0x0000000086e00000, 0x0000000086f00000|  0%| F|  |TAMS 0x0000000086e00000, 0x0000000086e00000| Untracked 
| 111|0x0000000086f00000, 0x0000000086f00000, 0x0000000087000000|  0%| F|  |TAMS 0x0000000086f00000, 0x0000000086f00000| Untracked 
| 112|0x0000000087000000, 0x0000000087000000, 0x0000000087100000|  0%| F|  |TAMS 0x0000000087000000, 0x0000000087000000| Untracked 
| 113|0x0000000087100000, 0x0000000087100000, 0x0000000087200000|  0%| F|  |TAMS 0x0000000087100000, 0x0000000087100000| Untracked 
| 114|0x0000000087200000, 0x0000000087200000, 0x0000000087300000|  0%| F|  |TAMS 0x0000000087200000, 0x0000000087200000| Untracked 
| 115|0x0000000087300000, 0x0000000087300000, 0x0000000087400000|  0%| F|  |TAMS 0x0000000087300000, 0x0000000087300000| Untracked 
| 116|0x0000000087400000, 0x0000000087400000, 0x0000000087500000|  0%| F|  |TAMS 0x0000000087400000, 0x0000000087400000| Untracked 
| 117|0x0000000087500000, 0x0000000087500000, 0x0000000087600000|  0%| F|  |TAMS 0x0000000087500000, 0x0000000087500000| Untracked 
| 118|0x0000000087600000, 0x0000000087600000, 0x0000000087700000|  0%| F|  |TAMS 0x0000000087600000, 0x0000000087600000| Untracked 
| 119|0x0000000087700000, 0x0000000087700000, 0x0000000087800000|  0%| F|  |TAMS 0x0000000087700000, 0x0000000087700000| Untracked 
| 120|0x0000000087800000, 0x0000000087800000, 0x0000000087900000|  0%| F|  |TAMS 0x0000000087800000, 0x0000000087800000| Untracked 
| 121|0x0000000087900000, 0x0000000087900000, 0x0000000087a00000|  0%| F|  |TAMS 0x0000000087900000, 0x0000000087900000| Untracked 
| 122|0x0000000087a00000, 0x0000000087a00000, 0x0000000087b00000|  0%| F|  |TAMS 0x0000000087a00000, 0x0000000087a00000| Untracked 
| 123|0x0000000087b00000, 0x0000000087b00000, 0x0000000087c00000|  0%| F|  |TAMS 0x0000000087b00000, 0x0000000087b00000| Untracked 
| 124|0x0000000087c00000, 0x0000000087c00000, 0x0000000087d00000|  0%| F|  |TAMS 0x0000000087c00000, 0x0000000087c00000| Untracked 
| 125|0x0000000087d00000, 0x0000000087d00000, 0x0000000087e00000|  0%| F|  |TAMS 0x0000000087d00000, 0x0000000087d00000| Untracked 
| 126|0x0000000087e00000, 0x0000000087e00000, 0x0000000087f00000|  0%| F|  |TAMS 0x0000000087e00000, 0x0000000087e00000| Untracked 
| 127|0x0000000087f00000, 0x0000000087f00000, 0x0000000088000000|  0%| F|  |TAMS 0x0000000087f00000, 0x0000000087f00000| Untracked 
| 128|0x0000000088000000, 0x0000000088000000, 0x0000000088100000|  0%| F|  |TAMS 0x0000000088000000, 0x0000000088000000| Untracked 
| 129|0x0000000088100000, 0x0000000088100000, 0x0000000088200000|  0%| F|  |TAMS 0x0000000088100000, 0x0000000088100000| Untracked 
| 130|0x0000000088200000, 0x0000000088200000, 0x0000000088300000|  0%| F|  |TAMS 0x0000000088200000, 0x0000000088200000| Untracked 
| 204|0x000000008cc00000, 0x000000008cc00000, 0x000000008cd00000|  0%| F|  |TAMS 0x000000008cc00000, 0x000000008cc00000| Untracked 
| 205|0x000000008cd00000, 0x000000008cd00000, 0x000000008ce00000|  0%| F|  |TAMS 0x000000008cd00000, 0x000000008cd00000| Untracked 
| 206|0x000000008ce00000, 0x000000008ce00000, 0x000000008cf00000|  0%| F|  |TAMS 0x000000008ce00000, 0x000000008ce00000| Untracked 
| 207|0x000000008cf00000, 0x000000008cf00000, 0x000000008d000000|  0%| F|  |TAMS 0x000000008cf00000, 0x000000008cf00000| Untracked 
| 208|0x000000008d000000, 0x000000008d000000, 0x000000008d100000|  0%| F|  |TAMS 0x000000008d000000, 0x000000008d000000| Untracked 
| 209|0x000000008d100000, 0x000000008d200000, 0x000000008d200000|100%| E|  |TAMS 0x000000008d100000, 0x000000008d100000| Complete 
| 210|0x000000008d200000, 0x000000008d300000, 0x000000008d300000|100%| E|CS|TAMS 0x000000008d200000, 0x000000008d200000| Complete 
| 211|0x000000008d300000, 0x000000008d400000, 0x000000008d400000|100%| E|CS|TAMS 0x000000008d300000, 0x000000008d300000| Complete 
| 212|0x000000008d400000, 0x000000008d500000, 0x000000008d500000|100%| E|CS|TAMS 0x000000008d400000, 0x000000008d400000| Complete 
| 255|0x000000008ff00000, 0x0000000090000000, 0x0000000090000000|100%| E|CS|TAMS 0x000000008ff00000, 0x000000008ff00000| Complete 

Card table byte_map: [0x000002211b020000,0x000002211b420000] _byte_map_base: 0x000002211ac20000

Marking Bits (Prev, Next): (CMBitMap*) 0x0000022108494690, (CMBitMap*) 0x0000022108494650
 Prev Bits: [0x000002211d820000, 0x000002211f820000)
 Next Bits: [0x000002211b820000, 0x000002211d820000)

Polling page: 0x0000022107bf0000

Metaspace:

Usage:
  Non-class:     70.62 MB used.
      Class:     11.11 MB used.
       Both:     81.73 MB used.

Virtual space:
  Non-class space:       72.00 MB reserved,      70.94 MB ( 99%) committed,  9 nodes.
      Class space:        1.00 GB reserved,      11.38 MB (  1%) committed,  1 nodes.
             Both:        1.07 GB reserved,      82.31 MB (  8%) committed. 

Chunk freelists:
   Non-Class:  880.00 KB
       Class:  640.00 KB
        Both:  1.48 MB

MaxMetaspaceSize: unlimited
CompressedClassSpaceSize: 1.00 GB
Initial GC threshold: 21.00 MB
Current GC threshold: 105.25 MB
CDS: off
MetaspaceReclaimPolicy: balanced
 - commit_granule_bytes: 65536.
 - commit_granule_words: 8192.
 - virtual_space_node_default_size: 1048576.
 - enlarge_chunks_in_place: 1.
 - new_chunks_are_fully_committed: 0.
 - uncommit_free_chunks: 1.
 - use_allocation_guard: 0.
 - handle_deallocations: 1.


Internal statistics:

num_allocs_failed_limit: 6.
num_arena_births: 798.
num_arena_deaths: 0.
num_vsnodes_births: 10.
num_vsnodes_deaths: 0.
num_space_committed: 1317.
num_space_uncommitted: 0.
num_chunks_returned_to_freelist: 6.
num_chunks_taken_from_freelist: 3714.
num_chunk_merges: 6.
num_chunk_splits: 2542.
num_chunks_enlarged: 1783.
num_purges: 0.
num_inconsistent_stats: 0.

CodeHeap 'non-profiled nmethods': size=120000Kb used=4737Kb max_used=4737Kb free=115262Kb
 bounds [0x00000221133c0000, 0x0000022113870000, 0x000002211a8f0000]
CodeHeap 'profiled nmethods': size=120000Kb used=14328Kb max_used=14328Kb free=105671Kb
 bounds [0x000002210b8f0000, 0x000002210c6f0000, 0x0000022112e20000]
CodeHeap 'non-nmethods': size=5760Kb used=2377Kb max_used=2490Kb free=3382Kb
 bounds [0x0000022112e20000, 0x00000221130a0000, 0x00000221133c0000]
 total_blobs=8423 nmethods=7516 adapters=819
 compilation: enabled
              stopped_count=0, restarted_count=0
 full_count=0

Compilation events (20 events):
Event: 6.009 Thread 0x000002212238b900 nmethod 8310 0x000002210c6d7590 code [0x000002210c6d7720, 0x000002210c6d7878]
Event: 6.012 Thread 0x000002212238b900 8311       3       java.io.File::isAbsolute (8 bytes)
Event: 6.012 Thread 0x000002212238b900 nmethod 8311 0x000002210c6d7910 code [0x000002210c6d7ac0, 0x000002210c6d7c28]
Event: 6.012 Thread 0x000002212238b900 8312       3       java.io.WinNTFileSystem::isAbsolute (36 bytes)
Event: 6.012 Thread 0x000002212238b900 nmethod 8312 0x000002210c6d7d10 code [0x000002210c6d7f20, 0x000002210c6d85f8]
Event: 6.012 Thread 0x000002212238b900 8313       3       org.gradle.internal.FileUtils::normalize (52 bytes)
Event: 6.012 Thread 0x000002212238b900 nmethod 8313 0x000002210c6d8890 code [0x000002210c6d8aa0, 0x000002210c6d8f78]
Event: 6.012 Thread 0x000002212238b900 8314       3       org.gradle.api.internal.file.AbstractFileResolver::resolve (9 bytes)
Event: 6.013 Thread 0x000002212238b900 nmethod 8314 0x000002210c6d9210 code [0x000002210c6d93e0, 0x000002210c6d9788]
Event: 6.013 Thread 0x000002212238b900 8315       1       org.jetbrains.kotlin.gradle.plugin.mpp.DefaultCompilationDetails::getTarget (5 bytes)
Event: 6.013 Thread 0x000002212238b900 nmethod 8315 0x0000022113854e90 code [0x0000022113855020, 0x00000221138550f8]
Event: 6.013 Thread 0x000002212238b900 8316       3       java.lang.StringLatin1::regionMatchesCI (98 bytes)
Event: 6.013 Thread 0x000002212238b900 nmethod 8316 0x000002210c6d9910 code [0x000002210c6d9b40, 0x000002210c6da278]
Event: 6.013 Thread 0x000002212238b900 8317       3       org.gradle.api.internal.file.AbstractBaseDirFileResolver::doResolve (114 bytes)
Event: 6.014 Thread 0x000002212238b900 nmethod 8317 0x000002210c6da610 code [0x000002210c6daaa0, 0x000002210c6dcd08]
Event: 6.014 Thread 0x000002212238b900 8320       3       com.google.common.collect.RegularImmutableMap::checkNoConflictInKeyBucket (119 bytes)
Event: 6.015 Thread 0x000002212238b900 nmethod 8320 0x000002210c6dd810 code [0x000002210c6ddb60, 0x000002210c6deed8]
Event: 6.015 Thread 0x000002212238b900 8319       3       org.gradle.api.tasks.util.PatternSet::<init> (15 bytes)
Event: 6.015 Thread 0x000002212238b900 nmethod 8319 0x000002210c6df690 code [0x000002210c6df820, 0x000002210c6df9d8]
Event: 6.015 Thread 0x000002212238b900 8321       3       kotlin.text.StringsKt__StringsJVMKt::endsWith$default (15 bytes)

GC Heap History (20 events):
Event: 3.932 GC heap before
{Heap before GC invocations=15 (full 0):
 garbage-first heap   total 91136K, used 71792K [0x0000000080000000, 0x0000000100000000)
  region size 1024K, 27 young (27648K), 5 survivors (5120K)
 Metaspace       used 55585K, committed 56064K, reserved 1097728K
  class space    used 7425K, committed 7616K, reserved 1048576K
}
Event: 3.934 GC heap after
{Heap after GC invocations=16 (full 0):
 garbage-first heap   total 91136K, used 53498K [0x0000000080000000, 0x0000000100000000)
  region size 1024K, 4 young (4096K), 4 survivors (4096K)
 Metaspace       used 55585K, committed 56064K, reserved 1097728K
  class space    used 7425K, committed 7616K, reserved 1048576K
}
Event: 4.092 GC heap before
{Heap before GC invocations=16 (full 0):
 garbage-first heap   total 91136K, used 71930K [0x0000000080000000, 0x0000000100000000)
  region size 1024K, 22 young (22528K), 4 survivors (4096K)
 Metaspace       used 58415K, committed 58944K, reserved 1105920K
  class space    used 7768K, committed 8000K, reserved 1048576K
}
Event: 4.093 GC heap after
{Heap after GC invocations=17 (full 0):
 garbage-first heap   total 91136K, used 54372K [0x0000000080000000, 0x0000000100000000)
  region size 1024K, 1 young (1024K), 1 survivors (1024K)
 Metaspace       used 58415K, committed 58944K, reserved 1105920K
  class space    used 7768K, committed 8000K, reserved 1048576K
}
Event: 4.317 GC heap before
{Heap before GC invocations=18 (full 0):
 garbage-first heap   total 97280K, used 72804K [0x0000000080000000, 0x0000000100000000)
  region size 1024K, 19 young (19456K), 1 survivors (1024K)
 Metaspace       used 61885K, committed 62400K, reserved 1105920K
  class space    used 8236K, committed 8448K, reserved 1048576K
}
Event: 4.320 GC heap after
{Heap after GC invocations=19 (full 0):
 garbage-first heap   total 97280K, used 55257K [0x0000000080000000, 0x0000000100000000)
  region size 1024K, 2 young (2048K), 2 survivors (2048K)
 Metaspace       used 61885K, committed 62400K, reserved 1105920K
  class space    used 8236K, committed 8448K, reserved 1048576K
}
Event: 4.426 GC heap before
{Heap before GC invocations=19 (full 0):
 garbage-first heap   total 97280K, used 65497K [0x0000000080000000, 0x0000000100000000)
  region size 1024K, 14 young (14336K), 2 survivors (2048K)
 Metaspace       used 64034K, committed 64640K, reserved 1105920K
  class space    used 8508K, committed 8768K, reserved 1048576K
}
Event: 4.428 GC heap after
{Heap after GC invocations=20 (full 0):
 garbage-first heap   total 97280K, used 56901K [0x0000000080000000, 0x0000000100000000)
  region size 1024K, 3 young (3072K), 3 survivors (3072K)
 Metaspace       used 64034K, committed 64640K, reserved 1105920K
  class space    used 8508K, committed 8768K, reserved 1048576K
}
Event: 4.556 GC heap before
{Heap before GC invocations=21 (full 0):
 garbage-first heap   total 119808K, used 84549K [0x0000000080000000, 0x0000000100000000)
  region size 1024K, 24 young (24576K), 3 survivors (3072K)
 Metaspace       used 65209K, committed 65728K, reserved 1105920K
  class space    used 8664K, committed 8896K, reserved 1048576K
}
Event: 4.559 GC heap after
{Heap after GC invocations=22 (full 0):
 garbage-first heap   total 144384K, used 58825K [0x0000000080000000, 0x0000000100000000)
  region size 1024K, 3 young (3072K), 3 survivors (3072K)
 Metaspace       used 65209K, committed 65728K, reserved 1105920K
  class space    used 8664K, committed 8896K, reserved 1048576K
}
Event: 4.642 GC heap before
{Heap before GC invocations=22 (full 0):
 garbage-first heap   total 144384K, used 62921K [0x0000000080000000, 0x0000000100000000)
  region size 1024K, 7 young (7168K), 3 survivors (3072K)
 Metaspace       used 65604K, committed 66112K, reserved 1114112K
  class space    used 8720K, committed 8960K, reserved 1048576K
}
Event: 4.645 GC heap after
{Heap after GC invocations=23 (full 0):
 garbage-first heap   total 144384K, used 59517K [0x0000000080000000, 0x0000000100000000)
  region size 1024K, 1 young (1024K), 1 survivors (1024K)
 Metaspace       used 65604K, committed 66112K, reserved 1114112K
  class space    used 8720K, committed 8960K, reserved 1048576K
}
Event: 4.989 GC heap before
{Heap before GC invocations=23 (full 0):
 garbage-first heap   total 144384K, used 101501K [0x0000000080000000, 0x0000000100000000)
  region size 1024K, 42 young (43008K), 1 survivors (1024K)
 Metaspace       used 69533K, committed 70144K, reserved 1114112K
  class space    used 9233K, committed 9536K, reserved 1048576K
}
Event: 4.991 GC heap after
{Heap after GC invocations=24 (full 0):
 garbage-first heap   total 144384K, used 62421K [0x0000000080000000, 0x0000000100000000)
  region size 1024K, 4 young (4096K), 4 survivors (4096K)
 Metaspace       used 69533K, committed 70144K, reserved 1114112K
  class space    used 9233K, committed 9536K, reserved 1048576K
}
Event: 5.322 GC heap before
{Heap before GC invocations=24 (full 0):
 garbage-first heap   total 144384K, used 105429K [0x0000000080000000, 0x0000000100000000)
  region size 1024K, 46 young (47104K), 4 survivors (4096K)
 Metaspace       used 74856K, committed 75456K, reserved 1114112K
  class space    used 9938K, committed 10240K, reserved 1048576K
}
Event: 5.325 GC heap after
{Heap after GC invocations=25 (full 0):
 garbage-first heap   total 144384K, used 65357K [0x0000000080000000, 0x0000000100000000)
  region size 1024K, 3 young (3072K), 3 survivors (3072K)
 Metaspace       used 74856K, committed 75456K, reserved 1114112K
  class space    used 9938K, committed 10240K, reserved 1048576K
}
Event: 5.608 GC heap before
{Heap before GC invocations=25 (full 0):
 garbage-first heap   total 144384K, used 110413K [0x0000000080000000, 0x0000000100000000)
  region size 1024K, 47 young (48128K), 3 survivors (3072K)
 Metaspace       used 77957K, committed 78528K, reserved 1122304K
  class space    used 10356K, committed 10624K, reserved 1048576K
}
Event: 5.611 GC heap after
{Heap after GC invocations=26 (full 0):
 garbage-first heap   total 144384K, used 67901K [0x0000000080000000, 0x0000000100000000)
  region size 1024K, 6 young (6144K), 6 survivors (6144K)
 Metaspace       used 77957K, committed 78528K, reserved 1122304K
  class space    used 10356K, committed 10624K, reserved 1048576K
}
Event: 5.975 GC heap before
{Heap before GC invocations=26 (full 0):
 garbage-first heap   total 144384K, used 111933K [0x0000000080000000, 0x0000000100000000)
  region size 1024K, 49 young (50176K), 6 survivors (6144K)
 Metaspace       used 83075K, committed 83712K, reserved 1122304K
  class space    used 11265K, committed 11584K, reserved 1048576K
}
Event: 5.980 GC heap after
{Heap after GC invocations=27 (full 0):
 garbage-first heap   total 144384K, used 70837K [0x0000000080000000, 0x0000000100000000)
  region size 1024K, 6 young (6144K), 6 survivors (6144K)
 Metaspace       used 83075K, committed 83712K, reserved 1122304K
  class space    used 11265K, committed 11584K, reserved 1048576K
}

Dll operation events (2 events):
Event: 0.003 Loaded shared library C:\Program Files\Android\Android Studio\jbr\bin\java.dll
Event: 0.240 Loaded shared library C:\Program Files\Android\Android Studio\jbr\bin\verify.dll

Deoptimization events (20 events):
Event: 5.994 Thread 0x00000221240944f0 Uncommon trap: trap_request=0xffffffde fr.pc=0x0000022113851d70 relative=0x0000000000000070
Event: 5.994 Thread 0x00000221240944f0 Uncommon trap: reason=class_check action=maybe_recompile pc=0x0000022113851d70 method=org.gradle.api.internal.provider.Collectors$TypedCollector.size()I @ 4 c2
Event: 5.994 Thread 0x00000221240944f0 DEOPT PACKING pc=0x0000022113851d70 sp=0x000000cf0bdf96e0
Event: 5.994 Thread 0x00000221240944f0 DEOPT UNPACKING pc=0x0000022112e769a3 sp=0x000000cf0bdf9670 mode 2
Event: 5.994 Thread 0x00000221240944f0 Uncommon trap: trap_request=0xffffffde fr.pc=0x0000022113851d70 relative=0x0000000000000070
Event: 5.994 Thread 0x00000221240944f0 Uncommon trap: reason=class_check action=maybe_recompile pc=0x0000022113851d70 method=org.gradle.api.internal.provider.Collectors$TypedCollector.size()I @ 4 c2
Event: 5.994 Thread 0x00000221240944f0 DEOPT PACKING pc=0x0000022113851d70 sp=0x000000cf0bdf96e0
Event: 5.994 Thread 0x00000221240944f0 DEOPT UNPACKING pc=0x0000022112e769a3 sp=0x000000cf0bdf9670 mode 2
Event: 6.007 Thread 0x00000221240944f0 Uncommon trap: trap_request=0xffffffde fr.pc=0x0000022113851d70 relative=0x0000000000000070
Event: 6.007 Thread 0x00000221240944f0 Uncommon trap: reason=class_check action=maybe_recompile pc=0x0000022113851d70 method=org.gradle.api.internal.provider.Collectors$TypedCollector.size()I @ 4 c2
Event: 6.007 Thread 0x00000221240944f0 DEOPT PACKING pc=0x0000022113851d70 sp=0x000000cf0bdf96e0
Event: 6.007 Thread 0x00000221240944f0 DEOPT UNPACKING pc=0x0000022112e769a3 sp=0x000000cf0bdf9670 mode 2
Event: 6.009 Thread 0x00000221240944f0 Uncommon trap: trap_request=0xffffff45 fr.pc=0x000002211381cc20 relative=0x00000000000004e0
Event: 6.009 Thread 0x00000221240944f0 Uncommon trap: reason=unstable_if action=reinterpret pc=0x000002211381cc20 method=java.lang.StringLatin1.regionMatchesCI([BI[BII)Z @ 72 c2
Event: 6.009 Thread 0x00000221240944f0 DEOPT PACKING pc=0x000002211381cc20 sp=0x000000cf0bdf89d0
Event: 6.009 Thread 0x00000221240944f0 DEOPT UNPACKING pc=0x0000022112e769a3 sp=0x000000cf0bdf8938 mode 2
Event: 6.011 Thread 0x00000221240944f0 Uncommon trap: trap_request=0xffffffde fr.pc=0x0000022113851d70 relative=0x0000000000000070
Event: 6.011 Thread 0x00000221240944f0 Uncommon trap: reason=class_check action=maybe_recompile pc=0x0000022113851d70 method=org.gradle.api.internal.provider.Collectors$TypedCollector.size()I @ 4 c2
Event: 6.011 Thread 0x00000221240944f0 DEOPT PACKING pc=0x0000022113851d70 sp=0x000000cf0bdf96e0
Event: 6.011 Thread 0x00000221240944f0 DEOPT UNPACKING pc=0x0000022112e769a3 sp=0x000000cf0bdf9670 mode 2

Classes unloaded (0 events):
No events

Classes redefined (0 events):
No events

Internal exceptions (20 events):
Event: 5.104 Thread 0x00000221240944f0 Exception <a 'java/lang/ClassNotFoundException'{0x000000008801a148}: org/jetbrains/kotlin/gradle/targets/js/npm/NpmDependencyExtensionDelegateBeanInfo> (0x000000008801a148) 
thrown [s\src\hotspot\share\classfile\systemDictionary.cpp, line 256]
Event: 5.104 Thread 0x00000221240944f0 Exception <a 'java/lang/ClassNotFoundException'{0x00000000880257c8}: org/jetbrains/kotlin/gradle/targets/js/npm/NpmDependencyExtensionDelegateCustomizer> (0x00000000880257c8) 
thrown [s\src\hotspot\share\classfile\systemDictionary.cpp, line 256]
Event: 5.105 Thread 0x00000221240944f0 Exception <a 'java/lang/ClassNotFoundException'{0x0000000088049290}: org/jetbrains/kotlin/gradle/targets/js/npm/NpmDependencyExtensionKt$defaultNpmDependencyDelegate$1Customizer> (0x0000000088049290) 
thrown [s\src\hotspot\share\classfile\systemDictionary.cpp, line 256]
Event: 5.106 Thread 0x00000221240944f0 Exception <a 'java/lang/ClassNotFoundException'{0x0000000088083d08}: org/jetbrains/kotlin/gradle/targets/js/npm/DefaultDevNpmDependencyExtensionBeanInfo> (0x0000000088083d08) 
thrown [s\src\hotspot\share\classfile\systemDictionary.cpp, line 256]
Event: 5.106 Thread 0x00000221240944f0 Exception <a 'java/lang/ClassNotFoundException'{0x000000008808f390}: org/jetbrains/kotlin/gradle/targets/js/npm/DefaultDevNpmDependencyExtensionCustomizer> (0x000000008808f390) 
thrown [s\src\hotspot\share\classfile\systemDictionary.cpp, line 256]
Event: 5.108 Thread 0x00000221240944f0 Exception <a 'java/lang/ClassNotFoundException'{0x00000000880ce5d8}: org/jetbrains/kotlin/gradle/targets/js/npm/DefaultPeerNpmDependencyExtensionBeanInfo> (0x00000000880ce5d8) 
thrown [s\src\hotspot\share\classfile\systemDictionary.cpp, line 256]
Event: 5.108 Thread 0x00000221240944f0 Exception <a 'java/lang/ClassNotFoundException'{0x00000000880d9c90}: org/jetbrains/kotlin/gradle/targets/js/npm/DefaultPeerNpmDependencyExtensionCustomizer> (0x00000000880d9c90) 
thrown [s\src\hotspot\share\classfile\systemDictionary.cpp, line 256]
Event: 5.109 Thread 0x00000221240944f0 Exception <a 'java/lang/ClassNotFoundException'{0x0000000087f25350}: org/jetbrains/kotlin/gradle/targets/js/npm/DefaultPeerNpmDependencyExtension$delegate$1BeanInfo> (0x0000000087f25350) 
thrown [s\src\hotspot\share\classfile\systemDictionary.cpp, line 256]
Event: 5.109 Thread 0x00000221240944f0 Exception <a 'java/lang/ClassNotFoundException'{0x0000000087f30bd0}: org/jetbrains/kotlin/gradle/targets/js/npm/DefaultPeerNpmDependencyExtension$delegate$1Customizer> (0x0000000087f30bd0) 
thrown [s\src\hotspot\share\classfile\systemDictionary.cpp, line 256]
Event: 5.785 Thread 0x00000221240944f0 Exception <a 'java/lang/NoSuchMethodError'{0x00000000879f8698}: 'int java.lang.invoke.DirectMethodHandle$Holder.invokeSpecialIFC(java.lang.Object, java.lang.Object, java.lang.Object, java.lang.Object, java.lang.Object)'> (0x00000000879f8698) 
thrown [s\src\hotspot\share\interpreter\linkResolver.cpp, line 771]
Event: 5.886 Thread 0x00000221240944f0 Exception <a 'java/lang/ClassNotFoundException'{0x0000000086b42830}: com/android/build/gradle/internal/api/ApkVariantOutputImpl_DecoratedBeanInfo> (0x0000000086b42830) 
thrown [s\src\hotspot\share\classfile\systemDictionary.cpp, line 256]
Event: 5.886 Thread 0x00000221240944f0 Exception <a 'java/lang/ClassNotFoundException'{0x0000000086b4ff38}: com/android/build/gradle/internal/api/ApkVariantOutputImplBeanInfo> (0x0000000086b4ff38) 
thrown [s\src\hotspot\share\classfile\systemDictionary.cpp, line 256]
Event: 5.886 Thread 0x00000221240944f0 Exception <a 'java/lang/ClassNotFoundException'{0x0000000086b5d650}: com/android/build/gradle/internal/api/BaseVariantOutputImplBeanInfo> (0x0000000086b5d650) 
thrown [s\src\hotspot\share\classfile\systemDictionary.cpp, line 256]
Event: 5.887 Thread 0x00000221240944f0 Exception <a 'java/lang/ClassNotFoundException'{0x0000000086b6afe8}: com/android/build/gradle/internal/api/BaseVariantOutputImplCustomizer> (0x0000000086b6afe8) 
thrown [s\src\hotspot\share\classfile\systemDictionary.cpp, line 256]
Event: 5.887 Thread 0x00000221240944f0 Exception <a 'java/lang/ClassNotFoundException'{0x0000000086b8b308}: com/android/build/gradle/internal/api/ApkVariantOutputImplCustomizer> (0x0000000086b8b308) 
thrown [s\src\hotspot\share\classfile\systemDictionary.cpp, line 256]
Event: 5.888 Thread 0x00000221240944f0 Exception <a 'java/lang/ClassNotFoundException'{0x0000000086ba56a8}: com/android/build/gradle/internal/api/ApkVariantOutputImpl_DecoratedCustomizer> (0x0000000086ba56a8) 
thrown [s\src\hotspot\share\classfile\systemDictionary.cpp, line 256]
Event: 5.920 Thread 0x00000221240944f0 Exception <a 'java/lang/ClassNotFoundException'{0x000000008660fc58}: com/android/build/gradle/internal/api/ReadOnlyBuildTypeBeanInfo> (0x000000008660fc58) 
thrown [s\src\hotspot\share\classfile\systemDictionary.cpp, line 256]
Event: 5.920 Thread 0x00000221240944f0 Exception <a 'java/lang/ClassNotFoundException'{0x000000008661d5b0}: com/android/build/gradle/internal/api/ReadOnlyBaseConfigBeanInfo> (0x000000008661d5b0) 
thrown [s\src\hotspot\share\classfile\systemDictionary.cpp, line 256]
Event: 5.920 Thread 0x00000221240944f0 Exception <a 'java/lang/ClassNotFoundException'{0x000000008662af28}: com/android/build/gradle/internal/api/ReadOnlyBaseConfigCustomizer> (0x000000008662af28) 
thrown [s\src\hotspot\share\classfile\systemDictionary.cpp, line 256]
Event: 5.921 Thread 0x00000221240944f0 Exception <a 'java/lang/ClassNotFoundException'{0x0000000086649478}: com/android/build/gradle/internal/api/ReadOnlyBuildTypeCustomizer> (0x0000000086649478) 
thrown [s\src\hotspot\share\classfile\systemDictionary.cpp, line 256]

VM Operations (20 events):
Event: 4.963 Executing VM operation: HandshakeAllThreads
Event: 4.963 Executing VM operation: HandshakeAllThreads done
Event: 4.989 Executing VM operation: G1CollectForAllocation
Event: 4.991 Executing VM operation: G1CollectForAllocation done
Event: 5.253 Executing VM operation: ICBufferFull
Event: 5.253 Executing VM operation: ICBufferFull done
Event: 5.322 Executing VM operation: G1CollectForAllocation
Event: 5.325 Executing VM operation: G1CollectForAllocation done
Event: 5.467 Executing VM operation: HandshakeAllThreads
Event: 5.467 Executing VM operation: HandshakeAllThreads done
Event: 5.600 Executing VM operation: ICBufferFull
Event: 5.601 Executing VM operation: ICBufferFull done
Event: 5.607 Executing VM operation: G1CollectForAllocation
Event: 5.611 Executing VM operation: G1CollectForAllocation done
Event: 5.761 Executing VM operation: HandshakeAllThreads
Event: 5.761 Executing VM operation: HandshakeAllThreads done
Event: 5.859 Executing VM operation: ICBufferFull
Event: 5.859 Executing VM operation: ICBufferFull done
Event: 5.975 Executing VM operation: G1CollectForAllocation
Event: 5.980 Executing VM operation: G1CollectForAllocation done

Events (20 events):
Event: 4.889 loading class java/time/format/DateTimeFormatterBuilder$WeekBasedFieldPrinterParser
Event: 4.889 loading class java/time/format/DateTimeFormatterBuilder$WeekBasedFieldPrinterParser done
Event: 4.910 loading class com/sun/jmx/mbeanserver/StandardMBeanSupport
Event: 4.910 loading class com/sun/jmx/mbeanserver/StandardMBeanSupport done
Event: 4.910 loading class com/sun/jmx/mbeanserver/StandardMBeanIntrospector
Event: 4.910 loading class com/sun/jmx/mbeanserver/StandardMBeanIntrospector done
Event: 5.314 loading class java/util/ArrayList$SubList$1
Event: 5.314 loading class java/util/ArrayList$SubList$1 done
Event: 5.435 loading class jdk/internal/loader/URLClassPath$FileLoader
Event: 5.435 loading class jdk/internal/loader/URLClassPath$FileLoader done
Event: 5.435 loading class jdk/internal/loader/URLClassPath$FileLoader$1
Event: 5.435 loading class jdk/internal/loader/URLClassPath$FileLoader$1 done
Event: 5.565 loading class sun/reflect/generics/repository/FieldRepository
Event: 5.566 loading class sun/reflect/generics/repository/FieldRepository done
Event: 5.570 loading class jdk/internal/vm/annotation/ForceInline
Event: 5.570 loading class jdk/internal/vm/annotation/ForceInline done
Event: 5.594 loading class java/util/regex/Pattern$Caret
Event: 5.595 loading class java/util/regex/Pattern$Caret done
Event: 5.764 Thread 0x000002212238f310 flushing nmethod 0x000002210bd4bd90
Event: 5.764 Thread 0x000002212238f310 flushing nmethod 0x000002210bdd6510


Dynamic libraries:
0x00007ff6392f0000 - 0x00007ff6392fa000 	C:\Program Files\Android\Android Studio\jbr\bin\java.exe
0x00007ff89a870000 - 0x00007ff89aa5f000 	C:\windows\SYSTEM32\ntdll.dll
0x00007ff897a70000 - 0x00007ff897b23000 	C:\windows\System32\KERNEL32.DLL
0x00007ff897540000 - 0x00007ff8977dd000 	C:\windows\System32\KERNELBASE.dll
0x00007ff897240000 - 0x00007ff89733a000 	C:\windows\System32\ucrtbase.dll
0x00007ff8683f0000 - 0x00007ff86840b000 	C:\Program Files\Android\Android Studio\jbr\bin\VCRUNTIME140.dll
0x00007ff886e70000 - 0x00007ff886e87000 	C:\Program Files\Android\Android Studio\jbr\bin\jli.dll
0x00007ff899220000 - 0x00007ff8993b8000 	C:\windows\System32\USER32.dll
0x00007ff896960000 - 0x00007ff896980000 	C:\windows\System32\win32u.dll
0x00007ff882e20000 - 0x00007ff883099000 	C:\windows\WinSxS\amd64_microsoft.windows.common-controls_6595b64144ccf1df_6.0.17763.4645_none_de717694534b1c4f\COMCTL32.dll
0x00007ff899f90000 - 0x00007ff899fb9000 	C:\windows\System32\GDI32.dll
0x00007ff897c00000 - 0x00007ff897c9e000 	C:\windows\System32\msvcrt.dll
0x00007ff8977e0000 - 0x00007ff897986000 	C:\windows\System32\gdi32full.dll
0x00007ff8971a0000 - 0x00007ff897240000 	C:\windows\System32\msvcp_win.dll
0x00007ff899c60000 - 0x00007ff899f8b000 	C:\windows\System32\combase.dll
0x00007ff89a6d0000 - 0x00007ff89a7ee000 	C:\windows\System32\RPCRT4.dll
0x00007ff8968d0000 - 0x00007ff896952000 	C:\windows\System32\bcryptPrimitives.dll
0x00007ff899fc0000 - 0x00007ff899fee000 	C:\windows\System32\IMM32.DLL
0x00007ff884ac0000 - 0x00007ff884acc000 	C:\Program Files\Android\Android Studio\jbr\bin\vcruntime140_1.dll
0x00007ff84a380000 - 0x00007ff84a40d000 	C:\Program Files\Android\Android Studio\jbr\bin\msvcp140.dll
0x00007ff84e360000 - 0x00007ff84efce000 	C:\Program Files\Android\Android Studio\jbr\bin\server\jvm.dll
0x00007ff89a360000 - 0x00007ff89a407000 	C:\windows\System32\ADVAPI32.dll
0x00007ff89a160000 - 0x00007ff89a1ff000 	C:\windows\System32\sechost.dll
0x00007ff894560000 - 0x00007ff894569000 	C:\windows\SYSTEM32\WSOCK32.dll
0x00007ff8948d0000 - 0x00007ff8948f4000 	C:\windows\SYSTEM32\WINMM.dll
0x00007ff897b90000 - 0x00007ff897bfd000 	C:\windows\System32\WS2_32.dll
0x00007ff88f940000 - 0x00007ff88f94a000 	C:\windows\SYSTEM32\VERSION.dll
0x00007ff894850000 - 0x00007ff89487d000 	C:\windows\SYSTEM32\WINMMBASE.dll
0x00007ff8979f0000 - 0x00007ff897a3a000 	C:\windows\System32\cfgmgr32.dll
0x00007ff896860000 - 0x00007ff896871000 	C:\windows\System32\kernel.appcore.dll
0x00007ff894550000 - 0x00007ff89455a000 	C:\Program Files\Android\Android Studio\jbr\bin\jimage.dll
0x00007ff882520000 - 0x00007ff88270d000 	C:\windows\SYSTEM32\DBGHELP.DLL
0x00007ff8824f0000 - 0x00007ff88251a000 	C:\windows\SYSTEM32\dbgcore.DLL
0x00007ff887ec0000 - 0x00007ff887ee5000 	C:\Program Files\Android\Android Studio\jbr\bin\java.dll
0x00007ff886ce0000 - 0x00007ff886cf8000 	C:\Program Files\Android\Android Studio\jbr\bin\zip.dll
0x00007ff897d20000 - 0x00007ff899218000 	C:\windows\System32\SHELL32.dll
0x00007ff89a410000 - 0x00007ff89a4b7000 	C:\windows\System32\shcore.dll
0x00007ff896a50000 - 0x00007ff897197000 	C:\windows\System32\windows.storage.dll
0x00007ff8968a0000 - 0x00007ff8968c3000 	C:\windows\System32\profapi.dll
0x00007ff896800000 - 0x00007ff89685d000 	C:\windows\System32\powrprof.dll
0x00007ff89a070000 - 0x00007ff89a0c2000 	C:\windows\System32\shlwapi.dll
0x00007ff896a30000 - 0x00007ff896a4b000 	C:\windows\System32\cryptsp.dll
0x00007ff886cc0000 - 0x00007ff886cd9000 	C:\Program Files\Android\Android Studio\jbr\bin\net.dll
0x00007ff890e60000 - 0x00007ff890f5d000 	C:\windows\SYSTEM32\WINHTTP.dll
0x00007ff896050000 - 0x00007ff8960b7000 	C:\windows\system32\mswsock.dll
0x00007ff886ca0000 - 0x00007ff886cb6000 	C:\Program Files\Android\Android Studio\jbr\bin\nio.dll
0x00007ff890bc0000 - 0x00007ff890bd0000 	C:\Program Files\Android\Android Studio\jbr\bin\verify.dll
0x00007ff881540000 - 0x00007ff881567000 	C:\UserProfiles\pr120andreev\.gradle\native\68d5fa5c4cc2d200863cafc0d521ce42e7d3e7ee720ec0a83991735586a16f82\windows-amd64\native-platform.dll
0x00007ff846f70000 - 0x00007ff8470b4000 	C:\UserProfiles\pr120andreev\.gradle\native\e376f236ea51e6404a007f0833ffe2c6e607c4080706a723a18a27aeea778392\windows-amd64\native-platform-file-events.dll
0x00007ff8944a0000 - 0x00007ff8944a9000 	C:\Program Files\Android\Android Studio\jbr\bin\management.dll
0x00007ff891ea0000 - 0x00007ff891eab000 	C:\Program Files\Android\Android Studio\jbr\bin\management_ext.dll
0x00007ff899ff0000 - 0x00007ff899ff8000 	C:\windows\System32\PSAPI.DLL
0x00007ff895b70000 - 0x00007ff895ba3000 	C:\windows\system32\rsaenh.dll
0x00007ff897a40000 - 0x00007ff897a66000 	C:\windows\System32\bcrypt.dll
0x00007ff896730000 - 0x00007ff896759000 	C:\windows\SYSTEM32\USERENV.dll
0x00007ff896220000 - 0x00007ff89622c000 	C:\windows\SYSTEM32\CRYPTBASE.dll
0x00007ff895d60000 - 0x00007ff895d9d000 	C:\windows\SYSTEM32\IPHLPAPI.DLL
0x00007ff89a0d0000 - 0x00007ff89a0d8000 	C:\windows\System32\NSI.dll
0x00007ff891f20000 - 0x00007ff891f36000 	C:\windows\SYSTEM32\dhcpcsvc6.DLL
0x00007ff891e40000 - 0x00007ff891e5c000 	C:\windows\SYSTEM32\dhcpcsvc.DLL
0x00007ff895da0000 - 0x00007ff895e66000 	C:\windows\SYSTEM32\DNSAPI.dll
0x00007ff890b50000 - 0x00007ff890b57000 	C:\windows\system32\wshunix.dll

dbghelp: loaded successfully - version: 4.0.5 - missing functions: none
symbol engine: initialized successfully - sym options: 0x614 - pdb path: .;C:\Program Files\Android\Android Studio\jbr\bin;C:\windows\SYSTEM32;C:\windows\WinSxS\amd64_microsoft.windows.common-controls_6595b64144ccf1df_6.0.17763.4645_none_de717694534b1c4f;C:\Program Files\Android\Android Studio\jbr\bin\server;C:\UserProfiles\pr120andreev\.gradle\native\68d5fa5c4cc2d200863cafc0d521ce42e7d3e7ee720ec0a83991735586a16f82\windows-amd64;C:\UserProfiles\pr120andreev\.gradle\native\e376f236ea51e6404a007f0833ffe2c6e607c4080706a723a18a27aeea778392\windows-amd64

VM Arguments:
jvm_args: --add-opens=java.base/java.util=ALL-UNNAMED --add-opens=java.base/java.lang=ALL-UNNAMED --add-opens=java.base/java.lang.invoke=ALL-UNNAMED --add-opens=java.prefs/java.util.prefs=ALL-UNNAMED --add-opens=java.base/java.nio.charset=ALL-UNNAMED --add-opens=java.base/java.net=ALL-UNNAMED --add-opens=java.base/java.util.concurrent.atomic=ALL-UNNAMED -Xmx2048m -Dfile.encoding=UTF-8 -Duser.country=RU -Duser.language=ru -Duser.variant 
java_command: org.gradle.launcher.daemon.bootstrap.GradleDaemon 8.0
java_class_path (initial): C:\UserProfiles\pr120andreev\.gradle\wrapper\dists\gradle-8.0-bin\ca5e32bp14vu59qr306oxotwh\gradle-8.0\lib\gradle-launcher-8.0.jar
Launcher Type: SUN_STANDARD

[Global flags]
     intx CICompilerCount                          = 4                                         {product} {ergonomic}
     uint ConcGCThreads                            = 2                                         {product} {ergonomic}
     uint G1ConcRefinementThreads                  = 8                                         {product} {ergonomic}
   size_t G1HeapRegionSize                         = 1048576                                   {product} {ergonomic}
    uintx GCDrainStackTargetSize                   = 64                                        {product} {ergonomic}
   size_t InitialHeapSize                          = 268435456                                 {product} {ergonomic}
   size_t MarkStackSize                            = 4194304                                   {product} {ergonomic}
   size_t MaxHeapSize                              = 2147483648                                {product} {command line}
   size_t MaxNewSize                               = 1287651328                                {product} {ergonomic}
   size_t MinHeapDeltaBytes                        = 1048576                                   {product} {ergonomic}
   size_t MinHeapSize                              = 8388608                                   {product} {ergonomic}
    uintx NonNMethodCodeHeapSize                   = 5839372                                {pd product} {ergonomic}
    uintx NonProfiledCodeHeapSize                  = 122909434                              {pd product} {ergonomic}
    uintx ProfiledCodeHeapSize                     = 122909434                              {pd product} {ergonomic}
    uintx ReservedCodeCacheSize                    = 251658240                              {pd product} {ergonomic}
     bool SegmentedCodeCache                       = true                                      {product} {ergonomic}
   size_t SoftMaxHeapSize                          = 2147483648                             {manageable} {ergonomic}
     bool UseCompressedClassPointers               = true                           {product lp64_product} {ergonomic}
     bool UseCompressedOops                        = true                           {product lp64_product} {ergonomic}
     bool UseG1GC                                  = true                                      {product} {ergonomic}
     bool UseLargePagesIndividualAllocation        = false                                  {pd product} {ergonomic}

Logging:
Log output configuration:
 #0: stdout all=warning uptime,level,tags
 #1: stderr all=off uptime,level,tags

Environment Variables:
JAVA_HOME=C:\Program Files\Android\Jdk\microsoft_dist_openjdk_1.8.0.25
PATH=C:\Program Files\Python311\Scripts\;C:\Program Files\Python311\;C:\Program Files (x86)\VMware\VMware Workstation\bin\;C:\Program Files (x86)\Common Files\Intel\Shared Libraries\redist\intel64\compiler;C:\Windows\system32;C:\Windows;C:\Windows\System32\Wbem;C:\Windows\System32\WindowsPowerShell\v1.0\;C:\Windows\System32\OpenSSH\;C:\Program Files\Common Files\Autodesk Shared\;C:\Program Files\Microsoft SQL Server\120\Tools\Binn\;C:\Program Files\dotnet\;C:\Program Files\Microsoft SQL Server\130\Tools\Binn\;C:\Program Files\Microsoft SQL Server\Client SDK\ODBC\170\Tools\Binn\;C:\Program Files (x86)\IncrediBuild;C:\Program Files (x86)\NVIDIA Corporation\PhysX\Common;C:\Program Files\Git\cmd;C:\Program Files\Microsoft VS Code\bin;C:\Program Files (x86)\Microsoft SQL Server\150\Tools\Binn\;C:\Program Files\Microsoft SQL Server\150\Tools\Binn\;C:\Program Files (x86)\Microsoft SQL Server\150\DTS\Binn\;C:\Program Files\Microsoft SQL Server\150\DTS\Binn\;C:\Program Files\Azure Data Studio\bin;C:\UserProfiles\pr120andreev\AppData\Local\Microsoft\WindowsApps;
USERNAME=pr120andreev
OS=Windows_NT
PROCESSOR_IDENTIFIER=Intel64 Family 6 Model 158 Stepping 13, GenuineIntel
TMP=C:\USERPR~1\pr120andreev\AppData\Local\Temp
TEMP=C:\USERPR~1\pr120andreev\AppData\Local\Temp


JNI global refs:
JNI global refs: 26, weak refs: 0

JNI global refs memory usage: 843, weak refs: 841


---------------  S Y S T E M  ---------------

OS:
 Windows 10 , 64 bit Build 17763 (10.0.17763.4377)
OS uptime: 0 days 6:17 hours

CPU: total 8 (initial active 8) (8 cores per cpu, 1 threads per core) family 6 model 158 stepping 13 microcode 0xde, cx8, cmov, fxsr, mmx, 3dnowpref, sse, sse2, sse3, ssse3, sse4.1, sse4.2, popcnt, lzcnt, tsc, tscinvbit, avx, avx2, aes, erms, clmul, bmi1, bmi2, adx, fma, vzeroupper, clflush, clflushopt

Memory: 4k page, system-wide physical 16303M (3552M free)
TotalPageFile size 16303M (AvailPageFile size 6M)
current process WorkingSet (physical memory assigned to process): 382M, peak: 383M
current process commit charge ("private bytes"): 423M, peak: 425M

vm_info: OpenJDK 64-Bit Server VM (17.0.6+0-b2043.56-10027231) for windows-amd64 JRE (17.0.6+0-b2043.56-10027231), built on Apr 28 2023 00:43:19 by "androidbuild" with MS VC++ 16.10 / 16.11 (VS2019)

END.
