#
# There is insufficient memory for the Java Runtime Environment to continue.
# Native memory allocation (malloc) failed to allocate 1641392 bytes for Chunk::new
# Possible reasons:
#   The system is out of physical RAM or swap space
#   The process is running with CompressedOops enabled, and the Java Heap may be blocking the growth of the native heap
# Possible solutions:
#   Reduce memory load on the system
#   Increase physical memory or swap space
#   Check if swap backing store is full
#   Decrease Java heap size (-Xmx/-Xms)
#   Decrease number of Java threads
#   Decrease Java thread stack sizes (-Xss)
#   Set larger code cache with -XX:ReservedCodeCacheSize=
#   JVM is running with Unscaled Compressed Oops mode in which the Java heap is
#     placed in the first 4GB address space. The Java Heap base address is the
#     maximum limit for the native heap growth. Please use -XX:HeapBaseMinAddress
#     to set the Java Heap base and to place the Java Heap above 4GB virtual address.
# This output file may be truncated or incomplete.
#
#  Out of Memory Error (arena.cpp:189), pid=9076, tid=8952
#
# JRE version: OpenJDK Runtime Environment (17.0.6) (build 17.0.6+0-b2043.56-10027231)
# Java VM: OpenJDK 64-Bit Server VM (17.0.6+0-b2043.56-10027231, mixed mode, tiered, compressed oops, compressed class ptrs, g1 gc, windows-amd64)
# No core dump will be written. Minidumps are not enabled by default on client versions of Windows
#

---------------  S U M M A R Y ------------

Command Line: --add-opens=java.base/java.util=ALL-UNNAMED --add-opens=java.base/java.lang=ALL-UNNAMED --add-opens=java.base/java.lang.invoke=ALL-UNNAMED --add-opens=java.prefs/java.util.prefs=ALL-UNNAMED --add-opens=java.base/java.nio.charset=ALL-UNNAMED --add-opens=java.base/java.net=ALL-UNNAMED --add-opens=java.base/java.util.concurrent.atomic=ALL-UNNAMED -Xmx2048m -Dfile.encoding=UTF-8 -Duser.country=RU -Duser.language=ru -Duser.variant org.gradle.launcher.daemon.bootstrap.GradleDaemon 8.0

Host: Intel(R) Core(TM) i7-9700F CPU @ 3.00GHz, 8 cores, 15G,  Windows 10 , 64 bit Build 17763 (10.0.17763.4377)
Time: Mon Dec  4 14:25:01 2023 ќмское стандартное врем€ elapsed time: 4.964881 seconds (0d 0h 0m 4s)

---------------  T H R E A D  ---------------

Current thread (0x0000021a7f4cdf30):  JavaThread "C2 CompilerThread0" daemon [_thread_in_native, id=8952, stack(0x000000e3b0c00000,0x000000e3b0d00000)]


Current CompileTask:
C2:   4964 7697   !   4       java.net.URLClassLoader::findClass (47 bytes)

Stack: [0x000000e3b0c00000,0x000000e3b0d00000]
Native frames: (J=compiled Java code, j=interpreted, Vv=VM code, C=native code)
V  [jvm.dll+0x683c9a]
V  [jvm.dll+0x8427a4]
V  [jvm.dll+0x843f9e]
V  [jvm.dll+0x844603]
V  [jvm.dll+0x249b75]
V  [jvm.dll+0xabcac]
V  [jvm.dll+0xac27c]
V  [jvm.dll+0x368857]
V  [jvm.dll+0x1bced2]
V  [jvm.dll+0x21c359]
V  [jvm.dll+0x21b621]
V  [jvm.dll+0x1a4fdd]
V  [jvm.dll+0x22b098]
V  [jvm.dll+0x229159]
V  [jvm.dll+0x7f81ec]
V  [jvm.dll+0x7f274a]
V  [jvm.dll+0x682ad5]
C  [ucrtbase.dll+0x2268a]
C  [KERNEL32.DLL+0x17ac4]
C  [ntdll.dll+0x5a351]


---------------  P R O C E S S  ---------------

Threads class SMR info:
_java_thread_list=0x0000021a0d01d840, length=128, elements={
0x0000021a66cf5340, 0x0000021a7f454be0, 0x0000021a7f457180, 0x0000021a7f4b3440,
0x0000021a7f4d83b0, 0x0000021a7f4cc270, 0x0000021a7f4cd340, 0x0000021a7f4cdf30,
0x0000021a7f4ce830, 0x0000021a7f4d1140, 0x0000021a7f66a060, 0x0000021a7f672950,
0x0000021a7f776aa0, 0x0000021a04d95500, 0x0000021a66ce67b0, 0x0000021a66ce6c80,
0x0000021a66ce3790, 0x0000021a66ce5470, 0x0000021a66ce3c60, 0x0000021a66ce32c0,
0x0000021a66ce4130, 0x0000021a66ce4ad0, 0x0000021a66ce5940, 0x0000021a66ce5e10,
0x0000021a66ce62e0, 0x0000021a06f319e0, 0x0000021a06f33b90, 0x0000021a06f34530,
0x0000021a06f30b70, 0x0000021a06f37a20, 0x0000021a06f331f0, 0x0000021a06f32850,
0x0000021a06f34a00, 0x0000021a06f32380, 0x0000021a06f37550, 0x0000021a06f32d20,
0x0000021a06f35d40, 0x0000021a06f31040, 0x0000021a06f37080, 0x0000021a06f34ed0,
0x0000021a06f37ef0, 0x0000021a06f31510, 0x0000021a06f353a0, 0x0000021a06f366e0,
0x0000021a06f31eb0, 0x0000021a0b69a990, 0x0000021a0b69d010, 0x0000021a0b69d9b0,
0x0000021a0b69c670, 0x0000021a0b69de80, 0x0000021a0b69a4c0, 0x0000021a0b69bcd0,
0x0000021a0b69ae60, 0x0000021a0b69b330, 0x0000021a0b69b800, 0x0000021a0b69c1a0,
0x0000021a0b69d4e0, 0x0000021a0b69cb40, 0x0000021a0d328e70, 0x0000021a0d324170,
0x0000021a0d329340, 0x0000021a0d3284d0, 0x0000021a0d329810, 0x0000021a0d329ce0,
0x0000021a0d324fe0, 0x0000021a0d326320, 0x0000021a0d325e50, 0x0000021a0d32b4f0,
0x0000021a0d3267f0, 0x0000021a0d32a1b0, 0x0000021a0d326cc0, 0x0000021a0d324640,
0x0000021a0d32a680, 0x0000021a0d32ab50, 0x0000021a0d324b10, 0x0000021a0d327b30,
0x0000021a0d323ca0, 0x0000021a0d327190, 0x0000021a0d3254b0, 0x0000021a0d32b020,
0x0000021a0d327660, 0x0000021a0d325980, 0x0000021a0d328000, 0x0000021a0d3289a0,
0x0000021a071ffb00, 0x0000021a071fffd0, 0x0000021a072004a0, 0x0000021a07201cb0,
0x0000021a07201310, 0x0000021a07202180, 0x0000021a07202b20, 0x0000021a07200970,
0x0000021a07200e40, 0x0000021a071fcae0, 0x0000021a071fe2f0, 0x0000021a071fcfb0,
0x0000021a072017e0, 0x0000021a071fec90, 0x0000021a07202650, 0x0000021a07202ff0,
0x0000021a071fe7c0, 0x0000021a072034c0, 0x0000021a071ff160, 0x0000021a07203990,
0x0000021a071ff630, 0x0000021a07203e60, 0x0000021a07204330, 0x0000021a071fd480,
0x0000021a071fd950, 0x0000021a071fde20, 0x0000021a07da54d0, 0x0000021a07daa1d0,
0x0000021a07da7b50, 0x0000021a07dac380, 0x0000021a07da6340, 0x0000021a07da89c0,
0x0000021a07daa6a0, 0x0000021a07da8020, 0x0000021a07da84f0, 0x0000021a07da8e90,
0x0000021a07dab040, 0x0000021a07da9360, 0x0000021a07da9830, 0x0000021a07da59a0,
0x0000021a07da9d00, 0x0000021a07dab510, 0x0000021a07daab70, 0x0000021a07da71b0
}

Java Threads: ( => current thread )
  0x0000021a66cf5340 JavaThread "main" [_thread_blocked, id=8704, stack(0x000000e3aff00000,0x000000e3b0000000)]
  0x0000021a7f454be0 JavaThread "Reference Handler" daemon [_thread_blocked, id=9696, stack(0x000000e3b0600000,0x000000e3b0700000)]
  0x0000021a7f457180 JavaThread "Finalizer" daemon [_thread_blocked, id=10016, stack(0x000000e3b0700000,0x000000e3b0800000)]
  0x0000021a7f4b3440 JavaThread "Signal Dispatcher" daemon [_thread_blocked, id=12040, stack(0x000000e3b0800000,0x000000e3b0900000)]
  0x0000021a7f4d83b0 JavaThread "Attach Listener" daemon [_thread_blocked, id=6796, stack(0x000000e3b0900000,0x000000e3b0a00000)]
  0x0000021a7f4cc270 JavaThread "Service Thread" daemon [_thread_blocked, id=3368, stack(0x000000e3b0a00000,0x000000e3b0b00000)]
  0x0000021a7f4cd340 JavaThread "Monitor Deflation Thread" daemon [_thread_blocked, id=3944, stack(0x000000e3b0b00000,0x000000e3b0c00000)]
=>0x0000021a7f4cdf30 JavaThread "C2 CompilerThread0" daemon [_thread_in_native, id=8952, stack(0x000000e3b0c00000,0x000000e3b0d00000)]
  0x0000021a7f4ce830 JavaThread "C1 CompilerThread0" daemon [_thread_blocked, id=1832, stack(0x000000e3b0d00000,0x000000e3b0e00000)]
  0x0000021a7f4d1140 JavaThread "Sweeper thread" daemon [_thread_blocked, id=11404, stack(0x000000e3b0e00000,0x000000e3b0f00000)]
  0x0000021a7f66a060 JavaThread "Common-Cleaner" daemon [_thread_blocked, id=5864, stack(0x000000e3b0f00000,0x000000e3b1000000)]
  0x0000021a7f672950 JavaThread "Notification Thread" daemon [_thread_blocked, id=1300, stack(0x000000e3b1000000,0x000000e3b1100000)]
  0x0000021a7f776aa0 JavaThread "C2 CompilerThread1" daemon [_thread_in_native, id=12300, stack(0x000000e3b1200000,0x000000e3b1300000)]
  0x0000021a04d95500 JavaThread "C2 CompilerThread2" daemon [_thread_in_native, id=5008, stack(0x000000e3b1800000,0x000000e3b1900000)]
  0x0000021a66ce67b0 JavaThread "Daemon health stats" [_thread_blocked, id=11040, stack(0x000000e3b1900000,0x000000e3b1a00000)]
  0x0000021a66ce6c80 JavaThread "Incoming local TCP Connector on port 8244" [_thread_in_native, id=14656, stack(0x000000e3b1a00000,0x000000e3b1b00000)]
  0x0000021a66ce3790 JavaThread "Daemon periodic checks" [_thread_blocked, id=15300, stack(0x000000e3b1b00000,0x000000e3b1c00000)]
  0x0000021a66ce5470 JavaThread "Daemon" [_thread_blocked, id=12308, stack(0x000000e3b1c00000,0x000000e3b1d00000)]
  0x0000021a66ce3c60 JavaThread "Handler for socket connection from /127.0.0.1:8244 to /127.0.0.1:8245" [_thread_in_native, id=8920, stack(0x000000e3b1d00000,0x000000e3b1e00000)]
  0x0000021a66ce32c0 JavaThread "Cancel handler" [_thread_blocked, id=10276, stack(0x000000e3b1e00000,0x000000e3b1f00000)]
  0x0000021a66ce4130 JavaThread "Daemon worker" [_thread_in_Java, id=8176, stack(0x000000e3b1f00000,0x000000e3b2000000)]
  0x0000021a66ce4ad0 JavaThread "Asynchronous log dispatcher for DefaultDaemonConnection: socket connection from /127.0.0.1:8244 to /127.0.0.1:8245" [_thread_blocked, id=5532, stack(0x000000e3b2000000,0x000000e3b2100000)]
  0x0000021a66ce5940 JavaThread "Stdin handler" [_thread_blocked, id=11444, stack(0x000000e3b2100000,0x000000e3b2200000)]
  0x0000021a66ce5e10 JavaThread "Daemon client event forwarder" [_thread_blocked, id=13520, stack(0x000000e3b2200000,0x000000e3b2300000)]
  0x0000021a66ce62e0 JavaThread "Cache worker for journal cache (C:\UserProfiles\pr120andreev\.gradle\caches\journal-1)" [_thread_blocked, id=9284, stack(0x000000e3b2600000,0x000000e3b2700000)]
  0x0000021a06f319e0 JavaThread "File lock request listener" [_thread_in_native, id=7152, stack(0x000000e3b2700000,0x000000e3b2800000)]
  0x0000021a06f33b90 JavaThread "Cache worker for file hash cache (C:\UserProfiles\pr120andreev\.gradle\caches\8.0\fileHashes)" [_thread_blocked, id=2128, stack(0x000000e3b2800000,0x000000e3b2900000)]
  0x0000021a06f34530 JavaThread "File watcher server" daemon [_thread_in_native, id=14784, stack(0x000000e3b2900000,0x000000e3b2a00000)]
  0x0000021a06f30b70 JavaThread "File watcher consumer" daemon [_thread_blocked, id=11440, stack(0x000000e3b2a00000,0x000000e3b2b00000)]
  0x0000021a06f37a20 JavaThread "Cache worker for checksums cache (C:\UserProfiles\pr120andreev\AndroidStudioProjects\praktMob\.gradle\8.0\checksums)" [_thread_blocked, id=14156, stack(0x000000e3b2b00000,0x000000e3b2c00000)]
  0x0000021a06f331f0 JavaThread "Cache worker for cache directory md-rule (C:\UserProfiles\pr120andreev\.gradle\caches\8.0\md-rule)" [_thread_blocked, id=10880, stack(0x000000e3b2c00000,0x000000e3b2d00000)]
  0x0000021a06f32850 JavaThread "Cache worker for file content cache (C:\UserProfiles\pr120andreev\.gradle\caches\8.0\fileContent)" [_thread_blocked, id=4812, stack(0x000000e3b2d00000,0x000000e3b2e00000)]
  0x0000021a06f34a00 JavaThread "Cache worker for file hash cache (C:\UserProfiles\pr120andreev\AndroidStudioProjects\praktMob\.gradle\8.0\fileHashes)" [_thread_blocked, id=8328, stack(0x000000e3b2e00000,0x000000e3b2f00000)]
  0x0000021a06f32380 JavaThread "Cache worker for cache directory md-supplier (C:\UserProfiles\pr120andreev\.gradle\caches\8.0\md-supplier)" [_thread_blocked, id=12228, stack(0x000000e3b2f00000,0x000000e3b3000000)]
  0x0000021a06f37550 JavaThread "Cache worker for execution history cache (C:\UserProfiles\pr120andreev\.gradle\caches\8.0\executionHistory)" [_thread_blocked, id=15180, stack(0x000000e3b3000000,0x000000e3b3100000)]
  0x0000021a06f32d20 JavaThread "jar transforms" [_thread_blocked, id=5212, stack(0x000000e3b3100000,0x000000e3b3200000)]
  0x0000021a06f35d40 JavaThread "jar transforms Thread 2" [_thread_blocked, id=3716, stack(0x000000e3b3200000,0x000000e3b3300000)]
  0x0000021a06f31040 JavaThread "Cache worker for kotlin-dsl (C:\UserProfiles\pr120andreev\.gradle\caches\8.0\kotlin-dsl)" [_thread_blocked, id=13472, stack(0x000000e3b3300000,0x000000e3b3400000)]
  0x0000021a06f37080 JavaThread "jar transforms Thread 3" [_thread_blocked, id=12920, stack(0x000000e3b3400000,0x000000e3b3500000)]
  0x0000021a06f34ed0 JavaThread "jar transforms Thread 4" [_thread_blocked, id=8964, stack(0x000000e3b3500000,0x000000e3b3600000)]
  0x0000021a06f37ef0 JavaThread "Cache worker for dependencies-accessors (C:\UserProfiles\pr120andreev\AndroidStudioProjects\praktMob\.gradle\8.0\dependencies-accessors)" [_thread_blocked, id=11108, stack(0x000000e3b3600000,0x000000e3b3700000)]
  0x0000021a06f31510 JavaThread "Cache worker for Build Output Cleanup Cache (C:\UserProfiles\pr120andreev\AndroidStudioProjects\praktMob\.gradle\buildOutputCleanup)" [_thread_blocked, id=11812, stack(0x000000e3b3700000,0x000000e3b3800000)]
  0x0000021a06f353a0 JavaThread "jar transforms Thread 5" [_thread_blocked, id=3148, stack(0x000000e3b3800000,0x000000e3b3900000)]
  0x0000021a06f366e0 JavaThread "Unconstrained build operations" [_thread_blocked, id=11232, stack(0x000000e3b3900000,0x000000e3b3a00000)]
  0x0000021a06f31eb0 JavaThread "Unconstrained build operations Thread 2" [_thread_blocked, id=4264, stack(0x000000e3b3a00000,0x000000e3b3b00000)]
  0x0000021a0b69a990 JavaThread "Unconstrained build operations Thread 3" [_thread_blocked, id=4700, stack(0x000000e3b3b00000,0x000000e3b3c00000)]
  0x0000021a0b69d010 JavaThread "Unconstrained build operations Thread 4" [_thread_blocked, id=9036, stack(0x000000e3b3c00000,0x000000e3b3d00000)]
  0x0000021a0b69d9b0 JavaThread "Unconstrained build operations Thread 5" [_thread_blocked, id=3552, stack(0x000000e3b3d00000,0x000000e3b3e00000)]
  0x0000021a0b69c670 JavaThread "Unconstrained build operations Thread 6" [_thread_blocked, id=11752, stack(0x000000e3b3e00000,0x000000e3b3f00000)]
  0x0000021a0b69de80 JavaThread "Unconstrained build operations Thread 7" [_thread_blocked, id=2800, stack(0x000000e3b3f00000,0x000000e3b4000000)]
  0x0000021a0b69a4c0 JavaThread "Unconstrained build operations Thread 8" [_thread_blocked, id=9480, stack(0x000000e3b4000000,0x000000e3b4100000)]
  0x0000021a0b69bcd0 JavaThread "Unconstrained build operations Thread 9" [_thread_blocked, id=13468, stack(0x000000e3b4100000,0x000000e3b4200000)]
  0x0000021a0b69ae60 JavaThread "Unconstrained build operations Thread 10" [_thread_blocked, id=8244, stack(0x000000e3b4200000,0x000000e3b4300000)]
  0x0000021a0b69b330 JavaThread "Unconstrained build operations Thread 11" [_thread_blocked, id=11992, stack(0x000000e3b4300000,0x000000e3b4400000)]
  0x0000021a0b69b800 JavaThread "Unconstrained build operations Thread 12" [_thread_blocked, id=13540, stack(0x000000e3b4400000,0x000000e3b4500000)]
  0x0000021a0b69c1a0 JavaThread "Unconstrained build operations Thread 13" [_thread_blocked, id=5072, stack(0x000000e3b4500000,0x000000e3b4600000)]
  0x0000021a0b69d4e0 JavaThread "Unconstrained build operations Thread 14" [_thread_blocked, id=9292, stack(0x000000e3b4600000,0x000000e3b4700000)]
  0x0000021a0b69cb40 JavaThread "Unconstrained build operations Thread 15" [_thread_blocked, id=9600, stack(0x000000e3b4700000,0x000000e3b4800000)]
  0x0000021a0d328e70 JavaThread "Unconstrained build operations Thread 16" [_thread_blocked, id=4328, stack(0x000000e3b4800000,0x000000e3b4900000)]
  0x0000021a0d324170 JavaThread "Unconstrained build operations Thread 17" [_thread_blocked, id=10212, stack(0x000000e3b4900000,0x000000e3b4a00000)]
  0x0000021a0d329340 JavaThread "Unconstrained build operations Thread 18" [_thread_blocked, id=3400, stack(0x000000e3b4a00000,0x000000e3b4b00000)]
  0x0000021a0d3284d0 JavaThread "Unconstrained build operations Thread 19" [_thread_blocked, id=12652, stack(0x000000e3b4b00000,0x000000e3b4c00000)]
  0x0000021a0d329810 JavaThread "Unconstrained build operations Thread 20" [_thread_blocked, id=9508, stack(0x000000e3b4c00000,0x000000e3b4d00000)]
  0x0000021a0d329ce0 JavaThread "Unconstrained build operations Thread 21" [_thread_blocked, id=7680, stack(0x000000e3b4d00000,0x000000e3b4e00000)]
  0x0000021a0d324fe0 JavaThread "Unconstrained build operations Thread 22" [_thread_blocked, id=9096, stack(0x000000e3b4e00000,0x000000e3b4f00000)]
  0x0000021a0d326320 JavaThread "Unconstrained build operations Thread 23" [_thread_blocked, id=8324, stack(0x000000e3b4f00000,0x000000e3b5000000)]
  0x0000021a0d325e50 JavaThread "Unconstrained build operations Thread 24" [_thread_blocked, id=14464, stack(0x000000e3b5000000,0x000000e3b5100000)]
  0x0000021a0d32b4f0 JavaThread "Unconstrained build operations Thread 25" [_thread_blocked, id=1844, stack(0x000000e3b5100000,0x000000e3b5200000)]
  0x0000021a0d3267f0 JavaThread "Unconstrained build operations Thread 26" [_thread_blocked, id=6304, stack(0x000000e3b5200000,0x000000e3b5300000)]
  0x0000021a0d32a1b0 JavaThread "Unconstrained build operations Thread 27" [_thread_blocked, id=2056, stack(0x000000e3b5300000,0x000000e3b5400000)]
  0x0000021a0d326cc0 JavaThread "Unconstrained build operations Thread 28" [_thread_blocked, id=7784, stack(0x000000e3b5400000,0x000000e3b5500000)]
  0x0000021a0d324640 JavaThread "Unconstrained build operations Thread 29" [_thread_blocked, id=3772, stack(0x000000e3b5500000,0x000000e3b5600000)]
  0x0000021a0d32a680 JavaThread "Unconstrained build operations Thread 30" [_thread_blocked, id=7076, stack(0x000000e3b5600000,0x000000e3b5700000)]
  0x0000021a0d32ab50 JavaThread "Unconstrained build operations Thread 31" [_thread_blocked, id=13844, stack(0x000000e3b5700000,0x000000e3b5800000)]
  0x0000021a0d324b10 JavaThread "Unconstrained build operations Thread 32" [_thread_blocked, id=13572, stack(0x000000e3b5800000,0x000000e3b5900000)]
  0x0000021a0d327b30 JavaThread "Unconstrained build operations Thread 33" [_thread_blocked, id=5972, stack(0x000000e3b5900000,0x000000e3b5a00000)]
  0x0000021a0d323ca0 JavaThread "Unconstrained build operations Thread 34" [_thread_blocked, id=12908, stack(0x000000e3b5a00000,0x000000e3b5b00000)]
  0x0000021a0d327190 JavaThread "Unconstrained build operations Thread 35" [_thread_blocked, id=10964, stack(0x000000e3b5b00000,0x000000e3b5c00000)]
  0x0000021a0d3254b0 JavaThread "Unconstrained build operations Thread 36" [_thread_blocked, id=14508, stack(0x000000e3b5c00000,0x000000e3b5d00000)]
  0x0000021a0d32b020 JavaThread "Unconstrained build operations Thread 37" [_thread_blocked, id=940, stack(0x000000e3b5d00000,0x000000e3b5e00000)]
  0x0000021a0d327660 JavaThread "Unconstrained build operations Thread 38" [_thread_blocked, id=256, stack(0x000000e3b5e00000,0x000000e3b5f00000)]
  0x0000021a0d325980 JavaThread "Unconstrained build operations Thread 39" [_thread_blocked, id=10924, stack(0x000000e3b5f00000,0x000000e3b6000000)]
  0x0000021a0d328000 JavaThread "Unconstrained build operations Thread 40" [_thread_blocked, id=8816, stack(0x000000e3b6000000,0x000000e3b6100000)]
  0x0000021a0d3289a0 JavaThread "Unconstrained build operations Thread 41" [_thread_blocked, id=15156, stack(0x000000e3b6100000,0x000000e3b6200000)]
  0x0000021a071ffb00 JavaThread "Unconstrained build operations Thread 42" [_thread_blocked, id=12696, stack(0x000000e3b6200000,0x000000e3b6300000)]
  0x0000021a071fffd0 JavaThread "Unconstrained build operations Thread 43" [_thread_blocked, id=12628, stack(0x000000e3b6300000,0x000000e3b6400000)]
  0x0000021a072004a0 JavaThread "Unconstrained build operations Thread 44" [_thread_blocked, id=10332, stack(0x000000e3b6400000,0x000000e3b6500000)]
  0x0000021a07201cb0 JavaThread "Unconstrained build operations Thread 45" [_thread_blocked, id=9620, stack(0x000000e3b6500000,0x000000e3b6600000)]
  0x0000021a07201310 JavaThread "Unconstrained build operations Thread 46" [_thread_blocked, id=11160, stack(0x000000e3b6600000,0x000000e3b6700000)]
  0x0000021a07202180 JavaThread "Unconstrained build operations Thread 47" [_thread_blocked, id=15252, stack(0x000000e3b6700000,0x000000e3b6800000)]
  0x0000021a07202b20 JavaThread "Unconstrained build operations Thread 48" [_thread_blocked, id=14008, stack(0x000000e3b6800000,0x000000e3b6900000)]
  0x0000021a07200970 JavaThread "Unconstrained build operations Thread 49" [_thread_blocked, id=13804, stack(0x000000e3b6900000,0x000000e3b6a00000)]
  0x0000021a07200e40 JavaThread "Unconstrained build operations Thread 50" [_thread_blocked, id=11832, stack(0x000000e3b6a00000,0x000000e3b6b00000)]
  0x0000021a071fcae0 JavaThread "Unconstrained build operations Thread 51" [_thread_blocked, id=12520, stack(0x000000e3b6b00000,0x000000e3b6c00000)]
  0x0000021a071fe2f0 JavaThread "Unconstrained build operations Thread 52" [_thread_blocked, id=3764, stack(0x000000e3b6c00000,0x000000e3b6d00000)]
  0x0000021a071fcfb0 JavaThread "Unconstrained build operations Thread 53" [_thread_blocked, id=14528, stack(0x000000e3b6d00000,0x000000e3b6e00000)]
  0x0000021a072017e0 JavaThread "Unconstrained build operations Thread 54" [_thread_blocked, id=14036, stack(0x000000e3b6e00000,0x000000e3b6f00000)]
  0x0000021a071fec90 JavaThread "Unconstrained build operations Thread 55" [_thread_blocked, id=13368, stack(0x000000e3b6f00000,0x000000e3b7000000)]
  0x0000021a07202650 JavaThread "Unconstrained build operations Thread 56" [_thread_blocked, id=1384, stack(0x000000e3b7000000,0x000000e3b7100000)]
  0x0000021a07202ff0 JavaThread "Unconstrained build operations Thread 57" [_thread_blocked, id=9064, stack(0x000000e3b7100000,0x000000e3b7200000)]
  0x0000021a071fe7c0 JavaThread "Unconstrained build operations Thread 58" [_thread_blocked, id=8776, stack(0x000000e3b7200000,0x000000e3b7300000)]
  0x0000021a072034c0 JavaThread "Unconstrained build operations Thread 59" [_thread_blocked, id=3940, stack(0x000000e3b7300000,0x000000e3b7400000)]
  0x0000021a071ff160 JavaThread "Unconstrained build operations Thread 60" [_thread_blocked, id=5352, stack(0x000000e3b7400000,0x000000e3b7500000)]
  0x0000021a07203990 JavaThread "Unconstrained build operations Thread 61" [_thread_blocked, id=11732, stack(0x000000e3b7500000,0x000000e3b7600000)]
  0x0000021a071ff630 JavaThread "Unconstrained build operations Thread 62" [_thread_blocked, id=2628, stack(0x000000e3b7600000,0x000000e3b7700000)]
  0x0000021a07203e60 JavaThread "Unconstrained build operations Thread 63" [_thread_blocked, id=14140, stack(0x000000e3b7700000,0x000000e3b7800000)]
  0x0000021a07204330 JavaThread "Unconstrained build operations Thread 64" [_thread_blocked, id=12876, stack(0x000000e3b7800000,0x000000e3b7900000)]
  0x0000021a071fd480 JavaThread "Unconstrained build operations Thread 65" [_thread_blocked, id=11888, stack(0x000000e3b7900000,0x000000e3b7a00000)]
  0x0000021a071fd950 JavaThread "Unconstrained build operations Thread 66" [_thread_blocked, id=15128, stack(0x000000e3b7a00000,0x000000e3b7b00000)]
  0x0000021a071fde20 JavaThread "Unconstrained build operations Thread 67" [_thread_blocked, id=12200, stack(0x000000e3b7b00000,0x000000e3b7c00000)]
  0x0000021a07da54d0 JavaThread "Unconstrained build operations Thread 68" [_thread_blocked, id=13004, stack(0x000000e3b7c00000,0x000000e3b7d00000)]
  0x0000021a07daa1d0 JavaThread "Unconstrained build operations Thread 69" [_thread_blocked, id=9864, stack(0x000000e3b7d00000,0x000000e3b7e00000)]
  0x0000021a07da7b50 JavaThread "Unconstrained build operations Thread 70" [_thread_blocked, id=9676, stack(0x000000e3b7e00000,0x000000e3b7f00000)]
  0x0000021a07dac380 JavaThread "Unconstrained build operations Thread 71" [_thread_blocked, id=14888, stack(0x000000e3b7f00000,0x000000e3b8000000)]
  0x0000021a07da6340 JavaThread "Unconstrained build operations Thread 72" [_thread_blocked, id=8712, stack(0x000000e3b8000000,0x000000e3b8100000)]
  0x0000021a07da89c0 JavaThread "Unconstrained build operations Thread 73" [_thread_blocked, id=13624, stack(0x000000e3b8100000,0x000000e3b8200000)]
  0x0000021a07daa6a0 JavaThread "Unconstrained build operations Thread 74" [_thread_blocked, id=4456, stack(0x000000e3b8200000,0x000000e3b8300000)]
  0x0000021a07da8020 JavaThread "Unconstrained build operations Thread 75" [_thread_blocked, id=9328, stack(0x000000e3b8300000,0x000000e3b8400000)]
  0x0000021a07da84f0 JavaThread "Unconstrained build operations Thread 76" [_thread_blocked, id=10616, stack(0x000000e3b8400000,0x000000e3b8500000)]
  0x0000021a07da8e90 JavaThread "Unconstrained build operations Thread 77" [_thread_blocked, id=9132, stack(0x000000e3b8500000,0x000000e3b8600000)]
  0x0000021a07dab040 JavaThread "Unconstrained build operations Thread 78" [_thread_blocked, id=14724, stack(0x000000e3b8600000,0x000000e3b8700000)]
  0x0000021a07da9360 JavaThread "Unconstrained build operations Thread 79" [_thread_blocked, id=11196, stack(0x000000e3b8700000,0x000000e3b8800000)]
  0x0000021a07da9830 JavaThread "Unconstrained build operations Thread 80" [_thread_blocked, id=584, stack(0x000000e3b8800000,0x000000e3b8900000)]
  0x0000021a07da59a0 JavaThread "jar transforms Thread 6" [_thread_blocked, id=9084, stack(0x000000e3b8900000,0x000000e3b8a00000)]
  0x0000021a07da9d00 JavaThread "jar transforms Thread 7" [_thread_blocked, id=4108, stack(0x000000e3b8a00000,0x000000e3b8b00000)]
  0x0000021a07dab510 JavaThread "jar transforms Thread 8" [_thread_blocked, id=12620, stack(0x000000e3b8b00000,0x000000e3b8c00000)]
  0x0000021a07daab70 JavaThread "build event listener" [_thread_blocked, id=14728, stack(0x000000e3b8c00000,0x000000e3b8d00000)]
  0x0000021a07da71b0 JavaThread "Memory manager" [_thread_blocked, id=10336, stack(0x000000e3b8e00000,0x000000e3b8f00000)]

Other Threads:
  0x0000021a7f452fd0 VMThread "VM Thread" [stack: 0x000000e3b0500000,0x000000e3b0600000] [id=14028]
  0x0000021a66d6f3f0 WatcherThread [stack: 0x000000e3b1100000,0x000000e3b1200000] [id=9488]
  0x0000021a66d511e0 GCTaskThread "GC Thread#0" [stack: 0x000000e3b0000000,0x000000e3b0100000] [id=10908]
  0x0000021a04650810 GCTaskThread "GC Thread#1" [stack: 0x000000e3b1300000,0x000000e3b1400000] [id=5136]
  0x0000021a04653330 GCTaskThread "GC Thread#2" [stack: 0x000000e3b1400000,0x000000e3b1500000] [id=5344]
  0x0000021a046535e0 GCTaskThread "GC Thread#3" [stack: 0x000000e3b1500000,0x000000e3b1600000] [id=15000]
  0x0000021a04653890 GCTaskThread "GC Thread#4" [stack: 0x000000e3b1600000,0x000000e3b1700000] [id=9196]
  0x0000021a047cd020 GCTaskThread "GC Thread#5" [stack: 0x000000e3b1700000,0x000000e3b1800000] [id=15012]
  0x0000021a047a4800 GCTaskThread "GC Thread#6" [stack: 0x000000e3b2300000,0x000000e3b2400000] [id=12184]
  0x0000021a06fdae60 GCTaskThread "GC Thread#7" [stack: 0x000000e3b2400000,0x000000e3b2500000] [id=4104]
  0x0000021a66d63040 ConcurrentGCThread "G1 Main Marker" [stack: 0x000000e3b0100000,0x000000e3b0200000] [id=276]
  0x0000021a66d64520 ConcurrentGCThread "G1 Conc#0" [stack: 0x000000e3b0200000,0x000000e3b0300000] [id=9344]
  0x0000021a0609f8b0 ConcurrentGCThread "G1 Conc#1" [stack: 0x000000e3b2500000,0x000000e3b2600000] [id=11056]
  0x0000021a66dad8f0 ConcurrentGCThread "G1 Refine#0" [stack: 0x000000e3b0300000,0x000000e3b0400000] [id=3080]
  0x0000021a07aa6210 ConcurrentGCThread "G1 Refine#1" [stack: 0x000000e3b8d00000,0x000000e3b8e00000] [id=11048]
  0x0000021a66dae220 ConcurrentGCThread "G1 Service" [stack: 0x000000e3b0400000,0x000000e3b0500000] [id=9704]

Threads with active compile tasks:
C2 CompilerThread0     4977 7697   !   4       java.net.URLClassLoader::findClass (47 bytes)
C2 CompilerThread1     4977 7710       4       org.gradle.internal.instantiation.generator.AbstractClassGenerator::inspectType (560 bytes)
C2 CompilerThread2     4977 7850       4       com.google.common.collect.ImmutableSet$RegularSetBuilderImpl::add (68 bytes)

VM state: not at safepoint (normal execution)

VM Mutex/Monitor currently owned by a thread: None

Heap address: 0x0000000080000000, size: 2048 MB, Compressed Oops mode: 32-bit

CDS archive(s) not mapped
Compressed class space mapped at: 0x0000000100000000-0x0000000140000000, reserved size: 1073741824
Narrow klass base: 0x0000000000000000, Narrow klass shift: 3, Narrow klass range: 0x140000000

GC Precious Log:
 CPUs: 8 total, 8 available
 Memory: 16303M
 Large Page Support: Disabled
 NUMA Support: Disabled
 Compressed Oops: Enabled (32-bit)
 Heap Region Size: 1M
 Heap Min Capacity: 8M
 Heap Initial Capacity: 256M
 Heap Max Capacity: 2G
 Pre-touch: Disabled
 Parallel Workers: 8
 Concurrent Workers: 2
 Concurrent Refinement Workers: 8
 Periodic GC: Disabled

Heap:
 garbage-first heap   total 223232K, used 102378K [0x0000000080000000, 0x0000000100000000)
  region size 1024K, 41 young (41984K), 6 survivors (6144K)
 Metaspace       used 78884K, committed 79488K, reserved 1122304K
  class space    used 10559K, committed 10816K, reserved 1048576K

Heap Regions: E=young(eden), S=young(survivor), O=old, HS=humongous(starts), HC=humongous(continues), CS=collection set, F=free, OA=open archive, CA=closed archive, TAMS=top-at-mark-start (previous, next)
|   0|0x0000000080000000, 0x0000000080100000, 0x0000000080100000|100%|HS|  |TAMS 0x0000000080100000, 0x0000000080000000| Complete 
|   1|0x0000000080100000, 0x0000000080200000, 0x0000000080200000|100%|HC|  |TAMS 0x0000000080200000, 0x0000000080100000| Complete 
|   2|0x0000000080200000, 0x0000000080300000, 0x0000000080300000|100%|HC|  |TAMS 0x0000000080300000, 0x0000000080200000| Complete 
|   3|0x0000000080300000, 0x0000000080400000, 0x0000000080400000|100%|HC|  |TAMS 0x0000000080400000, 0x0000000080300000| Complete 
|   4|0x0000000080400000, 0x0000000080500000, 0x0000000080500000|100%| O|  |TAMS 0x0000000080500000, 0x0000000080400000| Untracked 
|   5|0x0000000080500000, 0x0000000080600000, 0x0000000080600000|100%| O|  |TAMS 0x0000000080600000, 0x0000000080500000| Untracked 
|   6|0x0000000080600000, 0x0000000080700000, 0x0000000080700000|100%| O|  |TAMS 0x0000000080700000, 0x0000000080600000| Untracked 
|   7|0x0000000080700000, 0x0000000080800000, 0x0000000080800000|100%| O|  |TAMS 0x0000000080800000, 0x0000000080700000| Untracked 
|   8|0x0000000080800000, 0x0000000080900000, 0x0000000080900000|100%| O|  |TAMS 0x0000000080900000, 0x0000000080800000| Untracked 
|   9|0x0000000080900000, 0x0000000080a00000, 0x0000000080a00000|100%| O|  |TAMS 0x0000000080a00000, 0x0000000080900000| Untracked 
|  10|0x0000000080a00000, 0x0000000080af9000, 0x0000000080b00000| 97%| O|  |TAMS 0x0000000080af9000, 0x0000000080a00000| Untracked 
|  11|0x0000000080b00000, 0x0000000080c00000, 0x0000000080c00000|100%| O|  |TAMS 0x0000000080c00000, 0x0000000080b00000| Untracked 
|  12|0x0000000080c00000, 0x0000000080d00000, 0x0000000080d00000|100%| O|  |TAMS 0x0000000080d00000, 0x0000000080c00000| Untracked 
|  13|0x0000000080d00000, 0x0000000080e00000, 0x0000000080e00000|100%| O|  |TAMS 0x0000000080e00000, 0x0000000080d00000| Untracked 
|  14|0x0000000080e00000, 0x0000000080f00000, 0x0000000080f00000|100%| O|  |TAMS 0x0000000080f00000, 0x0000000080e00000| Untracked 
|  15|0x0000000080f00000, 0x0000000081000000, 0x0000000081000000|100%| O|  |TAMS 0x0000000081000000, 0x0000000080f00000| Untracked 
|  16|0x0000000081000000, 0x0000000081100000, 0x0000000081100000|100%| O|  |TAMS 0x0000000081100000, 0x0000000081000000| Untracked 
|  17|0x0000000081100000, 0x0000000081200000, 0x0000000081200000|100%| O|  |TAMS 0x0000000081200000, 0x0000000081100000| Untracked 
|  18|0x0000000081200000, 0x0000000081300000, 0x0000000081300000|100%| O|  |TAMS 0x0000000081300000, 0x0000000081200000| Untracked 
|  19|0x0000000081300000, 0x0000000081400000, 0x0000000081400000|100%| O|  |TAMS 0x0000000081400000, 0x0000000081300000| Untracked 
|  20|0x0000000081400000, 0x0000000081500000, 0x0000000081500000|100%|HS|  |TAMS 0x0000000081500000, 0x0000000081400000| Complete 
|  21|0x0000000081500000, 0x0000000081600000, 0x0000000081600000|100%| O|  |TAMS 0x0000000081600000, 0x0000000081500000| Untracked 
|  22|0x0000000081600000, 0x0000000081700000, 0x0000000081700000|100%| O|  |TAMS 0x0000000081700000, 0x0000000081600000| Untracked 
|  23|0x0000000081700000, 0x0000000081800000, 0x0000000081800000|100%| O|  |TAMS 0x0000000081800000, 0x0000000081700000| Untracked 
|  24|0x0000000081800000, 0x0000000081900000, 0x0000000081900000|100%| O|  |TAMS 0x0000000081900000, 0x0000000081800000| Untracked 
|  25|0x0000000081900000, 0x0000000081a00000, 0x0000000081a00000|100%| O|  |TAMS 0x0000000081a00000, 0x0000000081900000| Untracked 
|  26|0x0000000081a00000, 0x0000000081b00000, 0x0000000081b00000|100%| O|  |TAMS 0x0000000081b00000, 0x0000000081a00000| Untracked 
|  27|0x0000000081b00000, 0x0000000081c00000, 0x0000000081c00000|100%| O|  |TAMS 0x0000000081c00000, 0x0000000081b00000| Untracked 
|  28|0x0000000081c00000, 0x0000000081d00000, 0x0000000081d00000|100%|HS|  |TAMS 0x0000000081d00000, 0x0000000081c00000| Complete 
|  29|0x0000000081d00000, 0x0000000081e00000, 0x0000000081e00000|100%|HS|  |TAMS 0x0000000081e00000, 0x0000000081d00000| Complete 
|  30|0x0000000081e00000, 0x0000000081f00000, 0x0000000081f00000|100%|HC|  |TAMS 0x0000000081f00000, 0x0000000081e00000| Complete 
|  31|0x0000000081f00000, 0x0000000082000000, 0x0000000082000000|100%|HS|  |TAMS 0x0000000082000000, 0x0000000081f00000| Complete 
|  32|0x0000000082000000, 0x0000000082100000, 0x0000000082100000|100%|HS|  |TAMS 0x0000000082100000, 0x0000000082000000| Complete 
|  33|0x0000000082100000, 0x0000000082200000, 0x0000000082200000|100%|HC|  |TAMS 0x0000000082200000, 0x0000000082100000| Complete 
|  34|0x0000000082200000, 0x0000000082300000, 0x0000000082300000|100%|HC|  |TAMS 0x0000000082300000, 0x0000000082200000| Complete 
|  35|0x0000000082300000, 0x0000000082400000, 0x0000000082400000|100%|HC|  |TAMS 0x0000000082400000, 0x0000000082300000| Complete 
|  36|0x0000000082400000, 0x0000000082500000, 0x0000000082500000|100%| O|  |TAMS 0x0000000082500000, 0x0000000082400000| Untracked 
|  37|0x0000000082500000, 0x0000000082600000, 0x0000000082600000|100%| O|  |TAMS 0x0000000082600000, 0x0000000082500000| Untracked 
|  38|0x0000000082600000, 0x0000000082700000, 0x0000000082700000|100%| O|  |TAMS 0x0000000082700000, 0x0000000082600000| Untracked 
|  39|0x0000000082700000, 0x0000000082800000, 0x0000000082800000|100%| O|  |TAMS 0x0000000082800000, 0x0000000082700000| Untracked 
|  40|0x0000000082800000, 0x0000000082900000, 0x0000000082900000|100%| O|  |TAMS 0x0000000082900000, 0x0000000082800000| Untracked 
|  41|0x0000000082900000, 0x0000000082a00000, 0x0000000082a00000|100%| O|  |TAMS 0x0000000082a00000, 0x0000000082900000| Untracked 
|  42|0x0000000082a00000, 0x0000000082b00000, 0x0000000082b00000|100%| O|  |TAMS 0x0000000082b00000, 0x0000000082a00000| Untracked 
|  43|0x0000000082b00000, 0x0000000082c00000, 0x0000000082c00000|100%| O|  |TAMS 0x0000000082c00000, 0x0000000082b00000| Untracked 
|  44|0x0000000082c00000, 0x0000000082d00000, 0x0000000082d00000|100%| O|  |TAMS 0x0000000082d00000, 0x0000000082c00000| Untracked 
|  45|0x0000000082d00000, 0x0000000082e00000, 0x0000000082e00000|100%| O|  |TAMS 0x0000000082e00000, 0x0000000082d00000| Untracked 
|  46|0x0000000082e00000, 0x0000000082f00000, 0x0000000082f00000|100%| O|  |TAMS 0x0000000082f00000, 0x0000000082e00000| Untracked 
|  47|0x0000000082f00000, 0x0000000083000000, 0x0000000083000000|100%| O|  |TAMS 0x0000000082f00000, 0x0000000082f00000| Untracked 
|  48|0x0000000083000000, 0x0000000083100000, 0x0000000083100000|100%| O|  |TAMS 0x0000000083000000, 0x0000000083000000| Untracked 
|  49|0x0000000083100000, 0x0000000083200000, 0x0000000083200000|100%| O|  |TAMS 0x0000000083200000, 0x0000000083100000| Untracked 
|  50|0x0000000083200000, 0x0000000083300000, 0x0000000083300000|100%| O|  |TAMS 0x0000000083300000, 0x0000000083200000| Untracked 
|  51|0x0000000083300000, 0x0000000083400000, 0x0000000083400000|100%| O|  |TAMS 0x0000000083400000, 0x0000000083300000| Untracked 
|  52|0x0000000083400000, 0x0000000083500000, 0x0000000083500000|100%| O|  |TAMS 0x0000000083500000, 0x0000000083400000| Untracked 
|  53|0x0000000083500000, 0x0000000083600000, 0x0000000083600000|100%| O|  |TAMS 0x0000000083600000, 0x0000000083500000| Untracked 
|  54|0x0000000083600000, 0x0000000083627c00, 0x0000000083700000| 15%| O|  |TAMS 0x0000000083600000, 0x0000000083600000| Untracked 
|  55|0x0000000083700000, 0x0000000083800000, 0x0000000083800000|100%|HS|  |TAMS 0x0000000083700000, 0x0000000083700000| Complete 
|  56|0x0000000083800000, 0x0000000083900000, 0x0000000083900000|100%| O|  |TAMS 0x0000000083900000, 0x0000000083800000| Untracked 
|  57|0x0000000083900000, 0x0000000083a00000, 0x0000000083a00000|100%| O|  |TAMS 0x0000000083a00000, 0x0000000083900000| Untracked 
|  58|0x0000000083a00000, 0x0000000083b00000, 0x0000000083b00000|100%| O|  |TAMS 0x0000000083b00000, 0x0000000083a00000| Untracked 
|  59|0x0000000083b00000, 0x0000000083c00000, 0x0000000083c00000|100%| O|  |TAMS 0x0000000083c00000, 0x0000000083b00000| Untracked 
|  60|0x0000000083c00000, 0x0000000083d00000, 0x0000000083d00000|100%| O|  |TAMS 0x0000000083c20e00, 0x0000000083c00000| Untracked 
|  61|0x0000000083d00000, 0x0000000083d00000, 0x0000000083e00000|  0%| F|  |TAMS 0x0000000083d00000, 0x0000000083d00000| Untracked 
|  62|0x0000000083e00000, 0x0000000083e00000, 0x0000000083f00000|  0%| F|  |TAMS 0x0000000083e00000, 0x0000000083e00000| Untracked 
|  63|0x0000000083f00000, 0x0000000083f00000, 0x0000000084000000|  0%| F|  |TAMS 0x0000000083f00000, 0x0000000083f00000| Untracked 
|  64|0x0000000084000000, 0x0000000084000000, 0x0000000084100000|  0%| F|  |TAMS 0x0000000084000000, 0x0000000084000000| Untracked 
|  65|0x0000000084100000, 0x0000000084100000, 0x0000000084200000|  0%| F|  |TAMS 0x0000000084100000, 0x0000000084100000| Untracked 
|  66|0x0000000084200000, 0x0000000084200000, 0x0000000084300000|  0%| F|  |TAMS 0x0000000084200000, 0x0000000084200000| Untracked 
|  67|0x0000000084300000, 0x0000000084300000, 0x0000000084400000|  0%| F|  |TAMS 0x0000000084300000, 0x0000000084300000| Untracked 
|  68|0x0000000084400000, 0x0000000084400000, 0x0000000084500000|  0%| F|  |TAMS 0x0000000084400000, 0x0000000084400000| Untracked 
|  69|0x0000000084500000, 0x0000000084500000, 0x0000000084600000|  0%| F|  |TAMS 0x0000000084500000, 0x0000000084500000| Untracked 
|  70|0x0000000084600000, 0x0000000084600000, 0x0000000084700000|  0%| F|  |TAMS 0x0000000084600000, 0x0000000084600000| Untracked 
|  71|0x0000000084700000, 0x0000000084700000, 0x0000000084800000|  0%| F|  |TAMS 0x0000000084700000, 0x0000000084700000| Untracked 
|  72|0x0000000084800000, 0x0000000084800000, 0x0000000084900000|  0%| F|  |TAMS 0x0000000084800000, 0x0000000084800000| Untracked 
|  73|0x0000000084900000, 0x0000000084900000, 0x0000000084a00000|  0%| F|  |TAMS 0x0000000084900000, 0x0000000084900000| Untracked 
|  74|0x0000000084a00000, 0x0000000084a00000, 0x0000000084b00000|  0%| F|  |TAMS 0x0000000084a00000, 0x0000000084a00000| Untracked 
|  75|0x0000000084b00000, 0x0000000084b00000, 0x0000000084c00000|  0%| F|  |TAMS 0x0000000084b00000, 0x0000000084b00000| Untracked 
|  76|0x0000000084c00000, 0x0000000084c00000, 0x0000000084d00000|  0%| F|  |TAMS 0x0000000084c00000, 0x0000000084c00000| Untracked 
|  77|0x0000000084d00000, 0x0000000084d00000, 0x0000000084e00000|  0%| F|  |TAMS 0x0000000084d00000, 0x0000000084d00000| Untracked 
|  78|0x0000000084e00000, 0x0000000084e00000, 0x0000000084f00000|  0%| F|  |TAMS 0x0000000084e00000, 0x0000000084e00000| Untracked 
|  79|0x0000000084f00000, 0x0000000084fd9c08, 0x0000000085000000| 85%| S|CS|TAMS 0x0000000084f00000, 0x0000000084f00000| Complete 
|  80|0x0000000085000000, 0x0000000085100000, 0x0000000085100000|100%| S|CS|TAMS 0x0000000085000000, 0x0000000085000000| Complete 
|  81|0x0000000085100000, 0x0000000085200000, 0x0000000085200000|100%| S|CS|TAMS 0x0000000085100000, 0x0000000085100000| Complete 
|  82|0x0000000085200000, 0x0000000085300000, 0x0000000085300000|100%| S|CS|TAMS 0x0000000085200000, 0x0000000085200000| Complete 
|  83|0x0000000085300000, 0x0000000085300000, 0x0000000085400000|  0%| F|  |TAMS 0x0000000085300000, 0x0000000085300000| Untracked 
|  84|0x0000000085400000, 0x0000000085400000, 0x0000000085500000|  0%| F|  |TAMS 0x0000000085400000, 0x0000000085400000| Untracked 
|  85|0x0000000085500000, 0x0000000085500000, 0x0000000085600000|  0%| F|  |TAMS 0x0000000085500000, 0x0000000085500000| Untracked 
|  86|0x0000000085600000, 0x0000000085600000, 0x0000000085700000|  0%| F|  |TAMS 0x0000000085600000, 0x0000000085600000| Untracked 
|  87|0x0000000085700000, 0x0000000085800000, 0x0000000085800000|100%| S|CS|TAMS 0x0000000085700000, 0x0000000085700000| Complete 
|  88|0x0000000085800000, 0x0000000085900000, 0x0000000085900000|100%| S|CS|TAMS 0x0000000085800000, 0x0000000085800000| Complete 
|  89|0x0000000085900000, 0x0000000085900000, 0x0000000085a00000|  0%| F|  |TAMS 0x0000000085900000, 0x0000000085900000| Untracked 
|  90|0x0000000085a00000, 0x0000000085a00000, 0x0000000085b00000|  0%| F|  |TAMS 0x0000000085a00000, 0x0000000085a00000| Untracked 
|  91|0x0000000085b00000, 0x0000000085b00000, 0x0000000085c00000|  0%| F|  |TAMS 0x0000000085b00000, 0x0000000085b00000| Untracked 
|  92|0x0000000085c00000, 0x0000000085c00000, 0x0000000085d00000|  0%| F|  |TAMS 0x0000000085c00000, 0x0000000085c00000| Untracked 
|  93|0x0000000085d00000, 0x0000000085d00000, 0x0000000085e00000|  0%| F|  |TAMS 0x0000000085d00000, 0x0000000085d00000| Untracked 
|  94|0x0000000085e00000, 0x0000000085e00000, 0x0000000085f00000|  0%| F|  |TAMS 0x0000000085e00000, 0x0000000085e00000| Untracked 
|  95|0x0000000085f00000, 0x0000000085f00000, 0x0000000086000000|  0%| F|  |TAMS 0x0000000085f00000, 0x0000000085f00000| Untracked 
|  96|0x0000000086000000, 0x0000000086000000, 0x0000000086100000|  0%| F|  |TAMS 0x0000000086000000, 0x0000000086000000| Untracked 
|  97|0x0000000086100000, 0x0000000086100000, 0x0000000086200000|  0%| F|  |TAMS 0x0000000086100000, 0x0000000086100000| Untracked 
|  98|0x0000000086200000, 0x0000000086200000, 0x0000000086300000|  0%| F|  |TAMS 0x0000000086200000, 0x0000000086200000| Untracked 
|  99|0x0000000086300000, 0x0000000086300000, 0x0000000086400000|  0%| F|  |TAMS 0x0000000086300000, 0x0000000086300000| Untracked 
| 100|0x0000000086400000, 0x0000000086400000, 0x0000000086500000|  0%| F|  |TAMS 0x0000000086400000, 0x0000000086400000| Untracked 
| 101|0x0000000086500000, 0x0000000086500000, 0x0000000086600000|  0%| F|  |TAMS 0x0000000086500000, 0x0000000086500000| Untracked 
| 102|0x0000000086600000, 0x0000000086600000, 0x0000000086700000|  0%| F|  |TAMS 0x0000000086600000, 0x0000000086600000| Untracked 
| 103|0x0000000086700000, 0x0000000086700000, 0x0000000086800000|  0%| F|  |TAMS 0x0000000086700000, 0x0000000086700000| Untracked 
| 104|0x0000000086800000, 0x0000000086800000, 0x0000000086900000|  0%| F|  |TAMS 0x0000000086800000, 0x0000000086800000| Untracked 
| 105|0x0000000086900000, 0x0000000086900000, 0x0000000086a00000|  0%| F|  |TAMS 0x0000000086900000, 0x0000000086900000| Untracked 
| 106|0x0000000086a00000, 0x0000000086a00000, 0x0000000086b00000|  0%| F|  |TAMS 0x0000000086a00000, 0x0000000086a00000| Untracked 
| 107|0x0000000086b00000, 0x0000000086b00000, 0x0000000086c00000|  0%| F|  |TAMS 0x0000000086b00000, 0x0000000086b00000| Untracked 
| 108|0x0000000086c00000, 0x0000000086c00000, 0x0000000086d00000|  0%| F|  |TAMS 0x0000000086c00000, 0x0000000086c00000| Untracked 
| 109|0x0000000086d00000, 0x0000000086d00000, 0x0000000086e00000|  0%| F|  |TAMS 0x0000000086d00000, 0x0000000086d00000| Untracked 
| 110|0x0000000086e00000, 0x0000000086e00000, 0x0000000086f00000|  0%| F|  |TAMS 0x0000000086e00000, 0x0000000086e00000| Untracked 
| 111|0x0000000086f00000, 0x0000000086f00000, 0x0000000087000000|  0%| F|  |TAMS 0x0000000086f00000, 0x0000000086f00000| Untracked 
| 112|0x0000000087000000, 0x0000000087000000, 0x0000000087100000|  0%| F|  |TAMS 0x0000000087000000, 0x0000000087000000| Untracked 
| 113|0x0000000087100000, 0x0000000087100000, 0x0000000087200000|  0%| F|  |TAMS 0x0000000087100000, 0x0000000087100000| Untracked 
| 114|0x0000000087200000, 0x0000000087200000, 0x0000000087300000|  0%| F|  |TAMS 0x0000000087200000, 0x0000000087200000| Untracked 
| 115|0x0000000087300000, 0x0000000087300000, 0x0000000087400000|  0%| F|  |TAMS 0x0000000087300000, 0x0000000087300000| Untracked 
| 116|0x0000000087400000, 0x0000000087400000, 0x0000000087500000|  0%| F|  |TAMS 0x0000000087400000, 0x0000000087400000| Untracked 
| 117|0x0000000087500000, 0x0000000087500000, 0x0000000087600000|  0%| F|  |TAMS 0x0000000087500000, 0x0000000087500000| Untracked 
| 118|0x0000000087600000, 0x0000000087600000, 0x0000000087700000|  0%| F|  |TAMS 0x0000000087600000, 0x0000000087600000| Untracked 
| 119|0x0000000087700000, 0x0000000087700000, 0x0000000087800000|  0%| F|  |TAMS 0x0000000087700000, 0x0000000087700000| Untracked 
| 120|0x0000000087800000, 0x0000000087800000, 0x0000000087900000|  0%| F|  |TAMS 0x0000000087800000, 0x0000000087800000| Untracked 
| 121|0x0000000087900000, 0x0000000087900000, 0x0000000087a00000|  0%| F|  |TAMS 0x0000000087900000, 0x0000000087900000| Untracked 
| 122|0x0000000087a00000, 0x0000000087a00000, 0x0000000087b00000|  0%| F|  |TAMS 0x0000000087a00000, 0x0000000087a00000| Untracked 
| 123|0x0000000087b00000, 0x0000000087b00000, 0x0000000087c00000|  0%| F|  |TAMS 0x0000000087b00000, 0x0000000087b00000| Untracked 
| 124|0x0000000087c00000, 0x0000000087c00000, 0x0000000087d00000|  0%| F|  |TAMS 0x0000000087c00000, 0x0000000087c00000| Untracked 
| 125|0x0000000087d00000, 0x0000000087d00000, 0x0000000087e00000|  0%| F|  |TAMS 0x0000000087d00000, 0x0000000087d00000| Untracked 
| 126|0x0000000087e00000, 0x0000000087e00000, 0x0000000087f00000|  0%| F|  |TAMS 0x0000000087e00000, 0x0000000087e00000| Untracked 
| 127|0x0000000087f00000, 0x0000000087f00000, 0x0000000088000000|  0%| F|  |TAMS 0x0000000087f00000, 0x0000000087f00000| Untracked 
| 128|0x0000000088000000, 0x0000000088000000, 0x0000000088100000|  0%| F|  |TAMS 0x0000000088000000, 0x0000000088000000| Untracked 
| 129|0x0000000088100000, 0x0000000088100000, 0x0000000088200000|  0%| F|  |TAMS 0x0000000088100000, 0x0000000088100000| Untracked 
| 130|0x0000000088200000, 0x0000000088200000, 0x0000000088300000|  0%| F|  |TAMS 0x0000000088200000, 0x0000000088200000| Untracked 
| 131|0x0000000088300000, 0x0000000088300000, 0x0000000088400000|  0%| F|  |TAMS 0x0000000088300000, 0x0000000088300000| Untracked 
| 132|0x0000000088400000, 0x0000000088400000, 0x0000000088500000|  0%| F|  |TAMS 0x0000000088400000, 0x0000000088400000| Untracked 
| 133|0x0000000088500000, 0x0000000088500000, 0x0000000088600000|  0%| F|  |TAMS 0x0000000088500000, 0x0000000088500000| Untracked 
| 134|0x0000000088600000, 0x0000000088600000, 0x0000000088700000|  0%| F|  |TAMS 0x0000000088600000, 0x0000000088600000| Untracked 
| 135|0x0000000088700000, 0x0000000088700000, 0x0000000088800000|  0%| F|  |TAMS 0x0000000088700000, 0x0000000088700000| Untracked 
| 136|0x0000000088800000, 0x0000000088800000, 0x0000000088900000|  0%| F|  |TAMS 0x0000000088800000, 0x0000000088800000| Untracked 
| 137|0x0000000088900000, 0x0000000088900000, 0x0000000088a00000|  0%| F|  |TAMS 0x0000000088900000, 0x0000000088900000| Untracked 
| 138|0x0000000088a00000, 0x0000000088a00000, 0x0000000088b00000|  0%| F|  |TAMS 0x0000000088a00000, 0x0000000088a00000| Untracked 
| 139|0x0000000088b00000, 0x0000000088b00000, 0x0000000088c00000|  0%| F|  |TAMS 0x0000000088b00000, 0x0000000088b00000| Untracked 
| 140|0x0000000088c00000, 0x0000000088c00000, 0x0000000088d00000|  0%| F|  |TAMS 0x0000000088c00000, 0x0000000088c00000| Untracked 
| 141|0x0000000088d00000, 0x0000000088d00000, 0x0000000088e00000|  0%| F|  |TAMS 0x0000000088d00000, 0x0000000088d00000| Untracked 
| 142|0x0000000088e00000, 0x0000000088e00000, 0x0000000088f00000|  0%| F|  |TAMS 0x0000000088e00000, 0x0000000088e00000| Untracked 
| 143|0x0000000088f00000, 0x0000000088f00000, 0x0000000089000000|  0%| F|  |TAMS 0x0000000088f00000, 0x0000000088f00000| Untracked 
| 144|0x0000000089000000, 0x0000000089000000, 0x0000000089100000|  0%| F|  |TAMS 0x0000000089000000, 0x0000000089000000| Untracked 
| 145|0x0000000089100000, 0x0000000089100000, 0x0000000089200000|  0%| F|  |TAMS 0x0000000089100000, 0x0000000089100000| Untracked 
| 146|0x0000000089200000, 0x0000000089200000, 0x0000000089300000|  0%| F|  |TAMS 0x0000000089200000, 0x0000000089200000| Untracked 
| 147|0x0000000089300000, 0x0000000089300000, 0x0000000089400000|  0%| F|  |TAMS 0x0000000089300000, 0x0000000089300000| Untracked 
| 148|0x0000000089400000, 0x0000000089400000, 0x0000000089500000|  0%| F|  |TAMS 0x0000000089400000, 0x0000000089400000| Untracked 
| 149|0x0000000089500000, 0x0000000089500000, 0x0000000089600000|  0%| F|  |TAMS 0x0000000089500000, 0x0000000089500000| Untracked 
| 150|0x0000000089600000, 0x0000000089600000, 0x0000000089700000|  0%| F|  |TAMS 0x0000000089600000, 0x0000000089600000| Untracked 
| 151|0x0000000089700000, 0x0000000089700000, 0x0000000089800000|  0%| F|  |TAMS 0x0000000089700000, 0x0000000089700000| Untracked 
| 152|0x0000000089800000, 0x0000000089800000, 0x0000000089900000|  0%| F|  |TAMS 0x0000000089800000, 0x0000000089800000| Untracked 
| 153|0x0000000089900000, 0x0000000089900000, 0x0000000089a00000|  0%| F|  |TAMS 0x0000000089900000, 0x0000000089900000| Untracked 
| 154|0x0000000089a00000, 0x0000000089a00000, 0x0000000089b00000|  0%| F|  |TAMS 0x0000000089a00000, 0x0000000089a00000| Untracked 
| 155|0x0000000089b00000, 0x0000000089b00000, 0x0000000089c00000|  0%| F|  |TAMS 0x0000000089b00000, 0x0000000089b00000| Untracked 
| 156|0x0000000089c00000, 0x0000000089c00000, 0x0000000089d00000|  0%| F|  |TAMS 0x0000000089c00000, 0x0000000089c00000| Untracked 
| 157|0x0000000089d00000, 0x0000000089d00000, 0x0000000089e00000|  0%| F|  |TAMS 0x0000000089d00000, 0x0000000089d00000| Untracked 
| 158|0x0000000089e00000, 0x0000000089e00000, 0x0000000089f00000|  0%| F|  |TAMS 0x0000000089e00000, 0x0000000089e00000| Untracked 
| 159|0x0000000089f00000, 0x0000000089f00000, 0x000000008a000000|  0%| F|  |TAMS 0x0000000089f00000, 0x0000000089f00000| Untracked 
| 160|0x000000008a000000, 0x000000008a000000, 0x000000008a100000|  0%| F|  |TAMS 0x000000008a000000, 0x000000008a000000| Untracked 
| 161|0x000000008a100000, 0x000000008a100000, 0x000000008a200000|  0%| F|  |TAMS 0x000000008a100000, 0x000000008a100000| Untracked 
| 162|0x000000008a200000, 0x000000008a200000, 0x000000008a300000|  0%| F|  |TAMS 0x000000008a200000, 0x000000008a200000| Untracked 
| 163|0x000000008a300000, 0x000000008a300000, 0x000000008a400000|  0%| F|  |TAMS 0x000000008a300000, 0x000000008a300000| Untracked 
| 164|0x000000008a400000, 0x000000008a400000, 0x000000008a500000|  0%| F|  |TAMS 0x000000008a400000, 0x000000008a400000| Untracked 
| 165|0x000000008a500000, 0x000000008a500000, 0x000000008a600000|  0%| F|  |TAMS 0x000000008a500000, 0x000000008a500000| Untracked 
| 166|0x000000008a600000, 0x000000008a600000, 0x000000008a700000|  0%| F|  |TAMS 0x000000008a600000, 0x000000008a600000| Untracked 
| 167|0x000000008a700000, 0x000000008a700000, 0x000000008a800000|  0%| F|  |TAMS 0x000000008a700000, 0x000000008a700000| Untracked 
| 168|0x000000008a800000, 0x000000008a800000, 0x000000008a900000|  0%| F|  |TAMS 0x000000008a800000, 0x000000008a800000| Untracked 
| 169|0x000000008a900000, 0x000000008a900000, 0x000000008aa00000|  0%| F|  |TAMS 0x000000008a900000, 0x000000008a900000| Untracked 
| 170|0x000000008aa00000, 0x000000008aa00000, 0x000000008ab00000|  0%| F|  |TAMS 0x000000008aa00000, 0x000000008aa00000| Untracked 
| 171|0x000000008ab00000, 0x000000008ab00000, 0x000000008ac00000|  0%| F|  |TAMS 0x000000008ab00000, 0x000000008ab00000| Untracked 
| 172|0x000000008ac00000, 0x000000008ac00000, 0x000000008ad00000|  0%| F|  |TAMS 0x000000008ac00000, 0x000000008ac00000| Untracked 
| 173|0x000000008ad00000, 0x000000008ad00000, 0x000000008ae00000|  0%| F|  |TAMS 0x000000008ad00000, 0x000000008ad00000| Untracked 
| 174|0x000000008ae00000, 0x000000008ae00000, 0x000000008af00000|  0%| F|  |TAMS 0x000000008ae00000, 0x000000008ae00000| Untracked 
| 175|0x000000008af00000, 0x000000008af00000, 0x000000008b000000|  0%| F|  |TAMS 0x000000008af00000, 0x000000008af00000| Untracked 
| 176|0x000000008b000000, 0x000000008b000000, 0x000000008b100000|  0%| F|  |TAMS 0x000000008b000000, 0x000000008b000000| Untracked 
| 177|0x000000008b100000, 0x000000008b100000, 0x000000008b200000|  0%| F|  |TAMS 0x000000008b100000, 0x000000008b100000| Untracked 
| 178|0x000000008b200000, 0x000000008b200000, 0x000000008b300000|  0%| F|  |TAMS 0x000000008b200000, 0x000000008b200000| Untracked 
| 179|0x000000008b300000, 0x000000008b300000, 0x000000008b400000|  0%| F|  |TAMS 0x000000008b300000, 0x000000008b300000| Untracked 
| 180|0x000000008b400000, 0x000000008b400000, 0x000000008b500000|  0%| F|  |TAMS 0x000000008b400000, 0x000000008b400000| Untracked 
| 181|0x000000008b500000, 0x000000008b500000, 0x000000008b600000|  0%| F|  |TAMS 0x000000008b500000, 0x000000008b500000| Untracked 
| 182|0x000000008b600000, 0x000000008b680800, 0x000000008b700000| 50%| E|  |TAMS 0x000000008b600000, 0x000000008b600000| Complete 
| 183|0x000000008b700000, 0x000000008b800000, 0x000000008b800000|100%| E|CS|TAMS 0x000000008b700000, 0x000000008b700000| Complete 
| 184|0x000000008b800000, 0x000000008b900000, 0x000000008b900000|100%| E|CS|TAMS 0x000000008b800000, 0x000000008b800000| Complete 
| 185|0x000000008b900000, 0x000000008ba00000, 0x000000008ba00000|100%| E|CS|TAMS 0x000000008b900000, 0x000000008b900000| Complete 
| 186|0x000000008ba00000, 0x000000008bb00000, 0x000000008bb00000|100%| E|CS|TAMS 0x000000008ba00000, 0x000000008ba00000| Complete 
| 187|0x000000008bb00000, 0x000000008bc00000, 0x000000008bc00000|100%| E|CS|TAMS 0x000000008bb00000, 0x000000008bb00000| Complete 
| 188|0x000000008bc00000, 0x000000008bd00000, 0x000000008bd00000|100%| E|CS|TAMS 0x000000008bc00000, 0x000000008bc00000| Complete 
| 189|0x000000008bd00000, 0x000000008be00000, 0x000000008be00000|100%| E|CS|TAMS 0x000000008bd00000, 0x000000008bd00000| Complete 
| 190|0x000000008be00000, 0x000000008bf00000, 0x000000008bf00000|100%| E|CS|TAMS 0x000000008be00000, 0x000000008be00000| Complete 
| 191|0x000000008bf00000, 0x000000008c000000, 0x000000008c000000|100%| E|CS|TAMS 0x000000008bf00000, 0x000000008bf00000| Complete 
| 192|0x000000008c000000, 0x000000008c100000, 0x000000008c100000|100%| E|CS|TAMS 0x000000008c000000, 0x000000008c000000| Complete 
| 193|0x000000008c100000, 0x000000008c200000, 0x000000008c200000|100%| E|CS|TAMS 0x000000008c100000, 0x000000008c100000| Complete 
| 194|0x000000008c200000, 0x000000008c300000, 0x000000008c300000|100%| E|CS|TAMS 0x000000008c200000, 0x000000008c200000| Complete 
| 195|0x000000008c300000, 0x000000008c400000, 0x000000008c400000|100%| E|CS|TAMS 0x000000008c300000, 0x000000008c300000| Complete 
| 196|0x000000008c400000, 0x000000008c500000, 0x000000008c500000|100%| E|CS|TAMS 0x000000008c400000, 0x000000008c400000| Complete 
| 197|0x000000008c500000, 0x000000008c600000, 0x000000008c600000|100%| E|CS|TAMS 0x000000008c500000, 0x000000008c500000| Complete 
| 198|0x000000008c600000, 0x000000008c700000, 0x000000008c700000|100%| E|CS|TAMS 0x000000008c600000, 0x000000008c600000| Complete 
| 199|0x000000008c700000, 0x000000008c800000, 0x000000008c800000|100%| E|CS|TAMS 0x000000008c700000, 0x000000008c700000| Complete 
| 200|0x000000008c800000, 0x000000008c900000, 0x000000008c900000|100%| E|CS|TAMS 0x000000008c800000, 0x000000008c800000| Complete 
| 201|0x000000008c900000, 0x000000008ca00000, 0x000000008ca00000|100%| E|CS|TAMS 0x000000008c900000, 0x000000008c900000| Complete 
| 202|0x000000008ca00000, 0x000000008cb00000, 0x000000008cb00000|100%| E|CS|TAMS 0x000000008ca00000, 0x000000008ca00000| Complete 
| 203|0x000000008cb00000, 0x000000008cc00000, 0x000000008cc00000|100%| E|CS|TAMS 0x000000008cb00000, 0x000000008cb00000| Complete 
| 204|0x000000008cc00000, 0x000000008cd00000, 0x000000008cd00000|100%| E|CS|TAMS 0x000000008cc00000, 0x000000008cc00000| Complete 
| 205|0x000000008cd00000, 0x000000008ce00000, 0x000000008ce00000|100%| E|CS|TAMS 0x000000008cd00000, 0x000000008cd00000| Complete 
| 206|0x000000008ce00000, 0x000000008cf00000, 0x000000008cf00000|100%| E|CS|TAMS 0x000000008ce00000, 0x000000008ce00000| Complete 
| 207|0x000000008cf00000, 0x000000008d000000, 0x000000008d000000|100%| E|CS|TAMS 0x000000008cf00000, 0x000000008cf00000| Complete 
| 208|0x000000008d000000, 0x000000008d100000, 0x000000008d100000|100%| E|CS|TAMS 0x000000008d000000, 0x000000008d000000| Complete 
| 209|0x000000008d100000, 0x000000008d200000, 0x000000008d200000|100%| E|CS|TAMS 0x000000008d100000, 0x000000008d100000| Complete 
| 210|0x000000008d200000, 0x000000008d300000, 0x000000008d300000|100%| E|CS|TAMS 0x000000008d200000, 0x000000008d200000| Complete 
| 211|0x000000008d300000, 0x000000008d400000, 0x000000008d400000|100%| E|CS|TAMS 0x000000008d300000, 0x000000008d300000| Complete 
| 212|0x000000008d400000, 0x000000008d500000, 0x000000008d500000|100%| E|CS|TAMS 0x000000008d400000, 0x000000008d400000| Complete 
| 213|0x000000008d500000, 0x000000008d600000, 0x000000008d600000|100%| E|CS|TAMS 0x000000008d500000, 0x000000008d500000| Complete 
| 214|0x000000008d600000, 0x000000008d700000, 0x000000008d700000|100%| E|CS|TAMS 0x000000008d600000, 0x000000008d600000| Complete 
| 215|0x000000008d700000, 0x000000008d800000, 0x000000008d800000|100%| E|CS|TAMS 0x000000008d700000, 0x000000008d700000| Complete 
| 216|0x000000008d800000, 0x000000008d900000, 0x000000008d900000|100%| E|CS|TAMS 0x000000008d800000, 0x000000008d800000| Complete 
| 255|0x000000008ff00000, 0x0000000090000000, 0x0000000090000000|100%| E|CS|TAMS 0x000000008ff00000, 0x000000008ff00000| Complete 

Card table byte_map: [0x0000021a7b810000,0x0000021a7bc10000] _byte_map_base: 0x0000021a7b410000

Marking Bits (Prev, Next): (CMBitMap*) 0x0000021a66d52750, (CMBitMap*) 0x0000021a66d52710
 Prev Bits: [0x0000021a00000000, 0x0000021a02000000)
 Next Bits: [0x0000021a7c010000, 0x0000021a7e010000)

Polling page: 0x0000021a66b50000

Metaspace:

Usage:
  Non-class:     66.77 MB used.
      Class:     10.33 MB used.
       Both:     77.10 MB used.

Virtual space:
  Non-class space:       72.00 MB reserved,      67.06 MB ( 93%) committed,  9 nodes.
      Class space:        1.00 GB reserved,      10.63 MB (  1%) committed,  1 nodes.
             Both:        1.07 GB reserved,      77.69 MB (  7%) committed. 

Chunk freelists:
   Non-Class:  656.00 KB
       Class:  1.36 MB
        Both:  2.00 MB

MaxMetaspaceSize: unlimited
CompressedClassSpaceSize: 1.00 GB
Initial GC threshold: 21.00 MB
Current GC threshold: 119.00 MB
CDS: off
MetaspaceReclaimPolicy: balanced
 - commit_granule_bytes: 65536.
 - commit_granule_words: 8192.
 - virtual_space_node_default_size: 1048576.
 - enlarge_chunks_in_place: 1.
 - new_chunks_are_fully_committed: 0.
 - uncommit_free_chunks: 1.
 - use_allocation_guard: 0.
 - handle_deallocations: 1.


Internal statistics:

num_allocs_failed_limit: 12.
num_arena_births: 766.
num_arena_deaths: 0.
num_vsnodes_births: 10.
num_vsnodes_deaths: 0.
num_space_committed: 1243.
num_space_uncommitted: 0.
num_chunks_returned_to_freelist: 12.
num_chunks_taken_from_freelist: 3435.
num_chunk_merges: 12.
num_chunk_splits: 2375.
num_chunks_enlarged: 1679.
num_purges: 0.
num_inconsistent_stats: 0.

CodeHeap 'non-profiled nmethods': size=120000Kb used=4313Kb max_used=4313Kb free=115686Kb
 bounds [0x0000021a73480000, 0x0000021a738c0000, 0x0000021a7a9b0000]
CodeHeap 'profiled nmethods': size=120000Kb used=13255Kb max_used=13255Kb free=106744Kb
 bounds [0x0000021a6b9b0000, 0x0000021a6c6b0000, 0x0000021a72ee0000]
CodeHeap 'non-nmethods': size=5760Kb used=2373Kb max_used=2449Kb free=3386Kb
 bounds [0x0000021a72ee0000, 0x0000021a73150000, 0x0000021a73480000]
 total_blobs=7920 nmethods=7017 adapters=815
 compilation: enabled
              stopped_count=0, restarted_count=0
 full_count=0

Compilation events (20 events):
Event: 4.911 Thread 0x0000021a7f4ce830 7823       3       java.util.regex.Pattern::Range (37 bytes)
Event: 4.911 Thread 0x0000021a7f4ce830 nmethod 7823 0x0000021a6c68df10 code [0x0000021a6c68e120, 0x0000021a6c68e798]
Event: 4.911 Thread 0x0000021a7f4ce830 7826       3       java.util.regex.Pattern$$Lambda$10/0x00000001000c7b20::<init> (15 bytes)
Event: 4.911 Thread 0x0000021a7f4ce830 nmethod 7826 0x0000021a6c68ea10 code [0x0000021a6c68eba0, 0x0000021a6c68ed18]
Event: 4.911 Thread 0x0000021a7f4ce830 7827       3       java.util.regex.Pattern$Dollar::<init> (10 bytes)
Event: 4.911 Thread 0x0000021a7f4ce830 nmethod 7827 0x0000021a6c68ee10 code [0x0000021a6c68efc0, 0x0000021a6c68f1f8]
Event: 4.911 Thread 0x0000021a7f4ce830 7824       3       java.util.regex.Pattern$BmpCharPredicate::union (23 bytes)
Event: 4.911 Thread 0x0000021a7f4ce830 nmethod 7824 0x0000021a6c68f310 code [0x0000021a6c68f520, 0x0000021a6c68fd18]
Event: 4.911 Thread 0x0000021a7f4ce830 7825       3       java.util.regex.Pattern$BmpCharPredicate$$Lambda$11/0x00000001000c8020::<init> (15 bytes)
Event: 4.911 Thread 0x0000021a7f4ce830 nmethod 7825 0x0000021a6c68ff90 code [0x0000021a6c690140, 0x0000021a6c690358]
Event: 4.911 Thread 0x0000021a7f4ce830 7828       1       com.android.tools.build.jetifier.processor.transform.TransformationContext::getVersions (5 bytes)
Event: 4.912 Thread 0x0000021a7f4ce830 nmethod 7828 0x0000021a738af190 code [0x0000021a738af320, 0x0000021a738af3f8]
Event: 4.916 Thread 0x0000021a7f4ce830 7829       3       org.gradle.api.internal.DefaultNamedDomainObjectCollection::hasWithName (32 bytes)
Event: 4.916 Thread 0x0000021a7f4ce830 nmethod 7829 0x0000021a6c690410 code [0x0000021a6c6905c0, 0x0000021a6c6908f8]
Event: 4.917 Thread 0x0000021a7f4ce830 7830       3       org.gradle.api.internal.project.DefaultProject::getIdentityPath (10 bytes)
Event: 4.917 Thread 0x0000021a7f4ce830 nmethod 7830 0x0000021a6c690a10 code [0x0000021a6c690ba0, 0x0000021a6c690d18]
Event: 4.922 Thread 0x0000021a7f4ce830 7832   !   3       java.util.concurrent.ConcurrentHashMap::computeIfAbsent (576 bytes)
Event: 4.924 Thread 0x0000021a7f4ce830 nmethod 7832 0x0000021a6c690e10 code [0x0000021a6c691220, 0x0000021a6c693558]
Event: 4.924 Thread 0x0000021a7f4ce830 7833       1       org.gradle.api.internal.DefaultNamedDomainObjectCollection$AbstractNamedDomainObjectProvider::getName (5 bytes)
Event: 4.924 Thread 0x0000021a7f4ce830 nmethod 7833 0x0000021a738af490 code [0x0000021a738af620, 0x0000021a738af6f8]

GC Heap History (20 events):
Event: 2.184 GC heap before
{Heap before GC invocations=11 (full 0):
 garbage-first heap   total 128000K, used 29710K [0x0000000080000000, 0x0000000100000000)
  region size 1024K, 6 young (6144K), 4 survivors (4096K)
 Metaspace       used 40356K, committed 40704K, reserved 1089536K
  class space    used 5358K, committed 5504K, reserved 1048576K
}
Event: 2.186 GC heap after
{Heap after GC invocations=12 (full 0):
 garbage-first heap   total 128000K, used 27508K [0x0000000080000000, 0x0000000100000000)
  region size 1024K, 1 young (1024K), 1 survivors (1024K)
 Metaspace       used 40356K, committed 40704K, reserved 1089536K
  class space    used 5358K, committed 5504K, reserved 1048576K
}
Event: 2.674 GC heap before
{Heap before GC invocations=12 (full 0):
 garbage-first heap   total 128000K, used 95092K [0x0000000080000000, 0x0000000100000000)
  region size 1024K, 64 young (65536K), 1 survivors (1024K)
 Metaspace       used 47986K, committed 48448K, reserved 1097728K
  class space    used 6373K, committed 6592K, reserved 1048576K
}
Event: 2.677 GC heap after
{Heap after GC invocations=13 (full 0):
 garbage-first heap   total 128000K, used 31896K [0x0000000080000000, 0x0000000100000000)
  region size 1024K, 5 young (5120K), 5 survivors (5120K)
 Metaspace       used 47986K, committed 48448K, reserved 1097728K
  class space    used 6373K, committed 6592K, reserved 1048576K
}
Event: 3.149 GC heap before
{Heap before GC invocations=13 (full 0):
 garbage-first heap   total 128000K, used 94360K [0x0000000080000000, 0x0000000100000000)
  region size 1024K, 67 young (68608K), 5 survivors (5120K)
 Metaspace       used 53015K, committed 53504K, reserved 1097728K
  class space    used 7092K, committed 7296K, reserved 1048576K
}
Event: 3.152 GC heap after
{Heap after GC invocations=14 (full 0):
 garbage-first heap   total 128000K, used 36123K [0x0000000080000000, 0x0000000100000000)
  region size 1024K, 9 young (9216K), 9 survivors (9216K)
 Metaspace       used 53015K, committed 53504K, reserved 1097728K
  class space    used 7092K, committed 7296K, reserved 1048576K
}
Event: 3.571 GC heap before
{Heap before GC invocations=14 (full 0):
 garbage-first heap   total 128000K, used 106779K [0x0000000080000000, 0x0000000100000000)
  region size 1024K, 69 young (70656K), 9 survivors (9216K)
 Metaspace       used 59517K, committed 60032K, reserved 1105920K
  class space    used 7897K, committed 8128K, reserved 1048576K
}
Event: 3.575 GC heap after
{Heap after GC invocations=15 (full 0):
 garbage-first heap   total 128000K, used 52598K [0x0000000080000000, 0x0000000100000000)
  region size 1024K, 9 young (9216K), 9 survivors (9216K)
 Metaspace       used 59517K, committed 60032K, reserved 1105920K
  class space    used 7897K, committed 8128K, reserved 1048576K
}
Event: 3.626 GC heap before
{Heap before GC invocations=15 (full 0):
 garbage-first heap   total 128000K, used 56694K [0x0000000080000000, 0x0000000100000000)
  region size 1024K, 14 young (14336K), 9 survivors (9216K)
 Metaspace       used 59931K, committed 60416K, reserved 1105920K
  class space    used 7947K, committed 8192K, reserved 1048576K
}
Event: 3.629 GC heap after
{Heap after GC invocations=16 (full 0):
 garbage-first heap   total 128000K, used 53838K [0x0000000080000000, 0x0000000100000000)
  region size 1024K, 1 young (1024K), 1 survivors (1024K)
 Metaspace       used 59931K, committed 60416K, reserved 1105920K
  class space    used 7947K, committed 8192K, reserved 1048576K
}
Event: 3.866 GC heap before
{Heap before GC invocations=17 (full 0):
 garbage-first heap   total 128000K, used 86606K [0x0000000080000000, 0x0000000100000000)
  region size 1024K, 30 young (30720K), 1 survivors (1024K)
 Metaspace       used 63999K, committed 64576K, reserved 1105920K
  class space    used 8510K, committed 8768K, reserved 1048576K
}
Event: 3.868 GC heap after
{Heap after GC invocations=18 (full 0):
 garbage-first heap   total 128000K, used 61202K [0x0000000080000000, 0x0000000100000000)
  region size 1024K, 6 young (6144K), 6 survivors (6144K)
 Metaspace       used 63999K, committed 64576K, reserved 1105920K
  class space    used 8510K, committed 8768K, reserved 1048576K
}
Event: 3.869 GC heap before
{Heap before GC invocations=18 (full 0):
 garbage-first heap   total 128000K, used 62226K [0x0000000080000000, 0x0000000100000000)
  region size 1024K, 7 young (7168K), 6 survivors (6144K)
 Metaspace       used 63999K, committed 64576K, reserved 1105920K
  class space    used 8510K, committed 8768K, reserved 1048576K
}
Event: 3.871 GC heap after
{Heap after GC invocations=19 (full 0):
 garbage-first heap   total 128000K, used 61732K [0x0000000080000000, 0x0000000100000000)
  region size 1024K, 1 young (1024K), 1 survivors (1024K)
 Metaspace       used 63999K, committed 64576K, reserved 1105920K
  class space    used 8510K, committed 8768K, reserved 1048576K
}
Event: 4.165 GC heap before
{Heap before GC invocations=20 (full 0):
 garbage-first heap   total 128000K, used 104740K [0x0000000080000000, 0x0000000100000000)
  region size 1024K, 42 young (43008K), 1 survivors (1024K)
 Metaspace       used 67935K, committed 68480K, reserved 1114112K
  class space    used 9027K, committed 9280K, reserved 1048576K
}
Event: 4.168 GC heap after
{Heap after GC invocations=21 (full 0):
 garbage-first heap   total 128000K, used 64709K [0x0000000080000000, 0x0000000100000000)
  region size 1024K, 4 young (4096K), 4 survivors (4096K)
 Metaspace       used 67935K, committed 68480K, reserved 1114112K
  class space    used 9027K, committed 9280K, reserved 1048576K
}
Event: 4.462 GC heap before
{Heap before GC invocations=21 (full 0):
 garbage-first heap   total 128000K, used 103621K [0x0000000080000000, 0x0000000100000000)
  region size 1024K, 42 young (43008K), 4 survivors (4096K)
 Metaspace       used 72011K, committed 72576K, reserved 1114112K
  class space    used 9578K, committed 9856K, reserved 1048576K
}
Event: 4.465 GC heap after
{Heap after GC invocations=22 (full 0):
 garbage-first heap   total 128000K, used 67687K [0x0000000080000000, 0x0000000100000000)
  region size 1024K, 6 young (6144K), 6 survivors (6144K)
 Metaspace       used 72011K, committed 72576K, reserved 1114112K
  class space    used 9578K, committed 9856K, reserved 1048576K
}
Event: 4.700 GC heap before
{Heap before GC invocations=23 (full 0):
 garbage-first heap   total 128000K, used 100455K [0x0000000080000000, 0x0000000100000000)
  region size 1024K, 42 young (43008K), 6 survivors (6144K)
 Metaspace       used 75326K, committed 75904K, reserved 1122304K
  class space    used 10001K, committed 10304K, reserved 1048576K
}
Event: 4.704 GC heap after
{Heap after GC invocations=24 (full 0):
 garbage-first heap   total 223232K, used 66538K [0x0000000080000000, 0x0000000100000000)
  region size 1024K, 6 young (6144K), 6 survivors (6144K)
 Metaspace       used 75326K, committed 75904K, reserved 1122304K
  class space    used 10001K, committed 10304K, reserved 1048576K
}

Dll operation events (2 events):
Event: 0.003 Loaded shared library C:\Program Files\Android\Android Studio\jbr\bin\java.dll
Event: 0.239 Loaded shared library C:\Program Files\Android\Android Studio\jbr\bin\verify.dll

Deoptimization events (20 events):
Event: 4.902 Thread 0x0000021a66ce4130 Uncommon trap: trap_request=0xffffff45 fr.pc=0x0000021a73489038 relative=0x0000000000000038
Event: 4.902 Thread 0x0000021a66ce4130 Uncommon trap: reason=unstable_if action=reinterpret pc=0x0000021a73489038 method=java.lang.StringLatin1.canEncode(I)Z @ 4 c2
Event: 4.902 Thread 0x0000021a66ce4130 DEOPT PACKING pc=0x0000021a73489038 sp=0x000000e3b1ff7540
Event: 4.902 Thread 0x0000021a66ce4130 DEOPT UNPACKING pc=0x0000021a72f369a3 sp=0x000000e3b1ff74d0 mode 2
Event: 4.902 Thread 0x0000021a66ce4130 Uncommon trap: trap_request=0xffffff45 fr.pc=0x0000021a734d1cd0 relative=0x0000000000000510
Event: 4.902 Thread 0x0000021a66ce4130 Uncommon trap: reason=unstable_if action=reinterpret pc=0x0000021a734d1cd0 method=java.lang.AbstractStringBuilder.putStringAt(ILjava/lang/String;II)V @ 8 c2
Event: 4.902 Thread 0x0000021a66ce4130 DEOPT PACKING pc=0x0000021a734d1cd0 sp=0x000000e3b1ff7660
Event: 4.902 Thread 0x0000021a66ce4130 DEOPT UNPACKING pc=0x0000021a72f369a3 sp=0x000000e3b1ff7540 mode 2
Event: 4.902 Thread 0x0000021a66ce4130 Uncommon trap: trap_request=0xffffff45 fr.pc=0x0000021a734b7c94 relative=0x0000000000000114
Event: 4.902 Thread 0x0000021a66ce4130 Uncommon trap: reason=unstable_if action=reinterpret pc=0x0000021a734b7c94 method=java.lang.String.getBytes([BIIBI)V @ 6 c2
Event: 4.902 Thread 0x0000021a66ce4130 DEOPT PACKING pc=0x0000021a734b7c94 sp=0x000000e3b1ff74e0
Event: 4.902 Thread 0x0000021a66ce4130 DEOPT UNPACKING pc=0x0000021a72f369a3 sp=0x000000e3b1ff74a8 mode 2
Event: 4.902 Thread 0x0000021a66ce4130 Uncommon trap: trap_request=0xffffff45 fr.pc=0x0000021a734b77d4 relative=0x0000000000000134
Event: 4.902 Thread 0x0000021a66ce4130 Uncommon trap: reason=unstable_if action=reinterpret pc=0x0000021a734b77d4 method=java.lang.AbstractStringBuilder.putStringAt(ILjava/lang/String;II)V @ 8 c2
Event: 4.902 Thread 0x0000021a66ce4130 DEOPT PACKING pc=0x0000021a734b77d4 sp=0x000000e3b1ff75e0
Event: 4.902 Thread 0x0000021a66ce4130 DEOPT UNPACKING pc=0x0000021a72f369a3 sp=0x000000e3b1ff7528 mode 2
Event: 4.915 Thread 0x0000021a66ce4130 Uncommon trap: trap_request=0xffffff45 fr.pc=0x0000021a735cb01c relative=0x0000000000001abc
Event: 4.915 Thread 0x0000021a66ce4130 Uncommon trap: reason=unstable_if action=reinterpret pc=0x0000021a735cb01c method=java.util.concurrent.ConcurrentHashMap.computeIfAbsent(Ljava/lang/Object;Ljava/util/function/Function;)Ljava/lang/Object; @ 364 c2
Event: 4.915 Thread 0x0000021a66ce4130 DEOPT PACKING pc=0x0000021a735cb01c sp=0x000000e3b1ff8a10
Event: 4.915 Thread 0x0000021a66ce4130 DEOPT UNPACKING pc=0x0000021a72f369a3 sp=0x000000e3b1ff8998 mode 2

Classes unloaded (0 events):
No events

Classes redefined (0 events):
No events

Internal exceptions (20 events):
Event: 4.263 Thread 0x0000021a66ce4130 Exception <a 'java/lang/ClassNotFoundException'{0x0000000087051ec8}: org/gradle/api/plugins/internal/DefaultBasePluginConventionCustomizer> (0x0000000087051ec8) 
thrown [s\src\hotspot\share\classfile\systemDictionary.cpp, line 256]
Event: 4.263 Thread 0x0000021a66ce4130 Exception <a 'java/lang/ClassNotFoundException'{0x000000008707aaf8}: org/gradle/api/plugins/internal/DefaultBasePluginConvention_DecoratedCustomizer> (0x000000008707aaf8) 
thrown [s\src\hotspot\share\classfile\systemDictionary.cpp, line 256]
Event: 4.266 Thread 0x0000021a66ce4130 Exception <a 'java/lang/ClassNotFoundException'{0x00000000870f2e70}: org/gradle/api/plugins/internal/DefaultJavaPluginConvention_DecoratedBeanInfo> (0x00000000870f2e70) 
thrown [s\src\hotspot\share\classfile\systemDictionary.cpp, line 256]
Event: 4.267 Thread 0x0000021a66ce4130 Exception <a 'java/lang/ClassNotFoundException'{0x0000000086f09ad8}: org/gradle/api/plugins/internal/DefaultJavaPluginConventionBeanInfo> (0x0000000086f09ad8) 
thrown [s\src\hotspot\share\classfile\systemDictionary.cpp, line 256]
Event: 4.267 Thread 0x0000021a66ce4130 Exception <a 'java/lang/ClassNotFoundException'{0x0000000086f1fb08}: org/gradle/api/plugins/JavaPluginConventionBeanInfo> (0x0000000086f1fb08) 
thrown [s\src\hotspot\share\classfile\systemDictionary.cpp, line 256]
Event: 4.267 Thread 0x0000021a66ce4130 Exception <a 'java/lang/ClassNotFoundException'{0x0000000086f35b00}: org/gradle/api/plugins/JavaPluginConventionCustomizer> (0x0000000086f35b00) 
thrown [s\src\hotspot\share\classfile\systemDictionary.cpp, line 256]
Event: 4.268 Thread 0x0000021a66ce4130 Exception <a 'java/lang/ClassNotFoundException'{0x0000000086f5ff88}: org/gradle/api/plugins/internal/DefaultJavaPluginConventionCustomizer> (0x0000000086f5ff88) 
thrown [s\src\hotspot\share\classfile\systemDictionary.cpp, line 256]
Event: 4.269 Thread 0x0000021a66ce4130 Exception <a 'java/lang/ClassNotFoundException'{0x0000000086f9cfe8}: org/gradle/api/plugins/internal/DefaultJavaPluginConvention_DecoratedCustomizer> (0x0000000086f9cfe8) 
thrown [s\src\hotspot\share\classfile\systemDictionary.cpp, line 256]
Event: 4.380 Thread 0x0000021a66ce4130 Exception <a 'java/lang/ClassNotFoundException'{0x000000008610c620}: org/jetbrains/kotlin/gradle/targets/js/npm/DefaultNpmDependencyExtensionBeanInfo> (0x000000008610c620) 
thrown [s\src\hotspot\share\classfile\systemDictionary.cpp, line 256]
Event: 4.381 Thread 0x0000021a66ce4130 Exception <a 'java/lang/ClassNotFoundException'{0x0000000086117c90}: org/jetbrains/kotlin/gradle/targets/js/npm/DefaultNpmDependencyExtensionCustomizer> (0x0000000086117c90) 
thrown [s\src\hotspot\share\classfile\systemDictionary.cpp, line 256]
Event: 4.384 Thread 0x0000021a66ce4130 Exception <a 'java/lang/ClassNotFoundException'{0x000000008618d758}: org/jetbrains/kotlin/gradle/targets/js/npm/NpmDependencyExtensionKt$defaultNpmDependencyDelegate$1BeanInfo> (0x000000008618d758) 
thrown [s\src\hotspot\share\classfile\systemDictionary.cpp, line 256]
Event: 4.384 Thread 0x0000021a66ce4130 Exception <a 'java/lang/ClassNotFoundException'{0x0000000086198e10}: org/jetbrains/kotlin/gradle/targets/js/npm/NpmDependencyExtensionDelegateBeanInfo> (0x0000000086198e10) 
thrown [s\src\hotspot\share\classfile\systemDictionary.cpp, line 256]
Event: 4.384 Thread 0x0000021a66ce4130 Exception <a 'java/lang/ClassNotFoundException'{0x00000000861a4490}: org/jetbrains/kotlin/gradle/targets/js/npm/NpmDependencyExtensionDelegateCustomizer> (0x00000000861a4490) 
thrown [s\src\hotspot\share\classfile\systemDictionary.cpp, line 256]
Event: 4.385 Thread 0x0000021a66ce4130 Exception <a 'java/lang/ClassNotFoundException'{0x00000000861c7780}: org/jetbrains/kotlin/gradle/targets/js/npm/NpmDependencyExtensionKt$defaultNpmDependencyDelegate$1Customizer> (0x00000000861c7780) 
thrown [s\src\hotspot\share\classfile\systemDictionary.cpp, line 256]
Event: 4.387 Thread 0x0000021a66ce4130 Exception <a 'java/lang/ClassNotFoundException'{0x0000000086002470}: org/jetbrains/kotlin/gradle/targets/js/npm/DefaultDevNpmDependencyExtensionBeanInfo> (0x0000000086002470) 
thrown [s\src\hotspot\share\classfile\systemDictionary.cpp, line 256]
Event: 4.387 Thread 0x0000021a66ce4130 Exception <a 'java/lang/ClassNotFoundException'{0x000000008600daf8}: org/jetbrains/kotlin/gradle/targets/js/npm/DefaultDevNpmDependencyExtensionCustomizer> (0x000000008600daf8) 
thrown [s\src\hotspot\share\classfile\systemDictionary.cpp, line 256]
Event: 4.388 Thread 0x0000021a66ce4130 Exception <a 'java/lang/ClassNotFoundException'{0x000000008604c5f0}: org/jetbrains/kotlin/gradle/targets/js/npm/DefaultPeerNpmDependencyExtensionBeanInfo> (0x000000008604c5f0) 
thrown [s\src\hotspot\share\classfile\systemDictionary.cpp, line 256]
Event: 4.389 Thread 0x0000021a66ce4130 Exception <a 'java/lang/ClassNotFoundException'{0x0000000086057ca8}: org/jetbrains/kotlin/gradle/targets/js/npm/DefaultPeerNpmDependencyExtensionCustomizer> (0x0000000086057ca8) 
thrown [s\src\hotspot\share\classfile\systemDictionary.cpp, line 256]
Event: 4.390 Thread 0x0000021a66ce4130 Exception <a 'java/lang/ClassNotFoundException'{0x00000000860a29e8}: org/jetbrains/kotlin/gradle/targets/js/npm/DefaultPeerNpmDependencyExtension$delegate$1BeanInfo> (0x00000000860a29e8) 
thrown [s\src\hotspot\share\classfile\systemDictionary.cpp, line 256]
Event: 4.391 Thread 0x0000021a66ce4130 Exception <a 'java/lang/ClassNotFoundException'{0x00000000860ae268}: org/jetbrains/kotlin/gradle/targets/js/npm/DefaultPeerNpmDependencyExtension$delegate$1Customizer> (0x00000000860ae268) 
thrown [s\src\hotspot\share\classfile\systemDictionary.cpp, line 256]

VM Operations (20 events):
Event: 3.906 Executing VM operation: G1Concurrent
Event: 3.906 Executing VM operation: G1Concurrent done
Event: 4.134 Executing VM operation: ICBufferFull
Event: 4.134 Executing VM operation: ICBufferFull done
Event: 4.160 Executing VM operation: HandshakeAllThreads
Event: 4.160 Executing VM operation: HandshakeAllThreads done
Event: 4.165 Executing VM operation: G1CollectForAllocation
Event: 4.168 Executing VM operation: G1CollectForAllocation done
Event: 4.258 Executing VM operation: HandshakeAllThreads
Event: 4.258 Executing VM operation: HandshakeAllThreads done
Event: 4.462 Executing VM operation: G1CollectForAllocation
Event: 4.465 Executing VM operation: G1CollectForAllocation done
Event: 4.487 Executing VM operation: G1Concurrent
Event: 4.489 Executing VM operation: G1Concurrent done
Event: 4.499 Executing VM operation: G1Concurrent
Event: 4.500 Executing VM operation: G1Concurrent done
Event: 4.700 Executing VM operation: G1CollectForAllocation
Event: 4.704 Executing VM operation: G1CollectForAllocation done
Event: 4.762 Executing VM operation: HandshakeAllThreads
Event: 4.762 Executing VM operation: HandshakeAllThreads done

Events (20 events):
Event: 4.196 loading class java/text/CharacterIterator
Event: 4.196 loading class java/text/CharacterIterator done
Event: 4.219 loading class java/time/format/DateTimeFormatterBuilder$WeekBasedFieldPrinterParser
Event: 4.219 loading class java/time/format/DateTimeFormatterBuilder$WeekBasedFieldPrinterParser done
Event: 4.224 loading class com/sun/jmx/mbeanserver/StandardMBeanSupport
Event: 4.224 loading class com/sun/jmx/mbeanserver/StandardMBeanSupport done
Event: 4.224 loading class com/sun/jmx/mbeanserver/StandardMBeanIntrospector
Event: 4.225 loading class com/sun/jmx/mbeanserver/StandardMBeanIntrospector done
Event: 4.603 loading class java/util/ArrayList$SubList$1
Event: 4.603 loading class java/util/ArrayList$SubList$1 done
Event: 4.729 loading class jdk/internal/loader/URLClassPath$FileLoader
Event: 4.729 loading class jdk/internal/loader/URLClassPath$FileLoader done
Event: 4.730 loading class jdk/internal/loader/URLClassPath$FileLoader$1
Event: 4.730 loading class jdk/internal/loader/URLClassPath$FileLoader$1 done
Event: 4.869 loading class sun/reflect/generics/repository/FieldRepository
Event: 4.869 loading class sun/reflect/generics/repository/FieldRepository done
Event: 4.874 loading class jdk/internal/vm/annotation/ForceInline
Event: 4.874 loading class jdk/internal/vm/annotation/ForceInline done
Event: 4.903 loading class java/util/regex/Pattern$Caret
Event: 4.903 loading class java/util/regex/Pattern$Caret done


Dynamic libraries:
0x00007ff6392f0000 - 0x00007ff6392fa000 	C:\Program Files\Android\Android Studio\jbr\bin\java.exe
0x00007ff89a870000 - 0x00007ff89aa5f000 	C:\windows\SYSTEM32\ntdll.dll
0x00007ff897a70000 - 0x00007ff897b23000 	C:\windows\System32\KERNEL32.DLL
0x00007ff897540000 - 0x00007ff8977dd000 	C:\windows\System32\KERNELBASE.dll
0x00007ff897240000 - 0x00007ff89733a000 	C:\windows\System32\ucrtbase.dll
0x00007ff8683f0000 - 0x00007ff86840b000 	C:\Program Files\Android\Android Studio\jbr\bin\VCRUNTIME140.dll
0x00007ff886e70000 - 0x00007ff886e87000 	C:\Program Files\Android\Android Studio\jbr\bin\jli.dll
0x00007ff899220000 - 0x00007ff8993b8000 	C:\windows\System32\USER32.dll
0x00007ff896960000 - 0x00007ff896980000 	C:\windows\System32\win32u.dll
0x00007ff899f90000 - 0x00007ff899fb9000 	C:\windows\System32\GDI32.dll
0x00007ff882e20000 - 0x00007ff883099000 	C:\windows\WinSxS\amd64_microsoft.windows.common-controls_6595b64144ccf1df_6.0.17763.4645_none_de717694534b1c4f\COMCTL32.dll
0x00007ff8977e0000 - 0x00007ff897986000 	C:\windows\System32\gdi32full.dll
0x00007ff8971a0000 - 0x00007ff897240000 	C:\windows\System32\msvcp_win.dll
0x00007ff897c00000 - 0x00007ff897c9e000 	C:\windows\System32\msvcrt.dll
0x00007ff899c60000 - 0x00007ff899f8b000 	C:\windows\System32\combase.dll
0x00007ff89a6d0000 - 0x00007ff89a7ee000 	C:\windows\System32\RPCRT4.dll
0x00007ff8968d0000 - 0x00007ff896952000 	C:\windows\System32\bcryptPrimitives.dll
0x00007ff899fc0000 - 0x00007ff899fee000 	C:\windows\System32\IMM32.DLL
0x00007ff884ac0000 - 0x00007ff884acc000 	C:\Program Files\Android\Android Studio\jbr\bin\vcruntime140_1.dll
0x00007ff84a380000 - 0x00007ff84a40d000 	C:\Program Files\Android\Android Studio\jbr\bin\msvcp140.dll
0x00007ff84e360000 - 0x00007ff84efce000 	C:\Program Files\Android\Android Studio\jbr\bin\server\jvm.dll
0x00007ff89a360000 - 0x00007ff89a407000 	C:\windows\System32\ADVAPI32.dll
0x00007ff89a160000 - 0x00007ff89a1ff000 	C:\windows\System32\sechost.dll
0x00007ff894560000 - 0x00007ff894569000 	C:\windows\SYSTEM32\WSOCK32.dll
0x00007ff8948d0000 - 0x00007ff8948f4000 	C:\windows\SYSTEM32\WINMM.dll
0x00007ff88f940000 - 0x00007ff88f94a000 	C:\windows\SYSTEM32\VERSION.dll
0x00007ff897b90000 - 0x00007ff897bfd000 	C:\windows\System32\WS2_32.dll
0x00007ff894850000 - 0x00007ff89487d000 	C:\windows\SYSTEM32\WINMMBASE.dll
0x00007ff8979f0000 - 0x00007ff897a3a000 	C:\windows\System32\cfgmgr32.dll
0x00007ff896860000 - 0x00007ff896871000 	C:\windows\System32\kernel.appcore.dll
0x00007ff894550000 - 0x00007ff89455a000 	C:\Program Files\Android\Android Studio\jbr\bin\jimage.dll
0x00007ff882520000 - 0x00007ff88270d000 	C:\windows\SYSTEM32\DBGHELP.DLL
0x00007ff8824f0000 - 0x00007ff88251a000 	C:\windows\SYSTEM32\dbgcore.DLL
0x00007ff887ec0000 - 0x00007ff887ee5000 	C:\Program Files\Android\Android Studio\jbr\bin\java.dll
0x00007ff886ce0000 - 0x00007ff886cf8000 	C:\Program Files\Android\Android Studio\jbr\bin\zip.dll
0x00007ff897d20000 - 0x00007ff899218000 	C:\windows\System32\SHELL32.dll
0x00007ff89a410000 - 0x00007ff89a4b7000 	C:\windows\System32\shcore.dll
0x00007ff896a50000 - 0x00007ff897197000 	C:\windows\System32\windows.storage.dll
0x00007ff8968a0000 - 0x00007ff8968c3000 	C:\windows\System32\profapi.dll
0x00007ff896800000 - 0x00007ff89685d000 	C:\windows\System32\powrprof.dll
0x00007ff89a070000 - 0x00007ff89a0c2000 	C:\windows\System32\shlwapi.dll
0x00007ff896a30000 - 0x00007ff896a4b000 	C:\windows\System32\cryptsp.dll
0x00007ff886cc0000 - 0x00007ff886cd9000 	C:\Program Files\Android\Android Studio\jbr\bin\net.dll
0x00007ff890e60000 - 0x00007ff890f5d000 	C:\windows\SYSTEM32\WINHTTP.dll
0x00007ff896050000 - 0x00007ff8960b7000 	C:\windows\system32\mswsock.dll
0x00007ff886ca0000 - 0x00007ff886cb6000 	C:\Program Files\Android\Android Studio\jbr\bin\nio.dll
0x00007ff890bc0000 - 0x00007ff890bd0000 	C:\Program Files\Android\Android Studio\jbr\bin\verify.dll
0x00007ff881540000 - 0x00007ff881567000 	C:\UserProfiles\pr120andreev\.gradle\native\68d5fa5c4cc2d200863cafc0d521ce42e7d3e7ee720ec0a83991735586a16f82\windows-amd64\native-platform.dll
0x00007ff8583b0000 - 0x00007ff8584f4000 	C:\UserProfiles\pr120andreev\.gradle\native\e376f236ea51e6404a007f0833ffe2c6e607c4080706a723a18a27aeea778392\windows-amd64\native-platform-file-events.dll
0x00007ff8944a0000 - 0x00007ff8944a9000 	C:\Program Files\Android\Android Studio\jbr\bin\management.dll
0x00007ff891ea0000 - 0x00007ff891eab000 	C:\Program Files\Android\Android Studio\jbr\bin\management_ext.dll
0x00007ff899ff0000 - 0x00007ff899ff8000 	C:\windows\System32\PSAPI.DLL
0x00007ff895b70000 - 0x00007ff895ba3000 	C:\windows\system32\rsaenh.dll
0x00007ff897a40000 - 0x00007ff897a66000 	C:\windows\System32\bcrypt.dll
0x00007ff896730000 - 0x00007ff896759000 	C:\windows\SYSTEM32\USERENV.dll
0x00007ff896220000 - 0x00007ff89622c000 	C:\windows\SYSTEM32\CRYPTBASE.dll
0x00007ff895d60000 - 0x00007ff895d9d000 	C:\windows\SYSTEM32\IPHLPAPI.DLL
0x00007ff89a0d0000 - 0x00007ff89a0d8000 	C:\windows\System32\NSI.dll
0x00007ff891f20000 - 0x00007ff891f36000 	C:\windows\SYSTEM32\dhcpcsvc6.DLL
0x00007ff891e40000 - 0x00007ff891e5c000 	C:\windows\SYSTEM32\dhcpcsvc.DLL
0x00007ff895da0000 - 0x00007ff895e66000 	C:\windows\SYSTEM32\DNSAPI.dll
0x00007ff890b50000 - 0x00007ff890b57000 	C:\windows\system32\wshunix.dll

dbghelp: loaded successfully - version: 4.0.5 - missing functions: none
symbol engine: initialized successfully - sym options: 0x614 - pdb path: .;C:\Program Files\Android\Android Studio\jbr\bin;C:\windows\SYSTEM32;C:\windows\WinSxS\amd64_microsoft.windows.common-controls_6595b64144ccf1df_6.0.17763.4645_none_de717694534b1c4f;C:\Program Files\Android\Android Studio\jbr\bin\server;C:\UserProfiles\pr120andreev\.gradle\native\68d5fa5c4cc2d200863cafc0d521ce42e7d3e7ee720ec0a83991735586a16f82\windows-amd64;C:\UserProfiles\pr120andreev\.gradle\native\e376f236ea51e6404a007f0833ffe2c6e607c4080706a723a18a27aeea778392\windows-amd64

VM Arguments:
jvm_args: --add-opens=java.base/java.util=ALL-UNNAMED --add-opens=java.base/java.lang=ALL-UNNAMED --add-opens=java.base/java.lang.invoke=ALL-UNNAMED --add-opens=java.prefs/java.util.prefs=ALL-UNNAMED --add-opens=java.base/java.nio.charset=ALL-UNNAMED --add-opens=java.base/java.net=ALL-UNNAMED --add-opens=java.base/java.util.concurrent.atomic=ALL-UNNAMED -Xmx2048m -Dfile.encoding=UTF-8 -Duser.country=RU -Duser.language=ru -Duser.variant 
java_command: org.gradle.launcher.daemon.bootstrap.GradleDaemon 8.0
java_class_path (initial): C:\UserProfiles\pr120andreev\.gradle\wrapper\dists\gradle-8.0-bin\ca5e32bp14vu59qr306oxotwh\gradle-8.0\lib\gradle-launcher-8.0.jar
Launcher Type: SUN_STANDARD

[Global flags]
     intx CICompilerCount                          = 4                                         {product} {ergonomic}
     uint ConcGCThreads                            = 2                                         {product} {ergonomic}
     uint G1ConcRefinementThreads                  = 8                                         {product} {ergonomic}
   size_t G1HeapRegionSize                         = 1048576                                   {product} {ergonomic}
    uintx GCDrainStackTargetSize                   = 64                                        {product} {ergonomic}
   size_t InitialHeapSize                          = 268435456                                 {product} {ergonomic}
   size_t MarkStackSize                            = 4194304                                   {product} {ergonomic}
   size_t MaxHeapSize                              = 2147483648                                {product} {command line}
   size_t MaxNewSize                               = 1287651328                                {product} {ergonomic}
   size_t MinHeapDeltaBytes                        = 1048576                                   {product} {ergonomic}
   size_t MinHeapSize                              = 8388608                                   {product} {ergonomic}
    uintx NonNMethodCodeHeapSize                   = 5839372                                {pd product} {ergonomic}
    uintx NonProfiledCodeHeapSize                  = 122909434                              {pd product} {ergonomic}
    uintx ProfiledCodeHeapSize                     = 122909434                              {pd product} {ergonomic}
    uintx ReservedCodeCacheSize                    = 251658240                              {pd product} {ergonomic}
     bool SegmentedCodeCache                       = true                                      {product} {ergonomic}
   size_t SoftMaxHeapSize                          = 2147483648                             {manageable} {ergonomic}
     bool UseCompressedClassPointers               = true                           {product lp64_product} {ergonomic}
     bool UseCompressedOops                        = true                           {product lp64_product} {ergonomic}
     bool UseG1GC                                  = true                                      {product} {ergonomic}
     bool UseLargePagesIndividualAllocation        = false                                  {pd product} {ergonomic}

Logging:
Log output configuration:
 #0: stdout all=warning uptime,level,tags
 #1: stderr all=off uptime,level,tags

Environment Variables:
JAVA_HOME=C:\Program Files\Android\Jdk\microsoft_dist_openjdk_1.8.0.25
PATH=C:\Program Files\Python311\Scripts\;C:\Program Files\Python311\;C:\Program Files (x86)\VMware\VMware Workstation\bin\;C:\Program Files (x86)\Common Files\Intel\Shared Libraries\redist\intel64\compiler;C:\Windows\system32;C:\Windows;C:\Windows\System32\Wbem;C:\Windows\System32\WindowsPowerShell\v1.0\;C:\Windows\System32\OpenSSH\;C:\Program Files\Common Files\Autodesk Shared\;C:\Program Files\Microsoft SQL Server\120\Tools\Binn\;C:\Program Files\dotnet\;C:\Program Files\Microsoft SQL Server\130\Tools\Binn\;C:\Program Files\Microsoft SQL Server\Client SDK\ODBC\170\Tools\Binn\;C:\Program Files (x86)\IncrediBuild;C:\Program Files (x86)\NVIDIA Corporation\PhysX\Common;C:\Program Files\Git\cmd;C:\Program Files\Microsoft VS Code\bin;C:\Program Files (x86)\Microsoft SQL Server\150\Tools\Binn\;C:\Program Files\Microsoft SQL Server\150\Tools\Binn\;C:\Program Files (x86)\Microsoft SQL Server\150\DTS\Binn\;C:\Program Files\Microsoft SQL Server\150\DTS\Binn\;C:\Program Files\Azure Data Studio\bin;C:\UserProfiles\pr120andreev\AppData\Local\Microsoft\WindowsApps;
USERNAME=pr120andreev
OS=Windows_NT
PROCESSOR_IDENTIFIER=Intel64 Family 6 Model 158 Stepping 13, GenuineIntel
TMP=C:\USERPR~1\pr120andreev\AppData\Local\Temp
TEMP=C:\USERPR~1\pr120andreev\AppData\Local\Temp


JNI global refs:
JNI global refs: 28, weak refs: 1

JNI global refs memory usage: 843, weak refs: 841


---------------  S Y S T E M  ---------------

OS:
 Windows 10 , 64 bit Build 17763 (10.0.17763.4377)
OS uptime: 0 days 6:20 hours

CPU: total 8 (initial active 8) (8 cores per cpu, 1 threads per core) family 6 model 158 stepping 13 microcode 0xde, cx8, cmov, fxsr, mmx, 3dnowpref, sse, sse2, sse3, ssse3, sse4.1, sse4.2, popcnt, lzcnt, tsc, tscinvbit, avx, avx2, aes, erms, clmul, bmi1, bmi2, adx, fma, vzeroupper, clflush, clflushopt

Memory: 4k page, system-wide physical 16303M (3569M free)
TotalPageFile size 16303M (AvailPageFile size 6M)
current process WorkingSet (physical memory assigned to process): 407M, peak: 407M
current process commit charge ("private bytes"): 516M, peak: 518M

vm_info: OpenJDK 64-Bit Server VM (17.0.6+0-b2043.56-10027231) for windows-amd64 JRE (17.0.6+0-b2043.56-10027231), built on Apr 28 2023 00:43:19 by "androidbuild" with MS VC++ 16.10 / 16.11 (VS2019)

END.
