#
# There is insufficient memory for the Java Runtime Environment to continue.
# Native memory allocation (mmap) failed to map 191889408 bytes for G1 virtual space
# Possible reasons:
#   The system is out of physical RAM or swap space
#   The process is running with CompressedOops enabled, and the Java Heap may be blocking the growth of the native heap
# Possible solutions:
#   Reduce memory load on the system
#   Increase physical memory or swap space
#   Check if swap backing store is full
#   Decrease Java heap size (-Xmx/-Xms)
#   Decrease number of Java threads
#   Decrease Java thread stack sizes (-Xss)
#   Set larger code cache with -XX:ReservedCodeCacheSize=
#   JVM is running with Unscaled Compressed Oops mode in which the Java heap is
#     placed in the first 4GB address space. The Java Heap base address is the
#     maximum limit for the native heap growth. Please use -XX:HeapBaseMinAddress
#     to set the Java Heap base and to place the Java Heap above 4GB virtual address.
# This output file may be truncated or incomplete.
#
#  Out of Memory Error (os_windows.cpp:3769), pid=3276, tid=11516
#
# JRE version: OpenJDK Runtime Environment (17.0.6) (build 17.0.6+0-b2043.56-10027231)
# Java VM: OpenJDK 64-Bit Server VM (17.0.6+0-b2043.56-10027231, mixed mode, tiered, compressed oops, compressed class ptrs, g1 gc, windows-amd64)
# No core dump will be written. Minidumps are not enabled by default on client versions of Windows
#

---------------  S U M M A R Y ------------

Command Line: --add-opens=java.base/java.util=ALL-UNNAMED --add-opens=java.base/java.lang=ALL-UNNAMED --add-opens=java.base/java.lang.invoke=ALL-UNNAMED --add-opens=java.prefs/java.util.prefs=ALL-UNNAMED --add-opens=java.base/java.nio.charset=ALL-UNNAMED --add-opens=java.base/java.net=ALL-UNNAMED --add-opens=java.base/java.util.concurrent.atomic=ALL-UNNAMED -Xmx2048m -Dfile.encoding=UTF-8 -Duser.country=RU -Duser.language=ru -Duser.variant org.gradle.launcher.daemon.bootstrap.GradleDaemon 8.0

Host: Intel(R) Core(TM) i7-9700F CPU @ 3.00GHz, 8 cores, 15G,  Windows 10 , 64 bit Build 17763 (10.0.17763.4377)
Time: Mon Dec  4 14:23:56 2023 ќмское стандартное врем€ elapsed time: 6.897810 seconds (0d 0h 0m 6s)

---------------  T H R E A D  ---------------

Current thread (0x000002eac9c77730):  VMThread "VM Thread" [stack: 0x000000fc7b300000,0x000000fc7b400000] [id=11516]

Stack: [0x000000fc7b300000,0x000000fc7b400000]
Native frames: (J=compiled Java code, j=interpreted, Vv=VM code, C=native code)
V  [jvm.dll+0x683c9a]
V  [jvm.dll+0x8427a4]
V  [jvm.dll+0x843f9e]
V  [jvm.dll+0x844603]
V  [jvm.dll+0x249b75]
V  [jvm.dll+0x680b69]
V  [jvm.dll+0x67505a]
V  [jvm.dll+0x309acb]
V  [jvm.dll+0x310f86]
V  [jvm.dll+0x3608ee]
V  [jvm.dll+0x360b1f]
V  [jvm.dll+0x2dfbf8]
V  [jvm.dll+0x2ddec4]
V  [jvm.dll+0x2dd4cc]
V  [jvm.dll+0x321f3b]
V  [jvm.dll+0x848ccb]
V  [jvm.dll+0x849a04]
V  [jvm.dll+0x849f1d]
V  [jvm.dll+0x84a2f4]
V  [jvm.dll+0x84a3c0]
V  [jvm.dll+0x7f274a]
V  [jvm.dll+0x682ad5]
C  [ucrtbase.dll+0x2268a]
C  [KERNEL32.DLL+0x17ac4]
C  [ntdll.dll+0x5a351]

VM_Operation (0x000000fc7d6fe150): G1CollectForAllocation, mode: safepoint, requested by thread 0x000002eaaf525490


---------------  P R O C E S S  ---------------

Threads class SMR info:
_java_thread_list=0x000002eaccb384c0, length=137, elements={
0x000002eaaf535100, 0x000002eac9c45d20, 0x000002eac9c49ac0, 0x000002eac9c9fd90,
0x000002eac9ca07b0, 0x000002eac9ce3930, 0x000002eac9ce41f0, 0x000002eac9cd6560,
0x000002eac9cd6b20, 0x000002eac9cd9430, 0x000002eac9e54bf0, 0x000002eac9e574e0,
0x000002eac9f1b1d0, 0x000002eacb3fdf50, 0x000002eacb30c600, 0x000002eaccc6a270,
0x000002eacc9b36b0, 0x000002eaca7f1760, 0x000002eacabb7070, 0x000002eacca51d50,
0x000002eacc556a60, 0x000002eaaf524af0, 0x000002eaaf5267d0, 0x000002eaaf526300,
0x000002eaaf5232e0, 0x000002eaaf522e10, 0x000002eaaf525490, 0x000002eaaf5237b0,
0x000002eaaf523c80, 0x000002eaaf524620, 0x000002eaaf524fc0, 0x000002eacf9a5fe0,
0x000002eacf9a4300, 0x000002eacf9a5640, 0x000002eacf9a47d0, 0x000002eacf9a4ca0,
0x000002eacf9a5b10, 0x000002eacf9a3960, 0x000002eacfdd3700, 0x000002eacfdd40a0,
0x000002eacfdcf3a0, 0x000002eacfdcf870, 0x000002eacfdd0210, 0x000002eacfdd4f10,
0x000002eacfdd06e0, 0x000002eacfdd58b0, 0x000002eacfdcea00, 0x000002eacfdd1550,
0x000002eacfdce060, 0x000002eacfdd2890, 0x000002eacfdd4570, 0x000002eacfdd1a20,
0x000002eacfdceed0, 0x000002eacfdd0bb0, 0x000002eacfdd4a40, 0x000002eacfdd1ef0,
0x000002eacfdd53e0, 0x000002eacfdce530, 0x000002eacff46780, 0x000002eacff445d0,
0x000002eacff415b0, 0x000002eacff46c50, 0x000002eacff462b0, 0x000002eacff40c10,
0x000002eacff41a80, 0x000002eacff40270, 0x000002eacff43290, 0x000002eacff410e0,
0x000002eacff45440, 0x000002eacff41f50, 0x000002eacff47120, 0x000002eacff3fda0,
0x000002eacff44aa0, 0x000002eacff43760, 0x000002eacff42420, 0x000002eacff428f0,
0x000002eacff42dc0, 0x000002eacff45de0, 0x000002eacff3f8d0, 0x000002eacff40740,
0x000002eacff43c30, 0x000002eacff44f70, 0x000002eacff44100, 0x000002eacff45910,
0x000002ead01b0510, 0x000002ead01ab340, 0x000002ead01b09e0, 0x000002ead01b1850,
0x000002ead01ae830, 0x000002ead01abce0, 0x000002ead01ad020, 0x000002ead01b0eb0,
0x000002ead01b1380, 0x000002ead01ad9c0, 0x000002ead01b1d20, 0x000002ead01afb70,
0x000002ead01ac1b0, 0x000002ead01b0040, 0x000002ead01b21f0, 0x000002ead01aae70,
0x000002ead01aed00, 0x000002ead01ad4f0, 0x000002ead01ade90, 0x000002ead01ae360,
0x000002ead01af1d0, 0x000002ead01af6a0, 0x000002ead01b26c0, 0x000002ead01ac680,
0x000002ead01ab810, 0x000002ead01acb50, 0x000002ead121a790, 0x000002ead1218ab0,
0x000002ead1218110, 0x000002ead12172a0, 0x000002ead1219920, 0x000002ead121ac60,
0x000002ead121eaf0, 0x000002ead1218f80, 0x000002ead121bfa0, 0x000002ead1217770,
0x000002ead1219450, 0x000002ead1217c40, 0x000002ead121b600, 0x000002ead121b130,
0x000002ead12185e0, 0x000002ead121d2e0, 0x000002ead121a2c0, 0x000002ead121bad0,
0x000002eacedade30, 0x000002eacedaeca0, 0x000002eacedb0980, 0x000002eacedaf170,
0x000002eacedac150, 0x000002eacedaf640, 0x000002eacedae7d0, 0x000002eacedacfc0,
0x000002eacedab2e0
}

Java Threads: ( => current thread )
  0x000002eaaf535100 JavaThread "main" [_thread_blocked, id=13400, stack(0x000000fc7ad00000,0x000000fc7ae00000)]
  0x000002eac9c45d20 JavaThread "Reference Handler" daemon [_thread_blocked, id=12032, stack(0x000000fc7b400000,0x000000fc7b500000)]
  0x000002eac9c49ac0 JavaThread "Finalizer" daemon [_thread_blocked, id=604, stack(0x000000fc7b500000,0x000000fc7b600000)]
  0x000002eac9c9fd90 JavaThread "Signal Dispatcher" daemon [_thread_blocked, id=11956, stack(0x000000fc7b600000,0x000000fc7b700000)]
  0x000002eac9ca07b0 JavaThread "Attach Listener" daemon [_thread_blocked, id=11284, stack(0x000000fc7b700000,0x000000fc7b800000)]
  0x000002eac9ce3930 JavaThread "Service Thread" daemon [_thread_blocked, id=9384, stack(0x000000fc7b800000,0x000000fc7b900000)]
  0x000002eac9ce41f0 JavaThread "Monitor Deflation Thread" daemon [_thread_blocked, id=5584, stack(0x000000fc7b900000,0x000000fc7ba00000)]
  0x000002eac9cd6560 JavaThread "C2 CompilerThread0" daemon [_thread_blocked, id=12976, stack(0x000000fc7ba00000,0x000000fc7bb00000)]
  0x000002eac9cd6b20 JavaThread "C1 CompilerThread0" daemon [_thread_blocked, id=14332, stack(0x000000fc7bb00000,0x000000fc7bc00000)]
  0x000002eac9cd9430 JavaThread "Sweeper thread" daemon [_thread_blocked, id=15212, stack(0x000000fc7bc00000,0x000000fc7bd00000)]
  0x000002eac9e54bf0 JavaThread "Common-Cleaner" daemon [_thread_blocked, id=10504, stack(0x000000fc7bd00000,0x000000fc7be00000)]
  0x000002eac9e574e0 JavaThread "Notification Thread" daemon [_thread_blocked, id=5452, stack(0x000000fc7be00000,0x000000fc7bf00000)]
  0x000002eac9f1b1d0 JavaThread "C2 CompilerThread1" daemon [_thread_in_native, id=4932, stack(0x000000fc7c000000,0x000000fc7c100000)]
  0x000002eacb3fdf50 JavaThread "C2 CompilerThread2" daemon [_thread_blocked, id=13304, stack(0x000000fc7c600000,0x000000fc7c700000)]
  0x000002eacb30c600 JavaThread "Daemon health stats" [_thread_blocked, id=11332, stack(0x000000fc7c700000,0x000000fc7c800000)]
  0x000002eaccc6a270 JavaThread "Incoming local TCP Connector on port 8129" [_thread_in_native, id=5456, stack(0x000000fc7c800000,0x000000fc7c900000)]
  0x000002eacc9b36b0 JavaThread "Daemon periodic checks" [_thread_blocked, id=8520, stack(0x000000fc7c900000,0x000000fc7ca00000)]
  0x000002eaca7f1760 JavaThread "Daemon" [_thread_blocked, id=2844, stack(0x000000fc7ca00000,0x000000fc7cb00000)]
  0x000002eacabb7070 JavaThread "Handler for socket connection from /127.0.0.1:8129 to /127.0.0.1:8130" [_thread_in_native, id=1796, stack(0x000000fc7cb00000,0x000000fc7cc00000)]
  0x000002eacca51d50 JavaThread "Cancel handler" [_thread_blocked, id=8188, stack(0x000000fc7cc00000,0x000000fc7cd00000)]
  0x000002eacc556a60 JavaThread "Daemon worker" [_thread_blocked, id=13220, stack(0x000000fc7cd00000,0x000000fc7ce00000)]
  0x000002eaaf524af0 JavaThread "Asynchronous log dispatcher for DefaultDaemonConnection: socket connection from /127.0.0.1:8129 to /127.0.0.1:8130" [_thread_blocked, id=11524, stack(0x000000fc7ce00000,0x000000fc7cf00000)]
  0x000002eaaf5267d0 JavaThread "Stdin handler" [_thread_blocked, id=11920, stack(0x000000fc7cf00000,0x000000fc7d000000)]
  0x000002eaaf526300 JavaThread "Daemon client event forwarder" [_thread_blocked, id=10672, stack(0x000000fc7d000000,0x000000fc7d100000)]
  0x000002eaaf5232e0 JavaThread "Cache worker for journal cache (C:\UserProfiles\pr120andreev\.gradle\caches\journal-1)" [_thread_blocked, id=12880, stack(0x000000fc7d400000,0x000000fc7d500000)]
  0x000002eaaf522e10 JavaThread "File lock request listener" [_thread_in_native, id=10312, stack(0x000000fc7d500000,0x000000fc7d600000)]
  0x000002eaaf525490 JavaThread "Cache worker for file hash cache (C:\UserProfiles\pr120andreev\.gradle\caches\8.0\fileHashes)" [_thread_blocked, id=10536, stack(0x000000fc7d600000,0x000000fc7d700000)]
  0x000002eaaf5237b0 JavaThread "File watcher server" daemon [_thread_blocked, id=14292, stack(0x000000fc7d700000,0x000000fc7d800000)]
  0x000002eaaf523c80 JavaThread "File watcher consumer" daemon [_thread_blocked, id=10448, stack(0x000000fc7d800000,0x000000fc7d900000)]
  0x000002eaaf524620 JavaThread "Cache worker for checksums cache (C:\UserProfiles\pr120andreev\AndroidStudioProjects\praktMob\.gradle\8.0\checksums)" [_thread_blocked, id=10804, stack(0x000000fc7d900000,0x000000fc7da00000)]
  0x000002eaaf524fc0 JavaThread "Cache worker for cache directory md-rule (C:\UserProfiles\pr120andreev\.gradle\caches\8.0\md-rule)" [_thread_blocked, id=13788, stack(0x000000fc7da00000,0x000000fc7db00000)]
  0x000002eacf9a5fe0 JavaThread "Cache worker for file content cache (C:\UserProfiles\pr120andreev\.gradle\caches\8.0\fileContent)" [_thread_blocked, id=3580, stack(0x000000fc7db00000,0x000000fc7dc00000)]
  0x000002eacf9a4300 JavaThread "Cache worker for file hash cache (C:\UserProfiles\pr120andreev\AndroidStudioProjects\praktMob\.gradle\8.0\fileHashes)" [_thread_blocked, id=1308, stack(0x000000fc7dc00000,0x000000fc7dd00000)]
  0x000002eacf9a5640 JavaThread "Cache worker for cache directory md-supplier (C:\UserProfiles\pr120andreev\.gradle\caches\8.0\md-supplier)" [_thread_blocked, id=15328, stack(0x000000fc7dd00000,0x000000fc7de00000)]
  0x000002eacf9a47d0 JavaThread "Cache worker for execution history cache (C:\UserProfiles\pr120andreev\.gradle\caches\8.0\executionHistory)" [_thread_blocked, id=14068, stack(0x000000fc7de00000,0x000000fc7df00000)]
  0x000002eacf9a4ca0 JavaThread "jar transforms" [_thread_blocked, id=4088, stack(0x000000fc7df00000,0x000000fc7e000000)]
  0x000002eacf9a5b10 JavaThread "jar transforms Thread 2" [_thread_blocked, id=13980, stack(0x000000fc7e000000,0x000000fc7e100000)]
  0x000002eacf9a3960 JavaThread "Cache worker for kotlin-dsl (C:\UserProfiles\pr120andreev\.gradle\caches\8.0\kotlin-dsl)" [_thread_blocked, id=12284, stack(0x000000fc7e200000,0x000000fc7e300000)]
  0x000002eacfdd3700 JavaThread "jar transforms Thread 3" [_thread_blocked, id=5612, stack(0x000000fc7e300000,0x000000fc7e400000)]
  0x000002eacfdd40a0 JavaThread "jar transforms Thread 4" [_thread_blocked, id=13936, stack(0x000000fc7e400000,0x000000fc7e500000)]
  0x000002eacfdcf3a0 JavaThread "Cache worker for dependencies-accessors (C:\UserProfiles\pr120andreev\AndroidStudioProjects\praktMob\.gradle\8.0\dependencies-accessors)" [_thread_blocked, id=12944, stack(0x000000fc7e500000,0x000000fc7e600000)]
  0x000002eacfdcf870 JavaThread "Cache worker for Build Output Cleanup Cache (C:\UserProfiles\pr120andreev\AndroidStudioProjects\praktMob\.gradle\buildOutputCleanup)" [_thread_blocked, id=5268, stack(0x000000fc7e600000,0x000000fc7e700000)]
  0x000002eacfdd0210 JavaThread "jar transforms Thread 5" [_thread_blocked, id=13480, stack(0x000000fc7e700000,0x000000fc7e800000)]
  0x000002eacfdd4f10 JavaThread "Unconstrained build operations" [_thread_blocked, id=10268, stack(0x000000fc7e800000,0x000000fc7e900000)]
  0x000002eacfdd06e0 JavaThread "Unconstrained build operations Thread 2" [_thread_blocked, id=13724, stack(0x000000fc7e900000,0x000000fc7ea00000)]
  0x000002eacfdd58b0 JavaThread "Unconstrained build operations Thread 3" [_thread_blocked, id=14860, stack(0x000000fc7ea00000,0x000000fc7eb00000)]
  0x000002eacfdcea00 JavaThread "Unconstrained build operations Thread 4" [_thread_blocked, id=6128, stack(0x000000fc7eb00000,0x000000fc7ec00000)]
  0x000002eacfdd1550 JavaThread "Unconstrained build operations Thread 5" [_thread_blocked, id=2784, stack(0x000000fc7ec00000,0x000000fc7ed00000)]
  0x000002eacfdce060 JavaThread "Unconstrained build operations Thread 6" [_thread_blocked, id=8484, stack(0x000000fc7ed00000,0x000000fc7ee00000)]
  0x000002eacfdd2890 JavaThread "Unconstrained build operations Thread 7" [_thread_blocked, id=13108, stack(0x000000fc7ee00000,0x000000fc7ef00000)]
  0x000002eacfdd4570 JavaThread "Unconstrained build operations Thread 8" [_thread_blocked, id=1668, stack(0x000000fc7ef00000,0x000000fc7f000000)]
  0x000002eacfdd1a20 JavaThread "Unconstrained build operations Thread 9" [_thread_blocked, id=5808, stack(0x000000fc7f000000,0x000000fc7f100000)]
  0x000002eacfdceed0 JavaThread "Unconstrained build operations Thread 10" [_thread_blocked, id=12212, stack(0x000000fc7f100000,0x000000fc7f200000)]
  0x000002eacfdd0bb0 JavaThread "Unconstrained build operations Thread 11" [_thread_blocked, id=5684, stack(0x000000fc7f200000,0x000000fc7f300000)]
  0x000002eacfdd4a40 JavaThread "Unconstrained build operations Thread 12" [_thread_blocked, id=3432, stack(0x000000fc7f300000,0x000000fc7f400000)]
  0x000002eacfdd1ef0 JavaThread "Unconstrained build operations Thread 13" [_thread_blocked, id=9752, stack(0x000000fc7f400000,0x000000fc7f500000)]
  0x000002eacfdd53e0 JavaThread "Unconstrained build operations Thread 14" [_thread_blocked, id=14900, stack(0x000000fc7f500000,0x000000fc7f600000)]
  0x000002eacfdce530 JavaThread "Unconstrained build operations Thread 15" [_thread_blocked, id=9012, stack(0x000000fc7f600000,0x000000fc7f700000)]
  0x000002eacff46780 JavaThread "Unconstrained build operations Thread 16" [_thread_blocked, id=13172, stack(0x000000fc7f700000,0x000000fc7f800000)]
  0x000002eacff445d0 JavaThread "Unconstrained build operations Thread 17" [_thread_blocked, id=14876, stack(0x000000fc7f800000,0x000000fc7f900000)]
  0x000002eacff415b0 JavaThread "Unconstrained build operations Thread 18" [_thread_blocked, id=6280, stack(0x000000fc7f900000,0x000000fc7fa00000)]
  0x000002eacff46c50 JavaThread "Unconstrained build operations Thread 19" [_thread_blocked, id=13404, stack(0x000000fc7fa00000,0x000000fc7fb00000)]
  0x000002eacff462b0 JavaThread "Unconstrained build operations Thread 20" [_thread_blocked, id=11180, stack(0x000000fc7fb00000,0x000000fc7fc00000)]
  0x000002eacff40c10 JavaThread "Unconstrained build operations Thread 21" [_thread_blocked, id=7316, stack(0x000000fc7fc00000,0x000000fc7fd00000)]
  0x000002eacff41a80 JavaThread "Unconstrained build operations Thread 22" [_thread_blocked, id=5068, stack(0x000000fc7fd00000,0x000000fc7fe00000)]
  0x000002eacff40270 JavaThread "Unconstrained build operations Thread 23" [_thread_blocked, id=8888, stack(0x000000fc7fe00000,0x000000fc7ff00000)]
  0x000002eacff43290 JavaThread "Unconstrained build operations Thread 24" [_thread_blocked, id=84, stack(0x000000fc7ff00000,0x000000fc80000000)]
  0x000002eacff410e0 JavaThread "Unconstrained build operations Thread 25" [_thread_blocked, id=4560, stack(0x000000fc00000000,0x000000fc00100000)]
  0x000002eacff45440 JavaThread "Unconstrained build operations Thread 26" [_thread_blocked, id=13488, stack(0x000000fc00100000,0x000000fc00200000)]
  0x000002eacff41f50 JavaThread "Unconstrained build operations Thread 27" [_thread_blocked, id=10844, stack(0x000000fc00200000,0x000000fc00300000)]
  0x000002eacff47120 JavaThread "Unconstrained build operations Thread 28" [_thread_blocked, id=11916, stack(0x000000fc00300000,0x000000fc00400000)]
  0x000002eacff3fda0 JavaThread "Unconstrained build operations Thread 29" [_thread_blocked, id=7208, stack(0x000000fc00400000,0x000000fc00500000)]
  0x000002eacff44aa0 JavaThread "Unconstrained build operations Thread 30" [_thread_blocked, id=14004, stack(0x000000fc00500000,0x000000fc00600000)]
  0x000002eacff43760 JavaThread "Unconstrained build operations Thread 31" [_thread_blocked, id=14516, stack(0x000000fc00600000,0x000000fc00700000)]
  0x000002eacff42420 JavaThread "Unconstrained build operations Thread 32" [_thread_blocked, id=1520, stack(0x000000fc00700000,0x000000fc00800000)]
  0x000002eacff428f0 JavaThread "Unconstrained build operations Thread 33" [_thread_blocked, id=396, stack(0x000000fc00800000,0x000000fc00900000)]
  0x000002eacff42dc0 JavaThread "Unconstrained build operations Thread 34" [_thread_blocked, id=9672, stack(0x000000fc00900000,0x000000fc00a00000)]
  0x000002eacff45de0 JavaThread "Unconstrained build operations Thread 35" [_thread_blocked, id=14368, stack(0x000000fc00a00000,0x000000fc00b00000)]
  0x000002eacff3f8d0 JavaThread "Unconstrained build operations Thread 36" [_thread_blocked, id=15060, stack(0x000000fc00b00000,0x000000fc00c00000)]
  0x000002eacff40740 JavaThread "Unconstrained build operations Thread 37" [_thread_blocked, id=11276, stack(0x000000fc00c00000,0x000000fc00d00000)]
  0x000002eacff43c30 JavaThread "Unconstrained build operations Thread 38" [_thread_blocked, id=9516, stack(0x000000fc00d00000,0x000000fc00e00000)]
  0x000002eacff44f70 JavaThread "Unconstrained build operations Thread 39" [_thread_blocked, id=14840, stack(0x000000fc00e00000,0x000000fc00f00000)]
  0x000002eacff44100 JavaThread "Unconstrained build operations Thread 40" [_thread_blocked, id=5424, stack(0x000000fc00f00000,0x000000fc01000000)]
  0x000002eacff45910 JavaThread "Unconstrained build operations Thread 41" [_thread_blocked, id=13356, stack(0x000000fc01000000,0x000000fc01100000)]
  0x000002ead01b0510 JavaThread "Unconstrained build operations Thread 42" [_thread_blocked, id=8696, stack(0x000000fc01100000,0x000000fc01200000)]
  0x000002ead01ab340 JavaThread "Unconstrained build operations Thread 43" [_thread_blocked, id=6176, stack(0x000000fc01200000,0x000000fc01300000)]
  0x000002ead01b09e0 JavaThread "Unconstrained build operations Thread 44" [_thread_blocked, id=10688, stack(0x000000fc01300000,0x000000fc01400000)]
  0x000002ead01b1850 JavaThread "Unconstrained build operations Thread 45" [_thread_blocked, id=10644, stack(0x000000fc01400000,0x000000fc01500000)]
  0x000002ead01ae830 JavaThread "Unconstrained build operations Thread 46" [_thread_blocked, id=3288, stack(0x000000fc01500000,0x000000fc01600000)]
  0x000002ead01abce0 JavaThread "Unconstrained build operations Thread 47" [_thread_blocked, id=3576, stack(0x000000fc01600000,0x000000fc01700000)]
  0x000002ead01ad020 JavaThread "Unconstrained build operations Thread 48" [_thread_blocked, id=9420, stack(0x000000fc01700000,0x000000fc01800000)]
  0x000002ead01b0eb0 JavaThread "Unconstrained build operations Thread 49" [_thread_blocked, id=12688, stack(0x000000fc01800000,0x000000fc01900000)]
  0x000002ead01b1380 JavaThread "Unconstrained build operations Thread 50" [_thread_blocked, id=6900, stack(0x000000fc01900000,0x000000fc01a00000)]
  0x000002ead01ad9c0 JavaThread "Unconstrained build operations Thread 51" [_thread_blocked, id=9604, stack(0x000000fc01a00000,0x000000fc01b00000)]
  0x000002ead01b1d20 JavaThread "Unconstrained build operations Thread 52" [_thread_blocked, id=10132, stack(0x000000fc01b00000,0x000000fc01c00000)]
  0x000002ead01afb70 JavaThread "Unconstrained build operations Thread 53" [_thread_blocked, id=13524, stack(0x000000fc01c00000,0x000000fc01d00000)]
  0x000002ead01ac1b0 JavaThread "Unconstrained build operations Thread 54" [_thread_blocked, id=14712, stack(0x000000fc01d00000,0x000000fc01e00000)]
  0x000002ead01b0040 JavaThread "Unconstrained build operations Thread 55" [_thread_blocked, id=7028, stack(0x000000fc01e00000,0x000000fc01f00000)]
  0x000002ead01b21f0 JavaThread "Unconstrained build operations Thread 56" [_thread_blocked, id=5592, stack(0x000000fc01f00000,0x000000fc02000000)]
  0x000002ead01aae70 JavaThread "Unconstrained build operations Thread 57" [_thread_blocked, id=1708, stack(0x000000fc02000000,0x000000fc02100000)]
  0x000002ead01aed00 JavaThread "Unconstrained build operations Thread 58" [_thread_blocked, id=12964, stack(0x000000fc02100000,0x000000fc02200000)]
  0x000002ead01ad4f0 JavaThread "Unconstrained build operations Thread 59" [_thread_blocked, id=5404, stack(0x000000fc02200000,0x000000fc02300000)]
  0x000002ead01ade90 JavaThread "Unconstrained build operations Thread 60" [_thread_blocked, id=11688, stack(0x000000fc02300000,0x000000fc02400000)]
  0x000002ead01ae360 JavaThread "Unconstrained build operations Thread 61" [_thread_blocked, id=12384, stack(0x000000fc02400000,0x000000fc02500000)]
  0x000002ead01af1d0 JavaThread "Unconstrained build operations Thread 62" [_thread_blocked, id=14460, stack(0x000000fc02500000,0x000000fc02600000)]
  0x000002ead01af6a0 JavaThread "Unconstrained build operations Thread 63" [_thread_blocked, id=3732, stack(0x000000fc02600000,0x000000fc02700000)]
  0x000002ead01b26c0 JavaThread "Unconstrained build operations Thread 64" [_thread_blocked, id=13916, stack(0x000000fc02700000,0x000000fc02800000)]
  0x000002ead01ac680 JavaThread "Unconstrained build operations Thread 65" [_thread_blocked, id=636, stack(0x000000fc02800000,0x000000fc02900000)]
  0x000002ead01ab810 JavaThread "Unconstrained build operations Thread 66" [_thread_blocked, id=11068, stack(0x000000fc02900000,0x000000fc02a00000)]
  0x000002ead01acb50 JavaThread "Unconstrained build operations Thread 67" [_thread_blocked, id=3344, stack(0x000000fc02a00000,0x000000fc02b00000)]
  0x000002ead121a790 JavaThread "Unconstrained build operations Thread 68" [_thread_blocked, id=8988, stack(0x000000fc02b00000,0x000000fc02c00000)]
  0x000002ead1218ab0 JavaThread "Unconstrained build operations Thread 69" [_thread_blocked, id=14024, stack(0x000000fc02c00000,0x000000fc02d00000)]
  0x000002ead1218110 JavaThread "Unconstrained build operations Thread 70" [_thread_blocked, id=10648, stack(0x000000fc02d00000,0x000000fc02e00000)]
  0x000002ead12172a0 JavaThread "Unconstrained build operations Thread 71" [_thread_blocked, id=2328, stack(0x000000fc02e00000,0x000000fc02f00000)]
  0x000002ead1219920 JavaThread "Unconstrained build operations Thread 72" [_thread_blocked, id=7656, stack(0x000000fc02f00000,0x000000fc03000000)]
  0x000002ead121ac60 JavaThread "Unconstrained build operations Thread 73" [_thread_blocked, id=9808, stack(0x000000fc03000000,0x000000fc03100000)]
  0x000002ead121eaf0 JavaThread "Unconstrained build operations Thread 74" [_thread_blocked, id=10264, stack(0x000000fc03100000,0x000000fc03200000)]
  0x000002ead1218f80 JavaThread "Unconstrained build operations Thread 75" [_thread_blocked, id=9304, stack(0x000000fc03200000,0x000000fc03300000)]
  0x000002ead121bfa0 JavaThread "Unconstrained build operations Thread 76" [_thread_blocked, id=9188, stack(0x000000fc03300000,0x000000fc03400000)]
  0x000002ead1217770 JavaThread "Unconstrained build operations Thread 77" [_thread_blocked, id=10612, stack(0x000000fc03400000,0x000000fc03500000)]
  0x000002ead1219450 JavaThread "Unconstrained build operations Thread 78" [_thread_blocked, id=2020, stack(0x000000fc03500000,0x000000fc03600000)]
  0x000002ead1217c40 JavaThread "Unconstrained build operations Thread 79" [_thread_blocked, id=7428, stack(0x000000fc03600000,0x000000fc03700000)]
  0x000002ead121b600 JavaThread "Unconstrained build operations Thread 80" [_thread_blocked, id=7576, stack(0x000000fc03700000,0x000000fc03800000)]
  0x000002ead121b130 JavaThread "jar transforms Thread 6" [_thread_blocked, id=4904, stack(0x000000fc03800000,0x000000fc03900000)]
  0x000002ead12185e0 JavaThread "jar transforms Thread 7" [_thread_blocked, id=14048, stack(0x000000fc03900000,0x000000fc03a00000)]
  0x000002ead121d2e0 JavaThread "jar transforms Thread 8" [_thread_blocked, id=11188, stack(0x000000fc03a00000,0x000000fc03b00000)]
  0x000002ead121a2c0 JavaThread "build event listener" [_thread_blocked, id=12344, stack(0x000000fc03b00000,0x000000fc03c00000)]
  0x000002ead121bad0 JavaThread "Memory manager" [_thread_blocked, id=1224, stack(0x000000fc03c00000,0x000000fc03d00000)]
  0x000002eacedade30 JavaThread "included builds" [_thread_blocked, id=11080, stack(0x000000fc03d00000,0x000000fc03e00000)]
  0x000002eacedaeca0 JavaThread "Execution worker" [_thread_blocked, id=13168, stack(0x000000fc03e00000,0x000000fc03f00000)]
  0x000002eacedb0980 JavaThread "Execution worker Thread 2" [_thread_blocked, id=1736, stack(0x000000fc03f00000,0x000000fc04000000)]
  0x000002eacedaf170 JavaThread "Execution worker Thread 3" [_thread_blocked, id=11268, stack(0x000000fc04000000,0x000000fc04100000)]
  0x000002eacedac150 JavaThread "Execution worker Thread 4" [_thread_blocked, id=10192, stack(0x000000fc04100000,0x000000fc04200000)]
  0x000002eacedaf640 JavaThread "Execution worker Thread 5" [_thread_blocked, id=11236, stack(0x000000fc04200000,0x000000fc04300000)]
  0x000002eacedae7d0 JavaThread "Execution worker Thread 6" [_thread_blocked, id=11152, stack(0x000000fc04300000,0x000000fc04400000)]
  0x000002eacedacfc0 JavaThread "Execution worker Thread 7" [_thread_blocked, id=10944, stack(0x000000fc04400000,0x000000fc04500000)]
  0x000002eacedab2e0 JavaThread "Cache worker for execution history cache (C:\UserProfiles\pr120andreev\AndroidStudioProjects\praktMob\.gradle\8.0\executionHistory)" [_thread_blocked, id=12000, stack(0x000000fc04500000,0x000000fc04600000)]

Other Threads:
=>0x000002eac9c77730 VMThread "VM Thread" [stack: 0x000000fc7b300000,0x000000fc7b400000] [id=11516]
  0x000002eac9d9e520 WatcherThread [stack: 0x000000fc7bf00000,0x000000fc7c000000] [id=10620]
  0x000002eaaf590cd0 GCTaskThread "GC Thread#0" [stack: 0x000000fc7ae00000,0x000000fc7af00000] [id=5652]
  0x000002eacad8fcd0 GCTaskThread "GC Thread#1" [stack: 0x000000fc7c100000,0x000000fc7c200000] [id=12580]
  0x000002eaca7f2d60 GCTaskThread "GC Thread#2" [stack: 0x000000fc7c200000,0x000000fc7c300000] [id=8592]
  0x000002eaca7f3010 GCTaskThread "GC Thread#3" [stack: 0x000000fc7c300000,0x000000fc7c400000] [id=5984]
  0x000002eacac18ff0 GCTaskThread "GC Thread#4" [stack: 0x000000fc7c400000,0x000000fc7c500000] [id=10440]
  0x000002eaca956740 GCTaskThread "GC Thread#5" [stack: 0x000000fc7c500000,0x000000fc7c600000] [id=3932]
  0x000002eacb6b3050 GCTaskThread "GC Thread#6" [stack: 0x000000fc7d100000,0x000000fc7d200000] [id=11248]
  0x000002eacb6b3300 GCTaskThread "GC Thread#7" [stack: 0x000000fc7d200000,0x000000fc7d300000] [id=12116]
  0x000002eaaf5a2b30 ConcurrentGCThread "G1 Main Marker" [stack: 0x000000fc7af00000,0x000000fc7b000000] [id=8844]
  0x000002eaaf5a3450 ConcurrentGCThread "G1 Conc#0" [stack: 0x000000fc7b000000,0x000000fc7b100000] [id=1848]
  0x000002eacb6b35b0 ConcurrentGCThread "G1 Conc#1" [stack: 0x000000fc7d300000,0x000000fc7d400000] [id=4528]
  0x000002eac914c5b0 ConcurrentGCThread "G1 Refine#0" [stack: 0x000000fc7b100000,0x000000fc7b200000] [id=6912]
  0x000002eacc961c30 ConcurrentGCThread "G1 Refine#1" [stack: 0x000000fc7e100000,0x000000fc7e200000] [id=11876]
  0x000002eac914cee0 ConcurrentGCThread "G1 Service" [stack: 0x000000fc7b200000,0x000000fc7b300000] [id=14264]

Threads with active compile tasks:
C2 CompilerThread0     6911 10097       4       org.gradle.internal.component.external.model.LazyVariantBackedConfigurationMetadata$RuleAwareVariant::getAttributes (40 bytes)
C1 CompilerThread0     6911 10380       1       org.gradle.internal.execution.UnitOfWork$InputFileValueSupplier::getLineEndingNormalization (5 bytes)
C2 CompilerThread1     6911 10006       4       org.gradle.api.internal.attributes.DefaultImmutableAttributesFactory::concat (46 bytes)
C2 CompilerThread2     6911 10099       4       java.util.stream.AbstractPipeline::<init> (91 bytes)

VM state: at safepoint (normal execution)

VM Mutex/Monitor currently owned by a thread:  ([mutex/lock_event])
[0x000002eaad49d880] Threads_lock - owner thread: 0x000002eac9c77730
[0x000002eaad49e960] Heap_lock - owner thread: 0x000002eaaf525490

Heap address: 0x0000000080000000, size: 2048 MB, Compressed Oops mode: 32-bit

CDS archive(s) not mapped
Compressed class space mapped at: 0x0000000100000000-0x0000000140000000, reserved size: 1073741824
Narrow klass base: 0x0000000000000000, Narrow klass shift: 3, Narrow klass range: 0x140000000

GC Precious Log:
 CPUs: 8 total, 8 available
 Memory: 16303M
 Large Page Support: Disabled
 NUMA Support: Disabled
 Compressed Oops: Enabled (32-bit)
 Heap Region Size: 1M
 Heap Min Capacity: 8M
 Heap Initial Capacity: 256M
 Heap Max Capacity: 2G
 Pre-touch: Disabled
 Parallel Workers: 8
 Concurrent Workers: 2
 Concurrent Refinement Workers: 8
 Periodic GC: Disabled

Heap:
 garbage-first heap   total 262144K, used 89352K [0x0000000080000000, 0x0000000100000000)
  region size 1024K, 6 young (6144K), 6 survivors (6144K)
 Metaspace       used 94832K, committed 95488K, reserved 1138688K
  class space    used 13035K, committed 13312K, reserved 1048576K

Heap Regions: E=young(eden), S=young(survivor), O=old, HS=humongous(starts), HC=humongous(continues), CS=collection set, F=free, OA=open archive, CA=closed archive, TAMS=top-at-mark-start (previous, next)
|   0|0x0000000080000000, 0x0000000080100000, 0x0000000080100000|100%|HS|  |TAMS 0x0000000080100000, 0x0000000080100000| Complete 
|   1|0x0000000080100000, 0x0000000080200000, 0x0000000080200000|100%|HC|  |TAMS 0x0000000080200000, 0x0000000080200000| Complete 
|   2|0x0000000080200000, 0x0000000080300000, 0x0000000080300000|100%|HC|  |TAMS 0x0000000080300000, 0x0000000080300000| Complete 
|   3|0x0000000080300000, 0x0000000080400000, 0x0000000080400000|100%|HC|  |TAMS 0x0000000080400000, 0x0000000080400000| Complete 
|   4|0x0000000080400000, 0x0000000080500000, 0x0000000080500000|100%| O|  |TAMS 0x0000000080500000, 0x0000000080500000| Untracked 
|   5|0x0000000080500000, 0x0000000080600000, 0x0000000080600000|100%| O|  |TAMS 0x0000000080600000, 0x0000000080600000| Untracked 
|   6|0x0000000080600000, 0x0000000080700000, 0x0000000080700000|100%| O|  |TAMS 0x0000000080700000, 0x0000000080700000| Untracked 
|   7|0x0000000080700000, 0x0000000080800000, 0x0000000080800000|100%| O|  |TAMS 0x0000000080800000, 0x0000000080800000| Untracked 
|   8|0x0000000080800000, 0x0000000080900000, 0x0000000080900000|100%| O|  |TAMS 0x0000000080900000, 0x0000000080900000| Untracked 
|   9|0x0000000080900000, 0x0000000080a00000, 0x0000000080a00000|100%| O|  |TAMS 0x0000000080a00000, 0x0000000080a00000| Untracked 
|  10|0x0000000080a00000, 0x0000000080b00000, 0x0000000080b00000|100%| O|  |TAMS 0x0000000080b00000, 0x0000000080b00000| Untracked 
|  11|0x0000000080b00000, 0x0000000080c00000, 0x0000000080c00000|100%| O|  |TAMS 0x0000000080c00000, 0x0000000080c00000| Untracked 
|  12|0x0000000080c00000, 0x0000000080d00000, 0x0000000080d00000|100%| O|  |TAMS 0x0000000080d00000, 0x0000000080d00000| Untracked 
|  13|0x0000000080d00000, 0x0000000080e00000, 0x0000000080e00000|100%| O|  |TAMS 0x0000000080e00000, 0x0000000080e00000| Untracked 
|  14|0x0000000080e00000, 0x0000000080f00000, 0x0000000080f00000|100%| O|  |TAMS 0x0000000080f00000, 0x0000000080f00000| Untracked 
|  15|0x0000000080f00000, 0x0000000081000000, 0x0000000081000000|100%| O|  |TAMS 0x0000000081000000, 0x0000000081000000| Untracked 
|  16|0x0000000081000000, 0x0000000081100000, 0x0000000081100000|100%| O|  |TAMS 0x0000000081100000, 0x0000000081100000| Untracked 
|  17|0x0000000081100000, 0x0000000081200000, 0x0000000081200000|100%| O|  |TAMS 0x0000000081200000, 0x0000000081200000| Untracked 
|  18|0x0000000081200000, 0x0000000081300000, 0x0000000081300000|100%| O|  |TAMS 0x0000000081300000, 0x0000000081300000| Untracked 
|  19|0x0000000081300000, 0x0000000081400000, 0x0000000081400000|100%| O|  |TAMS 0x0000000081400000, 0x0000000081400000| Untracked 
|  20|0x0000000081400000, 0x0000000081500000, 0x0000000081500000|100%| O|  |TAMS 0x0000000081500000, 0x0000000081500000| Untracked 
|  21|0x0000000081500000, 0x0000000081600000, 0x0000000081600000|100%| O|  |TAMS 0x0000000081600000, 0x0000000081600000| Untracked 
|  22|0x0000000081600000, 0x0000000081700000, 0x0000000081700000|100%| O|  |TAMS 0x0000000081700000, 0x0000000081700000| Untracked 
|  23|0x0000000081700000, 0x0000000081800000, 0x0000000081800000|100%| O|  |TAMS 0x0000000081800000, 0x0000000081800000| Untracked 
|  24|0x0000000081800000, 0x0000000081900000, 0x0000000081900000|100%| O|  |TAMS 0x0000000081900000, 0x0000000081900000| Untracked 
|  25|0x0000000081900000, 0x0000000081a00000, 0x0000000081a00000|100%| O|  |TAMS 0x0000000081a00000, 0x0000000081a00000| Untracked 
|  26|0x0000000081a00000, 0x0000000081b00000, 0x0000000081b00000|100%| O|  |TAMS 0x0000000081b00000, 0x0000000081b00000| Untracked 
|  27|0x0000000081b00000, 0x0000000081c00000, 0x0000000081c00000|100%| O|  |TAMS 0x0000000081c00000, 0x0000000081c00000| Untracked 
|  28|0x0000000081c00000, 0x0000000081d00000, 0x0000000081d00000|100%| O|  |TAMS 0x0000000081d00000, 0x0000000081d00000| Untracked 
|  29|0x0000000081d00000, 0x0000000081e00000, 0x0000000081e00000|100%| O|  |TAMS 0x0000000081e00000, 0x0000000081e00000| Untracked 
|  30|0x0000000081e00000, 0x0000000081f00000, 0x0000000081f00000|100%| O|  |TAMS 0x0000000081f00000, 0x0000000081f00000| Untracked 
|  31|0x0000000081f00000, 0x0000000082000000, 0x0000000082000000|100%| O|  |TAMS 0x0000000082000000, 0x0000000082000000| Untracked 
|  32|0x0000000082000000, 0x0000000082100000, 0x0000000082100000|100%|HS|  |TAMS 0x0000000082100000, 0x0000000082100000| Complete 
|  33|0x0000000082100000, 0x0000000082200000, 0x0000000082200000|100%|HS|  |TAMS 0x0000000082200000, 0x0000000082200000| Complete 
|  34|0x0000000082200000, 0x0000000082300000, 0x0000000082300000|100%|HS|  |TAMS 0x0000000082300000, 0x0000000082300000| Complete 
|  35|0x0000000082300000, 0x0000000082400000, 0x0000000082400000|100%|HC|  |TAMS 0x0000000082400000, 0x0000000082400000| Complete 
|  36|0x0000000082400000, 0x0000000082500000, 0x0000000082500000|100%|HS|  |TAMS 0x0000000082500000, 0x0000000082500000| Complete 
|  37|0x0000000082500000, 0x0000000082600000, 0x0000000082600000|100%| O|  |TAMS 0x0000000082600000, 0x0000000082600000| Untracked 
|  38|0x0000000082600000, 0x0000000082700000, 0x0000000082700000|100%| O|  |TAMS 0x0000000082700000, 0x0000000082700000| Untracked 
|  39|0x0000000082700000, 0x0000000082800000, 0x0000000082800000|100%| O|  |TAMS 0x0000000082800000, 0x0000000082800000| Untracked 
|  40|0x0000000082800000, 0x0000000082900000, 0x0000000082900000|100%| O|  |TAMS 0x0000000082900000, 0x0000000082900000| Untracked 
|  41|0x0000000082900000, 0x0000000082a00000, 0x0000000082a00000|100%| O|  |TAMS 0x0000000082a00000, 0x0000000082a00000| Untracked 
|  42|0x0000000082a00000, 0x0000000082b00000, 0x0000000082b00000|100%|HS|  |TAMS 0x0000000082b00000, 0x0000000082b00000| Complete 
|  43|0x0000000082b00000, 0x0000000082c00000, 0x0000000082c00000|100%|HC|  |TAMS 0x0000000082c00000, 0x0000000082c00000| Complete 
|  44|0x0000000082c00000, 0x0000000082d00000, 0x0000000082d00000|100%|HC|  |TAMS 0x0000000082d00000, 0x0000000082d00000| Complete 
|  45|0x0000000082d00000, 0x0000000082e00000, 0x0000000082e00000|100%|HC|  |TAMS 0x0000000082e00000, 0x0000000082e00000| Complete 
|  46|0x0000000082e00000, 0x0000000082f00000, 0x0000000082f00000|100%| O|  |TAMS 0x0000000082f00000, 0x0000000082f00000| Untracked 
|  47|0x0000000082f00000, 0x0000000083000000, 0x0000000083000000|100%| O|  |TAMS 0x0000000083000000, 0x0000000083000000| Untracked 
|  48|0x0000000083000000, 0x0000000083000000, 0x0000000083100000|  0%| F|  |TAMS 0x0000000083000000, 0x0000000083000000| Untracked 
|  49|0x0000000083100000, 0x0000000083200000, 0x0000000083200000|100%| O|  |TAMS 0x0000000083200000, 0x0000000083200000| Untracked 
|  50|0x0000000083200000, 0x0000000083300000, 0x0000000083300000|100%| O|  |TAMS 0x0000000083300000, 0x0000000083300000| Untracked 
|  51|0x0000000083300000, 0x0000000083400000, 0x0000000083400000|100%| O|  |TAMS 0x0000000083400000, 0x0000000083400000| Untracked 
|  52|0x0000000083400000, 0x0000000083500000, 0x0000000083500000|100%| O|  |TAMS 0x0000000083500000, 0x0000000083500000| Untracked 
|  53|0x0000000083500000, 0x0000000083600000, 0x0000000083600000|100%| O|  |TAMS 0x0000000083600000, 0x0000000083600000| Untracked 
|  54|0x0000000083600000, 0x0000000083700000, 0x0000000083700000|100%| O|  |TAMS 0x0000000083700000, 0x0000000083700000| Untracked 
|  55|0x0000000083700000, 0x0000000083800000, 0x0000000083800000|100%| O|  |TAMS 0x0000000083800000, 0x0000000083800000| Untracked 
|  56|0x0000000083800000, 0x0000000083900000, 0x0000000083900000|100%| O|  |TAMS 0x0000000083900000, 0x0000000083900000| Untracked 
|  57|0x0000000083900000, 0x0000000083a00000, 0x0000000083a00000|100%| O|  |TAMS 0x0000000083a00000, 0x0000000083a00000| Untracked 
|  58|0x0000000083a00000, 0x0000000083b00000, 0x0000000083b00000|100%| O|  |TAMS 0x0000000083a00000, 0x0000000083b00000| Untracked 
|  59|0x0000000083b00000, 0x0000000083c00000, 0x0000000083c00000|100%| O|  |TAMS 0x0000000083c00000, 0x0000000083c00000| Untracked 
|  60|0x0000000083c00000, 0x0000000083d00000, 0x0000000083d00000|100%| O|  |TAMS 0x0000000083d00000, 0x0000000083d00000| Untracked 
|  61|0x0000000083d00000, 0x0000000083e00000, 0x0000000083e00000|100%| O|  |TAMS 0x0000000083e00000, 0x0000000083e00000| Untracked 
|  62|0x0000000083e00000, 0x0000000083f00000, 0x0000000083f00000|100%| O|  |TAMS 0x0000000083f00000, 0x0000000083f00000| Untracked 
|  63|0x0000000083f00000, 0x0000000084000000, 0x0000000084000000|100%| O|  |TAMS 0x0000000084000000, 0x0000000084000000| Untracked 
|  64|0x0000000084000000, 0x0000000084100000, 0x0000000084100000|100%| O|  |TAMS 0x0000000084100000, 0x0000000084100000| Untracked 
|  65|0x0000000084100000, 0x0000000084200000, 0x0000000084200000|100%| O|  |TAMS 0x0000000084200000, 0x0000000084200000| Untracked 
|  66|0x0000000084200000, 0x0000000084300000, 0x0000000084300000|100%| O|  |TAMS 0x0000000084300000, 0x0000000084300000| Untracked 
|  67|0x0000000084300000, 0x0000000084400000, 0x0000000084400000|100%| O|  |TAMS 0x0000000084400000, 0x0000000084400000| Untracked 
|  68|0x0000000084400000, 0x0000000084500000, 0x0000000084500000|100%| O|  |TAMS 0x0000000084500000, 0x0000000084500000| Untracked 
|  69|0x0000000084500000, 0x0000000084600000, 0x0000000084600000|100%| O|  |TAMS 0x0000000084571600, 0x0000000084600000| Untracked 
|  70|0x0000000084600000, 0x0000000084700000, 0x0000000084700000|100%| O|  |TAMS 0x0000000084600000, 0x0000000084700000| Untracked 
|  71|0x0000000084700000, 0x0000000084800000, 0x0000000084800000|100%| O|  |TAMS 0x0000000084700000, 0x0000000084800000| Untracked 
|  72|0x0000000084800000, 0x0000000084900000, 0x0000000084900000|100%| O|  |TAMS 0x0000000084800000, 0x0000000084900000| Untracked 
|  73|0x0000000084900000, 0x0000000084a00000, 0x0000000084a00000|100%| O|  |TAMS 0x0000000084900000, 0x0000000084a00000| Untracked 
|  74|0x0000000084a00000, 0x0000000084b00000, 0x0000000084b00000|100%| O|  |TAMS 0x0000000084a00000, 0x0000000084b00000| Untracked 
|  75|0x0000000084b00000, 0x0000000084c00000, 0x0000000084c00000|100%| O|  |TAMS 0x0000000084b00000, 0x0000000084c00000| Untracked 
|  76|0x0000000084c00000, 0x0000000084d00000, 0x0000000084d00000|100%| O|  |TAMS 0x0000000084c00000, 0x0000000084d00000| Untracked 
|  77|0x0000000084d00000, 0x0000000084e00000, 0x0000000084e00000|100%| O|  |TAMS 0x0000000084d00000, 0x0000000084e00000| Untracked 
|  78|0x0000000084e00000, 0x0000000084f00000, 0x0000000084f00000|100%| O|  |TAMS 0x0000000084e00000, 0x0000000084f00000| Untracked 
|  79|0x0000000084f00000, 0x0000000085000000, 0x0000000085000000|100%| O|  |TAMS 0x0000000084f00000, 0x0000000085000000| Untracked 
|  80|0x0000000085000000, 0x0000000085100000, 0x0000000085100000|100%| O|  |TAMS 0x0000000085000000, 0x0000000085100000| Untracked 
|  81|0x0000000085100000, 0x0000000085200000, 0x0000000085200000|100%| O|  |TAMS 0x0000000085100000, 0x0000000085200000| Untracked 
|  82|0x0000000085200000, 0x00000000852f9800, 0x0000000085300000| 97%| O|  |TAMS 0x0000000085200000, 0x00000000852f9800| Untracked 
|  83|0x0000000085300000, 0x0000000085300000, 0x0000000085400000|  0%| F|  |TAMS 0x0000000085300000, 0x0000000085300000| Untracked 
|  84|0x0000000085400000, 0x0000000085400000, 0x0000000085500000|  0%| F|  |TAMS 0x0000000085400000, 0x0000000085400000| Untracked 
|  85|0x0000000085500000, 0x0000000085500000, 0x0000000085600000|  0%| F|  |TAMS 0x0000000085500000, 0x0000000085500000| Untracked 
|  86|0x0000000085600000, 0x0000000085600000, 0x0000000085700000|  0%| F|  |TAMS 0x0000000085600000, 0x0000000085600000| Untracked 
|  87|0x0000000085700000, 0x0000000085700000, 0x0000000085800000|  0%| F|  |TAMS 0x0000000085700000, 0x0000000085700000| Untracked 
|  88|0x0000000085800000, 0x0000000085800000, 0x0000000085900000|  0%| F|  |TAMS 0x0000000085800000, 0x0000000085800000| Untracked 
|  89|0x0000000085900000, 0x0000000085900000, 0x0000000085a00000|  0%| F|  |TAMS 0x0000000085900000, 0x0000000085900000| Untracked 
|  90|0x0000000085a00000, 0x0000000085a00000, 0x0000000085b00000|  0%| F|  |TAMS 0x0000000085a00000, 0x0000000085a00000| Untracked 
|  91|0x0000000085b00000, 0x0000000085b00000, 0x0000000085c00000|  0%| F|  |TAMS 0x0000000085b00000, 0x0000000085b00000| Untracked 
|  92|0x0000000085c00000, 0x0000000085c00000, 0x0000000085d00000|  0%| F|  |TAMS 0x0000000085c00000, 0x0000000085c00000| Untracked 
|  93|0x0000000085d00000, 0x0000000085d00000, 0x0000000085e00000|  0%| F|  |TAMS 0x0000000085d00000, 0x0000000085d00000| Untracked 
|  94|0x0000000085e00000, 0x0000000085e00000, 0x0000000085f00000|  0%| F|  |TAMS 0x0000000085e00000, 0x0000000085e00000| Untracked 
|  95|0x0000000085f00000, 0x0000000085f00000, 0x0000000086000000|  0%| F|  |TAMS 0x0000000085f00000, 0x0000000085f00000| Untracked 
|  96|0x0000000086000000, 0x0000000086000000, 0x0000000086100000|  0%| F|  |TAMS 0x0000000086000000, 0x0000000086000000| Untracked 
|  97|0x0000000086100000, 0x0000000086100000, 0x0000000086200000|  0%| F|  |TAMS 0x0000000086100000, 0x0000000086100000| Untracked 
|  98|0x0000000086200000, 0x0000000086200000, 0x0000000086300000|  0%| F|  |TAMS 0x0000000086200000, 0x0000000086200000| Untracked 
|  99|0x0000000086300000, 0x0000000086300000, 0x0000000086400000|  0%| F|  |TAMS 0x0000000086300000, 0x0000000086300000| Untracked 
| 100|0x0000000086400000, 0x0000000086400000, 0x0000000086500000|  0%| F|  |TAMS 0x0000000086400000, 0x0000000086400000| Untracked 
| 101|0x0000000086500000, 0x0000000086500000, 0x0000000086600000|  0%| F|  |TAMS 0x0000000086500000, 0x0000000086500000| Untracked 
| 102|0x0000000086600000, 0x0000000086600000, 0x0000000086700000|  0%| F|  |TAMS 0x0000000086600000, 0x0000000086600000| Untracked 
| 103|0x0000000086700000, 0x0000000086700000, 0x0000000086800000|  0%| F|  |TAMS 0x0000000086700000, 0x0000000086700000| Untracked 
| 104|0x0000000086800000, 0x0000000086800000, 0x0000000086900000|  0%| F|  |TAMS 0x0000000086800000, 0x0000000086800000| Untracked 
| 105|0x0000000086900000, 0x0000000086900000, 0x0000000086a00000|  0%| F|  |TAMS 0x0000000086900000, 0x0000000086900000| Untracked 
| 106|0x0000000086a00000, 0x0000000086a00000, 0x0000000086b00000|  0%| F|  |TAMS 0x0000000086a00000, 0x0000000086a00000| Untracked 
| 107|0x0000000086b00000, 0x0000000086b00000, 0x0000000086c00000|  0%| F|  |TAMS 0x0000000086b00000, 0x0000000086b00000| Untracked 
| 108|0x0000000086c00000, 0x0000000086c00000, 0x0000000086d00000|  0%| F|  |TAMS 0x0000000086c00000, 0x0000000086c00000| Untracked 
| 109|0x0000000086d00000, 0x0000000086d00000, 0x0000000086e00000|  0%| F|  |TAMS 0x0000000086d00000, 0x0000000086d00000| Untracked 
| 110|0x0000000086e00000, 0x0000000086e48810, 0x0000000086f00000| 28%| S|CS|TAMS 0x0000000086e00000, 0x0000000086e00000| Complete 
| 111|0x0000000086f00000, 0x0000000087000000, 0x0000000087000000|100%| S|CS|TAMS 0x0000000086f00000, 0x0000000086f00000| Complete 
| 112|0x0000000087000000, 0x0000000087100000, 0x0000000087100000|100%| S|CS|TAMS 0x0000000087000000, 0x0000000087000000| Complete 
| 113|0x0000000087100000, 0x0000000087200000, 0x0000000087200000|100%| S|CS|TAMS 0x0000000087100000, 0x0000000087100000| Complete 
| 114|0x0000000087200000, 0x0000000087300000, 0x0000000087300000|100%| S|CS|TAMS 0x0000000087200000, 0x0000000087200000| Complete 
| 115|0x0000000087300000, 0x0000000087400000, 0x0000000087400000|100%| S|CS|TAMS 0x0000000087300000, 0x0000000087300000| Complete 
| 116|0x0000000087400000, 0x0000000087400000, 0x0000000087500000|  0%| F|  |TAMS 0x0000000087400000, 0x0000000087400000| Untracked 
| 117|0x0000000087500000, 0x0000000087500000, 0x0000000087600000|  0%| F|  |TAMS 0x0000000087500000, 0x0000000087500000| Untracked 
| 118|0x0000000087600000, 0x0000000087600000, 0x0000000087700000|  0%| F|  |TAMS 0x0000000087600000, 0x0000000087600000| Untracked 
| 119|0x0000000087700000, 0x0000000087700000, 0x0000000087800000|  0%| F|  |TAMS 0x0000000087700000, 0x0000000087700000| Untracked 
| 120|0x0000000087800000, 0x0000000087800000, 0x0000000087900000|  0%| F|  |TAMS 0x0000000087800000, 0x0000000087800000| Untracked 
| 121|0x0000000087900000, 0x0000000087900000, 0x0000000087a00000|  0%| F|  |TAMS 0x0000000087900000, 0x0000000087900000| Untracked 
| 122|0x0000000087a00000, 0x0000000087a00000, 0x0000000087b00000|  0%| F|  |TAMS 0x0000000087a00000, 0x0000000087a00000| Untracked 
| 123|0x0000000087b00000, 0x0000000087b00000, 0x0000000087c00000|  0%| F|  |TAMS 0x0000000087b00000, 0x0000000087b00000| Untracked 
| 124|0x0000000087c00000, 0x0000000087c00000, 0x0000000087d00000|  0%| F|  |TAMS 0x0000000087c00000, 0x0000000087c00000| Untracked 
| 125|0x0000000087d00000, 0x0000000087d00000, 0x0000000087e00000|  0%| F|  |TAMS 0x0000000087d00000, 0x0000000087d00000| Untracked 
| 126|0x0000000087e00000, 0x0000000087e00000, 0x0000000087f00000|  0%| F|  |TAMS 0x0000000087e00000, 0x0000000087e00000| Untracked 
| 127|0x0000000087f00000, 0x0000000087f00000, 0x0000000088000000|  0%| F|  |TAMS 0x0000000087f00000, 0x0000000087f00000| Untracked 
| 128|0x0000000088000000, 0x0000000088000000, 0x0000000088100000|  0%| F|  |TAMS 0x0000000088000000, 0x0000000088000000| Untracked 
| 129|0x0000000088100000, 0x0000000088100000, 0x0000000088200000|  0%| F|  |TAMS 0x0000000088100000, 0x0000000088100000| Untracked 
| 130|0x0000000088200000, 0x0000000088200000, 0x0000000088300000|  0%| F|  |TAMS 0x0000000088200000, 0x0000000088200000| Untracked 
| 131|0x0000000088300000, 0x0000000088300000, 0x0000000088400000|  0%| F|  |TAMS 0x0000000088300000, 0x0000000088300000| Untracked 
| 132|0x0000000088400000, 0x0000000088400000, 0x0000000088500000|  0%| F|  |TAMS 0x0000000088400000, 0x0000000088400000| Untracked 
| 133|0x0000000088500000, 0x0000000088500000, 0x0000000088600000|  0%| F|  |TAMS 0x0000000088500000, 0x0000000088500000| Untracked 
| 134|0x0000000088600000, 0x0000000088600000, 0x0000000088700000|  0%| F|  |TAMS 0x0000000088600000, 0x0000000088600000| Untracked 
| 135|0x0000000088700000, 0x0000000088700000, 0x0000000088800000|  0%| F|  |TAMS 0x0000000088700000, 0x0000000088700000| Untracked 
| 136|0x0000000088800000, 0x0000000088800000, 0x0000000088900000|  0%| F|  |TAMS 0x0000000088800000, 0x0000000088800000| Untracked 
| 137|0x0000000088900000, 0x0000000088900000, 0x0000000088a00000|  0%| F|  |TAMS 0x0000000088900000, 0x0000000088900000| Untracked 
| 138|0x0000000088a00000, 0x0000000088a00000, 0x0000000088b00000|  0%| F|  |TAMS 0x0000000088a00000, 0x0000000088a00000| Untracked 
| 139|0x0000000088b00000, 0x0000000088b00000, 0x0000000088c00000|  0%| F|  |TAMS 0x0000000088b00000, 0x0000000088b00000| Untracked 
| 140|0x0000000088c00000, 0x0000000088c00000, 0x0000000088d00000|  0%| F|  |TAMS 0x0000000088c00000, 0x0000000088c00000| Untracked 
| 141|0x0000000088d00000, 0x0000000088d00000, 0x0000000088e00000|  0%| F|  |TAMS 0x0000000088d00000, 0x0000000088d00000| Untracked 
| 142|0x0000000088e00000, 0x0000000088e00000, 0x0000000088f00000|  0%| F|  |TAMS 0x0000000088e00000, 0x0000000088e00000| Untracked 
| 143|0x0000000088f00000, 0x0000000088f00000, 0x0000000089000000|  0%| F|  |TAMS 0x0000000088f00000, 0x0000000088f00000| Untracked 
| 144|0x0000000089000000, 0x0000000089000000, 0x0000000089100000|  0%| F|  |TAMS 0x0000000089000000, 0x0000000089000000| Untracked 
| 145|0x0000000089100000, 0x0000000089100000, 0x0000000089200000|  0%| F|  |TAMS 0x0000000089100000, 0x0000000089100000| Untracked 
| 146|0x0000000089200000, 0x0000000089200000, 0x0000000089300000|  0%| F|  |TAMS 0x0000000089200000, 0x0000000089200000| Untracked 
| 147|0x0000000089300000, 0x0000000089300000, 0x0000000089400000|  0%| F|  |TAMS 0x0000000089300000, 0x0000000089300000| Untracked 
| 148|0x0000000089400000, 0x0000000089400000, 0x0000000089500000|  0%| F|  |TAMS 0x0000000089400000, 0x0000000089400000| Untracked 
| 149|0x0000000089500000, 0x0000000089500000, 0x0000000089600000|  0%| F|  |TAMS 0x0000000089500000, 0x0000000089500000| Untracked 
| 150|0x0000000089600000, 0x0000000089600000, 0x0000000089700000|  0%| F|  |TAMS 0x0000000089600000, 0x0000000089600000| Untracked 
| 151|0x0000000089700000, 0x0000000089700000, 0x0000000089800000|  0%| F|  |TAMS 0x0000000089700000, 0x0000000089700000| Untracked 
| 152|0x0000000089800000, 0x0000000089800000, 0x0000000089900000|  0%| F|  |TAMS 0x0000000089800000, 0x0000000089800000| Untracked 
| 153|0x0000000089900000, 0x0000000089900000, 0x0000000089a00000|  0%| F|  |TAMS 0x0000000089900000, 0x0000000089900000| Untracked 
| 154|0x0000000089a00000, 0x0000000089a00000, 0x0000000089b00000|  0%| F|  |TAMS 0x0000000089a00000, 0x0000000089a00000| Untracked 
| 155|0x0000000089b00000, 0x0000000089b00000, 0x0000000089c00000|  0%| F|  |TAMS 0x0000000089b00000, 0x0000000089b00000| Untracked 
| 156|0x0000000089c00000, 0x0000000089c00000, 0x0000000089d00000|  0%| F|  |TAMS 0x0000000089c00000, 0x0000000089c00000| Untracked 
| 157|0x0000000089d00000, 0x0000000089d00000, 0x0000000089e00000|  0%| F|  |TAMS 0x0000000089d00000, 0x0000000089d00000| Untracked 
| 158|0x0000000089e00000, 0x0000000089e00000, 0x0000000089f00000|  0%| F|  |TAMS 0x0000000089e00000, 0x0000000089e00000| Untracked 
| 159|0x0000000089f00000, 0x0000000089f00000, 0x000000008a000000|  0%| F|  |TAMS 0x0000000089f00000, 0x0000000089f00000| Untracked 
| 160|0x000000008a000000, 0x000000008a000000, 0x000000008a100000|  0%| F|  |TAMS 0x000000008a000000, 0x000000008a000000| Untracked 
| 161|0x000000008a100000, 0x000000008a100000, 0x000000008a200000|  0%| F|  |TAMS 0x000000008a100000, 0x000000008a100000| Untracked 
| 162|0x000000008a200000, 0x000000008a200000, 0x000000008a300000|  0%| F|  |TAMS 0x000000008a200000, 0x000000008a200000| Untracked 
| 163|0x000000008a300000, 0x000000008a300000, 0x000000008a400000|  0%| F|  |TAMS 0x000000008a300000, 0x000000008a300000| Untracked 
| 164|0x000000008a400000, 0x000000008a400000, 0x000000008a500000|  0%| F|  |TAMS 0x000000008a400000, 0x000000008a400000| Untracked 
| 165|0x000000008a500000, 0x000000008a500000, 0x000000008a600000|  0%| F|  |TAMS 0x000000008a500000, 0x000000008a500000| Untracked 
| 166|0x000000008a600000, 0x000000008a600000, 0x000000008a700000|  0%| F|  |TAMS 0x000000008a600000, 0x000000008a600000| Untracked 
| 167|0x000000008a700000, 0x000000008a700000, 0x000000008a800000|  0%| F|  |TAMS 0x000000008a700000, 0x000000008a700000| Untracked 
| 168|0x000000008a800000, 0x000000008a800000, 0x000000008a900000|  0%| F|  |TAMS 0x000000008a800000, 0x000000008a800000| Untracked 
| 169|0x000000008a900000, 0x000000008a900000, 0x000000008aa00000|  0%| F|  |TAMS 0x000000008a900000, 0x000000008a900000| Untracked 
| 170|0x000000008aa00000, 0x000000008aa00000, 0x000000008ab00000|  0%| F|  |TAMS 0x000000008aa00000, 0x000000008aa00000| Untracked 
| 171|0x000000008ab00000, 0x000000008ab00000, 0x000000008ac00000|  0%| F|  |TAMS 0x000000008ab00000, 0x000000008ab00000| Untracked 
| 172|0x000000008ac00000, 0x000000008ac00000, 0x000000008ad00000|  0%| F|  |TAMS 0x000000008ac00000, 0x000000008ac00000| Untracked 
| 173|0x000000008ad00000, 0x000000008ad00000, 0x000000008ae00000|  0%| F|  |TAMS 0x000000008ad00000, 0x000000008ad00000| Untracked 
| 174|0x000000008ae00000, 0x000000008ae00000, 0x000000008af00000|  0%| F|  |TAMS 0x000000008ae00000, 0x000000008ae00000| Untracked 
| 175|0x000000008af00000, 0x000000008af00000, 0x000000008b000000|  0%| F|  |TAMS 0x000000008af00000, 0x000000008af00000| Untracked 
| 176|0x000000008b000000, 0x000000008b000000, 0x000000008b100000|  0%| F|  |TAMS 0x000000008b000000, 0x000000008b000000| Untracked 
| 177|0x000000008b100000, 0x000000008b100000, 0x000000008b200000|  0%| F|  |TAMS 0x000000008b100000, 0x000000008b100000| Untracked 
| 178|0x000000008b200000, 0x000000008b200000, 0x000000008b300000|  0%| F|  |TAMS 0x000000008b200000, 0x000000008b200000| Untracked 
| 179|0x000000008b300000, 0x000000008b300000, 0x000000008b400000|  0%| F|  |TAMS 0x000000008b300000, 0x000000008b300000| Untracked 
| 180|0x000000008b400000, 0x000000008b400000, 0x000000008b500000|  0%| F|  |TAMS 0x000000008b400000, 0x000000008b400000| Untracked 
| 181|0x000000008b500000, 0x000000008b500000, 0x000000008b600000|  0%| F|  |TAMS 0x000000008b500000, 0x000000008b500000| Untracked 
| 182|0x000000008b600000, 0x000000008b600000, 0x000000008b700000|  0%| F|  |TAMS 0x000000008b600000, 0x000000008b600000| Untracked 
| 183|0x000000008b700000, 0x000000008b700000, 0x000000008b800000|  0%| F|  |TAMS 0x000000008b700000, 0x000000008b700000| Untracked 
| 184|0x000000008b800000, 0x000000008b800000, 0x000000008b900000|  0%| F|  |TAMS 0x000000008b800000, 0x000000008b800000| Untracked 
| 185|0x000000008b900000, 0x000000008b900000, 0x000000008ba00000|  0%| F|  |TAMS 0x000000008b900000, 0x000000008b900000| Untracked 
| 186|0x000000008ba00000, 0x000000008ba00000, 0x000000008bb00000|  0%| F|  |TAMS 0x000000008ba00000, 0x000000008ba00000| Untracked 
| 187|0x000000008bb00000, 0x000000008bb00000, 0x000000008bc00000|  0%| F|  |TAMS 0x000000008bb00000, 0x000000008bb00000| Untracked 
| 188|0x000000008bc00000, 0x000000008bc00000, 0x000000008bd00000|  0%| F|  |TAMS 0x000000008bc00000, 0x000000008bc00000| Untracked 
| 189|0x000000008bd00000, 0x000000008bd00000, 0x000000008be00000|  0%| F|  |TAMS 0x000000008bd00000, 0x000000008bd00000| Untracked 
| 190|0x000000008be00000, 0x000000008be00000, 0x000000008bf00000|  0%| F|  |TAMS 0x000000008be00000, 0x000000008be00000| Untracked 
| 191|0x000000008bf00000, 0x000000008bf00000, 0x000000008c000000|  0%| F|  |TAMS 0x000000008bf00000, 0x000000008bf00000| Untracked 
| 192|0x000000008c000000, 0x000000008c000000, 0x000000008c100000|  0%| F|  |TAMS 0x000000008c000000, 0x000000008c000000| Untracked 
| 193|0x000000008c100000, 0x000000008c100000, 0x000000008c200000|  0%| F|  |TAMS 0x000000008c100000, 0x000000008c100000| Untracked 
| 194|0x000000008c200000, 0x000000008c200000, 0x000000008c300000|  0%| F|  |TAMS 0x000000008c200000, 0x000000008c200000| Untracked 
| 195|0x000000008c300000, 0x000000008c300000, 0x000000008c400000|  0%| F|  |TAMS 0x000000008c300000, 0x000000008c300000| Untracked 
| 196|0x000000008c400000, 0x000000008c400000, 0x000000008c500000|  0%| F|  |TAMS 0x000000008c400000, 0x000000008c400000| Untracked 
| 197|0x000000008c500000, 0x000000008c500000, 0x000000008c600000|  0%| F|  |TAMS 0x000000008c500000, 0x000000008c500000| Untracked 
| 198|0x000000008c600000, 0x000000008c600000, 0x000000008c700000|  0%| F|  |TAMS 0x000000008c600000, 0x000000008c600000| Untracked 
| 199|0x000000008c700000, 0x000000008c700000, 0x000000008c800000|  0%| F|  |TAMS 0x000000008c700000, 0x000000008c700000| Untracked 
| 200|0x000000008c800000, 0x000000008c800000, 0x000000008c900000|  0%| F|  |TAMS 0x000000008c800000, 0x000000008c800000| Untracked 
| 201|0x000000008c900000, 0x000000008c900000, 0x000000008ca00000|  0%| F|  |TAMS 0x000000008c900000, 0x000000008c900000| Untracked 
| 202|0x000000008ca00000, 0x000000008ca00000, 0x000000008cb00000|  0%| F|  |TAMS 0x000000008ca00000, 0x000000008ca00000| Untracked 
| 203|0x000000008cb00000, 0x000000008cb00000, 0x000000008cc00000|  0%| F|  |TAMS 0x000000008cb00000, 0x000000008cb00000| Untracked 
| 204|0x000000008cc00000, 0x000000008cc00000, 0x000000008cd00000|  0%| F|  |TAMS 0x000000008cc00000, 0x000000008cc00000| Untracked 
| 205|0x000000008cd00000, 0x000000008cd00000, 0x000000008ce00000|  0%| F|  |TAMS 0x000000008cd00000, 0x000000008cd00000| Untracked 
| 206|0x000000008ce00000, 0x000000008ce00000, 0x000000008cf00000|  0%| F|  |TAMS 0x000000008ce00000, 0x000000008ce00000| Untracked 
| 207|0x000000008cf00000, 0x000000008cf00000, 0x000000008d000000|  0%| F|  |TAMS 0x000000008cf00000, 0x000000008cf00000| Untracked 
| 208|0x000000008d000000, 0x000000008d000000, 0x000000008d100000|  0%| F|  |TAMS 0x000000008d000000, 0x000000008d000000| Untracked 
| 209|0x000000008d100000, 0x000000008d100000, 0x000000008d200000|  0%| F|  |TAMS 0x000000008d100000, 0x000000008d100000| Untracked 
| 210|0x000000008d200000, 0x000000008d200000, 0x000000008d300000|  0%| F|  |TAMS 0x000000008d200000, 0x000000008d200000| Untracked 
| 211|0x000000008d300000, 0x000000008d300000, 0x000000008d400000|  0%| F|  |TAMS 0x000000008d300000, 0x000000008d300000| Untracked 
| 212|0x000000008d400000, 0x000000008d400000, 0x000000008d500000|  0%| F|  |TAMS 0x000000008d400000, 0x000000008d400000| Untracked 
| 213|0x000000008d500000, 0x000000008d500000, 0x000000008d600000|  0%| F|  |TAMS 0x000000008d500000, 0x000000008d500000| Untracked 
| 214|0x000000008d600000, 0x000000008d600000, 0x000000008d700000|  0%| F|  |TAMS 0x000000008d600000, 0x000000008d600000| Untracked 
| 215|0x000000008d700000, 0x000000008d700000, 0x000000008d800000|  0%| F|  |TAMS 0x000000008d700000, 0x000000008d700000| Untracked 
| 216|0x000000008d800000, 0x000000008d800000, 0x000000008d900000|  0%| F|  |TAMS 0x000000008d800000, 0x000000008d800000| Untracked 
| 217|0x000000008d900000, 0x000000008d900000, 0x000000008da00000|  0%| F|  |TAMS 0x000000008d900000, 0x000000008d900000| Untracked 
| 218|0x000000008da00000, 0x000000008da00000, 0x000000008db00000|  0%| F|  |TAMS 0x000000008da00000, 0x000000008da00000| Untracked 
| 219|0x000000008db00000, 0x000000008db00000, 0x000000008dc00000|  0%| F|  |TAMS 0x000000008db00000, 0x000000008db00000| Untracked 
| 220|0x000000008dc00000, 0x000000008dc00000, 0x000000008dd00000|  0%| F|  |TAMS 0x000000008dc00000, 0x000000008dc00000| Untracked 
| 221|0x000000008dd00000, 0x000000008dd00000, 0x000000008de00000|  0%| F|  |TAMS 0x000000008dd00000, 0x000000008dd00000| Untracked 
| 222|0x000000008de00000, 0x000000008de00000, 0x000000008df00000|  0%| F|  |TAMS 0x000000008de00000, 0x000000008de00000| Untracked 
| 223|0x000000008df00000, 0x000000008df00000, 0x000000008e000000|  0%| F|  |TAMS 0x000000008df00000, 0x000000008df00000| Untracked 
| 224|0x000000008e000000, 0x000000008e000000, 0x000000008e100000|  0%| F|  |TAMS 0x000000008e000000, 0x000000008e000000| Untracked 
| 225|0x000000008e100000, 0x000000008e100000, 0x000000008e200000|  0%| F|  |TAMS 0x000000008e100000, 0x000000008e100000| Untracked 
| 226|0x000000008e200000, 0x000000008e200000, 0x000000008e300000|  0%| F|  |TAMS 0x000000008e200000, 0x000000008e200000| Untracked 
| 227|0x000000008e300000, 0x000000008e300000, 0x000000008e400000|  0%| F|  |TAMS 0x000000008e300000, 0x000000008e300000| Untracked 
| 228|0x000000008e400000, 0x000000008e400000, 0x000000008e500000|  0%| F|  |TAMS 0x000000008e400000, 0x000000008e400000| Untracked 
| 229|0x000000008e500000, 0x000000008e500000, 0x000000008e600000|  0%| F|  |TAMS 0x000000008e500000, 0x000000008e500000| Untracked 
| 230|0x000000008e600000, 0x000000008e600000, 0x000000008e700000|  0%| F|  |TAMS 0x000000008e600000, 0x000000008e600000| Untracked 
| 231|0x000000008e700000, 0x000000008e700000, 0x000000008e800000|  0%| F|  |TAMS 0x000000008e700000, 0x000000008e700000| Untracked 
| 232|0x000000008e800000, 0x000000008e800000, 0x000000008e900000|  0%| F|  |TAMS 0x000000008e800000, 0x000000008e800000| Untracked 
| 233|0x000000008e900000, 0x000000008e900000, 0x000000008ea00000|  0%| F|  |TAMS 0x000000008e900000, 0x000000008e900000| Untracked 
| 234|0x000000008ea00000, 0x000000008ea00000, 0x000000008eb00000|  0%| F|  |TAMS 0x000000008ea00000, 0x000000008ea00000| Untracked 
| 235|0x000000008eb00000, 0x000000008eb00000, 0x000000008ec00000|  0%| F|  |TAMS 0x000000008eb00000, 0x000000008eb00000| Untracked 
| 236|0x000000008ec00000, 0x000000008ec00000, 0x000000008ed00000|  0%| F|  |TAMS 0x000000008ec00000, 0x000000008ec00000| Untracked 
| 237|0x000000008ed00000, 0x000000008ed00000, 0x000000008ee00000|  0%| F|  |TAMS 0x000000008ed00000, 0x000000008ed00000| Untracked 
| 238|0x000000008ee00000, 0x000000008ee00000, 0x000000008ef00000|  0%| F|  |TAMS 0x000000008ee00000, 0x000000008ee00000| Untracked 
| 239|0x000000008ef00000, 0x000000008ef00000, 0x000000008f000000|  0%| F|  |TAMS 0x000000008ef00000, 0x000000008ef00000| Untracked 
| 240|0x000000008f000000, 0x000000008f000000, 0x000000008f100000|  0%| F|  |TAMS 0x000000008f000000, 0x000000008f000000| Untracked 
| 241|0x000000008f100000, 0x000000008f100000, 0x000000008f200000|  0%| F|  |TAMS 0x000000008f100000, 0x000000008f100000| Untracked 
| 242|0x000000008f200000, 0x000000008f200000, 0x000000008f300000|  0%| F|  |TAMS 0x000000008f200000, 0x000000008f200000| Untracked 
| 243|0x000000008f300000, 0x000000008f300000, 0x000000008f400000|  0%| F|  |TAMS 0x000000008f300000, 0x000000008f300000| Untracked 
| 244|0x000000008f400000, 0x000000008f400000, 0x000000008f500000|  0%| F|  |TAMS 0x000000008f400000, 0x000000008f400000| Untracked 
| 245|0x000000008f500000, 0x000000008f500000, 0x000000008f600000|  0%| F|  |TAMS 0x000000008f500000, 0x000000008f500000| Untracked 
| 246|0x000000008f600000, 0x000000008f600000, 0x000000008f700000|  0%| F|  |TAMS 0x000000008f600000, 0x000000008f600000| Untracked 
| 247|0x000000008f700000, 0x000000008f700000, 0x000000008f800000|  0%| F|  |TAMS 0x000000008f700000, 0x000000008f700000| Untracked 
| 248|0x000000008f800000, 0x000000008f800000, 0x000000008f900000|  0%| F|  |TAMS 0x000000008f800000, 0x000000008f800000| Untracked 
| 249|0x000000008f900000, 0x000000008f900000, 0x000000008fa00000|  0%| F|  |TAMS 0x000000008f900000, 0x000000008f900000| Untracked 
| 250|0x000000008fa00000, 0x000000008fa00000, 0x000000008fb00000|  0%| F|  |TAMS 0x000000008fa00000, 0x000000008fa00000| Untracked 
| 251|0x000000008fb00000, 0x000000008fb00000, 0x000000008fc00000|  0%| F|  |TAMS 0x000000008fb00000, 0x000000008fb00000| Untracked 
| 252|0x000000008fc00000, 0x000000008fc00000, 0x000000008fd00000|  0%| F|  |TAMS 0x000000008fc00000, 0x000000008fc00000| Untracked 
| 253|0x000000008fd00000, 0x000000008fd00000, 0x000000008fe00000|  0%| F|  |TAMS 0x000000008fd00000, 0x000000008fd00000| Untracked 
| 254|0x000000008fe00000, 0x000000008fe00000, 0x000000008ff00000|  0%| F|  |TAMS 0x000000008fe00000, 0x000000008fe00000| Untracked 
| 255|0x000000008ff00000, 0x000000008ff00000, 0x0000000090000000|  0%| F|  |TAMS 0x000000008ff00000, 0x000000008ff00000| Untracked 

Card table byte_map: [0x000002eac2120000,0x000002eac2520000] _byte_map_base: 0x000002eac1d20000

Marking Bits (Prev, Next): (CMBitMap*) 0x000002eaaf592200, (CMBitMap*) 0x000002eaaf592240
 Prev Bits: [0x000002eac2920000, 0x000002eac4920000)
 Next Bits: [0x000002eac4920000, 0x000002eac6920000)

Polling page: 0x000002eaad510000

Metaspace:

Usage:
  Non-class:     79.88 MB used.
      Class:     12.73 MB used.
       Both:     92.61 MB used.

Virtual space:
  Non-class space:       88.00 MB reserved,      80.25 MB ( 91%) committed,  11 nodes.
      Class space:        1.00 GB reserved,      13.00 MB (  1%) committed,  1 nodes.
             Both:        1.09 GB reserved,      93.25 MB (  8%) committed. 

Chunk freelists:
   Non-Class:  3.30 MB
       Class:  2.88 MB
        Both:  6.17 MB

MaxMetaspaceSize: unlimited
CompressedClassSpaceSize: 1.00 GB
Initial GC threshold: 21.00 MB
Current GC threshold: 150.25 MB
CDS: off
MetaspaceReclaimPolicy: balanced
 - commit_granule_bytes: 65536.
 - commit_granule_words: 8192.
 - virtual_space_node_default_size: 1048576.
 - enlarge_chunks_in_place: 1.
 - new_chunks_are_fully_committed: 0.
 - uncommit_free_chunks: 1.
 - use_allocation_guard: 0.
 - handle_deallocations: 1.


Internal statistics:

num_allocs_failed_limit: 6.
num_arena_births: 986.
num_arena_deaths: 0.
num_vsnodes_births: 12.
num_vsnodes_deaths: 0.
num_space_committed: 1492.
num_space_uncommitted: 0.
num_chunks_returned_to_freelist: 6.
num_chunks_taken_from_freelist: 4466.
num_chunk_merges: 6.
num_chunk_splits: 2968.
num_chunks_enlarged: 2002.
num_purges: 0.
num_inconsistent_stats: 0.

CodeHeap 'non-profiled nmethods': size=120000Kb used=5306Kb max_used=5744Kb free=114694Kb
 bounds [0x000002eaba4c0000, 0x000002eabaa70000, 0x000002eac19f0000]
CodeHeap 'profiled nmethods': size=120000Kb used=16601Kb max_used=17072Kb free=103398Kb
 bounds [0x000002eab29f0000, 0x000002eab3aa0000, 0x000002eab9f20000]
CodeHeap 'non-nmethods': size=5760Kb used=2392Kb max_used=2479Kb free=3367Kb
 bounds [0x000002eab9f20000, 0x000002eaba1a0000, 0x000002eaba4c0000]
 total_blobs=9760 nmethods=8841 adapters=830
 compilation: enabled
              stopped_count=0, restarted_count=0
 full_count=0

Compilation events (20 events):
Event: 6.892 Thread 0x000002eac9cd6b20 10373       3       java.lang.ClassLoader::getSystemClassLoader (96 bytes)
Event: 6.892 Thread 0x000002eac9cd6b20 nmethod 10373 0x000002eab35c7810 code [0x000002eab35c7a80, 0x000002eab35c8688]
Event: 6.892 Thread 0x000002eac9cd6b20 10382       1       org.gradle.api.internal.artifacts.transform.DefaultTransformer::getInputArtifactDirectorySensitivity (5 bytes)
Event: 6.892 Thread 0x000002eac9cd6b20 nmethod 10382 0x000002eaba67bf90 code [0x000002eaba67c120, 0x000002eaba67c1f8]
Event: 6.892 Thread 0x000002eac9cd6b20 10383       1       org.gradle.api.internal.artifacts.transform.DefaultTransformer::getInputArtifactLineEndingNormalization (5 bytes)
Event: 6.892 Thread 0x000002eac9cd6b20 nmethod 10383 0x000002eaba873c10 code [0x000002eaba873da0, 0x000002eaba873e78]
Event: 6.892 Thread 0x000002eac9cd6b20 10370       1       org.gradle.internal.execution.history.impl.DefaultBeforeExecutionState::getOutputFileLocationSnapshots (5 bytes)
Event: 6.892 Thread 0x000002eac9cd6b20 nmethod 10370 0x000002eaba873910 code [0x000002eaba873aa0, 0x000002eaba873b78]
Event: 6.892 Thread 0x000002eac9cd6b20 10371       1       org.gradle.internal.snapshot.impl.ClassImplementationSnapshot::getClassLoaderHash (5 bytes)
Event: 6.892 Thread 0x000002eac9cd6b20 nmethod 10371 0x000002eaba873610 code [0x000002eaba8737a0, 0x000002eaba873878]
Event: 6.892 Thread 0x000002eac9cd6b20 10374       1       org.gradle.internal.execution.steps.CachingContext::getCachingState (5 bytes)
Event: 6.892 Thread 0x000002eac9cd6b20 nmethod 10374 0x000002eaba873310 code [0x000002eaba8734a0, 0x000002eaba873578]
Event: 6.892 Thread 0x000002eac9cd6b20 10375       1       org.gradle.internal.snapshot.impl.ImplementationSnapshot::getClassIdentifier (5 bytes)
Event: 6.892 Thread 0x000002eac9cd6b20 nmethod 10375 0x000002eaba569190 code [0x000002eaba569320, 0x000002eaba5693f8]
Event: 6.892 Thread 0x000002eac9cd6b20 10378       1       org.gradle.internal.execution.UnitOfWork$InputFileValueSupplier::getDirectorySensitivity (5 bytes)
Event: 6.892 Thread 0x000002eac9cd6b20 nmethod 10378 0x000002eaba568e90 code [0x000002eaba569020, 0x000002eaba5690f8]
Event: 6.892 Thread 0x000002eac9cd6b20 10379       1       org.gradle.internal.execution.UnitOfWork$InputFileValueSupplier::getNormalizer (5 bytes)
Event: 6.893 Thread 0x000002eac9cd6b20 nmethod 10379 0x000002eaba568b90 code [0x000002eaba568d20, 0x000002eaba568df8]
Event: 6.893 Thread 0x000002eac9cd6b20 10380       1       org.gradle.internal.execution.UnitOfWork$InputFileValueSupplier::getLineEndingNormalization (5 bytes)
Event: 6.893 Thread 0x000002eac9cd6b20 nmethod 10380 0x000002eaba568890 code [0x000002eaba568a20, 0x000002eaba568af8]

GC Heap History (20 events):
Event: 4.423 GC heap after
{Heap after GC invocations=27 (full 0):
 garbage-first heap   total 131072K, used 64741K [0x0000000080000000, 0x0000000100000000)
  region size 1024K, 1 young (1024K), 1 survivors (1024K)
 Metaspace       used 67328K, committed 67904K, reserved 1114112K
  class space    used 8930K, committed 9216K, reserved 1048576K
}
Event: 4.746 GC heap before
{Heap before GC invocations=27 (full 0):
 garbage-first heap   total 131072K, used 98533K [0x0000000080000000, 0x0000000100000000)
  region size 1024K, 34 young (34816K), 1 survivors (1024K)
 Metaspace       used 70771K, committed 71360K, reserved 1114112K
  class space    used 9381K, committed 9664K, reserved 1048576K
}
Event: 4.748 GC heap after
{Heap after GC invocations=28 (full 0):
 garbage-first heap   total 131072K, used 67108K [0x0000000080000000, 0x0000000100000000)
  region size 1024K, 3 young (3072K), 3 survivors (3072K)
 Metaspace       used 70771K, committed 71360K, reserved 1114112K
  class space    used 9381K, committed 9664K, reserved 1048576K
}
Event: 4.988 GC heap before
{Heap before GC invocations=29 (full 0):
 garbage-first heap   total 131072K, used 96804K [0x0000000080000000, 0x0000000100000000)
  region size 1024K, 36 young (36864K), 3 survivors (3072K)
 Metaspace       used 75022K, committed 75584K, reserved 1122304K
  class space    used 9960K, committed 10240K, reserved 1048576K
}
Event: 4.991 GC heap after
{Heap after GC invocations=30 (full 0):
 garbage-first heap   total 131072K, used 65345K [0x0000000080000000, 0x0000000100000000)
  region size 1024K, 5 young (5120K), 5 survivors (5120K)
 Metaspace       used 75022K, committed 75584K, reserved 1122304K
  class space    used 9960K, committed 10240K, reserved 1048576K
}
Event: 5.000 GC heap before
{Heap before GC invocations=30 (full 0):
 garbage-first heap   total 131072K, used 66369K [0x0000000080000000, 0x0000000100000000)
  region size 1024K, 6 young (6144K), 5 survivors (5120K)
 Metaspace       used 75131K, committed 75776K, reserved 1122304K
  class space    used 9977K, committed 10304K, reserved 1048576K
}
Event: 5.002 GC heap after
{Heap after GC invocations=31 (full 0):
 garbage-first heap   total 172032K, used 65315K [0x0000000080000000, 0x0000000100000000)
  region size 1024K, 1 young (1024K), 1 survivors (1024K)
 Metaspace       used 75131K, committed 75776K, reserved 1122304K
  class space    used 9977K, committed 10304K, reserved 1048576K
}
Event: 5.253 GC heap before
{Heap before GC invocations=31 (full 0):
 garbage-first heap   total 172032K, used 100131K [0x0000000080000000, 0x0000000100000000)
  region size 1024K, 37 young (37888K), 1 survivors (1024K)
 Metaspace       used 77364K, committed 78016K, reserved 1122304K
  class space    used 10281K, committed 10560K, reserved 1048576K
}
Event: 5.255 GC heap after
{Heap after GC invocations=32 (full 0):
 garbage-first heap   total 172032K, used 67201K [0x0000000080000000, 0x0000000100000000)
  region size 1024K, 3 young (3072K), 3 survivors (3072K)
 Metaspace       used 77364K, committed 78016K, reserved 1122304K
  class space    used 10281K, committed 10560K, reserved 1048576K
}
Event: 5.766 GC heap before
{Heap before GC invocations=33 (full 0):
 garbage-first heap   total 172032K, used 128641K [0x0000000080000000, 0x0000000100000000)
  region size 1024K, 62 young (63488K), 3 survivors (3072K)
 Metaspace       used 84099K, committed 84736K, reserved 1122304K
  class space    used 11422K, committed 11712K, reserved 1048576K
}
Event: 5.769 GC heap after
{Heap after GC invocations=34 (full 0):
 garbage-first heap   total 172032K, used 71106K [0x0000000080000000, 0x0000000100000000)
  region size 1024K, 7 young (7168K), 7 survivors (7168K)
 Metaspace       used 84099K, committed 84736K, reserved 1122304K
  class space    used 11422K, committed 11712K, reserved 1048576K
}
Event: 5.784 GC heap before
{Heap before GC invocations=34 (full 0):
 garbage-first heap   total 172032K, used 72130K [0x0000000080000000, 0x0000000100000000)
  region size 1024K, 8 young (8192K), 7 survivors (7168K)
 Metaspace       used 84169K, committed 84800K, reserved 1122304K
  class space    used 11427K, committed 11712K, reserved 1048576K
}
Event: 5.787 GC heap after
{Heap after GC invocations=35 (full 0):
 garbage-first heap   total 172032K, used 70875K [0x0000000080000000, 0x0000000100000000)
  region size 1024K, 1 young (1024K), 1 survivors (1024K)
 Metaspace       used 84169K, committed 84800K, reserved 1122304K
  class space    used 11427K, committed 11712K, reserved 1048576K
}
Event: 6.274 GC heap before
{Heap before GC invocations=35 (full 0):
 garbage-first heap   total 172032K, used 134363K [0x0000000080000000, 0x0000000100000000)
  region size 1024K, 63 young (64512K), 1 survivors (1024K)
 Metaspace       used 91403K, committed 92096K, reserved 1130496K
  class space    used 12467K, committed 12800K, reserved 1048576K
}
Event: 6.278 GC heap after
{Heap after GC invocations=36 (full 0):
 garbage-first heap   total 172032K, used 75505K [0x0000000080000000, 0x0000000100000000)
  region size 1024K, 6 young (6144K), 6 survivors (6144K)
 Metaspace       used 91403K, committed 92096K, reserved 1130496K
  class space    used 12467K, committed 12800K, reserved 1048576K
}
Event: 6.581 GC heap before
{Heap before GC invocations=37 (full 0):
 garbage-first heap   total 172032K, used 135921K [0x0000000080000000, 0x0000000100000000)
  region size 1024K, 65 young (66560K), 6 survivors (6144K)
 Metaspace       used 92753K, committed 93376K, reserved 1130496K
  class space    used 12643K, committed 12928K, reserved 1048576K
}
Event: 6.587 GC heap after
{Heap after GC invocations=38 (full 0):
 garbage-first heap   total 172032K, used 84265K [0x0000000080000000, 0x0000000100000000)
  region size 1024K, 9 young (9216K), 9 survivors (9216K)
 Metaspace       used 92753K, committed 93376K, reserved 1130496K
  class space    used 12643K, committed 12928K, reserved 1048576K
}
Event: 6.591 GC heap before
{Heap before GC invocations=38 (full 0):
 garbage-first heap   total 172032K, used 85289K [0x0000000080000000, 0x0000000100000000)
  region size 1024K, 10 young (10240K), 9 survivors (9216K)
 Metaspace       used 92756K, committed 93376K, reserved 1130496K
  class space    used 12643K, committed 12928K, reserved 1048576K
}
Event: 6.595 GC heap after
{Heap after GC invocations=39 (full 0):
 garbage-first heap   total 172032K, used 84966K [0x0000000080000000, 0x0000000100000000)
  region size 1024K, 1 young (1024K), 1 survivors (1024K)
 Metaspace       used 92756K, committed 93376K, reserved 1130496K
  class space    used 12643K, committed 12928K, reserved 1048576K
}
Event: 6.893 GC heap before
{Heap before GC invocations=39 (full 0):
 garbage-first heap   total 172032K, used 136166K [0x0000000080000000, 0x0000000100000000)
  region size 1024K, 52 young (53248K), 1 survivors (1024K)
 Metaspace       used 94832K, committed 95488K, reserved 1138688K
  class space    used 13035K, committed 13312K, reserved 1048576K
}

Dll operation events (2 events):
Event: 0.003 Loaded shared library C:\Program Files\Android\Android Studio\jbr\bin\java.dll
Event: 0.189 Loaded shared library C:\Program Files\Android\Android Studio\jbr\bin\verify.dll

Deoptimization events (20 events):
Event: 6.877 Thread 0x000002ead01ad4f0 DEOPT PACKING pc=0x000002eaba8891ec sp=0x000000fc022fc9f0
Event: 6.877 Thread 0x000002ead01ac680 DEOPT PACKING pc=0x000002eaba8891ec sp=0x000000fc028fc800
Event: 6.877 Thread 0x000002ead01ad4f0 DEOPT UNPACKING pc=0x000002eab9f769a3 sp=0x000000fc022fc8a8 mode 2
Event: 6.877 Thread 0x000002ead01ac680 DEOPT UNPACKING pc=0x000002eab9f769a3 sp=0x000000fc028fc6b8 mode 2
Event: 6.882 Thread 0x000002eacf9a47d0 Uncommon trap: trap_request=0xffffffc6 fr.pc=0x000002eaba8c8cfc relative=0x000000000000097c
Event: 6.882 Thread 0x000002eacf9a47d0 Uncommon trap: reason=bimorphic_or_optimized_type_check action=maybe_recompile pc=0x000002eaba8c8cfc method=java.io.BufferedInputStream.read1([BII)I @ 39 c2
Event: 6.882 Thread 0x000002eacf9a47d0 DEOPT PACKING pc=0x000002eaba8c8cfc sp=0x000000fc7defe730
Event: 6.882 Thread 0x000002eacf9a47d0 DEOPT UNPACKING pc=0x000002eab9f769a3 sp=0x000000fc7defe648 mode 2
Event: 6.887 Thread 0x000002eacfdcea00 Uncommon trap: trap_request=0xffffffde fr.pc=0x000002eaba76d7d4 relative=0x0000000000000314
Event: 6.887 Thread 0x000002eacfdcea00 Uncommon trap: reason=class_check action=maybe_recompile pc=0x000002eaba76d7d4 method=java.util.concurrent.ConcurrentHashMap.get(Ljava/lang/Object;)Ljava/lang/Object; @ 93 c2
Event: 6.887 Thread 0x000002eacfdcea00 DEOPT PACKING pc=0x000002eaba76d7d4 sp=0x000000fc7ebfd840
Event: 6.887 Thread 0x000002eacfdcea00 DEOPT UNPACKING pc=0x000002eab9f769a3 sp=0x000000fc7ebfd7b8 mode 2
Event: 6.889 Thread 0x000002eacfdcea00 Uncommon trap: trap_request=0xffffff45 fr.pc=0x000002eaba978468 relative=0x0000000000001888
Event: 6.889 Thread 0x000002eacfdcea00 Uncommon trap: reason=unstable_if action=reinterpret pc=0x000002eaba978468 method=java.util.concurrent.ConcurrentHashMap.computeIfAbsent(Ljava/lang/Object;Ljava/util/function/Function;)Ljava/lang/Object; @ 279 c2
Event: 6.889 Thread 0x000002eacfdcea00 DEOPT PACKING pc=0x000002eaba978468 sp=0x000000fc7ebfdb90
Event: 6.889 Thread 0x000002eacfdcea00 DEOPT UNPACKING pc=0x000002eab9f769a3 sp=0x000000fc7ebfdb28 mode 2
Event: 6.892 Thread 0x000002eacff45440 Uncommon trap: trap_request=0xffffffde fr.pc=0x000002eaba76d7d4 relative=0x0000000000000314
Event: 6.892 Thread 0x000002eacff45440 Uncommon trap: reason=class_check action=maybe_recompile pc=0x000002eaba76d7d4 method=java.util.concurrent.ConcurrentHashMap.get(Ljava/lang/Object;)Ljava/lang/Object; @ 93 c2
Event: 6.892 Thread 0x000002eacff45440 DEOPT PACKING pc=0x000002eaba76d7d4 sp=0x000000fc001fdfa0
Event: 6.892 Thread 0x000002eacff45440 DEOPT UNPACKING pc=0x000002eab9f769a3 sp=0x000000fc001fdf18 mode 2

Classes unloaded (0 events):
No events

Classes redefined (0 events):
No events

Internal exceptions (20 events):
Event: 6.666 Thread 0x000002eaaf526300 Exception <a 'java/lang/NoSuchMethodError'{0x0000000089da99e8}: static Lorg/gradle/internal/build/event/types/DefaultTaskFinishedProgressEvent;.<clinit>()V> (0x0000000089da99e8) 
thrown [s\src\hotspot\share\prims\jni.cpp, line 1108]
Event: 6.666 Thread 0x000002eaaf526300 Exception <a 'java/lang/NoSuchMethodError'{0x0000000089def678}: static Lorg/gradle/internal/build/event/types/DefaultTaskSuccessResult;.<clinit>()V> (0x0000000089def678) 
thrown [s\src\hotspot\share\prims\jni.cpp, line 1108]
Event: 6.666 Thread 0x000002eaaf526300 Exception <a 'java/lang/NoSuchMethodError'{0x0000000089df0d80}: static Lorg/gradle/internal/build/event/types/AbstractTaskResult;.<clinit>()V> (0x0000000089df0d80) 
thrown [s\src\hotspot\share\prims\jni.cpp, line 1108]
Event: 6.670 Thread 0x000002eacedade30 Exception <a 'sun/nio/fs/WindowsException'{0x0000000089d79a50}> (0x0000000089d79a50) 
thrown [s\src\hotspot\share\prims\jni.cpp, line 517]
Event: 6.674 Thread 0x000002eaaf526300 Exception <a 'java/lang/NoSuchMethodError'{0x0000000089b197e0}: static Lorg/gradle/internal/build/event/types/DefaultTaskSkippedResult;.<clinit>()V> (0x0000000089b197e0) 
thrown [s\src\hotspot\share\prims\jni.cpp, line 1108]
Event: 6.677 Thread 0x000002ead121a2c0 Exception <a 'java/lang/NoSuchMethodError'{0x0000000089b30338}: static Lcom/android/buildanalyzer/common/AndroidGradlePluginAttributionData$BuildInfo;.<clinit>()V> (0x0000000089b30338) 
thrown [s\src\hotspot\share\prims\jni.cpp, line 1108]
Event: 6.678 Thread 0x000002ead121a2c0 Exception <a 'java/lang/NoSuchMethodError'{0x0000000089b47550}: static Lcom/android/buildanalyzer/common/AndroidGradlePluginAttributionData$JavaInfo;.<clinit>()V> (0x0000000089b47550) 
thrown [s\src\hotspot\share\prims\jni.cpp, line 1108]
Event: 6.680 Thread 0x000002ead121a2c0 Exception <a 'java/lang/NoSuchMethodError'{0x0000000089b69db8}: static [Ljava/lang/String;.<clinit>()V> (0x0000000089b69db8) 
thrown [s\src\hotspot\share\prims\jni.cpp, line 1108]
Event: 6.681 Thread 0x000002ead121a2c0 Exception <a 'java/lang/NoSuchMethodError'{0x0000000089bcf818}: static Lcom/android/buildanalyzer/common/AndroidGradlePluginAttributionData$TaskInfo;.<clinit>()V> (0x0000000089bcf818) 
thrown [s\src\hotspot\share\prims\jni.cpp, line 1108]
Event: 6.681 Thread 0x000002ead121a2c0 Exception <a 'java/lang/NoSuchMethodError'{0x0000000089bdc5f0}: static Lcom/android/buildanalyzer/common/AndroidGradlePluginAttributionData$TaskCategoryInfo;.<clinit>()V> (0x0000000089bdc5f0) 
thrown [s\src\hotspot\share\prims\jni.cpp, line 1108]
Event: 6.684 Thread 0x000002ead121a2c0 Exception <a 'java/lang/NoSuchMethodError'{0x0000000089a84cb0}: 'void java.lang.invoke.DirectMethodHandle$Holder.invokeSpecial(java.lang.Object, java.lang.Object, java.lang.Object, int)'> (0x0000000089a84cb0) 
thrown [s\src\hotspot\share\interpreter\linkResolver.cpp, line 771]
Event: 6.826 Thread 0x000002eacedac150 Exception <a 'java/lang/NoSuchMethodError'{0x000000008850aac8}: 'void java.lang.invoke.DirectMethodHandle$Holder.invokeStatic(java.lang.Object, java.lang.Object, java.lang.Object, java.lang.Object, int, java.lang.Object, java.lang.Object)'> (0x000000008850aac8) 
thrown [s\src\hotspot\share\interpreter\linkResolver.cpp, line 771]
Event: 6.843 Thread 0x000002ead01af6a0 Exception <a 'java/lang/NoSuchMethodError'{0x00000000881df408}: 'java.lang.Object java.lang.invoke.DirectMethodHandle$Holder.invokeSpecialIFC(java.lang.Object, java.lang.Object, java.lang.Object)'> (0x00000000881df408) 
thrown [s\src\hotspot\share\interpreter\linkResolver.cpp, line 771]
Event: 6.843 Thread 0x000002ead12172a0 Exception <a 'java/lang/NoSuchMethodError'{0x000000008806eb58}: 'java.lang.Object java.lang.invoke.DirectMethodHandle$Holder.invokeSpecialIFC(java.lang.Object, java.lang.Object, java.lang.Object)'> (0x000000008806eb58) 
thrown [s\src\hotspot\share\interpreter\linkResolver.cpp, line 771]
Event: 6.843 Thread 0x000002ead1217770 Exception <a 'java/lang/NoSuchMethodError'{0x00000000881eac90}: 'java.lang.Object java.lang.invoke.DirectMethodHandle$Holder.invokeSpecialIFC(java.lang.Object, java.lang.Object, java.lang.Object)'> (0x00000000881eac90) 
thrown [s\src\hotspot\share\interpreter\linkResolver.cpp, line 771]
Event: 6.843 Thread 0x000002eacfdd2890 Exception <a 'java/lang/NoSuchMethodError'{0x00000000880073a8}: 'java.lang.Object java.lang.invoke.DirectMethodHandle$Holder.invokeSpecialIFC(java.lang.Object, java.lang.Object, java.lang.Object)'> (0x00000000880073a8) 
thrown [s\src\hotspot\share\interpreter\linkResolver.cpp, line 771]
Event: 6.843 Thread 0x000002eacedac150 Exception <a 'java/lang/NoSuchMethodError'{0x0000000088016ea8}: 'java.lang.Object java.lang.invoke.DirectMethodHandle$Holder.invokeSpecialIFC(java.lang.Object, java.lang.Object, java.lang.Object)'> (0x0000000088016ea8) 
thrown [s\src\hotspot\share\interpreter\linkResolver.cpp, line 771]
Event: 6.844 Thread 0x000002ead1218ab0 Exception <a 'java/lang/NoSuchMethodError'{0x000000008807af38}: 'java.lang.Object java.lang.invoke.DirectMethodHandle$Holder.invokeSpecialIFC(java.lang.Object, java.lang.Object, java.lang.Object)'> (0x000000008807af38) 
thrown [s\src\hotspot\share\interpreter\linkResolver.cpp, line 771]
Event: 6.844 Thread 0x000002eacfdce060 Exception <a 'java/lang/NoSuchMethodError'{0x00000000881fc270}: 'java.lang.Object java.lang.invoke.DirectMethodHandle$Holder.invokeSpecialIFC(java.lang.Object, java.lang.Object, java.lang.Object)'> (0x00000000881fc270) 
thrown [s\src\hotspot\share\interpreter\linkResolver.cpp, line 771]
Event: 6.844 Thread 0x000002ead1219920 Exception <a 'java/lang/NoSuchMethodError'{0x000000008808b860}: 'java.lang.Object java.lang.invoke.DirectMethodHandle$Holder.invokeSpecialIFC(java.lang.Object, java.lang.Object, java.lang.Object)'> (0x000000008808b860) 
thrown [s\src\hotspot\share\interpreter\linkResolver.cpp, line 771]

VM Operations (20 events):
Event: 6.458 Executing VM operation: ICBufferFull done
Event: 6.581 Executing VM operation: G1CollectForAllocation
Event: 6.587 Executing VM operation: G1CollectForAllocation done
Event: 6.591 Executing VM operation: G1CollectForAllocation
Event: 6.595 Executing VM operation: G1CollectForAllocation done
Event: 6.628 Executing VM operation: HandshakeAllThreads
Event: 6.628 Executing VM operation: HandshakeAllThreads done
Event: 6.629 Executing VM operation: HandshakeAllThreads
Event: 6.629 Executing VM operation: HandshakeAllThreads done
Event: 6.642 Executing VM operation: HandshakeAllThreads
Event: 6.642 Executing VM operation: HandshakeAllThreads done
Event: 6.664 Executing VM operation: HandshakeAllThreads
Event: 6.664 Executing VM operation: HandshakeAllThreads done
Event: 6.686 Executing VM operation: ICBufferFull
Event: 6.686 Executing VM operation: ICBufferFull done
Event: 6.689 Executing VM operation: HandshakeAllThreads
Event: 6.689 Executing VM operation: HandshakeAllThreads done
Event: 6.819 Executing VM operation: ICBufferFull
Event: 6.819 Executing VM operation: ICBufferFull done
Event: 6.893 Executing VM operation: G1CollectForAllocation

Events (20 events):
Event: 6.687 loading class java/io/ObjectInputStream$HandleTable
Event: 6.687 loading class java/io/ObjectInputStream$HandleTable done
Event: 6.687 loading class java/io/ObjectInputStream$HandleTable$HandleList
Event: 6.687 loading class java/io/ObjectInputStream$HandleTable$HandleList done
Event: 6.687 loading class java/io/ObjectInputStream$ValidationList
Event: 6.687 loading class java/io/ObjectInputStream$ValidationList done
Event: 6.687 loading class java/io/ObjectInputFilter$Config
Event: 6.687 loading class java/io/ObjectInputFilter$Config done
Event: 6.687 loading class java/io/ObjectInputFilter
Event: 6.687 loading class java/io/ObjectInputFilter done
Event: 6.688 loading class java/io/ObjectInputFilter$Config$BuiltinFilterFactory
Event: 6.688 loading class java/io/ObjectInputFilter$Config$BuiltinFilterFactory done
Event: 6.688 loading class jdk/internal/access/JavaObjectInputFilterAccess
Event: 6.688 loading class jdk/internal/access/JavaObjectInputFilterAccess done
Event: 6.688 loading class jdk/internal/event/DeserializationEvent
Event: 6.688 loading class jdk/internal/event/DeserializationEvent done
Event: 6.688 loading class java/io/ObjectInputStream$FieldValues
Event: 6.688 loading class java/io/ObjectInputStream$GetField
Event: 6.688 loading class java/io/ObjectInputStream$GetField done
Event: 6.689 loading class java/io/ObjectInputStream$FieldValues done


Dynamic libraries:
0x00007ff6392f0000 - 0x00007ff6392fa000 	C:\Program Files\Android\Android Studio\jbr\bin\java.exe
0x00007ff89a870000 - 0x00007ff89aa5f000 	C:\windows\SYSTEM32\ntdll.dll
0x00007ff897a70000 - 0x00007ff897b23000 	C:\windows\System32\KERNEL32.DLL
0x00007ff897540000 - 0x00007ff8977dd000 	C:\windows\System32\KERNELBASE.dll
0x00007ff897240000 - 0x00007ff89733a000 	C:\windows\System32\ucrtbase.dll
0x00007ff8683f0000 - 0x00007ff86840b000 	C:\Program Files\Android\Android Studio\jbr\bin\VCRUNTIME140.dll
0x00007ff886e70000 - 0x00007ff886e87000 	C:\Program Files\Android\Android Studio\jbr\bin\jli.dll
0x00007ff899220000 - 0x00007ff8993b8000 	C:\windows\System32\USER32.dll
0x00007ff896960000 - 0x00007ff896980000 	C:\windows\System32\win32u.dll
0x00007ff882e20000 - 0x00007ff883099000 	C:\windows\WinSxS\amd64_microsoft.windows.common-controls_6595b64144ccf1df_6.0.17763.4645_none_de717694534b1c4f\COMCTL32.dll
0x00007ff899f90000 - 0x00007ff899fb9000 	C:\windows\System32\GDI32.dll
0x00007ff897c00000 - 0x00007ff897c9e000 	C:\windows\System32\msvcrt.dll
0x00007ff8977e0000 - 0x00007ff897986000 	C:\windows\System32\gdi32full.dll
0x00007ff899c60000 - 0x00007ff899f8b000 	C:\windows\System32\combase.dll
0x00007ff8971a0000 - 0x00007ff897240000 	C:\windows\System32\msvcp_win.dll
0x00007ff89a6d0000 - 0x00007ff89a7ee000 	C:\windows\System32\RPCRT4.dll
0x00007ff8968d0000 - 0x00007ff896952000 	C:\windows\System32\bcryptPrimitives.dll
0x00007ff899fc0000 - 0x00007ff899fee000 	C:\windows\System32\IMM32.DLL
0x00007ff884ac0000 - 0x00007ff884acc000 	C:\Program Files\Android\Android Studio\jbr\bin\vcruntime140_1.dll
0x00007ff84a380000 - 0x00007ff84a40d000 	C:\Program Files\Android\Android Studio\jbr\bin\msvcp140.dll
0x00007ff84e360000 - 0x00007ff84efce000 	C:\Program Files\Android\Android Studio\jbr\bin\server\jvm.dll
0x00007ff89a360000 - 0x00007ff89a407000 	C:\windows\System32\ADVAPI32.dll
0x00007ff89a160000 - 0x00007ff89a1ff000 	C:\windows\System32\sechost.dll
0x00007ff894560000 - 0x00007ff894569000 	C:\windows\SYSTEM32\WSOCK32.dll
0x00007ff88f940000 - 0x00007ff88f94a000 	C:\windows\SYSTEM32\VERSION.dll
0x00007ff8948d0000 - 0x00007ff8948f4000 	C:\windows\SYSTEM32\WINMM.dll
0x00007ff897b90000 - 0x00007ff897bfd000 	C:\windows\System32\WS2_32.dll
0x00007ff894850000 - 0x00007ff89487d000 	C:\windows\SYSTEM32\WINMMBASE.dll
0x00007ff8979f0000 - 0x00007ff897a3a000 	C:\windows\System32\cfgmgr32.dll
0x00007ff896860000 - 0x00007ff896871000 	C:\windows\System32\kernel.appcore.dll
0x00007ff894550000 - 0x00007ff89455a000 	C:\Program Files\Android\Android Studio\jbr\bin\jimage.dll
0x00007ff882520000 - 0x00007ff88270d000 	C:\windows\SYSTEM32\DBGHELP.DLL
0x00007ff8824f0000 - 0x00007ff88251a000 	C:\windows\SYSTEM32\dbgcore.DLL
0x00007ff887ec0000 - 0x00007ff887ee5000 	C:\Program Files\Android\Android Studio\jbr\bin\java.dll
0x00007ff886ce0000 - 0x00007ff886cf8000 	C:\Program Files\Android\Android Studio\jbr\bin\zip.dll
0x00007ff897d20000 - 0x00007ff899218000 	C:\windows\System32\SHELL32.dll
0x00007ff89a410000 - 0x00007ff89a4b7000 	C:\windows\System32\shcore.dll
0x00007ff896a50000 - 0x00007ff897197000 	C:\windows\System32\windows.storage.dll
0x00007ff8968a0000 - 0x00007ff8968c3000 	C:\windows\System32\profapi.dll
0x00007ff896800000 - 0x00007ff89685d000 	C:\windows\System32\powrprof.dll
0x00007ff89a070000 - 0x00007ff89a0c2000 	C:\windows\System32\shlwapi.dll
0x00007ff896a30000 - 0x00007ff896a4b000 	C:\windows\System32\cryptsp.dll
0x00007ff886cc0000 - 0x00007ff886cd9000 	C:\Program Files\Android\Android Studio\jbr\bin\net.dll
0x00007ff890e60000 - 0x00007ff890f5d000 	C:\windows\SYSTEM32\WINHTTP.dll
0x00007ff896050000 - 0x00007ff8960b7000 	C:\windows\system32\mswsock.dll
0x00007ff886ca0000 - 0x00007ff886cb6000 	C:\Program Files\Android\Android Studio\jbr\bin\nio.dll
0x00007ff890bc0000 - 0x00007ff890bd0000 	C:\Program Files\Android\Android Studio\jbr\bin\verify.dll
0x00007ff881540000 - 0x00007ff881567000 	C:\UserProfiles\pr120andreev\.gradle\native\68d5fa5c4cc2d200863cafc0d521ce42e7d3e7ee720ec0a83991735586a16f82\windows-amd64\native-platform.dll
0x00007ff884d50000 - 0x00007ff884e94000 	C:\UserProfiles\pr120andreev\.gradle\native\e376f236ea51e6404a007f0833ffe2c6e607c4080706a723a18a27aeea778392\windows-amd64\native-platform-file-events.dll
0x00007ff8944a0000 - 0x00007ff8944a9000 	C:\Program Files\Android\Android Studio\jbr\bin\management.dll
0x00007ff891ea0000 - 0x00007ff891eab000 	C:\Program Files\Android\Android Studio\jbr\bin\management_ext.dll
0x00007ff899ff0000 - 0x00007ff899ff8000 	C:\windows\System32\PSAPI.DLL
0x00007ff895b70000 - 0x00007ff895ba3000 	C:\windows\system32\rsaenh.dll
0x00007ff897a40000 - 0x00007ff897a66000 	C:\windows\System32\bcrypt.dll
0x00007ff896730000 - 0x00007ff896759000 	C:\windows\SYSTEM32\USERENV.dll
0x00007ff896220000 - 0x00007ff89622c000 	C:\windows\SYSTEM32\CRYPTBASE.dll
0x00007ff895d60000 - 0x00007ff895d9d000 	C:\windows\SYSTEM32\IPHLPAPI.DLL
0x00007ff89a0d0000 - 0x00007ff89a0d8000 	C:\windows\System32\NSI.dll
0x00007ff891f20000 - 0x00007ff891f36000 	C:\windows\SYSTEM32\dhcpcsvc6.DLL
0x00007ff891e40000 - 0x00007ff891e5c000 	C:\windows\SYSTEM32\dhcpcsvc.DLL
0x00007ff895da0000 - 0x00007ff895e66000 	C:\windows\SYSTEM32\DNSAPI.dll
0x00007ff890b50000 - 0x00007ff890b57000 	C:\windows\system32\wshunix.dll
0x00007ff887a20000 - 0x00007ff887a36000 	C:\windows\system32\napinsp.dll
0x00007ff887a40000 - 0x00007ff887a5a000 	C:\windows\system32\pnrpnsp.dll
0x00007ff88ea90000 - 0x00007ff88ea9e000 	C:\windows\System32\winrnr.dll
0x00007ff88f9c0000 - 0x00007ff88f9db000 	C:\windows\system32\NLAapi.dll
0x00007ff887a60000 - 0x00007ff887a75000 	C:\windows\system32\wshbth.dll
0x00007ff88f030000 - 0x00007ff88f03a000 	C:\Windows\System32\rasadhlp.dll
0x00007ff892040000 - 0x00007ff8920b9000 	C:\windows\System32\fwpuclnt.dll

dbghelp: loaded successfully - version: 4.0.5 - missing functions: none
symbol engine: initialized successfully - sym options: 0x614 - pdb path: .;C:\Program Files\Android\Android Studio\jbr\bin;C:\windows\SYSTEM32;C:\windows\WinSxS\amd64_microsoft.windows.common-controls_6595b64144ccf1df_6.0.17763.4645_none_de717694534b1c4f;C:\Program Files\Android\Android Studio\jbr\bin\server;C:\UserProfiles\pr120andreev\.gradle\native\68d5fa5c4cc2d200863cafc0d521ce42e7d3e7ee720ec0a83991735586a16f82\windows-amd64;C:\UserProfiles\pr120andreev\.gradle\native\e376f236ea51e6404a007f0833ffe2c6e607c4080706a723a18a27aeea778392\windows-amd64

VM Arguments:
jvm_args: --add-opens=java.base/java.util=ALL-UNNAMED --add-opens=java.base/java.lang=ALL-UNNAMED --add-opens=java.base/java.lang.invoke=ALL-UNNAMED --add-opens=java.prefs/java.util.prefs=ALL-UNNAMED --add-opens=java.base/java.nio.charset=ALL-UNNAMED --add-opens=java.base/java.net=ALL-UNNAMED --add-opens=java.base/java.util.concurrent.atomic=ALL-UNNAMED -Xmx2048m -Dfile.encoding=UTF-8 -Duser.country=RU -Duser.language=ru -Duser.variant 
java_command: org.gradle.launcher.daemon.bootstrap.GradleDaemon 8.0
java_class_path (initial): C:\UserProfiles\pr120andreev\.gradle\wrapper\dists\gradle-8.0-bin\ca5e32bp14vu59qr306oxotwh\gradle-8.0\lib\gradle-launcher-8.0.jar
Launcher Type: SUN_STANDARD

[Global flags]
     intx CICompilerCount                          = 4                                         {product} {ergonomic}
     uint ConcGCThreads                            = 2                                         {product} {ergonomic}
     uint G1ConcRefinementThreads                  = 8                                         {product} {ergonomic}
   size_t G1HeapRegionSize                         = 1048576                                   {product} {ergonomic}
    uintx GCDrainStackTargetSize                   = 64                                        {product} {ergonomic}
   size_t InitialHeapSize                          = 268435456                                 {product} {ergonomic}
   size_t MarkStackSize                            = 4194304                                   {product} {ergonomic}
   size_t MaxHeapSize                              = 2147483648                                {product} {command line}
   size_t MaxNewSize                               = 1287651328                                {product} {ergonomic}
   size_t MinHeapDeltaBytes                        = 1048576                                   {product} {ergonomic}
   size_t MinHeapSize                              = 8388608                                   {product} {ergonomic}
    uintx NonNMethodCodeHeapSize                   = 5839372                                {pd product} {ergonomic}
    uintx NonProfiledCodeHeapSize                  = 122909434                              {pd product} {ergonomic}
    uintx ProfiledCodeHeapSize                     = 122909434                              {pd product} {ergonomic}
    uintx ReservedCodeCacheSize                    = 251658240                              {pd product} {ergonomic}
     bool SegmentedCodeCache                       = true                                      {product} {ergonomic}
   size_t SoftMaxHeapSize                          = 2147483648                             {manageable} {ergonomic}
     bool UseCompressedClassPointers               = true                           {product lp64_product} {ergonomic}
     bool UseCompressedOops                        = true                           {product lp64_product} {ergonomic}
     bool UseG1GC                                  = true                                      {product} {ergonomic}
     bool UseLargePagesIndividualAllocation        = false                                  {pd product} {ergonomic}

Logging:
Log output configuration:
 #0: stdout all=warning uptime,level,tags
 #1: stderr all=off uptime,level,tags

Environment Variables:
JAVA_HOME=C:\Program Files\Android\Jdk\microsoft_dist_openjdk_1.8.0.25
PATH=C:\Program Files\Python311\Scripts\;C:\Program Files\Python311\;C:\Program Files (x86)\VMware\VMware Workstation\bin\;C:\Program Files (x86)\Common Files\Intel\Shared Libraries\redist\intel64\compiler;C:\Windows\system32;C:\Windows;C:\Windows\System32\Wbem;C:\Windows\System32\WindowsPowerShell\v1.0\;C:\Windows\System32\OpenSSH\;C:\Program Files\Common Files\Autodesk Shared\;C:\Program Files\Microsoft SQL Server\120\Tools\Binn\;C:\Program Files\dotnet\;C:\Program Files\Microsoft SQL Server\130\Tools\Binn\;C:\Program Files\Microsoft SQL Server\Client SDK\ODBC\170\Tools\Binn\;C:\Program Files (x86)\IncrediBuild;C:\Program Files (x86)\NVIDIA Corporation\PhysX\Common;C:\Program Files\Git\cmd;C:\Program Files\Microsoft VS Code\bin;C:\Program Files (x86)\Microsoft SQL Server\150\Tools\Binn\;C:\Program Files\Microsoft SQL Server\150\Tools\Binn\;C:\Program Files (x86)\Microsoft SQL Server\150\DTS\Binn\;C:\Program Files\Microsoft SQL Server\150\DTS\Binn\;C:\Program Files\Azure Data Studio\bin;C:\UserProfiles\pr120andreev\AppData\Local\Microsoft\WindowsApps;
USERNAME=pr120andreev
OS=Windows_NT
PROCESSOR_IDENTIFIER=Intel64 Family 6 Model 158 Stepping 13, GenuineIntel
TMP=C:\USERPR~1\pr120andreev\AppData\Local\Temp
TEMP=C:\USERPR~1\pr120andreev\AppData\Local\Temp


JNI global refs:
JNI global refs: 29, weak refs: 14

JNI global refs memory usage: 843, weak refs: 841


---------------  S Y S T E M  ---------------

OS:
 Windows 10 , 64 bit Build 17763 (10.0.17763.4377)
OS uptime: 0 days 6:19 hours

CPU: total 8 (initial active 8) (8 cores per cpu, 1 threads per core) family 6 model 158 stepping 13 microcode 0xde, cx8, cmov, fxsr, mmx, 3dnowpref, sse, sse2, sse3, ssse3, sse4.1, sse4.2, popcnt, lzcnt, tsc, tscinvbit, avx, avx2, aes, erms, clmul, bmi1, bmi2, adx, fma, vzeroupper, clflush, clflushopt

Memory: 4k page, system-wide physical 16303M (3703M free)
TotalPageFile size 16303M (AvailPageFile size 162M)
current process WorkingSet (physical memory assigned to process): 438M, peak: 441M
current process commit charge ("private bytes"): 567M, peak: 750M

vm_info: OpenJDK 64-Bit Server VM (17.0.6+0-b2043.56-10027231) for windows-amd64 JRE (17.0.6+0-b2043.56-10027231), built on Apr 28 2023 00:43:19 by "androidbuild" with MS VC++ 16.10 / 16.11 (VS2019)

END.
