#
# There is insufficient memory for the Java Runtime Environment to continue.
# Native memory allocation (mmap) failed to map 44040192 bytes for G1 virtual space
# Possible reasons:
#   The system is out of physical RAM or swap space
#   The process is running with CompressedOops enabled, and the Java Heap may be blocking the growth of the native heap
# Possible solutions:
#   Reduce memory load on the system
#   Increase physical memory or swap space
#   Check if swap backing store is full
#   Decrease Java heap size (-Xmx/-Xms)
#   Decrease number of Java threads
#   Decrease Java thread stack sizes (-Xss)
#   Set larger code cache with -XX:ReservedCodeCacheSize=
#   JVM is running with Unscaled Compressed Oops mode in which the Java heap is
#     placed in the first 4GB address space. The Java Heap base address is the
#     maximum limit for the native heap growth. Please use -XX:HeapBaseMinAddress
#     to set the Java Heap base and to place the Java Heap above 4GB virtual address.
# This output file may be truncated or incomplete.
#
#  Out of Memory Error (os_windows.cpp:3769), pid=14616, tid=9384
#
# JRE version: OpenJDK Runtime Environment (17.0.6) (build 17.0.6+0-b2043.56-10027231)
# Java VM: OpenJDK 64-Bit Server VM (17.0.6+0-b2043.56-10027231, mixed mode, tiered, compressed oops, compressed class ptrs, g1 gc, windows-amd64)
# No core dump will be written. Minidumps are not enabled by default on client versions of Windows
#

---------------  S U M M A R Y ------------

Command Line: --add-opens=java.base/java.util=ALL-UNNAMED --add-opens=java.base/java.lang=ALL-UNNAMED --add-opens=java.base/java.lang.invoke=ALL-UNNAMED --add-opens=java.prefs/java.util.prefs=ALL-UNNAMED --add-opens=java.base/java.nio.charset=ALL-UNNAMED --add-opens=java.base/java.net=ALL-UNNAMED --add-opens=java.base/java.util.concurrent.atomic=ALL-UNNAMED -Xmx2048m -Dfile.encoding=UTF-8 -Duser.country=RU -Duser.language=ru -Duser.variant org.gradle.launcher.daemon.bootstrap.GradleDaemon 8.0

Host: Intel(R) Core(TM) i7-9700F CPU @ 3.00GHz, 8 cores, 15G,  Windows 10 , 64 bit Build 17763 (10.0.17763.4377)
Time: Mon Dec  4 14:20:48 2023 ќмское стандартное врем€ elapsed time: 6.663811 seconds (0d 0h 0m 6s)

---------------  T H R E A D  ---------------

Current thread (0x000001f4f043bd30):  VMThread "VM Thread" [stack: 0x000000eb91900000,0x000000eb91a00000] [id=9384]

Stack: [0x000000eb91900000,0x000000eb91a00000]
Native frames: (J=compiled Java code, j=interpreted, Vv=VM code, C=native code)
V  [jvm.dll+0x683c9a]
V  [jvm.dll+0x8427a4]
V  [jvm.dll+0x843f9e]
V  [jvm.dll+0x844603]
V  [jvm.dll+0x249b75]
V  [jvm.dll+0x680b69]
V  [jvm.dll+0x67505a]
V  [jvm.dll+0x309acb]
V  [jvm.dll+0x310f86]
V  [jvm.dll+0x3608ee]
V  [jvm.dll+0x360b1f]
V  [jvm.dll+0x2dfbf8]
V  [jvm.dll+0x2ddec4]
V  [jvm.dll+0x2dd4cc]
V  [jvm.dll+0x321f3b]
V  [jvm.dll+0x848ccb]
V  [jvm.dll+0x849a04]
V  [jvm.dll+0x849f1d]
V  [jvm.dll+0x84a2f4]
V  [jvm.dll+0x84a3c0]
V  [jvm.dll+0x7f274a]
V  [jvm.dll+0x682ad5]
C  [ucrtbase.dll+0x2268a]
C  [KERNEL32.DLL+0x17ac4]
C  [ntdll.dll+0x5a351]

VM_Operation (0x000000eb9a5fad60): G1CollectForAllocation, mode: safepoint, requested by thread 0x000001f4f76f11a0


---------------  P R O C E S S  ---------------

Threads class SMR info:
_java_thread_list=0x000001f4f9a5cd10, length=137, elements={
0x000001f4d5af2910, 0x000001f4f045d610, 0x000001f4f045f8b0, 0x000001f4f0448b70,
0x000001f4f0494020, 0x000001f4f04948e0, 0x000001f4f04955c0, 0x000001f4f0496350,
0x000001f4f0497610, 0x000001f4f04b4020, 0x000001f4f0611200, 0x000001f4f063c8e0,
0x000001f4f0773130, 0x000001f4f1927de0, 0x000001f4f15c8610, 0x000001f4f1c26e80,
0x000001f4f1aa28a0, 0x000001f4f18e8410, 0x000001f4f18f5120, 0x000001f4f31ac260,
0x000001f4f12e77e0, 0x000001f4d5ade020, 0x000001f4d5ade4f0, 0x000001f4d5adc810,
0x000001f4d5adee90, 0x000001f4d5adf360, 0x000001f4d5adf830, 0x000001f4d5adfd00,
0x000001f4d5ae01d0, 0x000001f4d5adcce0, 0x000001f4d5add1b0, 0x000001f4f41a9e20,
0x000001f4f41abb00, 0x000001f4f41ac970, 0x000001f4f41a8fb0, 0x000001f4f41a9480,
0x000001f4f41a9950, 0x000001f4f41a8610, 0x000001f4f41aa7c0, 0x000001f4f41ad7e0,
0x000001f4f41ac4a0, 0x000001f4f41a8ae0, 0x000001f4f41ace40, 0x000001f4f41adcb0,
0x000001f4f41ab160, 0x000001f4f41ab630, 0x000001f4f41ae650, 0x000001f4f41aeb20,
0x000001f4f41af4c0, 0x000001f4f41af990, 0x000001f4f41afe60, 0x000001f4f658f4d0,
0x000001f4f65911b0, 0x000001f4f658f9a0, 0x000001f4f658f000, 0x000001f4f658a7d0,
0x000001f4f6589e30, 0x000001f4f658a300, 0x000001f4f658b170, 0x000001f4f658aca0,
0x000001f4f6590810, 0x000001f4f6590ce0, 0x000001f4f658eb30, 0x000001f4f658fe70,
0x000001f4f658b640, 0x000001f4f658bb10, 0x000001f4f658bfe0, 0x000001f4f658c4b0,
0x000001f4f6590340, 0x000001f4f658ce50, 0x000001f4f658e190, 0x000001f4f658e660,
0x000001f4f6591680, 0x000001f4f658c980, 0x000001f4f658d320, 0x000001f4f658d7f0,
0x000001f4f658dcc0, 0x000001f4f7587970, 0x000001f4f7581930, 0x000001f4f7583ae0,
0x000001f4f7581e00, 0x000001f4f7584950, 0x000001f4f7583610, 0x000001f4f75822d0,
0x000001f4f7584e20, 0x000001f4f7588310, 0x000001f4f7584480, 0x000001f4f7585c90,
0x000001f4f75852f0, 0x000001f4f7583fb0, 0x000001f4f7580ac0, 0x000001f4f75827a0,
0x000001f4f7586160, 0x000001f4f75857c0, 0x000001f4f7586630, 0x000001f4f7586b00,
0x000001f4f7587e40, 0x000001f4f7581460, 0x000001f4f75874a0, 0x000001f4f7582c70,
0x000001f4f7580f90, 0x000001f4f7586fd0, 0x000001f4f7583140, 0x000001f4f6187f10,
0x000001f4f6187a40, 0x000001f4f61883e0, 0x000001f4f61888b0, 0x000001f4f61836e0,
0x000001f4f6182d40, 0x000001f4f6184550, 0x000001f4f6185d60, 0x000001f4f61853c0,
0x000001f4f6181060, 0x000001f4f6183bb0, 0x000001f4f6182870, 0x000001f4f6181530,
0x000001f4f6184080, 0x000001f4f6183210, 0x000001f4f6181ed0, 0x000001f4f6181a00,
0x000001f4f6186bd0, 0x000001f4f6185890, 0x000001f4f61823a0, 0x000001f4f6186230,
0x000001f4f6184a20, 0x000001f4f6184ef0, 0x000001f4f6186700, 0x000001f4f61870a0,
0x000001f4f76f3350, 0x000001f4f76ef990, 0x000001f4f76f11a0, 0x000001f4f76ee650,
0x000001f4f76f3820, 0x000001f4f76f3cf0, 0x000001f4f76ec4a0, 0x000001f4f76efe60,
0x000001f4f76ec970
}

Java Threads: ( => current thread )
  0x000001f4d5af2910 JavaThread "main" [_thread_blocked, id=12976, stack(0x000000eb91300000,0x000000eb91400000)]
  0x000001f4f045d610 JavaThread "Reference Handler" daemon [_thread_blocked, id=12396, stack(0x000000eb91a00000,0x000000eb91b00000)]
  0x000001f4f045f8b0 JavaThread "Finalizer" daemon [_thread_blocked, id=10148, stack(0x000000eb91b00000,0x000000eb91c00000)]
  0x000001f4f0448b70 JavaThread "Signal Dispatcher" daemon [_thread_blocked, id=4360, stack(0x000000eb91c00000,0x000000eb91d00000)]
  0x000001f4f0494020 JavaThread "Attach Listener" daemon [_thread_blocked, id=9448, stack(0x000000eb91d00000,0x000000eb91e00000)]
  0x000001f4f04948e0 JavaThread "Service Thread" daemon [_thread_blocked, id=2476, stack(0x000000eb91e00000,0x000000eb91f00000)]
  0x000001f4f04955c0 JavaThread "Monitor Deflation Thread" daemon [_thread_blocked, id=14648, stack(0x000000eb91f00000,0x000000eb92000000)]
  0x000001f4f0496350 JavaThread "C2 CompilerThread0" daemon [_thread_blocked, id=8248, stack(0x000000eb92000000,0x000000eb92100000)]
  0x000001f4f0497610 JavaThread "C1 CompilerThread0" daemon [_thread_blocked, id=13656, stack(0x000000eb92100000,0x000000eb92200000)]
  0x000001f4f04b4020 JavaThread "Sweeper thread" daemon [_thread_blocked, id=13400, stack(0x000000eb92200000,0x000000eb92300000)]
  0x000001f4f0611200 JavaThread "Common-Cleaner" daemon [_thread_blocked, id=5652, stack(0x000000eb92300000,0x000000eb92400000)]
  0x000001f4f063c8e0 JavaThread "Notification Thread" daemon [_thread_blocked, id=8844, stack(0x000000eb92400000,0x000000eb92500000)]
  0x000001f4f0773130 JavaThread "C2 CompilerThread1" daemon [_thread_blocked, id=104, stack(0x000000eb92600000,0x000000eb92700000)]
  0x000001f4f1927de0 JavaThread "C2 CompilerThread2" daemon [_thread_blocked, id=11956, stack(0x000000eb92c00000,0x000000eb92d00000)]
  0x000001f4f15c8610 JavaThread "Daemon health stats" [_thread_blocked, id=11284, stack(0x000000eb92d00000,0x000000eb92e00000)]
  0x000001f4f1c26e80 JavaThread "Incoming local TCP Connector on port 8071" [_thread_in_native, id=5584, stack(0x000000eb92e00000,0x000000eb92f00000)]
  0x000001f4f1aa28a0 JavaThread "Daemon periodic checks" [_thread_blocked, id=14332, stack(0x000000eb92f00000,0x000000eb93000000)]
  0x000001f4f18e8410 JavaThread "Daemon" [_thread_blocked, id=15212, stack(0x000000eb93000000,0x000000eb93100000)]
  0x000001f4f18f5120 JavaThread "Handler for socket connection from /127.0.0.1:8071 to /127.0.0.1:8072" [_thread_in_native, id=10504, stack(0x000000eb93100000,0x000000eb93200000)]
  0x000001f4f31ac260 JavaThread "Cancel handler" [_thread_blocked, id=5452, stack(0x000000eb93200000,0x000000eb93300000)]
  0x000001f4f12e77e0 JavaThread "Daemon worker" [_thread_blocked, id=9968, stack(0x000000eb93300000,0x000000eb93400000)]
  0x000001f4d5ade020 JavaThread "Asynchronous log dispatcher for DefaultDaemonConnection: socket connection from /127.0.0.1:8071 to /127.0.0.1:8072" [_thread_blocked, id=3932, stack(0x000000eb93400000,0x000000eb93500000)]
  0x000001f4d5ade4f0 JavaThread "Stdin handler" [_thread_blocked, id=10620, stack(0x000000eb93500000,0x000000eb93600000)]
  0x000001f4d5adc810 JavaThread "Daemon client event forwarder" [_thread_blocked, id=11920, stack(0x000000eb93600000,0x000000eb93700000)]
  0x000001f4d5adee90 JavaThread "Cache worker for journal cache (C:\UserProfiles\pr120andreev\.gradle\caches\journal-1)" [_thread_blocked, id=5984, stack(0x000000eb93a00000,0x000000eb93b00000)]
  0x000001f4d5adf360 JavaThread "File lock request listener" [_thread_in_native, id=10440, stack(0x000000eb93b00000,0x000000eb93c00000)]
  0x000001f4d5adf830 JavaThread "Cache worker for file hash cache (C:\UserProfiles\pr120andreev\.gradle\caches\8.0\fileHashes)" [_thread_blocked, id=13304, stack(0x000000eb93c00000,0x000000eb93d00000)]
  0x000001f4d5adfd00 JavaThread "File watcher server" daemon [_thread_blocked, id=11996, stack(0x000000eb93d00000,0x000000eb93e00000)]
  0x000001f4d5ae01d0 JavaThread "File watcher consumer" daemon [_thread_blocked, id=1780, stack(0x000000eb93e00000,0x000000eb93f00000)]
  0x000001f4d5adcce0 JavaThread "Cache worker for checksums cache (C:\UserProfiles\pr120andreev\AndroidStudioProjects\praktMob\.gradle\8.0\checksums)" [_thread_blocked, id=9272, stack(0x000000eb93f00000,0x000000eb94000000)]
  0x000001f4d5add1b0 JavaThread "Cache worker for cache directory md-rule (C:\UserProfiles\pr120andreev\.gradle\caches\8.0\md-rule)" [_thread_blocked, id=15136, stack(0x000000eb94000000,0x000000eb94100000)]
  0x000001f4f41a9e20 JavaThread "Cache worker for file content cache (C:\UserProfiles\pr120andreev\.gradle\caches\8.0\fileContent)" [_thread_blocked, id=11088, stack(0x000000eb94100000,0x000000eb94200000)]
  0x000001f4f41abb00 JavaThread "Cache worker for file hash cache (C:\UserProfiles\pr120andreev\AndroidStudioProjects\praktMob\.gradle\8.0\fileHashes)" [_thread_blocked, id=11332, stack(0x000000eb94200000,0x000000eb94300000)]
  0x000001f4f41ac970 JavaThread "Cache worker for cache directory md-supplier (C:\UserProfiles\pr120andreev\.gradle\caches\8.0\md-supplier)" [_thread_blocked, id=5456, stack(0x000000eb94300000,0x000000eb94400000)]
  0x000001f4f41a8fb0 JavaThread "Cache worker for execution history cache (C:\UserProfiles\pr120andreev\.gradle\caches\8.0\executionHistory)" [_thread_blocked, id=8520, stack(0x000000eb94400000,0x000000eb94500000)]
  0x000001f4f41a9480 JavaThread "jar transforms" [_thread_blocked, id=2844, stack(0x000000eb94500000,0x000000eb94600000)]
  0x000001f4f41a9950 JavaThread "jar transforms Thread 2" [_thread_blocked, id=1796, stack(0x000000eb94600000,0x000000eb94700000)]
  0x000001f4f41a8610 JavaThread "Cache worker for kotlin-dsl (C:\UserProfiles\pr120andreev\.gradle\caches\8.0\kotlin-dsl)" [_thread_blocked, id=13220, stack(0x000000eb94800000,0x000000eb94900000)]
  0x000001f4f41aa7c0 JavaThread "jar transforms Thread 3" [_thread_blocked, id=12320, stack(0x000000eb94900000,0x000000eb94a00000)]
  0x000001f4f41ad7e0 JavaThread "jar transforms Thread 4" [_thread_blocked, id=6824, stack(0x000000eb94a00000,0x000000eb94b00000)]
  0x000001f4f41ac4a0 JavaThread "Cache worker for dependencies-accessors (C:\UserProfiles\pr120andreev\AndroidStudioProjects\praktMob\.gradle\8.0\dependencies-accessors)" [_thread_blocked, id=11524, stack(0x000000eb94b00000,0x000000eb94c00000)]
  0x000001f4f41a8ae0 JavaThread "Cache worker for Build Output Cleanup Cache (C:\UserProfiles\pr120andreev\AndroidStudioProjects\praktMob\.gradle\buildOutputCleanup)" [_thread_blocked, id=10672, stack(0x000000eb94c00000,0x000000eb94d00000)]
  0x000001f4f41ace40 JavaThread "jar transforms Thread 5" [_thread_blocked, id=11248, stack(0x000000eb94d00000,0x000000eb94e00000)]
  0x000001f4f41adcb0 JavaThread "Unconstrained build operations" [_thread_blocked, id=12116, stack(0x000000eb94e00000,0x000000eb94f00000)]
  0x000001f4f41ab160 JavaThread "Unconstrained build operations Thread 2" [_thread_blocked, id=4528, stack(0x000000eb94f00000,0x000000eb95000000)]
  0x000001f4f41ab630 JavaThread "Unconstrained build operations Thread 3" [_thread_blocked, id=12880, stack(0x000000eb95000000,0x000000eb95100000)]
  0x000001f4f41ae650 JavaThread "Unconstrained build operations Thread 4" [_thread_blocked, id=10312, stack(0x000000eb95100000,0x000000eb95200000)]
  0x000001f4f41aeb20 JavaThread "Unconstrained build operations Thread 5" [_thread_blocked, id=1252, stack(0x000000eb95200000,0x000000eb95300000)]
  0x000001f4f41af4c0 JavaThread "Unconstrained build operations Thread 6" [_thread_blocked, id=3424, stack(0x000000eb95300000,0x000000eb95400000)]
  0x000001f4f41af990 JavaThread "Unconstrained build operations Thread 7" [_thread_blocked, id=9988, stack(0x000000eb95400000,0x000000eb95500000)]
  0x000001f4f41afe60 JavaThread "Unconstrained build operations Thread 8" [_thread_blocked, id=14968, stack(0x000000eb95500000,0x000000eb95600000)]
  0x000001f4f658f4d0 JavaThread "Unconstrained build operations Thread 9" [_thread_blocked, id=4552, stack(0x000000eb95600000,0x000000eb95700000)]
  0x000001f4f65911b0 JavaThread "Unconstrained build operations Thread 10" [_thread_blocked, id=3408, stack(0x000000eb95700000,0x000000eb95800000)]
  0x000001f4f658f9a0 JavaThread "Unconstrained build operations Thread 11" [_thread_blocked, id=14560, stack(0x000000eb95800000,0x000000eb95900000)]
  0x000001f4f658f000 JavaThread "Unconstrained build operations Thread 12" [_thread_blocked, id=5968, stack(0x000000eb95900000,0x000000eb95a00000)]
  0x000001f4f658a7d0 JavaThread "Unconstrained build operations Thread 13" [_thread_blocked, id=9236, stack(0x000000eb95a00000,0x000000eb95b00000)]
  0x000001f4f6589e30 JavaThread "Unconstrained build operations Thread 14" [_thread_blocked, id=13496, stack(0x000000eb95b00000,0x000000eb95c00000)]
  0x000001f4f658a300 JavaThread "Unconstrained build operations Thread 15" [_thread_blocked, id=2624, stack(0x000000eb95c00000,0x000000eb95d00000)]
  0x000001f4f658b170 JavaThread "Unconstrained build operations Thread 16" [_thread_blocked, id=10088, stack(0x000000eb95d00000,0x000000eb95e00000)]
  0x000001f4f658aca0 JavaThread "Unconstrained build operations Thread 17" [_thread_blocked, id=11392, stack(0x000000eb95e00000,0x000000eb95f00000)]
  0x000001f4f6590810 JavaThread "Unconstrained build operations Thread 18" [_thread_blocked, id=5052, stack(0x000000eb95f00000,0x000000eb96000000)]
  0x000001f4f6590ce0 JavaThread "Unconstrained build operations Thread 19" [_thread_blocked, id=7672, stack(0x000000eb96000000,0x000000eb96100000)]
  0x000001f4f658eb30 JavaThread "Unconstrained build operations Thread 20" [_thread_blocked, id=8384, stack(0x000000eb96100000,0x000000eb96200000)]
  0x000001f4f658fe70 JavaThread "Unconstrained build operations Thread 21" [_thread_blocked, id=8160, stack(0x000000eb96200000,0x000000eb96300000)]
  0x000001f4f658b640 JavaThread "Unconstrained build operations Thread 22" [_thread_blocked, id=12896, stack(0x000000eb96300000,0x000000eb96400000)]
  0x000001f4f658bb10 JavaThread "Unconstrained build operations Thread 23" [_thread_blocked, id=12660, stack(0x000000eb96400000,0x000000eb96500000)]
  0x000001f4f658bfe0 JavaThread "Unconstrained build operations Thread 24" [_thread_blocked, id=10536, stack(0x000000eb96500000,0x000000eb96600000)]
  0x000001f4f658c4b0 JavaThread "Unconstrained build operations Thread 25" [_thread_blocked, id=12120, stack(0x000000eb96600000,0x000000eb96700000)]
  0x000001f4f6590340 JavaThread "Unconstrained build operations Thread 26" [_thread_blocked, id=1276, stack(0x000000eb96700000,0x000000eb96800000)]
  0x000001f4f658ce50 JavaThread "Unconstrained build operations Thread 27" [_thread_blocked, id=7044, stack(0x000000eb96800000,0x000000eb96900000)]
  0x000001f4f658e190 JavaThread "Unconstrained build operations Thread 28" [_thread_blocked, id=14292, stack(0x000000eb96900000,0x000000eb96a00000)]
  0x000001f4f658e660 JavaThread "Unconstrained build operations Thread 29" [_thread_blocked, id=10448, stack(0x000000eb96a00000,0x000000eb96b00000)]
  0x000001f4f6591680 JavaThread "Unconstrained build operations Thread 30" [_thread_blocked, id=10804, stack(0x000000eb96b00000,0x000000eb96c00000)]
  0x000001f4f658c980 JavaThread "Unconstrained build operations Thread 31" [_thread_blocked, id=15144, stack(0x000000eb96c00000,0x000000eb96d00000)]
  0x000001f4f658d320 JavaThread "Unconstrained build operations Thread 32" [_thread_blocked, id=13788, stack(0x000000eb96d00000,0x000000eb96e00000)]
  0x000001f4f658d7f0 JavaThread "Unconstrained build operations Thread 33" [_thread_blocked, id=3580, stack(0x000000eb96e00000,0x000000eb96f00000)]
  0x000001f4f658dcc0 JavaThread "Unconstrained build operations Thread 34" [_thread_blocked, id=2388, stack(0x000000eb96f00000,0x000000eb97000000)]
  0x000001f4f7587970 JavaThread "Unconstrained build operations Thread 35" [_thread_blocked, id=9980, stack(0x000000eb97000000,0x000000eb97100000)]
  0x000001f4f7581930 JavaThread "Unconstrained build operations Thread 36" [_thread_blocked, id=14164, stack(0x000000eb97100000,0x000000eb97200000)]
  0x000001f4f7583ae0 JavaThread "Unconstrained build operations Thread 37" [_thread_blocked, id=8292, stack(0x000000eb97200000,0x000000eb97300000)]
  0x000001f4f7581e00 JavaThread "Unconstrained build operations Thread 38" [_thread_blocked, id=15160, stack(0x000000eb97300000,0x000000eb97400000)]
  0x000001f4f7584950 JavaThread "Unconstrained build operations Thread 39" [_thread_blocked, id=11504, stack(0x000000eb97400000,0x000000eb97500000)]
  0x000001f4f7583610 JavaThread "Unconstrained build operations Thread 40" [_thread_blocked, id=7456, stack(0x000000eb97500000,0x000000eb97600000)]
  0x000001f4f75822d0 JavaThread "Unconstrained build operations Thread 41" [_thread_blocked, id=9352, stack(0x000000eb97600000,0x000000eb97700000)]
  0x000001f4f7584e20 JavaThread "Unconstrained build operations Thread 42" [_thread_blocked, id=3324, stack(0x000000eb97700000,0x000000eb97800000)]
  0x000001f4f7588310 JavaThread "Unconstrained build operations Thread 43" [_thread_blocked, id=3604, stack(0x000000eb97800000,0x000000eb97900000)]
  0x000001f4f7584480 JavaThread "Unconstrained build operations Thread 44" [_thread_blocked, id=13460, stack(0x000000eb97900000,0x000000eb97a00000)]
  0x000001f4f7585c90 JavaThread "Unconstrained build operations Thread 45" [_thread_blocked, id=10968, stack(0x000000eb97a00000,0x000000eb97b00000)]
  0x000001f4f75852f0 JavaThread "Unconstrained build operations Thread 46" [_thread_blocked, id=14176, stack(0x000000eb97b00000,0x000000eb97c00000)]
  0x000001f4f7583fb0 JavaThread "Unconstrained build operations Thread 47" [_thread_blocked, id=14844, stack(0x000000eb97c00000,0x000000eb97d00000)]
  0x000001f4f7580ac0 JavaThread "Unconstrained build operations Thread 48" [_thread_blocked, id=2600, stack(0x000000eb97d00000,0x000000eb97e00000)]
  0x000001f4f75827a0 JavaThread "Unconstrained build operations Thread 49" [_thread_blocked, id=4452, stack(0x000000eb97e00000,0x000000eb97f00000)]
  0x000001f4f7586160 JavaThread "Unconstrained build operations Thread 50" [_thread_blocked, id=7400, stack(0x000000eb97f00000,0x000000eb98000000)]
  0x000001f4f75857c0 JavaThread "Unconstrained build operations Thread 51" [_thread_blocked, id=2132, stack(0x000000eb98000000,0x000000eb98100000)]
  0x000001f4f7586630 JavaThread "Unconstrained build operations Thread 52" [_thread_blocked, id=4836, stack(0x000000eb98100000,0x000000eb98200000)]
  0x000001f4f7586b00 JavaThread "Unconstrained build operations Thread 53" [_thread_blocked, id=10884, stack(0x000000eb98200000,0x000000eb98300000)]
  0x000001f4f7587e40 JavaThread "Unconstrained build operations Thread 54" [_thread_blocked, id=7796, stack(0x000000eb98300000,0x000000eb98400000)]
  0x000001f4f7581460 JavaThread "Unconstrained build operations Thread 55" [_thread_blocked, id=5128, stack(0x000000eb98400000,0x000000eb98500000)]
  0x000001f4f75874a0 JavaThread "Unconstrained build operations Thread 56" [_thread_blocked, id=9280, stack(0x000000eb98500000,0x000000eb98600000)]
  0x000001f4f7582c70 JavaThread "Unconstrained build operations Thread 57" [_thread_blocked, id=11072, stack(0x000000eb98600000,0x000000eb98700000)]
  0x000001f4f7580f90 JavaThread "Unconstrained build operations Thread 58" [_thread_blocked, id=2052, stack(0x000000eb98700000,0x000000eb98800000)]
  0x000001f4f7586fd0 JavaThread "Unconstrained build operations Thread 59" [_thread_blocked, id=3720, stack(0x000000eb98800000,0x000000eb98900000)]
  0x000001f4f7583140 JavaThread "Unconstrained build operations Thread 60" [_thread_blocked, id=9512, stack(0x000000eb98900000,0x000000eb98a00000)]
  0x000001f4f6187f10 JavaThread "Unconstrained build operations Thread 61" [_thread_blocked, id=9872, stack(0x000000eb98a00000,0x000000eb98b00000)]
  0x000001f4f6187a40 JavaThread "Unconstrained build operations Thread 62" [_thread_blocked, id=6392, stack(0x000000eb98b00000,0x000000eb98c00000)]
  0x000001f4f61883e0 JavaThread "Unconstrained build operations Thread 63" [_thread_blocked, id=8904, stack(0x000000eb98c00000,0x000000eb98d00000)]
  0x000001f4f61888b0 JavaThread "Unconstrained build operations Thread 64" [_thread_blocked, id=14216, stack(0x000000eb98d00000,0x000000eb98e00000)]
  0x000001f4f61836e0 JavaThread "Unconstrained build operations Thread 65" [_thread_blocked, id=10572, stack(0x000000eb98e00000,0x000000eb98f00000)]
  0x000001f4f6182d40 JavaThread "Unconstrained build operations Thread 66" [_thread_blocked, id=4808, stack(0x000000eb98f00000,0x000000eb99000000)]
  0x000001f4f6184550 JavaThread "Unconstrained build operations Thread 67" [_thread_blocked, id=1504, stack(0x000000eb99000000,0x000000eb99100000)]
  0x000001f4f6185d60 JavaThread "Unconstrained build operations Thread 68" [_thread_blocked, id=12168, stack(0x000000eb99100000,0x000000eb99200000)]
  0x000001f4f61853c0 JavaThread "Unconstrained build operations Thread 69" [_thread_blocked, id=15264, stack(0x000000eb99200000,0x000000eb99300000)]
  0x000001f4f6181060 JavaThread "Unconstrained build operations Thread 70" [_thread_blocked, id=11476, stack(0x000000eb99300000,0x000000eb99400000)]
  0x000001f4f6183bb0 JavaThread "Unconstrained build operations Thread 71" [_thread_blocked, id=4344, stack(0x000000eb99400000,0x000000eb99500000)]
  0x000001f4f6182870 JavaThread "Unconstrained build operations Thread 72" [_thread_blocked, id=2228, stack(0x000000eb99500000,0x000000eb99600000)]
  0x000001f4f6181530 JavaThread "Unconstrained build operations Thread 73" [_thread_blocked, id=2472, stack(0x000000eb99600000,0x000000eb99700000)]
  0x000001f4f6184080 JavaThread "Unconstrained build operations Thread 74" [_thread_blocked, id=13508, stack(0x000000eb99700000,0x000000eb99800000)]
  0x000001f4f6183210 JavaThread "Unconstrained build operations Thread 75" [_thread_blocked, id=10300, stack(0x000000eb99800000,0x000000eb99900000)]
  0x000001f4f6181ed0 JavaThread "Unconstrained build operations Thread 76" [_thread_blocked, id=8912, stack(0x000000eb99900000,0x000000eb99a00000)]
  0x000001f4f6181a00 JavaThread "Unconstrained build operations Thread 77" [_thread_blocked, id=7080, stack(0x000000eb99a00000,0x000000eb99b00000)]
  0x000001f4f6186bd0 JavaThread "Unconstrained build operations Thread 78" [_thread_blocked, id=2208, stack(0x000000eb99b00000,0x000000eb99c00000)]
  0x000001f4f6185890 JavaThread "Unconstrained build operations Thread 79" [_thread_blocked, id=14272, stack(0x000000eb99c00000,0x000000eb99d00000)]
  0x000001f4f61823a0 JavaThread "Unconstrained build operations Thread 80" [_thread_blocked, id=15296, stack(0x000000eb99d00000,0x000000eb99e00000)]
  0x000001f4f6186230 JavaThread "jar transforms Thread 6" [_thread_blocked, id=10228, stack(0x000000eb99e00000,0x000000eb99f00000)]
  0x000001f4f6184a20 JavaThread "jar transforms Thread 7" [_thread_blocked, id=12768, stack(0x000000eb99f00000,0x000000eb9a000000)]
  0x000001f4f6184ef0 JavaThread "jar transforms Thread 8" [_thread_blocked, id=1308, stack(0x000000eb9a000000,0x000000eb9a100000)]
  0x000001f4f6186700 JavaThread "build event listener" [_thread_blocked, id=13604, stack(0x000000eb9a100000,0x000000eb9a200000)]
  0x000001f4f61870a0 JavaThread "Memory manager" [_thread_blocked, id=15328, stack(0x000000eb9a200000,0x000000eb9a300000)]
  0x000001f4f76f3350 JavaThread "included builds" [_thread_blocked, id=7060, stack(0x000000eb9a300000,0x000000eb9a400000)]
  0x000001f4f76ef990 JavaThread "Execution worker" [_thread_blocked, id=2956, stack(0x000000eb9a400000,0x000000eb9a500000)]
  0x000001f4f76f11a0 JavaThread "Execution worker Thread 2" [_thread_blocked, id=10096, stack(0x000000eb9a500000,0x000000eb9a600000)]
  0x000001f4f76ee650 JavaThread "Execution worker Thread 3" [_thread_blocked, id=9136, stack(0x000000eb9a600000,0x000000eb9a700000)]
  0x000001f4f76f3820 JavaThread "Execution worker Thread 4" [_thread_blocked, id=6904, stack(0x000000eb9a700000,0x000000eb9a800000)]
  0x000001f4f76f3cf0 JavaThread "Execution worker Thread 5" [_thread_blocked, id=12912, stack(0x000000eb9a800000,0x000000eb9a900000)]
  0x000001f4f76ec4a0 JavaThread "Execution worker Thread 6" [_thread_blocked, id=13676, stack(0x000000eb9a900000,0x000000eb9aa00000)]
  0x000001f4f76efe60 JavaThread "Execution worker Thread 7" [_thread_blocked, id=14068, stack(0x000000eb9aa00000,0x000000eb9ab00000)]
  0x000001f4f76ec970 JavaThread "Cache worker for execution history cache (C:\UserProfiles\pr120andreev\AndroidStudioProjects\praktMob\.gradle\8.0\executionHistory)" [_thread_blocked, id=2584, stack(0x000000eb9ab00000,0x000000eb9ac00000)]

Other Threads:
=>0x000001f4f043bd30 VMThread "VM Thread" [stack: 0x000000eb91900000,0x000000eb91a00000] [id=9384]
  0x000001f4d5b679a0 WatcherThread [stack: 0x000000eb92500000,0x000000eb92600000] [id=1848]
  0x000001f4d5b4e9f0 GCTaskThread "GC Thread#0" [stack: 0x000000eb91400000,0x000000eb91500000] [id=15056]
  0x000001f4f126d680 GCTaskThread "GC Thread#1" [stack: 0x000000eb92700000,0x000000eb92800000] [id=6912]
  0x000001f4f136e450 GCTaskThread "GC Thread#2" [stack: 0x000000eb92800000,0x000000eb92900000] [id=14264]
  0x000001f4f136e700 GCTaskThread "GC Thread#3" [stack: 0x000000eb92900000,0x000000eb92a00000] [id=11516]
  0x000001f4f12515e0 GCTaskThread "GC Thread#4" [stack: 0x000000eb92a00000,0x000000eb92b00000] [id=12032]
  0x000001f4f1251890 GCTaskThread "GC Thread#5" [stack: 0x000000eb92b00000,0x000000eb92c00000] [id=604]
  0x000001f4f36d0020 GCTaskThread "GC Thread#6" [stack: 0x000000eb93700000,0x000000eb93800000] [id=4932]
  0x000001f4f2f2a190 GCTaskThread "GC Thread#7" [stack: 0x000000eb93800000,0x000000eb93900000] [id=12580]
  0x000001f4d5b5f930 ConcurrentGCThread "G1 Main Marker" [stack: 0x000000eb91500000,0x000000eb91600000] [id=9724]
  0x000001f4d5b60340 ConcurrentGCThread "G1 Conc#0" [stack: 0x000000eb91600000,0x000000eb91700000] [id=6312]
  0x000001f4f331b360 ConcurrentGCThread "G1 Conc#1" [stack: 0x000000eb93900000,0x000000eb93a00000] [id=8592]
  0x000001f4d5bae680 ConcurrentGCThread "G1 Refine#0" [stack: 0x000000eb91700000,0x000000eb91800000] [id=13976]
  0x000001f4f306a380 ConcurrentGCThread "G1 Refine#1" [stack: 0x000000eb94700000,0x000000eb94800000] [id=8188]
  0x000001f4ef7f26e0 ConcurrentGCThread "G1 Service" [stack: 0x000000eb91800000,0x000000eb91900000] [id=14256]

Threads with active compile tasks:
C2 CompilerThread0     6680 10819       4       org.gradle.internal.snapshot.MediumChildMap::withNode (67 bytes)
C1 CompilerThread0     6680 10887       3       org.gradle.internal.snapshot.VfsRelativePath::lengthOfCommonPrefix (173 bytes)
C2 CompilerThread1     6680 10863       4       java.util.function.Predicate$$Lambda$161/0x00000001002c5c90::test (15 bytes)
C2 CompilerThread2     6680 10862       4       java.util.function.Predicate$$Lambda$166/0x00000001002c64e8::test (15 bytes)

VM state: at safepoint (normal execution)

VM Mutex/Monitor currently owned by a thread:  ([mutex/lock_event])
[0x000001f4d5aef180] Threads_lock - owner thread: 0x000001f4f043bd30
[0x000001f4d5aeed90] Heap_lock - owner thread: 0x000001f4f76f11a0

Heap address: 0x0000000080000000, size: 2048 MB, Compressed Oops mode: 32-bit

CDS archive(s) not mapped
Compressed class space mapped at: 0x0000000100000000-0x0000000140000000, reserved size: 1073741824
Narrow klass base: 0x0000000000000000, Narrow klass shift: 3, Narrow klass range: 0x140000000

GC Precious Log:
 CPUs: 8 total, 8 available
 Memory: 16303M
 Large Page Support: Disabled
 NUMA Support: Disabled
 Compressed Oops: Enabled (32-bit)
 Heap Region Size: 1M
 Heap Min Capacity: 8M
 Heap Initial Capacity: 256M
 Heap Max Capacity: 2G
 Pre-touch: Disabled
 Parallel Workers: 8
 Concurrent Workers: 2
 Concurrent Refinement Workers: 8
 Periodic GC: Disabled

Heap:
 garbage-first heap   total 219136K, used 93737K [0x0000000080000000, 0x0000000100000000)
  region size 1024K, 5 young (5120K), 5 survivors (5120K)
 Metaspace       used 95198K, committed 95808K, reserved 1138688K
  class space    used 13076K, committed 13376K, reserved 1048576K

Heap Regions: E=young(eden), S=young(survivor), O=old, HS=humongous(starts), HC=humongous(continues), CS=collection set, F=free, OA=open archive, CA=closed archive, TAMS=top-at-mark-start (previous, next)
|   0|0x0000000080000000, 0x0000000080100000, 0x0000000080100000|100%|HS|  |TAMS 0x0000000080100000, 0x0000000080100000| Complete 
|   1|0x0000000080100000, 0x0000000080200000, 0x0000000080200000|100%|HC|  |TAMS 0x0000000080200000, 0x0000000080200000| Complete 
|   2|0x0000000080200000, 0x0000000080300000, 0x0000000080300000|100%|HC|  |TAMS 0x0000000080300000, 0x0000000080300000| Complete 
|   3|0x0000000080300000, 0x0000000080400000, 0x0000000080400000|100%|HC|  |TAMS 0x0000000080400000, 0x0000000080400000| Complete 
|   4|0x0000000080400000, 0x0000000080500000, 0x0000000080500000|100%| O|  |TAMS 0x0000000080500000, 0x0000000080500000| Untracked 
|   5|0x0000000080500000, 0x0000000080600000, 0x0000000080600000|100%| O|  |TAMS 0x0000000080600000, 0x0000000080600000| Untracked 
|   6|0x0000000080600000, 0x0000000080700000, 0x0000000080700000|100%| O|  |TAMS 0x0000000080700000, 0x0000000080700000| Untracked 
|   7|0x0000000080700000, 0x0000000080800000, 0x0000000080800000|100%| O|  |TAMS 0x0000000080800000, 0x0000000080800000| Untracked 
|   8|0x0000000080800000, 0x0000000080900000, 0x0000000080900000|100%| O|  |TAMS 0x0000000080900000, 0x0000000080900000| Untracked 
|   9|0x0000000080900000, 0x0000000080a00000, 0x0000000080a00000|100%| O|  |TAMS 0x0000000080a00000, 0x0000000080a00000| Untracked 
|  10|0x0000000080a00000, 0x0000000080b00000, 0x0000000080b00000|100%| O|  |TAMS 0x0000000080b00000, 0x0000000080b00000| Untracked 
|  11|0x0000000080b00000, 0x0000000080c00000, 0x0000000080c00000|100%| O|  |TAMS 0x0000000080c00000, 0x0000000080c00000| Untracked 
|  12|0x0000000080c00000, 0x0000000080d00000, 0x0000000080d00000|100%| O|  |TAMS 0x0000000080d00000, 0x0000000080d00000| Untracked 
|  13|0x0000000080d00000, 0x0000000080e00000, 0x0000000080e00000|100%| O|  |TAMS 0x0000000080e00000, 0x0000000080e00000| Untracked 
|  14|0x0000000080e00000, 0x0000000080f00000, 0x0000000080f00000|100%| O|  |TAMS 0x0000000080f00000, 0x0000000080f00000| Untracked 
|  15|0x0000000080f00000, 0x0000000081000000, 0x0000000081000000|100%| O|  |TAMS 0x0000000081000000, 0x0000000081000000| Untracked 
|  16|0x0000000081000000, 0x0000000081100000, 0x0000000081100000|100%| O|  |TAMS 0x0000000081100000, 0x0000000081100000| Untracked 
|  17|0x0000000081100000, 0x0000000081200000, 0x0000000081200000|100%| O|  |TAMS 0x0000000081200000, 0x0000000081200000| Untracked 
|  18|0x0000000081200000, 0x0000000081300000, 0x0000000081300000|100%| O|  |TAMS 0x0000000081300000, 0x0000000081300000| Untracked 
|  19|0x0000000081300000, 0x0000000081400000, 0x0000000081400000|100%| O|  |TAMS 0x0000000081400000, 0x0000000081400000| Untracked 
|  20|0x0000000081400000, 0x0000000081500000, 0x0000000081500000|100%| O|  |TAMS 0x0000000081500000, 0x0000000081500000| Untracked 
|  21|0x0000000081500000, 0x0000000081600000, 0x0000000081600000|100%| O|  |TAMS 0x0000000081600000, 0x0000000081600000| Untracked 
|  22|0x0000000081600000, 0x0000000081700000, 0x0000000081700000|100%| O|  |TAMS 0x0000000081700000, 0x0000000081700000| Untracked 
|  23|0x0000000081700000, 0x0000000081800000, 0x0000000081800000|100%| O|  |TAMS 0x0000000081800000, 0x0000000081800000| Untracked 
|  24|0x0000000081800000, 0x0000000081900000, 0x0000000081900000|100%| O|  |TAMS 0x0000000081900000, 0x0000000081900000| Untracked 
|  25|0x0000000081900000, 0x0000000081a00000, 0x0000000081a00000|100%| O|  |TAMS 0x0000000081a00000, 0x0000000081a00000| Untracked 
|  26|0x0000000081a00000, 0x0000000081b00000, 0x0000000081b00000|100%| O|  |TAMS 0x0000000081b00000, 0x0000000081b00000| Untracked 
|  27|0x0000000081b00000, 0x0000000081c00000, 0x0000000081c00000|100%|HS|  |TAMS 0x0000000081c00000, 0x0000000081c00000| Complete 
|  28|0x0000000081c00000, 0x0000000081d00000, 0x0000000081d00000|100%| O|  |TAMS 0x0000000081d00000, 0x0000000081d00000| Untracked 
|  29|0x0000000081d00000, 0x0000000081e00000, 0x0000000081e00000|100%| O|  |TAMS 0x0000000081e00000, 0x0000000081e00000| Untracked 
|  30|0x0000000081e00000, 0x0000000081f00000, 0x0000000081f00000|100%| O|  |TAMS 0x0000000081f00000, 0x0000000081f00000| Untracked 
|  31|0x0000000081f00000, 0x0000000082000000, 0x0000000082000000|100%| O|  |TAMS 0x0000000082000000, 0x0000000082000000| Untracked 
|  32|0x0000000082000000, 0x0000000082100000, 0x0000000082100000|100%|HS|  |TAMS 0x0000000082100000, 0x0000000082100000| Complete 
|  33|0x0000000082100000, 0x0000000082200000, 0x0000000082200000|100%|HS|  |TAMS 0x0000000082200000, 0x0000000082200000| Complete 
|  34|0x0000000082200000, 0x0000000082300000, 0x0000000082300000|100%|HC|  |TAMS 0x0000000082300000, 0x0000000082300000| Complete 
|  35|0x0000000082300000, 0x0000000082400000, 0x0000000082400000|100%|HS|  |TAMS 0x0000000082400000, 0x0000000082400000| Complete 
|  36|0x0000000082400000, 0x0000000082500000, 0x0000000082500000|100%|HS|  |TAMS 0x0000000082500000, 0x0000000082500000| Complete 
|  37|0x0000000082500000, 0x0000000082600000, 0x0000000082600000|100%|HC|  |TAMS 0x0000000082600000, 0x0000000082600000| Complete 
|  38|0x0000000082600000, 0x0000000082700000, 0x0000000082700000|100%|HC|  |TAMS 0x0000000082700000, 0x0000000082700000| Complete 
|  39|0x0000000082700000, 0x0000000082800000, 0x0000000082800000|100%|HC|  |TAMS 0x0000000082800000, 0x0000000082800000| Complete 
|  40|0x0000000082800000, 0x0000000082900000, 0x0000000082900000|100%| O|  |TAMS 0x0000000082900000, 0x0000000082900000| Untracked 
|  41|0x0000000082900000, 0x0000000082a00000, 0x0000000082a00000|100%| O|  |TAMS 0x0000000082a00000, 0x0000000082a00000| Untracked 
|  42|0x0000000082a00000, 0x0000000082b00000, 0x0000000082b00000|100%| O|  |TAMS 0x0000000082b00000, 0x0000000082b00000| Untracked 
|  43|0x0000000082b00000, 0x0000000082c00000, 0x0000000082c00000|100%| O|  |TAMS 0x0000000082c00000, 0x0000000082c00000| Untracked 
|  44|0x0000000082c00000, 0x0000000082d00000, 0x0000000082d00000|100%| O|  |TAMS 0x0000000082d00000, 0x0000000082d00000| Untracked 
|  45|0x0000000082d00000, 0x0000000082e00000, 0x0000000082e00000|100%| O|  |TAMS 0x0000000082e00000, 0x0000000082e00000| Untracked 
|  46|0x0000000082e00000, 0x0000000082f00000, 0x0000000082f00000|100%| O|  |TAMS 0x0000000082f00000, 0x0000000082f00000| Untracked 
|  47|0x0000000082f00000, 0x0000000083000000, 0x0000000083000000|100%| O|  |TAMS 0x0000000083000000, 0x0000000083000000| Untracked 
|  48|0x0000000083000000, 0x0000000083100000, 0x0000000083100000|100%| O|  |TAMS 0x0000000083100000, 0x0000000083100000| Untracked 
|  49|0x0000000083100000, 0x0000000083200000, 0x0000000083200000|100%| O|  |TAMS 0x0000000083200000, 0x0000000083200000| Untracked 
|  50|0x0000000083200000, 0x0000000083300000, 0x0000000083300000|100%| O|  |TAMS 0x0000000083300000, 0x0000000083300000| Untracked 
|  51|0x0000000083300000, 0x0000000083400000, 0x0000000083400000|100%| O|  |TAMS 0x0000000083400000, 0x0000000083400000| Untracked 
|  52|0x0000000083400000, 0x0000000083500000, 0x0000000083500000|100%| O|  |TAMS 0x0000000083500000, 0x0000000083500000| Untracked 
|  53|0x0000000083500000, 0x0000000083600000, 0x0000000083600000|100%| O|  |TAMS 0x0000000083600000, 0x0000000083600000| Untracked 
|  54|0x0000000083600000, 0x0000000083700000, 0x0000000083700000|100%| O|  |TAMS 0x0000000083700000, 0x0000000083700000| Untracked 
|  55|0x0000000083700000, 0x0000000083800000, 0x0000000083800000|100%| O|  |TAMS 0x0000000083800000, 0x0000000083800000| Untracked 
|  56|0x0000000083800000, 0x0000000083900000, 0x0000000083900000|100%| O|  |TAMS 0x0000000083900000, 0x0000000083900000| Untracked 
|  57|0x0000000083900000, 0x0000000083a00000, 0x0000000083a00000|100%| O|  |TAMS 0x0000000083a00000, 0x0000000083a00000| Untracked 
|  58|0x0000000083a00000, 0x0000000083b00000, 0x0000000083b00000|100%| O|  |TAMS 0x0000000083b00000, 0x0000000083b00000| Untracked 
|  59|0x0000000083b00000, 0x0000000083b00000, 0x0000000083c00000|  0%| F|  |TAMS 0x0000000083b00000, 0x0000000083b00000| Untracked 
|  60|0x0000000083c00000, 0x0000000083d00000, 0x0000000083d00000|100%| O|  |TAMS 0x0000000083d00000, 0x0000000083d00000| Untracked 
|  61|0x0000000083d00000, 0x0000000083e00000, 0x0000000083e00000|100%| O|  |TAMS 0x0000000083d00000, 0x0000000083e00000| Untracked 
|  62|0x0000000083e00000, 0x0000000083f00000, 0x0000000083f00000|100%| O|  |TAMS 0x0000000083f00000, 0x0000000083f00000| Untracked 
|  63|0x0000000083f00000, 0x0000000084000000, 0x0000000084000000|100%| O|  |TAMS 0x0000000084000000, 0x0000000084000000| Untracked 
|  64|0x0000000084000000, 0x0000000084100000, 0x0000000084100000|100%| O|  |TAMS 0x0000000084100000, 0x0000000084100000| Untracked 
|  65|0x0000000084100000, 0x0000000084200000, 0x0000000084200000|100%| O|  |TAMS 0x0000000084200000, 0x0000000084200000| Untracked 
|  66|0x0000000084200000, 0x0000000084300000, 0x0000000084300000|100%| O|  |TAMS 0x0000000084300000, 0x0000000084300000| Untracked 
|  67|0x0000000084300000, 0x0000000084400000, 0x0000000084400000|100%| O|  |TAMS 0x0000000084400000, 0x0000000084400000| Untracked 
|  68|0x0000000084400000, 0x0000000084500000, 0x0000000084500000|100%| O|  |TAMS 0x0000000084500000, 0x0000000084500000| Untracked 
|  69|0x0000000084500000, 0x0000000084600000, 0x0000000084600000|100%| O|  |TAMS 0x0000000084600000, 0x0000000084600000| Untracked 
|  70|0x0000000084600000, 0x0000000084700000, 0x0000000084700000|100%| O|  |TAMS 0x0000000084700000, 0x0000000084700000| Untracked 
|  71|0x0000000084700000, 0x0000000084800000, 0x0000000084800000|100%| O|  |TAMS 0x000000008474f800, 0x0000000084800000| Untracked 
|  72|0x0000000084800000, 0x0000000084900000, 0x0000000084900000|100%| O|  |TAMS 0x0000000084800000, 0x0000000084900000| Untracked 
|  73|0x0000000084900000, 0x0000000084a00000, 0x0000000084a00000|100%| O|  |TAMS 0x0000000084900000, 0x0000000084a00000| Untracked 
|  74|0x0000000084a00000, 0x0000000084b00000, 0x0000000084b00000|100%| O|  |TAMS 0x0000000084a00000, 0x0000000084b00000| Untracked 
|  75|0x0000000084b00000, 0x0000000084c00000, 0x0000000084c00000|100%| O|  |TAMS 0x0000000084b00000, 0x0000000084c00000| Untracked 
|  76|0x0000000084c00000, 0x0000000084d00000, 0x0000000084d00000|100%| O|  |TAMS 0x0000000084c00000, 0x0000000084d00000| Untracked 
|  77|0x0000000084d00000, 0x0000000084e00000, 0x0000000084e00000|100%| O|  |TAMS 0x0000000084d00000, 0x0000000084e00000| Untracked 
|  78|0x0000000084e00000, 0x0000000084f00000, 0x0000000084f00000|100%| O|  |TAMS 0x0000000084e00000, 0x0000000084f00000| Untracked 
|  79|0x0000000084f00000, 0x0000000085000000, 0x0000000085000000|100%| O|  |TAMS 0x0000000084f00000, 0x0000000085000000| Untracked 
|  80|0x0000000085000000, 0x0000000085100000, 0x0000000085100000|100%| O|  |TAMS 0x0000000085000000, 0x0000000085100000| Untracked 
|  81|0x0000000085100000, 0x0000000085200000, 0x0000000085200000|100%| O|  |TAMS 0x0000000085100000, 0x0000000085200000| Untracked 
|  82|0x0000000085200000, 0x0000000085300000, 0x0000000085300000|100%| O|  |TAMS 0x0000000085200000, 0x0000000085300000| Untracked 
|  83|0x0000000085300000, 0x0000000085400000, 0x0000000085400000|100%| O|  |TAMS 0x0000000085300000, 0x0000000085400000| Untracked 
|  84|0x0000000085400000, 0x0000000085500000, 0x0000000085500000|100%| O|  |TAMS 0x0000000085400000, 0x0000000085500000| Untracked 
|  85|0x0000000085500000, 0x0000000085600000, 0x0000000085600000|100%| O|  |TAMS 0x0000000085500000, 0x0000000085600000| Untracked 
|  86|0x0000000085600000, 0x0000000085700000, 0x0000000085700000|100%| O|  |TAMS 0x0000000085600000, 0x0000000085700000| Untracked 
|  87|0x0000000085700000, 0x00000000857f7200, 0x0000000085800000| 96%| O|  |TAMS 0x0000000085700000, 0x00000000857f7200| Untracked 
|  88|0x0000000085800000, 0x0000000085800000, 0x0000000085900000|  0%| F|  |TAMS 0x0000000085800000, 0x0000000085800000| Untracked 
|  89|0x0000000085900000, 0x0000000085900000, 0x0000000085a00000|  0%| F|  |TAMS 0x0000000085900000, 0x0000000085900000| Untracked 
|  90|0x0000000085a00000, 0x0000000085a00000, 0x0000000085b00000|  0%| F|  |TAMS 0x0000000085a00000, 0x0000000085a00000| Untracked 
|  91|0x0000000085b00000, 0x0000000085b00000, 0x0000000085c00000|  0%| F|  |TAMS 0x0000000085b00000, 0x0000000085b00000| Untracked 
|  92|0x0000000085c00000, 0x0000000085c00000, 0x0000000085d00000|  0%| F|  |TAMS 0x0000000085c00000, 0x0000000085c00000| Untracked 
|  93|0x0000000085d00000, 0x0000000085d00000, 0x0000000085e00000|  0%| F|  |TAMS 0x0000000085d00000, 0x0000000085d00000| Untracked 
|  94|0x0000000085e00000, 0x0000000085e00000, 0x0000000085f00000|  0%| F|  |TAMS 0x0000000085e00000, 0x0000000085e00000| Untracked 
|  95|0x0000000085f00000, 0x0000000085f00000, 0x0000000086000000|  0%| F|  |TAMS 0x0000000085f00000, 0x0000000085f00000| Untracked 
|  96|0x0000000086000000, 0x0000000086000000, 0x0000000086100000|  0%| F|  |TAMS 0x0000000086000000, 0x0000000086000000| Untracked 
|  97|0x0000000086100000, 0x0000000086100000, 0x0000000086200000|  0%| F|  |TAMS 0x0000000086100000, 0x0000000086100000| Untracked 
|  98|0x0000000086200000, 0x0000000086200000, 0x0000000086300000|  0%| F|  |TAMS 0x0000000086200000, 0x0000000086200000| Untracked 
|  99|0x0000000086300000, 0x0000000086300000, 0x0000000086400000|  0%| F|  |TAMS 0x0000000086300000, 0x0000000086300000| Untracked 
| 100|0x0000000086400000, 0x0000000086400000, 0x0000000086500000|  0%| F|  |TAMS 0x0000000086400000, 0x0000000086400000| Untracked 
| 101|0x0000000086500000, 0x0000000086500000, 0x0000000086600000|  0%| F|  |TAMS 0x0000000086500000, 0x0000000086500000| Untracked 
| 102|0x0000000086600000, 0x0000000086600000, 0x0000000086700000|  0%| F|  |TAMS 0x0000000086600000, 0x0000000086600000| Untracked 
| 103|0x0000000086700000, 0x0000000086700000, 0x0000000086800000|  0%| F|  |TAMS 0x0000000086700000, 0x0000000086700000| Untracked 
| 104|0x0000000086800000, 0x0000000086800000, 0x0000000086900000|  0%| F|  |TAMS 0x0000000086800000, 0x0000000086800000| Untracked 
| 105|0x0000000086900000, 0x0000000086900000, 0x0000000086a00000|  0%| F|  |TAMS 0x0000000086900000, 0x0000000086900000| Untracked 
| 106|0x0000000086a00000, 0x0000000086a00000, 0x0000000086b00000|  0%| F|  |TAMS 0x0000000086a00000, 0x0000000086a00000| Untracked 
| 107|0x0000000086b00000, 0x0000000086b00000, 0x0000000086c00000|  0%| F|  |TAMS 0x0000000086b00000, 0x0000000086b00000| Untracked 
| 108|0x0000000086c00000, 0x0000000086c00000, 0x0000000086d00000|  0%| F|  |TAMS 0x0000000086c00000, 0x0000000086c00000| Untracked 
| 109|0x0000000086d00000, 0x0000000086d00000, 0x0000000086e00000|  0%| F|  |TAMS 0x0000000086d00000, 0x0000000086d00000| Untracked 
| 110|0x0000000086e00000, 0x0000000086e00000, 0x0000000086f00000|  0%| F|  |TAMS 0x0000000086e00000, 0x0000000086e00000| Untracked 
| 111|0x0000000086f00000, 0x0000000086f00000, 0x0000000087000000|  0%| F|  |TAMS 0x0000000086f00000, 0x0000000086f00000| Untracked 
| 112|0x0000000087000000, 0x0000000087000000, 0x0000000087100000|  0%| F|  |TAMS 0x0000000087000000, 0x0000000087000000| Untracked 
| 113|0x0000000087100000, 0x0000000087100000, 0x0000000087200000|  0%| F|  |TAMS 0x0000000087100000, 0x0000000087100000| Untracked 
| 114|0x0000000087200000, 0x0000000087200000, 0x0000000087300000|  0%| F|  |TAMS 0x0000000087200000, 0x0000000087200000| Untracked 
| 115|0x0000000087300000, 0x0000000087300000, 0x0000000087400000|  0%| F|  |TAMS 0x0000000087300000, 0x0000000087300000| Untracked 
| 116|0x0000000087400000, 0x0000000087400000, 0x0000000087500000|  0%| F|  |TAMS 0x0000000087400000, 0x0000000087400000| Untracked 
| 117|0x0000000087500000, 0x0000000087500000, 0x0000000087600000|  0%| F|  |TAMS 0x0000000087500000, 0x0000000087500000| Untracked 
| 118|0x0000000087600000, 0x0000000087600000, 0x0000000087700000|  0%| F|  |TAMS 0x0000000087600000, 0x0000000087600000| Untracked 
| 119|0x0000000087700000, 0x0000000087700000, 0x0000000087800000|  0%| F|  |TAMS 0x0000000087700000, 0x0000000087700000| Untracked 
| 120|0x0000000087800000, 0x00000000878935b0, 0x0000000087900000| 57%| S|CS|TAMS 0x0000000087800000, 0x0000000087800000| Complete 
| 121|0x0000000087900000, 0x0000000087a00000, 0x0000000087a00000|100%| S|CS|TAMS 0x0000000087900000, 0x0000000087900000| Complete 
| 122|0x0000000087a00000, 0x0000000087b00000, 0x0000000087b00000|100%| S|CS|TAMS 0x0000000087a00000, 0x0000000087a00000| Complete 
| 123|0x0000000087b00000, 0x0000000087c00000, 0x0000000087c00000|100%| S|CS|TAMS 0x0000000087b00000, 0x0000000087b00000| Complete 
| 124|0x0000000087c00000, 0x0000000087d00000, 0x0000000087d00000|100%| S|CS|TAMS 0x0000000087c00000, 0x0000000087c00000| Complete 
| 125|0x0000000087d00000, 0x0000000087d00000, 0x0000000087e00000|  0%| F|  |TAMS 0x0000000087d00000, 0x0000000087d00000| Untracked 
| 126|0x0000000087e00000, 0x0000000087e00000, 0x0000000087f00000|  0%| F|  |TAMS 0x0000000087e00000, 0x0000000087e00000| Untracked 
| 127|0x0000000087f00000, 0x0000000087f00000, 0x0000000088000000|  0%| F|  |TAMS 0x0000000087f00000, 0x0000000087f00000| Untracked 
| 128|0x0000000088000000, 0x0000000088000000, 0x0000000088100000|  0%| F|  |TAMS 0x0000000088000000, 0x0000000088000000| Untracked 
| 129|0x0000000088100000, 0x0000000088100000, 0x0000000088200000|  0%| F|  |TAMS 0x0000000088100000, 0x0000000088100000| Untracked 
| 130|0x0000000088200000, 0x0000000088200000, 0x0000000088300000|  0%| F|  |TAMS 0x0000000088200000, 0x0000000088200000| Untracked 
| 131|0x0000000088300000, 0x0000000088300000, 0x0000000088400000|  0%| F|  |TAMS 0x0000000088300000, 0x0000000088300000| Untracked 
| 132|0x0000000088400000, 0x0000000088400000, 0x0000000088500000|  0%| F|  |TAMS 0x0000000088400000, 0x0000000088400000| Untracked 
| 133|0x0000000088500000, 0x0000000088500000, 0x0000000088600000|  0%| F|  |TAMS 0x0000000088500000, 0x0000000088500000| Untracked 
| 134|0x0000000088600000, 0x0000000088600000, 0x0000000088700000|  0%| F|  |TAMS 0x0000000088600000, 0x0000000088600000| Untracked 
| 135|0x0000000088700000, 0x0000000088700000, 0x0000000088800000|  0%| F|  |TAMS 0x0000000088700000, 0x0000000088700000| Untracked 
| 136|0x0000000088800000, 0x0000000088800000, 0x0000000088900000|  0%| F|  |TAMS 0x0000000088800000, 0x0000000088800000| Untracked 
| 137|0x0000000088900000, 0x0000000088900000, 0x0000000088a00000|  0%| F|  |TAMS 0x0000000088900000, 0x0000000088900000| Untracked 
| 138|0x0000000088a00000, 0x0000000088a00000, 0x0000000088b00000|  0%| F|  |TAMS 0x0000000088a00000, 0x0000000088a00000| Untracked 
| 139|0x0000000088b00000, 0x0000000088b00000, 0x0000000088c00000|  0%| F|  |TAMS 0x0000000088b00000, 0x0000000088b00000| Untracked 
| 140|0x0000000088c00000, 0x0000000088c00000, 0x0000000088d00000|  0%| F|  |TAMS 0x0000000088c00000, 0x0000000088c00000| Untracked 
| 141|0x0000000088d00000, 0x0000000088d00000, 0x0000000088e00000|  0%| F|  |TAMS 0x0000000088d00000, 0x0000000088d00000| Untracked 
| 142|0x0000000088e00000, 0x0000000088e00000, 0x0000000088f00000|  0%| F|  |TAMS 0x0000000088e00000, 0x0000000088e00000| Untracked 
| 143|0x0000000088f00000, 0x0000000088f00000, 0x0000000089000000|  0%| F|  |TAMS 0x0000000088f00000, 0x0000000088f00000| Untracked 
| 144|0x0000000089000000, 0x0000000089000000, 0x0000000089100000|  0%| F|  |TAMS 0x0000000089000000, 0x0000000089000000| Untracked 
| 145|0x0000000089100000, 0x0000000089100000, 0x0000000089200000|  0%| F|  |TAMS 0x0000000089100000, 0x0000000089100000| Untracked 
| 146|0x0000000089200000, 0x0000000089200000, 0x0000000089300000|  0%| F|  |TAMS 0x0000000089200000, 0x0000000089200000| Untracked 
| 147|0x0000000089300000, 0x0000000089300000, 0x0000000089400000|  0%| F|  |TAMS 0x0000000089300000, 0x0000000089300000| Untracked 
| 148|0x0000000089400000, 0x0000000089400000, 0x0000000089500000|  0%| F|  |TAMS 0x0000000089400000, 0x0000000089400000| Untracked 
| 149|0x0000000089500000, 0x0000000089500000, 0x0000000089600000|  0%| F|  |TAMS 0x0000000089500000, 0x0000000089500000| Untracked 
| 150|0x0000000089600000, 0x0000000089600000, 0x0000000089700000|  0%| F|  |TAMS 0x0000000089600000, 0x0000000089600000| Untracked 
| 151|0x0000000089700000, 0x0000000089700000, 0x0000000089800000|  0%| F|  |TAMS 0x0000000089700000, 0x0000000089700000| Untracked 
| 152|0x0000000089800000, 0x0000000089800000, 0x0000000089900000|  0%| F|  |TAMS 0x0000000089800000, 0x0000000089800000| Untracked 
| 153|0x0000000089900000, 0x0000000089900000, 0x0000000089a00000|  0%| F|  |TAMS 0x0000000089900000, 0x0000000089900000| Untracked 
| 154|0x0000000089a00000, 0x0000000089a00000, 0x0000000089b00000|  0%| F|  |TAMS 0x0000000089a00000, 0x0000000089a00000| Untracked 
| 155|0x0000000089b00000, 0x0000000089b00000, 0x0000000089c00000|  0%| F|  |TAMS 0x0000000089b00000, 0x0000000089b00000| Untracked 
| 156|0x0000000089c00000, 0x0000000089c00000, 0x0000000089d00000|  0%| F|  |TAMS 0x0000000089c00000, 0x0000000089c00000| Untracked 
| 157|0x0000000089d00000, 0x0000000089d00000, 0x0000000089e00000|  0%| F|  |TAMS 0x0000000089d00000, 0x0000000089d00000| Untracked 
| 158|0x0000000089e00000, 0x0000000089e00000, 0x0000000089f00000|  0%| F|  |TAMS 0x0000000089e00000, 0x0000000089e00000| Untracked 
| 159|0x0000000089f00000, 0x0000000089f00000, 0x000000008a000000|  0%| F|  |TAMS 0x0000000089f00000, 0x0000000089f00000| Untracked 
| 160|0x000000008a000000, 0x000000008a000000, 0x000000008a100000|  0%| F|  |TAMS 0x000000008a000000, 0x000000008a000000| Untracked 
| 161|0x000000008a100000, 0x000000008a100000, 0x000000008a200000|  0%| F|  |TAMS 0x000000008a100000, 0x000000008a100000| Untracked 
| 162|0x000000008a200000, 0x000000008a200000, 0x000000008a300000|  0%| F|  |TAMS 0x000000008a200000, 0x000000008a200000| Untracked 
| 163|0x000000008a300000, 0x000000008a300000, 0x000000008a400000|  0%| F|  |TAMS 0x000000008a300000, 0x000000008a300000| Untracked 
| 164|0x000000008a400000, 0x000000008a400000, 0x000000008a500000|  0%| F|  |TAMS 0x000000008a400000, 0x000000008a400000| Untracked 
| 165|0x000000008a500000, 0x000000008a500000, 0x000000008a600000|  0%| F|  |TAMS 0x000000008a500000, 0x000000008a500000| Untracked 
| 166|0x000000008a600000, 0x000000008a600000, 0x000000008a700000|  0%| F|  |TAMS 0x000000008a600000, 0x000000008a600000| Untracked 
| 167|0x000000008a700000, 0x000000008a700000, 0x000000008a800000|  0%| F|  |TAMS 0x000000008a700000, 0x000000008a700000| Untracked 
| 168|0x000000008a800000, 0x000000008a800000, 0x000000008a900000|  0%| F|  |TAMS 0x000000008a800000, 0x000000008a800000| Untracked 
| 169|0x000000008a900000, 0x000000008a900000, 0x000000008aa00000|  0%| F|  |TAMS 0x000000008a900000, 0x000000008a900000| Untracked 
| 170|0x000000008aa00000, 0x000000008aa00000, 0x000000008ab00000|  0%| F|  |TAMS 0x000000008aa00000, 0x000000008aa00000| Untracked 
| 171|0x000000008ab00000, 0x000000008ab00000, 0x000000008ac00000|  0%| F|  |TAMS 0x000000008ab00000, 0x000000008ab00000| Untracked 
| 172|0x000000008ac00000, 0x000000008ac00000, 0x000000008ad00000|  0%| F|  |TAMS 0x000000008ac00000, 0x000000008ac00000| Untracked 
| 173|0x000000008ad00000, 0x000000008ad00000, 0x000000008ae00000|  0%| F|  |TAMS 0x000000008ad00000, 0x000000008ad00000| Untracked 
| 174|0x000000008ae00000, 0x000000008ae00000, 0x000000008af00000|  0%| F|  |TAMS 0x000000008ae00000, 0x000000008ae00000| Untracked 
| 175|0x000000008af00000, 0x000000008af00000, 0x000000008b000000|  0%| F|  |TAMS 0x000000008af00000, 0x000000008af00000| Untracked 
| 176|0x000000008b000000, 0x000000008b000000, 0x000000008b100000|  0%| F|  |TAMS 0x000000008b000000, 0x000000008b000000| Untracked 
| 177|0x000000008b100000, 0x000000008b100000, 0x000000008b200000|  0%| F|  |TAMS 0x000000008b100000, 0x000000008b100000| Untracked 
| 178|0x000000008b200000, 0x000000008b200000, 0x000000008b300000|  0%| F|  |TAMS 0x000000008b200000, 0x000000008b200000| Untracked 
| 179|0x000000008b300000, 0x000000008b300000, 0x000000008b400000|  0%| F|  |TAMS 0x000000008b300000, 0x000000008b300000| Untracked 
| 180|0x000000008b400000, 0x000000008b400000, 0x000000008b500000|  0%| F|  |TAMS 0x000000008b400000, 0x000000008b400000| Untracked 
| 181|0x000000008b500000, 0x000000008b500000, 0x000000008b600000|  0%| F|  |TAMS 0x000000008b500000, 0x000000008b500000| Untracked 
| 182|0x000000008b600000, 0x000000008b600000, 0x000000008b700000|  0%| F|  |TAMS 0x000000008b600000, 0x000000008b600000| Untracked 
| 183|0x000000008b700000, 0x000000008b700000, 0x000000008b800000|  0%| F|  |TAMS 0x000000008b700000, 0x000000008b700000| Untracked 
| 184|0x000000008b800000, 0x000000008b800000, 0x000000008b900000|  0%| F|  |TAMS 0x000000008b800000, 0x000000008b800000| Untracked 
| 185|0x000000008b900000, 0x000000008b900000, 0x000000008ba00000|  0%| F|  |TAMS 0x000000008b900000, 0x000000008b900000| Untracked 
| 186|0x000000008ba00000, 0x000000008ba00000, 0x000000008bb00000|  0%| F|  |TAMS 0x000000008ba00000, 0x000000008ba00000| Untracked 
| 187|0x000000008bb00000, 0x000000008bb00000, 0x000000008bc00000|  0%| F|  |TAMS 0x000000008bb00000, 0x000000008bb00000| Untracked 
| 188|0x000000008bc00000, 0x000000008bc00000, 0x000000008bd00000|  0%| F|  |TAMS 0x000000008bc00000, 0x000000008bc00000| Untracked 
| 189|0x000000008bd00000, 0x000000008bd00000, 0x000000008be00000|  0%| F|  |TAMS 0x000000008bd00000, 0x000000008bd00000| Untracked 
| 190|0x000000008be00000, 0x000000008be00000, 0x000000008bf00000|  0%| F|  |TAMS 0x000000008be00000, 0x000000008be00000| Untracked 
| 191|0x000000008bf00000, 0x000000008bf00000, 0x000000008c000000|  0%| F|  |TAMS 0x000000008bf00000, 0x000000008bf00000| Untracked 
| 192|0x000000008c000000, 0x000000008c000000, 0x000000008c100000|  0%| F|  |TAMS 0x000000008c000000, 0x000000008c000000| Untracked 
| 193|0x000000008c100000, 0x000000008c100000, 0x000000008c200000|  0%| F|  |TAMS 0x000000008c100000, 0x000000008c100000| Untracked 
| 194|0x000000008c200000, 0x000000008c200000, 0x000000008c300000|  0%| F|  |TAMS 0x000000008c200000, 0x000000008c200000| Untracked 
| 195|0x000000008c300000, 0x000000008c300000, 0x000000008c400000|  0%| F|  |TAMS 0x000000008c300000, 0x000000008c300000| Untracked 
| 196|0x000000008c400000, 0x000000008c400000, 0x000000008c500000|  0%| F|  |TAMS 0x000000008c400000, 0x000000008c400000| Untracked 
| 197|0x000000008c500000, 0x000000008c500000, 0x000000008c600000|  0%| F|  |TAMS 0x000000008c500000, 0x000000008c500000| Untracked 
| 198|0x000000008c600000, 0x000000008c600000, 0x000000008c700000|  0%| F|  |TAMS 0x000000008c600000, 0x000000008c600000| Untracked 
| 199|0x000000008c700000, 0x000000008c700000, 0x000000008c800000|  0%| F|  |TAMS 0x000000008c700000, 0x000000008c700000| Untracked 
| 200|0x000000008c800000, 0x000000008c800000, 0x000000008c900000|  0%| F|  |TAMS 0x000000008c800000, 0x000000008c800000| Untracked 
| 201|0x000000008c900000, 0x000000008c900000, 0x000000008ca00000|  0%| F|  |TAMS 0x000000008c900000, 0x000000008c900000| Untracked 
| 202|0x000000008ca00000, 0x000000008ca00000, 0x000000008cb00000|  0%| F|  |TAMS 0x000000008ca00000, 0x000000008ca00000| Untracked 
| 203|0x000000008cb00000, 0x000000008cb00000, 0x000000008cc00000|  0%| F|  |TAMS 0x000000008cb00000, 0x000000008cb00000| Untracked 
| 204|0x000000008cc00000, 0x000000008cc00000, 0x000000008cd00000|  0%| F|  |TAMS 0x000000008cc00000, 0x000000008cc00000| Untracked 
| 205|0x000000008cd00000, 0x000000008cd00000, 0x000000008ce00000|  0%| F|  |TAMS 0x000000008cd00000, 0x000000008cd00000| Untracked 
| 206|0x000000008ce00000, 0x000000008ce00000, 0x000000008cf00000|  0%| F|  |TAMS 0x000000008ce00000, 0x000000008ce00000| Untracked 
| 207|0x000000008cf00000, 0x000000008cf00000, 0x000000008d000000|  0%| F|  |TAMS 0x000000008cf00000, 0x000000008cf00000| Untracked 
| 208|0x000000008d000000, 0x000000008d000000, 0x000000008d100000|  0%| F|  |TAMS 0x000000008d000000, 0x000000008d000000| Untracked 
| 209|0x000000008d100000, 0x000000008d100000, 0x000000008d200000|  0%| F|  |TAMS 0x000000008d100000, 0x000000008d100000| Untracked 
| 210|0x000000008d200000, 0x000000008d200000, 0x000000008d300000|  0%| F|  |TAMS 0x000000008d200000, 0x000000008d200000| Untracked 
| 211|0x000000008d300000, 0x000000008d300000, 0x000000008d400000|  0%| F|  |TAMS 0x000000008d300000, 0x000000008d300000| Untracked 
| 212|0x000000008d400000, 0x000000008d400000, 0x000000008d500000|  0%| F|  |TAMS 0x000000008d400000, 0x000000008d400000| Untracked 
| 255|0x000000008ff00000, 0x000000008ff00000, 0x0000000090000000|  0%| F|  |TAMS 0x000000008ff00000, 0x000000008ff00000| Untracked 

Card table byte_map: [0x000001f4e86e0000,0x000001f4e8ae0000] _byte_map_base: 0x000001f4e82e0000

Marking Bits (Prev, Next): (CMBitMap*) 0x000001f4d5b4f000, (CMBitMap*) 0x000001f4d5b4f040
 Prev Bits: [0x000001f4e8ee0000, 0x000001f4eaee0000)
 Next Bits: [0x000001f4eaee0000, 0x000001f4ecee0000)

Polling page: 0x000001f4d52b0000

Metaspace:

Usage:
  Non-class:     80.20 MB used.
      Class:     12.77 MB used.
       Both:     92.97 MB used.

Virtual space:
  Non-class space:       88.00 MB reserved,      80.50 MB ( 91%) committed,  11 nodes.
      Class space:        1.00 GB reserved,      13.06 MB (  1%) committed,  1 nodes.
             Both:        1.09 GB reserved,      93.56 MB (  8%) committed. 

Chunk freelists:
   Non-Class:  3.06 MB
       Class:  2.83 MB
        Both:  5.89 MB

MaxMetaspaceSize: unlimited
CompressedClassSpaceSize: 1.00 GB
Initial GC threshold: 21.00 MB
Current GC threshold: 152.00 MB
CDS: off
MetaspaceReclaimPolicy: balanced
 - commit_granule_bytes: 65536.
 - commit_granule_words: 8192.
 - virtual_space_node_default_size: 1048576.
 - enlarge_chunks_in_place: 1.
 - new_chunks_are_fully_committed: 0.
 - uncommit_free_chunks: 1.
 - use_allocation_guard: 0.
 - handle_deallocations: 1.


Internal statistics:

num_allocs_failed_limit: 6.
num_arena_births: 988.
num_arena_deaths: 0.
num_vsnodes_births: 12.
num_vsnodes_deaths: 0.
num_space_committed: 1497.
num_space_uncommitted: 0.
num_chunks_returned_to_freelist: 6.
num_chunks_taken_from_freelist: 4520.
num_chunk_merges: 6.
num_chunk_splits: 2983.
num_chunks_enlarged: 1994.
num_purges: 0.
num_inconsistent_stats: 0.

CodeHeap 'non-profiled nmethods': size=120000Kb used=5639Kb max_used=5788Kb free=114360Kb
 bounds [0x000001f4e0a80000, 0x000001f4e1030000, 0x000001f4e7fb0000]
CodeHeap 'profiled nmethods': size=120000Kb used=17640Kb max_used=17640Kb free=102360Kb
 bounds [0x000001f4d8fb0000, 0x000001f4da0f0000, 0x000001f4e04e0000]
CodeHeap 'non-nmethods': size=5760Kb used=2385Kb max_used=2492Kb free=3374Kb
 bounds [0x000001f4e04e0000, 0x000001f4e0760000, 0x000001f4e0a80000]
 total_blobs=10245 nmethods=9327 adapters=830
 compilation: enabled
              stopped_count=0, restarted_count=0
 full_count=0

Compilation events (20 events):
Event: 6.655 Thread 0x000001f4f0497610 nmethod 10875 0x000001f4da0e5c10 code [0x000001f4da0e5dc0, 0x000001f4da0e5fd8]
Event: 6.655 Thread 0x000001f4f0497610 10876       3       java.util.ArrayList::equals (62 bytes)
Event: 6.655 Thread 0x000001f4f0497610 nmethod 10876 0x000001f4da0e6110 code [0x000001f4da0e6320, 0x000001f4da0e6ae8]
Event: 6.655 Thread 0x000001f4f0497610 10880   !   3       org.gradle.api.internal.artifacts.transform.AttributeMatchingVariantSelector::select (34 bytes)
Event: 6.656 Thread 0x000001f4f0497610 nmethod 10880 0x000001f4da0e6c90 code [0x000001f4da0e6ee0, 0x000001f4da0e7688]
Event: 6.656 Thread 0x000001f4f0497610 10879       3       com.google.common.collect.SingletonImmutableSet::asList (8 bytes)
Event: 6.656 Thread 0x000001f4f0497610 nmethod 10879 0x000001f4da0e7a90 code [0x000001f4da0e7c80, 0x000001f4da0e81e8]
Event: 6.656 Thread 0x000001f4f0497610 10877       3       org.gradle.internal.component.model.AttributeMatchingExplanationBuilder::candidateDoesNotMatchAttributes (1 bytes)
Event: 6.656 Thread 0x000001f4f0497610 nmethod 10877 0x000001f4da0e8410 code [0x000001f4da0e85a0, 0x000001f4da0e86b8]
Event: 6.656 Thread 0x000001f4f0497610 10873       1       org.gradle.api.internal.artifacts.ivyservice.resolveengine.artifact.ArtifactBackedResolvedVariant::getIdentifier (5 bytes)
Event: 6.656 Thread 0x000001f4f0497610 nmethod 10873 0x000001f4e0f88390 code [0x000001f4e0f88520, 0x000001f4e0f885f8]
Event: 6.656 Thread 0x000001f4f0497610 10881       3       org.gradle.api.internal.artifacts.PreResolvedResolvableArtifact::<init> (38 bytes)
Event: 6.656 Thread 0x000001f4f0497610 nmethod 10881 0x000001f4da0e8790 code [0x000001f4da0e8940, 0x000001f4da0e8cd8]
Event: 6.656 Thread 0x000001f4f0497610 10883       1       org.gradle.api.internal.file.collections.ListBackedFileSet::getFiles (5 bytes)
Event: 6.656 Thread 0x000001f4f0497610 nmethod 10883 0x000001f4e0f88090 code [0x000001f4e0f88220, 0x000001f4e0f882f8]
Event: 6.656 Thread 0x000001f4f0497610 10884       3       org.gradle.api.internal.file.CompositeFileCollection::visitContents (11 bytes)
Event: 6.657 Thread 0x000001f4f0497610 nmethod 10884 0x000001f4da0e8d90 code [0x000001f4da0e8fa0, 0x000001f4da0e9678]
Event: 6.657 Thread 0x000001f4f0497610 10886       3       org.apache.commons.io.FilenameUtils::getPrefixLength (343 bytes)
Event: 6.658 Thread 0x000001f4f0497610 nmethod 10886 0x000001f4da0e9890 code [0x000001f4da0e9e00, 0x000001f4da0eca68]
Event: 6.658 Thread 0x000001f4f0497610 10887       3       org.gradle.internal.snapshot.VfsRelativePath::lengthOfCommonPrefix (173 bytes)

GC Heap History (20 events):
Event: 3.984 GC heap after
{Heap after GC invocations=26 (full 0):
 garbage-first heap   total 131072K, used 65451K [0x0000000080000000, 0x0000000100000000)
  region size 1024K, 1 young (1024K), 1 survivors (1024K)
 Metaspace       used 67308K, committed 67904K, reserved 1114112K
  class space    used 8950K, committed 9216K, reserved 1048576K
}
Event: 4.230 GC heap before
{Heap before GC invocations=26 (full 0):
 garbage-first heap   total 131072K, used 99243K [0x0000000080000000, 0x0000000100000000)
  region size 1024K, 34 young (34816K), 1 survivors (1024K)
 Metaspace       used 70752K, committed 71360K, reserved 1114112K
  class space    used 9401K, committed 9664K, reserved 1048576K
}
Event: 4.232 GC heap after
{Heap after GC invocations=27 (full 0):
 garbage-first heap   total 131072K, used 67754K [0x0000000080000000, 0x0000000100000000)
  region size 1024K, 3 young (3072K), 3 survivors (3072K)
 Metaspace       used 70752K, committed 71360K, reserved 1114112K
  class space    used 9401K, committed 9664K, reserved 1048576K
}
Event: 4.467 GC heap before
{Heap before GC invocations=28 (full 0):
 garbage-first heap   total 131072K, used 97450K [0x0000000080000000, 0x0000000100000000)
  region size 1024K, 36 young (36864K), 3 survivors (3072K)
 Metaspace       used 75025K, committed 75584K, reserved 1122304K
  class space    used 9981K, committed 10240K, reserved 1048576K
}
Event: 4.469 GC heap after
{Heap after GC invocations=29 (full 0):
 garbage-first heap   total 131072K, used 66050K [0x0000000080000000, 0x0000000100000000)
  region size 1024K, 5 young (5120K), 5 survivors (5120K)
 Metaspace       used 75025K, committed 75584K, reserved 1122304K
  class space    used 9981K, committed 10240K, reserved 1048576K
}
Event: 4.479 GC heap before
{Heap before GC invocations=29 (full 0):
 garbage-first heap   total 131072K, used 67074K [0x0000000080000000, 0x0000000100000000)
  region size 1024K, 6 young (6144K), 5 survivors (5120K)
 Metaspace       used 75124K, committed 75712K, reserved 1122304K
  class space    used 9998K, committed 10304K, reserved 1048576K
}
Event: 4.482 GC heap after
{Heap after GC invocations=30 (full 0):
 garbage-first heap   total 188416K, used 66371K [0x0000000080000000, 0x0000000100000000)
  region size 1024K, 1 young (1024K), 1 survivors (1024K)
 Metaspace       used 75124K, committed 75712K, reserved 1122304K
  class space    used 9998K, committed 10304K, reserved 1048576K
}
Event: 4.709 GC heap before
{Heap before GC invocations=30 (full 0):
 garbage-first heap   total 188416K, used 101187K [0x0000000080000000, 0x0000000100000000)
  region size 1024K, 37 young (37888K), 1 survivors (1024K)
 Metaspace       used 77360K, committed 77952K, reserved 1122304K
  class space    used 10300K, committed 10560K, reserved 1048576K
}
Event: 4.711 GC heap after
{Heap after GC invocations=31 (full 0):
 garbage-first heap   total 188416K, used 68262K [0x0000000080000000, 0x0000000100000000)
  region size 1024K, 3 young (3072K), 3 survivors (3072K)
 Metaspace       used 77360K, committed 77952K, reserved 1122304K
  class space    used 10300K, committed 10560K, reserved 1048576K
}
Event: 5.319 GC heap before
{Heap before GC invocations=32 (full 0):
 garbage-first heap   total 188416K, used 138918K [0x0000000080000000, 0x0000000100000000)
  region size 1024K, 71 young (72704K), 3 survivors (3072K)
 Metaspace       used 85071K, committed 85632K, reserved 1130496K
  class space    used 11581K, committed 11840K, reserved 1048576K
}
Event: 5.323 GC heap after
{Heap after GC invocations=33 (full 0):
 garbage-first heap   total 188416K, used 72840K [0x0000000080000000, 0x0000000100000000)
  region size 1024K, 8 young (8192K), 8 survivors (8192K)
 Metaspace       used 85071K, committed 85632K, reserved 1130496K
  class space    used 11581K, committed 11840K, reserved 1048576K
}
Event: 5.330 GC heap before
{Heap before GC invocations=33 (full 0):
 garbage-first heap   total 188416K, used 73864K [0x0000000080000000, 0x0000000100000000)
  region size 1024K, 9 young (9216K), 8 survivors (8192K)
 Metaspace       used 85116K, committed 85696K, reserved 1130496K
  class space    used 11587K, committed 11840K, reserved 1048576K
}
Event: 5.334 GC heap after
{Heap after GC invocations=34 (full 0):
 garbage-first heap   total 188416K, used 73022K [0x0000000080000000, 0x0000000100000000)
  region size 1024K, 1 young (1024K), 1 survivors (1024K)
 Metaspace       used 85116K, committed 85696K, reserved 1130496K
  class space    used 11587K, committed 11840K, reserved 1048576K
}
Event: 5.939 GC heap before
{Heap before GC invocations=34 (full 0):
 garbage-first heap   total 188416K, used 146750K [0x0000000080000000, 0x0000000100000000)
  region size 1024K, 73 young (74752K), 1 survivors (1024K)
 Metaspace       used 92529K, committed 93120K, reserved 1130496K
  class space    used 12642K, committed 12928K, reserved 1048576K
}
Event: 5.943 GC heap after
{Heap after GC invocations=35 (full 0):
 garbage-first heap   total 188416K, used 78111K [0x0000000080000000, 0x0000000100000000)
  region size 1024K, 6 young (6144K), 6 survivors (6144K)
 Metaspace       used 92529K, committed 93120K, reserved 1130496K
  class space    used 12642K, committed 12928K, reserved 1048576K
}
Event: 6.326 GC heap before
{Heap before GC invocations=36 (full 0):
 garbage-first heap   total 188416K, used 148767K [0x0000000080000000, 0x0000000100000000)
  region size 1024K, 75 young (76800K), 6 survivors (6144K)
 Metaspace       used 94213K, committed 94848K, reserved 1138688K
  class space    used 12908K, committed 13184K, reserved 1048576K
}
Event: 6.332 GC heap after
{Heap after GC invocations=37 (full 0):
 garbage-first heap   total 188416K, used 88634K [0x0000000080000000, 0x0000000100000000)
  region size 1024K, 10 young (10240K), 10 survivors (10240K)
 Metaspace       used 94213K, committed 94848K, reserved 1138688K
  class space    used 12908K, committed 13184K, reserved 1048576K
}
Event: 6.341 GC heap before
{Heap before GC invocations=37 (full 0):
 garbage-first heap   total 188416K, used 88634K [0x0000000080000000, 0x0000000100000000)
  region size 1024K, 11 young (11264K), 10 survivors (10240K)
 Metaspace       used 94214K, committed 94848K, reserved 1138688K
  class space    used 12908K, committed 13184K, reserved 1048576K
}
Event: 6.345 GC heap after
{Heap after GC invocations=38 (full 0):
 garbage-first heap   total 188416K, used 90739K [0x0000000080000000, 0x0000000100000000)
  region size 1024K, 2 young (2048K), 2 survivors (2048K)
 Metaspace       used 94214K, committed 94848K, reserved 1138688K
  class space    used 12908K, committed 13184K, reserved 1048576K
}
Event: 6.659 GC heap before
{Heap before GC invocations=38 (full 0):
 garbage-first heap   total 188416K, used 148083K [0x0000000080000000, 0x0000000100000000)
  region size 1024K, 59 young (60416K), 2 survivors (2048K)
 Metaspace       used 95198K, committed 95808K, reserved 1138688K
  class space    used 13076K, committed 13376K, reserved 1048576K
}

Dll operation events (2 events):
Event: 0.004 Loaded shared library C:\Program Files\Android\Android Studio\jbr\bin\java.dll
Event: 0.192 Loaded shared library C:\Program Files\Android\Android Studio\jbr\bin\verify.dll

Deoptimization events (20 events):
Event: 6.510 Thread 0x000001f4f6184550 Uncommon trap: trap_request=0xffffff45 fr.pc=0x000001f4e0c1550c relative=0x00000000000016ac
Event: 6.510 Thread 0x000001f4f6184550 Uncommon trap: reason=unstable_if action=reinterpret pc=0x000001f4e0c1550c method=java.util.concurrent.ConcurrentHashMap.addCount(JI)V @ 7 c2
Event: 6.510 Thread 0x000001f4f6184550 DEOPT PACKING pc=0x000001f4e0c1550c sp=0x000000eb990fdbf0
Event: 6.510 Thread 0x000001f4f6184550 DEOPT UNPACKING pc=0x000001f4e05369a3 sp=0x000000eb990fdae8 mode 2
Event: 6.523 Thread 0x000001f4f658eb30 Uncommon trap: trap_request=0xffffff45 fr.pc=0x000001f4e0c1550c relative=0x00000000000016ac
Event: 6.523 Thread 0x000001f4f658eb30 Uncommon trap: reason=unstable_if action=reinterpret pc=0x000001f4e0c1550c method=java.util.concurrent.ConcurrentHashMap.addCount(JI)V @ 7 c2
Event: 6.523 Thread 0x000001f4f658eb30 DEOPT PACKING pc=0x000001f4e0c1550c sp=0x000000eb961fe300
Event: 6.523 Thread 0x000001f4f658eb30 DEOPT UNPACKING pc=0x000001f4e05369a3 sp=0x000000eb961fe1f8 mode 2
Event: 6.523 Thread 0x000001f4f658f9a0 Uncommon trap: trap_request=0xffffff45 fr.pc=0x000001f4e0c1550c relative=0x00000000000016ac
Event: 6.523 Thread 0x000001f4f658f9a0 Uncommon trap: reason=unstable_if action=reinterpret pc=0x000001f4e0c1550c method=java.util.concurrent.ConcurrentHashMap.addCount(JI)V @ 7 c2
Event: 6.523 Thread 0x000001f4f658f9a0 DEOPT PACKING pc=0x000001f4e0c1550c sp=0x000000eb958fe0b0
Event: 6.523 Thread 0x000001f4f658f9a0 DEOPT UNPACKING pc=0x000001f4e05369a3 sp=0x000000eb958fdfa8 mode 2
Event: 6.613 Thread 0x000001f4f658a300 Uncommon trap: trap_request=0xffffff45 fr.pc=0x000001f4e0bb80f4 relative=0x0000000000001634
Event: 6.613 Thread 0x000001f4f658a300 Uncommon trap: reason=unstable_if action=reinterpret pc=0x000001f4e0bb80f4 method=java.util.concurrent.ConcurrentHashMap.addCount(JI)V @ 97 c2
Event: 6.613 Thread 0x000001f4f658a300 DEOPT PACKING pc=0x000001f4e0bb80f4 sp=0x000000eb95cfe450
Event: 6.613 Thread 0x000001f4f658a300 DEOPT UNPACKING pc=0x000001f4e05369a3 sp=0x000000eb95cfe320 mode 2
Event: 6.657 Thread 0x000001f4f76f11a0 Uncommon trap: trap_request=0xffffff45 fr.pc=0x000001f4e0b8a8cc relative=0x00000000000008ec
Event: 6.657 Thread 0x000001f4f76f11a0 Uncommon trap: reason=unstable_if action=reinterpret pc=0x000001f4e0b8a8cc method=org.gradle.internal.snapshot.VfsRelativePath.lengthOfCommonPrefix(Ljava/lang/String;Lorg/gradle/internal/snapshot/CaseSensitivity;)I @ 107 c2
Event: 6.657 Thread 0x000001f4f76f11a0 DEOPT PACKING pc=0x000001f4e0b8a8cc sp=0x000000eb9a5fc4d0
Event: 6.657 Thread 0x000001f4f76f11a0 DEOPT UNPACKING pc=0x000001f4e05369a3 sp=0x000000eb9a5fc458 mode 2

Classes unloaded (0 events):
No events

Classes redefined (0 events):
No events

Internal exceptions (20 events):
Event: 6.199 Thread 0x000001f4d5adc810 Exception <a 'java/lang/NoSuchMethodError'{0x0000000088470758}: static Lorg/gradle/internal/build/event/types/DefaultTaskFinishedProgressEvent;.<clinit>()V> (0x0000000088470758) 
thrown [s\src\hotspot\share\prims\jni.cpp, line 1108]
Event: 6.200 Thread 0x000001f4d5adc810 Exception <a 'java/lang/NoSuchMethodError'{0x00000000884adc10}: static Lorg/gradle/internal/build/event/types/DefaultTaskSuccessResult;.<clinit>()V> (0x00000000884adc10) 
thrown [s\src\hotspot\share\prims\jni.cpp, line 1108]
Event: 6.200 Thread 0x000001f4d5adc810 Exception <a 'java/lang/NoSuchMethodError'{0x00000000884af318}: static Lorg/gradle/internal/build/event/types/AbstractTaskResult;.<clinit>()V> (0x00000000884af318) 
thrown [s\src\hotspot\share\prims\jni.cpp, line 1108]
Event: 6.206 Thread 0x000001f4f76ef990 Exception <a 'sun/nio/fs/WindowsException'{0x0000000088409848}> (0x0000000088409848) 
thrown [s\src\hotspot\share\prims\jni.cpp, line 517]
Event: 6.210 Thread 0x000001f4d5adc810 Exception <a 'java/lang/NoSuchMethodError'{0x0000000088387350}: static Lorg/gradle/internal/build/event/types/DefaultTaskSkippedResult;.<clinit>()V> (0x0000000088387350) 
thrown [s\src\hotspot\share\prims\jni.cpp, line 1108]
Event: 6.212 Thread 0x000001f4f6186700 Exception <a 'java/lang/NoSuchMethodError'{0x000000008838e098}: static Lcom/android/buildanalyzer/common/AndroidGradlePluginAttributionData$BuildInfo;.<clinit>()V> (0x000000008838e098) 
thrown [s\src\hotspot\share\prims\jni.cpp, line 1108]
Event: 6.214 Thread 0x000001f4f6186700 Exception <a 'java/lang/NoSuchMethodError'{0x00000000883fd330}: static Lcom/android/buildanalyzer/common/AndroidGradlePluginAttributionData$JavaInfo;.<clinit>()V> (0x00000000883fd330) 
thrown [s\src\hotspot\share\prims\jni.cpp, line 1108]
Event: 6.216 Thread 0x000001f4f6186700 Exception <a 'java/lang/NoSuchMethodError'{0x0000000088277fc0}: static [Ljava/lang/String;.<clinit>()V> (0x0000000088277fc0) 
thrown [s\src\hotspot\share\prims\jni.cpp, line 1108]
Event: 6.218 Thread 0x000001f4f6186700 Exception <a 'java/lang/NoSuchMethodError'{0x0000000088286600}: static Lcom/android/buildanalyzer/common/AndroidGradlePluginAttributionData$TaskInfo;.<clinit>()V> (0x0000000088286600) 
thrown [s\src\hotspot\share\prims\jni.cpp, line 1108]
Event: 6.218 Thread 0x000001f4f6186700 Exception <a 'java/lang/NoSuchMethodError'{0x0000000088292cf8}: static Lcom/android/buildanalyzer/common/AndroidGradlePluginAttributionData$TaskCategoryInfo;.<clinit>()V> (0x0000000088292cf8) 
thrown [s\src\hotspot\share\prims\jni.cpp, line 1108]
Event: 6.222 Thread 0x000001f4f6186700 Exception <a 'java/lang/NoSuchMethodError'{0x000000008817a0b0}: 'void java.lang.invoke.DirectMethodHandle$Holder.invokeSpecial(java.lang.Object, java.lang.Object, java.lang.Object, int)'> (0x000000008817a0b0) 
thrown [s\src\hotspot\share\interpreter\linkResolver.cpp, line 771]
Event: 6.397 Thread 0x000001f4f76f3350 Exception <a 'java/lang/NoSuchMethodError'{0x000000008ce24080}: 'void java.lang.invoke.DirectMethodHandle$Holder.invokeStatic(java.lang.Object, java.lang.Object, java.lang.Object, java.lang.Object, int, java.lang.Object, java.lang.Object)'> (0x000000008ce24080) 
thrown [s\src\hotspot\share\interpreter\linkResolver.cpp, line 771]
Event: 6.412 Thread 0x000001f4f7581e00 Exception <a 'java/lang/NoSuchMethodError'{0x000000008aa02cf0}: 'java.lang.Object java.lang.invoke.DirectMethodHandle$Holder.invokeSpecialIFC(java.lang.Object, java.lang.Object, java.lang.Object)'> (0x000000008aa02cf0) 
thrown [s\src\hotspot\share\interpreter\linkResolver.cpp, line 771]
Event: 6.412 Thread 0x000001f4f41aeb20 Exception <a 'java/lang/NoSuchMethodError'{0x000000008aa26378}: 'java.lang.Object java.lang.invoke.DirectMethodHandle$Holder.invokeSpecialIFC(java.lang.Object, java.lang.Object, java.lang.Object)'> (0x000000008aa26378) 
thrown [s\src\hotspot\share\interpreter\linkResolver.cpp, line 771]
Event: 6.412 Thread 0x000001f4f75827a0 Exception <a 'java/lang/NoSuchMethodError'{0x000000008abcd310}: 'java.lang.Object java.lang.invoke.DirectMethodHandle$Holder.invokeSpecialIFC(java.lang.Object, java.lang.Object, java.lang.Object)'> (0x000000008abcd310) 
thrown [s\src\hotspot\share\interpreter\linkResolver.cpp, line 771]
Event: 6.412 Thread 0x000001f4f6185890 Exception <a 'java/lang/NoSuchMethodError'{0x000000008aa3a3d8}: 'java.lang.Object java.lang.invoke.DirectMethodHandle$Holder.invokeSpecialIFC(java.lang.Object, java.lang.Object, java.lang.Object)'> (0x000000008aa3a3d8) 
thrown [s\src\hotspot\share\interpreter\linkResolver.cpp, line 771]
Event: 6.412 Thread 0x000001f4f7583fb0 Exception <a 'java/lang/NoSuchMethodError'{0x000000008aa144b0}: 'java.lang.Object java.lang.invoke.DirectMethodHandle$Holder.invokeSpecialIFC(java.lang.Object, java.lang.Object, java.lang.Object)'> (0x000000008aa144b0) 
thrown [s\src\hotspot\share\interpreter\linkResolver.cpp, line 771]
Event: 6.412 Thread 0x000001f4f6183bb0 Exception <a 'java/lang/NoSuchMethodError'{0x000000008abf9870}: 'java.lang.Object java.lang.invoke.DirectMethodHandle$Holder.invokeSpecialIFC(java.lang.Object, java.lang.Object, java.lang.Object)'> (0x000000008abf9870) 
thrown [s\src\hotspot\share\interpreter\linkResolver.cpp, line 771]
Event: 6.412 Thread 0x000001f4f658ce50 Exception <a 'java/lang/NoSuchMethodError'{0x000000008abee378}: 'java.lang.Object java.lang.invoke.DirectMethodHandle$Holder.invokeSpecialIFC(java.lang.Object, java.lang.Object, java.lang.Object)'> (0x000000008abee378) 
thrown [s\src\hotspot\share\interpreter\linkResolver.cpp, line 771]
Event: 6.412 Thread 0x000001f4f76f3350 Exception <a 'java/lang/NoSuchMethodError'{0x000000008cedb448}: 'java.lang.Object java.lang.invoke.DirectMethodHandle$Holder.invokeSpecialIFC(java.lang.Object, java.lang.Object, java.lang.Object)'> (0x000000008cedb448) 
thrown [s\src\hotspot\share\interpreter\linkResolver.cpp, line 771]

VM Operations (20 events):
Event: 6.171 Executing VM operation: HandshakeAllThreads done
Event: 6.198 Executing VM operation: HandshakeAllThreads
Event: 6.198 Executing VM operation: HandshakeAllThreads done
Event: 6.201 Executing VM operation: ICBufferFull
Event: 6.201 Executing VM operation: ICBufferFull done
Event: 6.227 Executing VM operation: HandshakeAllThreads
Event: 6.227 Executing VM operation: HandshakeAllThreads done
Event: 6.291 Executing VM operation: ICBufferFull
Event: 6.291 Executing VM operation: ICBufferFull done
Event: 6.326 Executing VM operation: G1CollectForAllocation
Event: 6.332 Executing VM operation: G1CollectForAllocation done
Event: 6.341 Executing VM operation: G1CollectForAllocation
Event: 6.345 Executing VM operation: G1CollectForAllocation done
Event: 6.482 Executing VM operation: ICBufferFull
Event: 6.483 Executing VM operation: ICBufferFull done
Event: 6.608 Executing VM operation: ICBufferFull
Event: 6.608 Executing VM operation: ICBufferFull done
Event: 6.637 Executing VM operation: HandshakeAllThreads
Event: 6.637 Executing VM operation: HandshakeAllThreads done
Event: 6.659 Executing VM operation: G1CollectForAllocation

Events (20 events):
Event: 6.224 loading class java/io/ObjectInputStream$ValidationList
Event: 6.224 loading class java/io/ObjectInputStream$ValidationList done
Event: 6.224 loading class java/io/ObjectInputFilter$Config
Event: 6.224 loading class java/io/ObjectInputFilter$Config done
Event: 6.224 loading class java/io/ObjectInputFilter
Event: 6.224 loading class java/io/ObjectInputFilter done
Event: 6.225 loading class java/io/ObjectInputFilter$Config$BuiltinFilterFactory
Event: 6.225 loading class java/io/ObjectInputFilter$Config$BuiltinFilterFactory done
Event: 6.225 loading class jdk/internal/access/JavaObjectInputFilterAccess
Event: 6.225 loading class jdk/internal/access/JavaObjectInputFilterAccess done
Event: 6.225 loading class jdk/internal/event/DeserializationEvent
Event: 6.225 loading class jdk/internal/event/DeserializationEvent done
Event: 6.225 loading class java/io/ObjectInputStream$FieldValues
Event: 6.225 loading class java/io/ObjectInputStream$GetField
Event: 6.225 loading class java/io/ObjectInputStream$GetField done
Event: 6.225 loading class java/io/ObjectInputStream$FieldValues done
Event: 6.653 loading class java/util/Comparators$NaturalOrderComparator
Event: 6.653 loading class java/util/Comparators$NaturalOrderComparator done
Event: 6.653 loading class java/util/stream/SortedOps$SizedRefSortingSink
Event: 6.654 loading class java/util/stream/SortedOps$SizedRefSortingSink done


Dynamic libraries:
0x00007ff6392f0000 - 0x00007ff6392fa000 	C:\Program Files\Android\Android Studio\jbr\bin\java.exe
0x00007ff89a870000 - 0x00007ff89aa5f000 	C:\windows\SYSTEM32\ntdll.dll
0x00007ff897a70000 - 0x00007ff897b23000 	C:\windows\System32\KERNEL32.DLL
0x00007ff897540000 - 0x00007ff8977dd000 	C:\windows\System32\KERNELBASE.dll
0x00007ff897240000 - 0x00007ff89733a000 	C:\windows\System32\ucrtbase.dll
0x00007ff8683f0000 - 0x00007ff86840b000 	C:\Program Files\Android\Android Studio\jbr\bin\VCRUNTIME140.dll
0x00007ff886e70000 - 0x00007ff886e87000 	C:\Program Files\Android\Android Studio\jbr\bin\jli.dll
0x00007ff899220000 - 0x00007ff8993b8000 	C:\windows\System32\USER32.dll
0x00007ff896960000 - 0x00007ff896980000 	C:\windows\System32\win32u.dll
0x00007ff882e20000 - 0x00007ff883099000 	C:\windows\WinSxS\amd64_microsoft.windows.common-controls_6595b64144ccf1df_6.0.17763.4645_none_de717694534b1c4f\COMCTL32.dll
0x00007ff899f90000 - 0x00007ff899fb9000 	C:\windows\System32\GDI32.dll
0x00007ff897c00000 - 0x00007ff897c9e000 	C:\windows\System32\msvcrt.dll
0x00007ff899c60000 - 0x00007ff899f8b000 	C:\windows\System32\combase.dll
0x00007ff8977e0000 - 0x00007ff897986000 	C:\windows\System32\gdi32full.dll
0x00007ff89a6d0000 - 0x00007ff89a7ee000 	C:\windows\System32\RPCRT4.dll
0x00007ff8971a0000 - 0x00007ff897240000 	C:\windows\System32\msvcp_win.dll
0x00007ff8968d0000 - 0x00007ff896952000 	C:\windows\System32\bcryptPrimitives.dll
0x00007ff899fc0000 - 0x00007ff899fee000 	C:\windows\System32\IMM32.DLL
0x00007ff884ac0000 - 0x00007ff884acc000 	C:\Program Files\Android\Android Studio\jbr\bin\vcruntime140_1.dll
0x00007ff84a380000 - 0x00007ff84a40d000 	C:\Program Files\Android\Android Studio\jbr\bin\msvcp140.dll
0x00007ff84e360000 - 0x00007ff84efce000 	C:\Program Files\Android\Android Studio\jbr\bin\server\jvm.dll
0x00007ff89a360000 - 0x00007ff89a407000 	C:\windows\System32\ADVAPI32.dll
0x00007ff89a160000 - 0x00007ff89a1ff000 	C:\windows\System32\sechost.dll
0x00007ff894560000 - 0x00007ff894569000 	C:\windows\SYSTEM32\WSOCK32.dll
0x00007ff88f940000 - 0x00007ff88f94a000 	C:\windows\SYSTEM32\VERSION.dll
0x00007ff8948d0000 - 0x00007ff8948f4000 	C:\windows\SYSTEM32\WINMM.dll
0x00007ff897b90000 - 0x00007ff897bfd000 	C:\windows\System32\WS2_32.dll
0x00007ff894850000 - 0x00007ff89487d000 	C:\windows\SYSTEM32\WINMMBASE.dll
0x00007ff8979f0000 - 0x00007ff897a3a000 	C:\windows\System32\cfgmgr32.dll
0x00007ff896860000 - 0x00007ff896871000 	C:\windows\System32\kernel.appcore.dll
0x00007ff894550000 - 0x00007ff89455a000 	C:\Program Files\Android\Android Studio\jbr\bin\jimage.dll
0x00007ff882520000 - 0x00007ff88270d000 	C:\windows\SYSTEM32\DBGHELP.DLL
0x00007ff8824f0000 - 0x00007ff88251a000 	C:\windows\SYSTEM32\dbgcore.DLL
0x00007ff887ec0000 - 0x00007ff887ee5000 	C:\Program Files\Android\Android Studio\jbr\bin\java.dll
0x00007ff886ce0000 - 0x00007ff886cf8000 	C:\Program Files\Android\Android Studio\jbr\bin\zip.dll
0x00007ff897d20000 - 0x00007ff899218000 	C:\windows\System32\SHELL32.dll
0x00007ff89a410000 - 0x00007ff89a4b7000 	C:\windows\System32\shcore.dll
0x00007ff896a50000 - 0x00007ff897197000 	C:\windows\System32\windows.storage.dll
0x00007ff8968a0000 - 0x00007ff8968c3000 	C:\windows\System32\profapi.dll
0x00007ff896800000 - 0x00007ff89685d000 	C:\windows\System32\powrprof.dll
0x00007ff89a070000 - 0x00007ff89a0c2000 	C:\windows\System32\shlwapi.dll
0x00007ff896a30000 - 0x00007ff896a4b000 	C:\windows\System32\cryptsp.dll
0x00007ff886cc0000 - 0x00007ff886cd9000 	C:\Program Files\Android\Android Studio\jbr\bin\net.dll
0x00007ff890e60000 - 0x00007ff890f5d000 	C:\windows\SYSTEM32\WINHTTP.dll
0x00007ff896050000 - 0x00007ff8960b7000 	C:\windows\system32\mswsock.dll
0x00007ff886ca0000 - 0x00007ff886cb6000 	C:\Program Files\Android\Android Studio\jbr\bin\nio.dll
0x00007ff890bc0000 - 0x00007ff890bd0000 	C:\Program Files\Android\Android Studio\jbr\bin\verify.dll
0x00007ff881540000 - 0x00007ff881567000 	C:\UserProfiles\pr120andreev\.gradle\native\68d5fa5c4cc2d200863cafc0d521ce42e7d3e7ee720ec0a83991735586a16f82\windows-amd64\native-platform.dll
0x00007ff846f70000 - 0x00007ff8470b4000 	C:\UserProfiles\pr120andreev\.gradle\native\e376f236ea51e6404a007f0833ffe2c6e607c4080706a723a18a27aeea778392\windows-amd64\native-platform-file-events.dll
0x00007ff8944a0000 - 0x00007ff8944a9000 	C:\Program Files\Android\Android Studio\jbr\bin\management.dll
0x00007ff891ea0000 - 0x00007ff891eab000 	C:\Program Files\Android\Android Studio\jbr\bin\management_ext.dll
0x00007ff899ff0000 - 0x00007ff899ff8000 	C:\windows\System32\PSAPI.DLL
0x00007ff895b70000 - 0x00007ff895ba3000 	C:\windows\system32\rsaenh.dll
0x00007ff897a40000 - 0x00007ff897a66000 	C:\windows\System32\bcrypt.dll
0x00007ff896730000 - 0x00007ff896759000 	C:\windows\SYSTEM32\USERENV.dll
0x00007ff896220000 - 0x00007ff89622c000 	C:\windows\SYSTEM32\CRYPTBASE.dll
0x00007ff895d60000 - 0x00007ff895d9d000 	C:\windows\SYSTEM32\IPHLPAPI.DLL
0x00007ff89a0d0000 - 0x00007ff89a0d8000 	C:\windows\System32\NSI.dll
0x00007ff891f20000 - 0x00007ff891f36000 	C:\windows\SYSTEM32\dhcpcsvc6.DLL
0x00007ff891e40000 - 0x00007ff891e5c000 	C:\windows\SYSTEM32\dhcpcsvc.DLL
0x00007ff895da0000 - 0x00007ff895e66000 	C:\windows\SYSTEM32\DNSAPI.dll
0x00007ff890b50000 - 0x00007ff890b57000 	C:\windows\system32\wshunix.dll
0x00007ff887a20000 - 0x00007ff887a36000 	C:\windows\system32\napinsp.dll
0x00007ff887a40000 - 0x00007ff887a5a000 	C:\windows\system32\pnrpnsp.dll
0x00007ff88ea90000 - 0x00007ff88ea9e000 	C:\windows\System32\winrnr.dll
0x00007ff88f9c0000 - 0x00007ff88f9db000 	C:\windows\system32\NLAapi.dll
0x00007ff887a60000 - 0x00007ff887a75000 	C:\windows\system32\wshbth.dll
0x00007ff88f030000 - 0x00007ff88f03a000 	C:\Windows\System32\rasadhlp.dll
0x00007ff892040000 - 0x00007ff8920b9000 	C:\windows\System32\fwpuclnt.dll

dbghelp: loaded successfully - version: 4.0.5 - missing functions: none
symbol engine: initialized successfully - sym options: 0x614 - pdb path: .;C:\Program Files\Android\Android Studio\jbr\bin;C:\windows\SYSTEM32;C:\windows\WinSxS\amd64_microsoft.windows.common-controls_6595b64144ccf1df_6.0.17763.4645_none_de717694534b1c4f;C:\Program Files\Android\Android Studio\jbr\bin\server;C:\UserProfiles\pr120andreev\.gradle\native\68d5fa5c4cc2d200863cafc0d521ce42e7d3e7ee720ec0a83991735586a16f82\windows-amd64;C:\UserProfiles\pr120andreev\.gradle\native\e376f236ea51e6404a007f0833ffe2c6e607c4080706a723a18a27aeea778392\windows-amd64

VM Arguments:
jvm_args: --add-opens=java.base/java.util=ALL-UNNAMED --add-opens=java.base/java.lang=ALL-UNNAMED --add-opens=java.base/java.lang.invoke=ALL-UNNAMED --add-opens=java.prefs/java.util.prefs=ALL-UNNAMED --add-opens=java.base/java.nio.charset=ALL-UNNAMED --add-opens=java.base/java.net=ALL-UNNAMED --add-opens=java.base/java.util.concurrent.atomic=ALL-UNNAMED -Xmx2048m -Dfile.encoding=UTF-8 -Duser.country=RU -Duser.language=ru -Duser.variant 
java_command: org.gradle.launcher.daemon.bootstrap.GradleDaemon 8.0
java_class_path (initial): C:\UserProfiles\pr120andreev\.gradle\wrapper\dists\gradle-8.0-bin\ca5e32bp14vu59qr306oxotwh\gradle-8.0\lib\gradle-launcher-8.0.jar
Launcher Type: SUN_STANDARD

[Global flags]
     intx CICompilerCount                          = 4                                         {product} {ergonomic}
     uint ConcGCThreads                            = 2                                         {product} {ergonomic}
     uint G1ConcRefinementThreads                  = 8                                         {product} {ergonomic}
   size_t G1HeapRegionSize                         = 1048576                                   {product} {ergonomic}
    uintx GCDrainStackTargetSize                   = 64                                        {product} {ergonomic}
   size_t InitialHeapSize                          = 268435456                                 {product} {ergonomic}
   size_t MarkStackSize                            = 4194304                                   {product} {ergonomic}
   size_t MaxHeapSize                              = 2147483648                                {product} {command line}
   size_t MaxNewSize                               = 1287651328                                {product} {ergonomic}
   size_t MinHeapDeltaBytes                        = 1048576                                   {product} {ergonomic}
   size_t MinHeapSize                              = 8388608                                   {product} {ergonomic}
    uintx NonNMethodCodeHeapSize                   = 5839372                                {pd product} {ergonomic}
    uintx NonProfiledCodeHeapSize                  = 122909434                              {pd product} {ergonomic}
    uintx ProfiledCodeHeapSize                     = 122909434                              {pd product} {ergonomic}
    uintx ReservedCodeCacheSize                    = 251658240                              {pd product} {ergonomic}
     bool SegmentedCodeCache                       = true                                      {product} {ergonomic}
   size_t SoftMaxHeapSize                          = 2147483648                             {manageable} {ergonomic}
     bool UseCompressedClassPointers               = true                           {product lp64_product} {ergonomic}
     bool UseCompressedOops                        = true                           {product lp64_product} {ergonomic}
     bool UseG1GC                                  = true                                      {product} {ergonomic}
     bool UseLargePagesIndividualAllocation        = false                                  {pd product} {ergonomic}

Logging:
Log output configuration:
 #0: stdout all=warning uptime,level,tags
 #1: stderr all=off uptime,level,tags

Environment Variables:
JAVA_HOME=C:\Program Files\Android\Jdk\microsoft_dist_openjdk_1.8.0.25
PATH=C:\Program Files\Python311\Scripts\;C:\Program Files\Python311\;C:\Program Files (x86)\VMware\VMware Workstation\bin\;C:\Program Files (x86)\Common Files\Intel\Shared Libraries\redist\intel64\compiler;C:\Windows\system32;C:\Windows;C:\Windows\System32\Wbem;C:\Windows\System32\WindowsPowerShell\v1.0\;C:\Windows\System32\OpenSSH\;C:\Program Files\Common Files\Autodesk Shared\;C:\Program Files\Microsoft SQL Server\120\Tools\Binn\;C:\Program Files\dotnet\;C:\Program Files\Microsoft SQL Server\130\Tools\Binn\;C:\Program Files\Microsoft SQL Server\Client SDK\ODBC\170\Tools\Binn\;C:\Program Files (x86)\IncrediBuild;C:\Program Files (x86)\NVIDIA Corporation\PhysX\Common;C:\Program Files\Git\cmd;C:\Program Files\Microsoft VS Code\bin;C:\Program Files (x86)\Microsoft SQL Server\150\Tools\Binn\;C:\Program Files\Microsoft SQL Server\150\Tools\Binn\;C:\Program Files (x86)\Microsoft SQL Server\150\DTS\Binn\;C:\Program Files\Microsoft SQL Server\150\DTS\Binn\;C:\Program Files\Azure Data Studio\bin;C:\UserProfiles\pr120andreev\AppData\Local\Microsoft\WindowsApps;
USERNAME=pr120andreev
OS=Windows_NT
PROCESSOR_IDENTIFIER=Intel64 Family 6 Model 158 Stepping 13, GenuineIntel
TMP=C:\USERPR~1\pr120andreev\AppData\Local\Temp
TEMP=C:\USERPR~1\pr120andreev\AppData\Local\Temp


JNI global refs:
JNI global refs: 28, weak refs: 9

JNI global refs memory usage: 843, weak refs: 841


---------------  S Y S T E M  ---------------

OS:
 Windows 10 , 64 bit Build 17763 (10.0.17763.4377)
OS uptime: 0 days 6:16 hours

CPU: total 8 (initial active 8) (8 cores per cpu, 1 threads per core) family 6 model 158 stepping 13 microcode 0xde, cx8, cmov, fxsr, mmx, 3dnowpref, sse, sse2, sse3, ssse3, sse4.1, sse4.2, popcnt, lzcnt, tsc, tscinvbit, avx, avx2, aes, erms, clmul, bmi1, bmi2, adx, fma, vzeroupper, clflush, clflushopt

Memory: 4k page, system-wide physical 16303M (3603M free)
TotalPageFile size 16303M (AvailPageFile size 37M)
current process WorkingSet (physical memory assigned to process): 445M, peak: 459M
current process commit charge ("private bytes"): 513M, peak: 555M

vm_info: OpenJDK 64-Bit Server VM (17.0.6+0-b2043.56-10027231) for windows-amd64 JRE (17.0.6+0-b2043.56-10027231), built on Apr 28 2023 00:43:19 by "androidbuild" with MS VC++ 16.10 / 16.11 (VS2019)

END.
